<?xml version="1.0" encoding="UTF-8" standalone="no"?>
<!DOCTYPE report PUBLIC "-//JACOCO//DTD Report 1.1//EN" "report.dtd"[]>
<report name="Pester (06/18/2025 23:18:26)">
  <sessioninfo id="this" start="1750288675779" dump="1750288706131" />
  <package name="tests">
    <class name="tests/Invoke-DynamicTests" sourcefilename="Invoke-DynamicTests.ps1">
      <method name="&lt;script&gt;" desc="()" line="3">
        <counter type="INSTRUCTION" missed="49" covered="0" />
        <counter type="LINE" missed="37" covered="0" />
        <counter type="METHOD" missed="1" covered="0" />
      </method>
      <method name="Get-ProjectModules" desc="()" line="47">
        <counter type="INSTRUCTION" missed="9" covered="0" />
        <counter type="LINE" missed="5" covered="0" />
        <counter type="METHOD" missed="1" covered="0" />
      </method>
      <method name="Get-ProjectScripts" desc="()" line="57">
        <counter type="INSTRUCTION" missed="5" covered="0" />
        <counter type="LINE" missed="4" covered="0" />
        <counter type="METHOD" missed="1" covered="0" />
      </method>
      <method name="Test-ModuleStructure" desc="()" line="70">
        <counter type="INSTRUCTION" missed="40" covered="0" />
        <counter type="LINE" missed="24" covered="0" />
        <counter type="METHOD" missed="1" covered="0" />
      </method>
      <method name="Test-ScriptStructure" desc="()" line="118">
        <counter type="INSTRUCTION" missed="32" covered="0" />
        <counter type="LINE" missed="25" covered="0" />
        <counter type="METHOD" missed="1" covered="0" />
      </method>
      <method name="Test-ModuleIntegration" desc="()" line="169">
        <counter type="INSTRUCTION" missed="21" covered="0" />
        <counter type="LINE" missed="16" covered="0" />
        <counter type="METHOD" missed="1" covered="0" />
      </method>
      <method name="Test-ProjectSmoke" desc="()" line="205">
        <counter type="INSTRUCTION" missed="38" covered="0" />
        <counter type="LINE" missed="21" covered="0" />
        <counter type="METHOD" missed="1" covered="0" />
      </method>
      <counter type="INSTRUCTION" missed="194" covered="0" />
      <counter type="LINE" missed="132" covered="0" />
      <counter type="METHOD" missed="7" covered="0" />
      <counter type="CLASS" missed="1" covered="0" />
    </class>
    <class name="tests/Invoke-IntelligentTests" sourcefilename="Invoke-IntelligentTests.ps1">
      <method name="&lt;script&gt;" desc="()" line="3">
        <counter type="INSTRUCTION" missed="111" covered="0" />
        <counter type="LINE" missed="77" covered="0" />
        <counter type="METHOD" missed="1" covered="0" />
      </method>
      <method name="Get-FunctionalModules" desc="()" line="92">
        <counter type="INSTRUCTION" missed="44" covered="0" />
        <counter type="LINE" missed="31" covered="0" />
        <counter type="METHOD" missed="1" covered="0" />
      </method>
      <method name="Get-PythonModules" desc="()" line="149">
        <counter type="INSTRUCTION" missed="30" covered="0" />
        <counter type="LINE" missed="22" covered="0" />
        <counter type="METHOD" missed="1" covered="0" />
      </method>
      <method name="Test-ModuleCore" desc="()" line="190">
        <counter type="INSTRUCTION" missed="53" covered="0" />
        <counter type="LINE" missed="36" covered="0" />
        <counter type="METHOD" missed="1" covered="0" />
      </method>
      <method name="Test-ModuleIntegration" desc="()" line="261">
        <counter type="INSTRUCTION" missed="36" covered="0" />
        <counter type="LINE" missed="23" covered="0" />
        <counter type="METHOD" missed="1" covered="0" />
      </method>
      <method name="Test-PythonModules" desc="()" line="319">
        <counter type="INSTRUCTION" missed="29" covered="0" />
        <counter type="LINE" missed="22" covered="0" />
        <counter type="METHOD" missed="1" covered="0" />
      </method>
      <method name="Test-ProjectSmoke" desc="()" line="362">
        <counter type="INSTRUCTION" missed="60" covered="0" />
        <counter type="LINE" missed="33" covered="0" />
        <counter type="METHOD" missed="1" covered="0" />
      </method>
      <counter type="INSTRUCTION" missed="363" covered="0" />
      <counter type="LINE" missed="244" covered="0" />
      <counter type="METHOD" missed="7" covered="0" />
      <counter type="CLASS" missed="1" covered="0" />
    </class>
    <class name="tests/Run-AllModuleTests" sourcefilename="Run-AllModuleTests.ps1">
      <method name="&lt;script&gt;" desc="()" line="68">
        <counter type="INSTRUCTION" missed="187" covered="0" />
        <counter type="LINE" missed="130" covered="0" />
        <counter type="METHOD" missed="1" covered="0" />
      </method>
      <counter type="INSTRUCTION" missed="187" covered="0" />
      <counter type="LINE" missed="130" covered="0" />
      <counter type="METHOD" missed="1" covered="0" />
      <counter type="CLASS" missed="1" covered="0" />
    </class>
    <class name="tests/Run-MasterTests" sourcefilename="Run-MasterTests.ps1">
      <method name="&lt;script&gt;" desc="()" line="3">
        <counter type="INSTRUCTION" missed="201" covered="0" />
        <counter type="LINE" missed="169" covered="0" />
        <counter type="METHOD" missed="1" covered="0" />
      </method>
      <counter type="INSTRUCTION" missed="201" covered="0" />
      <counter type="LINE" missed="169" covered="0" />
      <counter type="METHOD" missed="1" covered="0" />
      <counter type="CLASS" missed="1" covered="0" />
    </class>
    <class name="tests/Setup-TestingFramework" sourcefilename="Setup-TestingFramework.ps1">
      <method name="&lt;script&gt;" desc="()" line="20">
        <counter type="INSTRUCTION" missed="73" covered="0" />
        <counter type="LINE" missed="66" covered="0" />
        <counter type="METHOD" missed="1" covered="0" />
      </method>
      <method name="Install-RequiredModules" desc="()" line="41">
        <counter type="INSTRUCTION" missed="35" covered="0" />
        <counter type="LINE" missed="21" covered="0" />
        <counter type="METHOD" missed="1" covered="0" />
      </method>
      <method name="Test-FrameworkComponents" desc="()" line="78">
        <counter type="INSTRUCTION" missed="27" covered="0" />
        <counter type="LINE" missed="25" covered="0" />
        <counter type="METHOD" missed="1" covered="0" />
      </method>
      <method name="Initialize-TestGeneration" desc="()" line="134">
        <counter type="INSTRUCTION" missed="36" covered="0" />
        <counter type="LINE" missed="27" covered="0" />
        <counter type="METHOD" missed="1" covered="0" />
      </method>
      <method name="Start-FileWatcher" desc="()" line="183">
        <counter type="INSTRUCTION" missed="14" covered="0" />
        <counter type="LINE" missed="12" covered="0" />
        <counter type="METHOD" missed="1" covered="0" />
      </method>
      <method name="Show-NextSteps" desc="()" line="219">
        <counter type="INSTRUCTION" missed="16" covered="0" />
        <counter type="LINE" missed="16" covered="0" />
        <counter type="METHOD" missed="1" covered="0" />
      </method>
      <counter type="INSTRUCTION" missed="201" covered="0" />
      <counter type="LINE" missed="167" covered="0" />
      <counter type="METHOD" missed="6" covered="0" />
      <counter type="CLASS" missed="1" covered="0" />
    </class>
    <sourcefile name="Invoke-DynamicTests.ps1">
      <line nr="3" mi="2" ci="0" mb="0" cb="0" />
      <line nr="24" mi="1" ci="0" mb="0" cb="0" />
      <line nr="25" mi="1" ci="0" mb="0" cb="0" />
      <line nr="31" mi="1" ci="0" mb="0" cb="0" />
      <line nr="35" mi="1" ci="0" mb="0" cb="0" />
      <line nr="36" mi="1" ci="0" mb="0" cb="0" />
      <line nr="39" mi="1" ci="0" mb="0" cb="0" />
      <line nr="40" mi="1" ci="0" mb="0" cb="0" />
      <line nr="43" mi="2" ci="0" mb="0" cb="0" />
      <line nr="47" mi="1" ci="0" mb="0" cb="0" />
      <line nr="48" mi="1" ci="0" mb="0" cb="0" />
      <line nr="49" mi="2" ci="0" mb="0" cb="0" />
      <line nr="50" mi="3" ci="0" mb="0" cb="0" />
      <line nr="51" mi="2" ci="0" mb="0" cb="0" />
      <line nr="57" mi="1" ci="0" mb="0" cb="0" />
      <line nr="58" mi="1" ci="0" mb="0" cb="0" />
      <line nr="59" mi="2" ci="0" mb="0" cb="0" />
      <line nr="60" mi="1" ci="0" mb="0" cb="0" />
      <line nr="70" mi="3" ci="0" mb="0" cb="0" />
      <line nr="72" mi="1" ci="0" mb="0" cb="0" />
      <line nr="73" mi="1" ci="0" mb="0" cb="0" />
      <line nr="74" mi="2" ci="0" mb="0" cb="0" />
      <line nr="75" mi="2" ci="0" mb="0" cb="0" />
      <line nr="76" mi="3" ci="0" mb="0" cb="0" />
      <line nr="79" mi="2" ci="0" mb="0" cb="0" />
      <line nr="80" mi="1" ci="0" mb="0" cb="0" />
      <line nr="81" mi="3" ci="0" mb="0" cb="0" />
      <line nr="82" mi="3" ci="0" mb="0" cb="0" />
      <line nr="87" mi="1" ci="0" mb="0" cb="0" />
      <line nr="88" mi="1" ci="0" mb="0" cb="0" />
      <line nr="89" mi="3" ci="0" mb="0" cb="0" />
      <line nr="93" mi="1" ci="0" mb="0" cb="0" />
      <line nr="94" mi="1" ci="0" mb="0" cb="0" />
      <line nr="95" mi="1" ci="0" mb="0" cb="0" />
      <line nr="96" mi="1" ci="0" mb="0" cb="0" />
      <line nr="99" mi="1" ci="0" mb="0" cb="0" />
      <line nr="100" mi="1" ci="0" mb="0" cb="0" />
      <line nr="101" mi="2" ci="0" mb="0" cb="0" />
      <line nr="104" mi="1" ci="0" mb="0" cb="0" />
      <line nr="105" mi="2" ci="0" mb="0" cb="0" />
      <line nr="106" mi="1" ci="0" mb="0" cb="0" />
      <line nr="107" mi="2" ci="0" mb="0" cb="0" />
      <line nr="118" mi="1" ci="0" mb="0" cb="0" />
      <line nr="119" mi="1" ci="0" mb="0" cb="0" />
      <line nr="121" mi="2" ci="0" mb="0" cb="0" />
      <line nr="123" mi="1" ci="0" mb="0" cb="0" />
      <line nr="124" mi="1" ci="0" mb="0" cb="0" />
      <line nr="125" mi="2" ci="0" mb="0" cb="0" />
      <line nr="126" mi="3" ci="0" mb="0" cb="0" />
      <line nr="129" mi="1" ci="0" mb="0" cb="0" />
      <line nr="130" mi="1" ci="0" mb="0" cb="0" />
      <line nr="131" mi="1" ci="0" mb="0" cb="0" />
      <line nr="132" mi="1" ci="0" mb="0" cb="0" />
      <line nr="134" mi="1" ci="0" mb="0" cb="0" />
      <line nr="135" mi="2" ci="0" mb="0" cb="0" />
      <line nr="139" mi="1" ci="0" mb="0" cb="0" />
      <line nr="140" mi="1" ci="0" mb="0" cb="0" />
      <line nr="141" mi="1" ci="0" mb="0" cb="0" />
      <line nr="144" mi="1" ci="0" mb="0" cb="0" />
      <line nr="145" mi="2" ci="0" mb="0" cb="0" />
      <line nr="148" mi="1" ci="0" mb="0" cb="0" />
      <line nr="149" mi="1" ci="0" mb="0" cb="0" />
      <line nr="151" mi="1" ci="0" mb="0" cb="0" />
      <line nr="153" mi="1" ci="0" mb="0" cb="0" />
      <line nr="157" mi="1" ci="0" mb="0" cb="0" />
      <line nr="158" mi="1" ci="0" mb="0" cb="0" />
      <line nr="159" mi="2" ci="0" mb="0" cb="0" />
      <line nr="169" mi="3" ci="0" mb="0" cb="0" />
      <line nr="171" mi="1" ci="0" mb="0" cb="0" />
      <line nr="173" mi="1" ci="0" mb="0" cb="0" />
      <line nr="174" mi="1" ci="0" mb="0" cb="0" />
      <line nr="177" mi="1" ci="0" mb="0" cb="0" />
      <line nr="178" mi="1" ci="0" mb="0" cb="0" />
      <line nr="180" mi="1" ci="0" mb="0" cb="0" />
      <line nr="181" mi="2" ci="0" mb="0" cb="0" />
      <line nr="185" mi="1" ci="0" mb="0" cb="0" />
      <line nr="186" mi="1" ci="0" mb="0" cb="0" />
      <line nr="187" mi="2" ci="0" mb="0" cb="0" />
      <line nr="190" mi="1" ci="0" mb="0" cb="0" />
      <line nr="191" mi="1" ci="0" mb="0" cb="0" />
      <line nr="193" mi="2" ci="0" mb="0" cb="0" />
      <line nr="198" mi="1" ci="0" mb="0" cb="0" />
      <line nr="199" mi="1" ci="0" mb="0" cb="0" />
      <line nr="205" mi="2" ci="0" mb="0" cb="0" />
      <line nr="207" mi="1" ci="0" mb="0" cb="0" />
      <line nr="208" mi="1" ci="0" mb="0" cb="0" />
      <line nr="209" mi="3" ci="0" mb="0" cb="0" />
      <line nr="210" mi="3" ci="0" mb="0" cb="0" />
      <line nr="211" mi="3" ci="0" mb="0" cb="0" />
      <line nr="212" mi="3" ci="0" mb="0" cb="0" />
      <line nr="214" mi="1" ci="0" mb="0" cb="0" />
      <line nr="215" mi="3" ci="0" mb="0" cb="0" />
      <line nr="216" mi="3" ci="0" mb="0" cb="0" />
      <line nr="220" mi="1" ci="0" mb="0" cb="0" />
      <line nr="221" mi="2" ci="0" mb="0" cb="0" />
      <line nr="223" mi="1" ci="0" mb="0" cb="0" />
      <line nr="224" mi="1" ci="0" mb="0" cb="0" />
      <line nr="225" mi="1" ci="0" mb="0" cb="0" />
      <line nr="226" mi="2" ci="0" mb="0" cb="0" />
      <line nr="231" mi="1" ci="0" mb="0" cb="0" />
      <line nr="232" mi="1" ci="0" mb="0" cb="0" />
      <line nr="233" mi="2" ci="0" mb="0" cb="0" />
      <line nr="236" mi="1" ci="0" mb="0" cb="0" />
      <line nr="237" mi="2" ci="0" mb="0" cb="0" />
      <line nr="244" mi="1" ci="0" mb="0" cb="0" />
      <line nr="245" mi="1" ci="0" mb="0" cb="0" />
      <line nr="246" mi="1" ci="0" mb="0" cb="0" />
      <line nr="249" mi="2" ci="0" mb="0" cb="0" />
      <line nr="250" mi="1" ci="0" mb="0" cb="0" />
      <line nr="251" mi="1" ci="0" mb="0" cb="0" />
      <line nr="255" mi="2" ci="0" mb="0" cb="0" />
      <line nr="256" mi="1" ci="0" mb="0" cb="0" />
      <line nr="258" mi="1" ci="0" mb="0" cb="0" />
      <line nr="259" mi="3" ci="0" mb="0" cb="0" />
      <line nr="262" mi="1" ci="0" mb="0" cb="0" />
      <line nr="263" mi="1" ci="0" mb="0" cb="0" />
      <line nr="264" mi="2" ci="0" mb="0" cb="0" />
      <line nr="266" mi="1" ci="0" mb="0" cb="0" />
      <line nr="267" mi="2" ci="0" mb="0" cb="0" />
      <line nr="268" mi="1" ci="0" mb="0" cb="0" />
      <line nr="271" mi="2" ci="0" mb="0" cb="0" />
      <line nr="272" mi="1" ci="0" mb="0" cb="0" />
      <line nr="276" mi="1" ci="0" mb="0" cb="0" />
      <line nr="281" mi="2" ci="0" mb="0" cb="0" />
      <line nr="282" mi="1" ci="0" mb="0" cb="0" />
      <line nr="284" mi="1" ci="0" mb="0" cb="0" />
      <line nr="285" mi="1" ci="0" mb="0" cb="0" />
      <line nr="286" mi="2" ci="0" mb="0" cb="0" />
      <line nr="288" mi="2" ci="0" mb="0" cb="0" />
      <line nr="289" mi="1" ci="0" mb="0" cb="0" />
      <line nr="292" mi="1" ci="0" mb="0" cb="0" />
      <line nr="296" mi="1" ci="0" mb="0" cb="0" />
      <counter type="INSTRUCTION" missed="194" covered="0" />
      <counter type="LINE" missed="132" covered="0" />
      <counter type="METHOD" missed="7" covered="0" />
      <counter type="CLASS" missed="1" covered="0" />
    </sourcefile>
    <sourcefile name="Invoke-IntelligentTests.ps1">
      <line nr="3" mi="2" ci="0" mb="0" cb="0" />
      <line nr="40" mi="1" ci="0" mb="0" cb="0" />
      <line nr="41" mi="1" ci="0" mb="0" cb="0" />
      <line nr="51" mi="1" ci="0" mb="0" cb="0" />
      <line nr="55" mi="1" ci="0" mb="0" cb="0" />
      <line nr="56" mi="1" ci="0" mb="0" cb="0" />
      <line nr="59" mi="1" ci="0" mb="0" cb="0" />
      <line nr="60" mi="1" ci="0" mb="0" cb="0" />
      <line nr="61" mi="1" ci="0" mb="0" cb="0" />
      <line nr="64" mi="1" ci="0" mb="0" cb="0" />
      <line nr="65" mi="1" ci="0" mb="0" cb="0" />
      <line nr="66" mi="1" ci="0" mb="0" cb="0" />
      <line nr="67" mi="1" ci="0" mb="0" cb="0" />
      <line nr="68" mi="1" ci="0" mb="0" cb="0" />
      <line nr="69" mi="1" ci="0" mb="0" cb="0" />
      <line nr="73" mi="2" ci="0" mb="0" cb="0" />
      <line nr="74" mi="4" ci="0" mb="0" cb="0" />
      <line nr="77" mi="1" ci="0" mb="0" cb="0" />
      <line nr="78" mi="2" ci="0" mb="0" cb="0" />
      <line nr="79" mi="1" ci="0" mb="0" cb="0" />
      <line nr="82" mi="4" ci="0" mb="0" cb="0" />
      <line nr="83" mi="1" ci="0" mb="0" cb="0" />
      <line nr="84" mi="1" ci="0" mb="0" cb="0" />
      <line nr="86" mi="1" ci="0" mb="0" cb="0" />
      <line nr="92" mi="1" ci="0" mb="0" cb="0" />
      <line nr="93" mi="2" ci="0" mb="0" cb="0" />
      <line nr="94" mi="1" ci="0" mb="0" cb="0" />
      <line nr="95" mi="1" ci="0" mb="0" cb="0" />
      <line nr="98" mi="2" ci="0" mb="0" cb="0" />
      <line nr="99" mi="1" ci="0" mb="0" cb="0" />
      <line nr="100" mi="1" ci="0" mb="0" cb="0" />
      <line nr="102" mi="3" ci="0" mb="0" cb="0" />
      <line nr="103" mi="1" ci="0" mb="0" cb="0" />
      <line nr="104" mi="1" ci="0" mb="0" cb="0" />
      <line nr="105" mi="1" ci="0" mb="0" cb="0" />
      <line nr="106" mi="1" ci="0" mb="0" cb="0" />
      <line nr="107" mi="1" ci="0" mb="0" cb="0" />
      <line nr="108" mi="1" ci="0" mb="0" cb="0" />
      <line nr="109" mi="1" ci="0" mb="0" cb="0" />
      <line nr="112" mi="2" ci="0" mb="0" cb="0" />
      <line nr="115" mi="1" ci="0" mb="0" cb="0" />
      <line nr="117" mi="1" ci="0" mb="0" cb="0" />
      <line nr="118" mi="1" ci="0" mb="0" cb="0" />
      <line nr="119" mi="3" ci="0" mb="0" cb="0" />
      <line nr="122" mi="1" ci="0" mb="0" cb="0" />
      <line nr="123" mi="1" ci="0" mb="0" cb="0" />
      <line nr="125" mi="1" ci="0" mb="0" cb="0" />
      <line nr="126" mi="3" ci="0" mb="0" cb="0" />
      <line nr="127" mi="1" ci="0" mb="0" cb="0" />
      <line nr="130" mi="1" ci="0" mb="0" cb="0" />
      <line nr="131" mi="3" ci="0" mb="0" cb="0" />
      <line nr="132" mi="1" ci="0" mb="0" cb="0" />
      <line nr="135" mi="1" ci="0" mb="0" cb="0" />
      <line nr="138" mi="3" ci="0" mb="0" cb="0" />
      <line nr="142" mi="1" ci="0" mb="0" cb="0" />
      <line nr="149" mi="1" ci="0" mb="0" cb="0" />
      <line nr="150" mi="2" ci="0" mb="0" cb="0" />
      <line nr="151" mi="1" ci="0" mb="0" cb="0" />
      <line nr="152" mi="1" ci="0" mb="0" cb="0" />
      <line nr="155" mi="1" ci="0" mb="0" cb="0" />
      <line nr="158" mi="1" ci="0" mb="0" cb="0" />
      <line nr="159" mi="1" ci="0" mb="0" cb="0" />
      <line nr="160" mi="3" ci="0" mb="0" cb="0" />
      <line nr="161" mi="1" ci="0" mb="0" cb="0" />
      <line nr="162" mi="1" ci="0" mb="0" cb="0" />
      <line nr="163" mi="1" ci="0" mb="0" cb="0" />
      <line nr="164" mi="3" ci="0" mb="0" cb="0" />
      <line nr="165" mi="2" ci="0" mb="0" cb="0" />
      <line nr="170" mi="2" ci="0" mb="0" cb="0" />
      <line nr="171" mi="1" ci="0" mb="0" cb="0" />
      <line nr="174" mi="1" ci="0" mb="0" cb="0" />
      <line nr="175" mi="1" ci="0" mb="0" cb="0" />
      <line nr="176" mi="1" ci="0" mb="0" cb="0" />
      <line nr="177" mi="1" ci="0" mb="0" cb="0" />
      <line nr="178" mi="2" ci="0" mb="0" cb="0" />
      <line nr="179" mi="1" ci="0" mb="0" cb="0" />
      <line nr="183" mi="1" ci="0" mb="0" cb="0" />
      <line nr="190" mi="3" ci="0" mb="0" cb="0" />
      <line nr="192" mi="1" ci="0" mb="0" cb="0" />
      <line nr="193" mi="1" ci="0" mb="0" cb="0" />
      <line nr="194" mi="2" ci="0" mb="0" cb="0" />
      <line nr="195" mi="3" ci="0" mb="0" cb="0" />
      <line nr="198" mi="1" ci="0" mb="0" cb="0" />
      <line nr="199" mi="1" ci="0" mb="0" cb="0" />
      <line nr="200" mi="3" ci="0" mb="0" cb="0" />
      <line nr="201" mi="3" ci="0" mb="0" cb="0" />
      <line nr="206" mi="1" ci="0" mb="0" cb="0" />
      <line nr="207" mi="1" ci="0" mb="0" cb="0" />
      <line nr="208" mi="3" ci="0" mb="0" cb="0" />
      <line nr="211" mi="1" ci="0" mb="0" cb="0" />
      <line nr="212" mi="1" ci="0" mb="0" cb="0" />
      <line nr="213" mi="1" ci="0" mb="0" cb="0" />
      <line nr="214" mi="2" ci="0" mb="0" cb="0" />
      <line nr="218" mi="1" ci="0" mb="0" cb="0" />
      <line nr="219" mi="1" ci="0" mb="0" cb="0" />
      <line nr="220" mi="1" ci="0" mb="0" cb="0" />
      <line nr="221" mi="1" ci="0" mb="0" cb="0" />
      <line nr="224" mi="1" ci="0" mb="0" cb="0" />
      <line nr="225" mi="1" ci="0" mb="0" cb="0" />
      <line nr="226" mi="1" ci="0" mb="0" cb="0" />
      <line nr="227" mi="1" ci="0" mb="0" cb="0" />
      <line nr="228" mi="2" ci="0" mb="0" cb="0" />
      <line nr="229" mi="2" ci="0" mb="0" cb="0" />
      <line nr="233" mi="1" ci="0" mb="0" cb="0" />
      <line nr="234" mi="1" ci="0" mb="0" cb="0" />
      <line nr="235" mi="1" ci="0" mb="0" cb="0" />
      <line nr="236" mi="1" ci="0" mb="0" cb="0" />
      <line nr="238" mi="2" ci="0" mb="0" cb="0" />
      <line nr="239" mi="2" ci="0" mb="0" cb="0" />
      <line nr="240" mi="1" ci="0" mb="0" cb="0" />
      <line nr="245" mi="2" ci="0" mb="0" cb="0" />
      <line nr="251" mi="1" ci="0" mb="0" cb="0" />
      <line nr="252" mi="1" ci="0" mb="0" cb="0" />
      <line nr="261" mi="3" ci="0" mb="0" cb="0" />
      <line nr="263" mi="1" ci="0" mb="0" cb="0" />
      <line nr="264" mi="1" ci="0" mb="0" cb="0" />
      <line nr="266" mi="1" ci="0" mb="0" cb="0" />
      <line nr="267" mi="1" ci="0" mb="0" cb="0" />
      <line nr="270" mi="1" ci="0" mb="0" cb="0" />
      <line nr="271" mi="1" ci="0" mb="0" cb="0" />
      <line nr="272" mi="2" ci="0" mb="0" cb="0" />
      <line nr="276" mi="1" ci="0" mb="0" cb="0" />
      <line nr="278" mi="1" ci="0" mb="0" cb="0" />
      <line nr="280" mi="2" ci="0" mb="0" cb="0" />
      <line nr="281" mi="2" ci="0" mb="0" cb="0" />
      <line nr="286" mi="1" ci="0" mb="0" cb="0" />
      <line nr="287" mi="2" ci="0" mb="0" cb="0" />
      <line nr="288" mi="2" ci="0" mb="0" cb="0" />
      <line nr="293" mi="1" ci="0" mb="0" cb="0" />
      <line nr="295" mi="3" ci="0" mb="0" cb="0" />
      <line nr="296" mi="2" ci="0" mb="0" cb="0" />
      <line nr="301" mi="1" ci="0" mb="0" cb="0" />
      <line nr="303" mi="3" ci="0" mb="0" cb="0" />
      <line nr="304" mi="2" ci="0" mb="0" cb="0" />
      <line nr="309" mi="1" ci="0" mb="0" cb="0" />
      <line nr="310" mi="1" ci="0" mb="0" cb="0" />
      <line nr="319" mi="2" ci="0" mb="0" cb="0" />
      <line nr="321" mi="1" ci="0" mb="0" cb="0" />
      <line nr="322" mi="1" ci="0" mb="0" cb="0" />
      <line nr="323" mi="1" ci="0" mb="0" cb="0" />
      <line nr="324" mi="1" ci="0" mb="0" cb="0" />
      <line nr="325" mi="1" ci="0" mb="0" cb="0" />
      <line nr="327" mi="2" ci="0" mb="0" cb="0" />
      <line nr="331" mi="1" ci="0" mb="0" cb="0" />
      <line nr="332" mi="2" ci="0" mb="0" cb="0" />
      <line nr="333" mi="1" ci="0" mb="0" cb="0" />
      <line nr="334" mi="1" ci="0" mb="0" cb="0" />
      <line nr="335" mi="1" ci="0" mb="0" cb="0" />
      <line nr="336" mi="1" ci="0" mb="0" cb="0" />
      <line nr="338" mi="1" ci="0" mb="0" cb="0" />
      <line nr="341" mi="1" ci="0" mb="0" cb="0" />
      <line nr="343" mi="3" ci="0" mb="0" cb="0" />
      <line nr="344" mi="1" ci="0" mb="0" cb="0" />
      <line nr="345" mi="2" ci="0" mb="0" cb="0" />
      <line nr="350" mi="1" ci="0" mb="0" cb="0" />
      <line nr="351" mi="1" ci="0" mb="0" cb="0" />
      <line nr="352" mi="1" ci="0" mb="0" cb="0" />
      <line nr="353" mi="2" ci="0" mb="0" cb="0" />
      <line nr="362" mi="2" ci="0" mb="0" cb="0" />
      <line nr="364" mi="1" ci="0" mb="0" cb="0" />
      <line nr="365" mi="1" ci="0" mb="0" cb="0" />
      <line nr="366" mi="3" ci="0" mb="0" cb="0" />
      <line nr="367" mi="3" ci="0" mb="0" cb="0" />
      <line nr="368" mi="3" ci="0" mb="0" cb="0" />
      <line nr="369" mi="3" ci="0" mb="0" cb="0" />
      <line nr="372" mi="1" ci="0" mb="0" cb="0" />
      <line nr="373" mi="3" ci="0" mb="0" cb="0" />
      <line nr="374" mi="3" ci="0" mb="0" cb="0" />
      <line nr="375" mi="3" ci="0" mb="0" cb="0" />
      <line nr="379" mi="1" ci="0" mb="0" cb="0" />
      <line nr="380" mi="2" ci="0" mb="0" cb="0" />
      <line nr="382" mi="1" ci="0" mb="0" cb="0" />
      <line nr="383" mi="1" ci="0" mb="0" cb="0" />
      <line nr="384" mi="1" ci="0" mb="0" cb="0" />
      <line nr="385" mi="2" ci="0" mb="0" cb="0" />
      <line nr="388" mi="1" ci="0" mb="0" cb="0" />
      <line nr="389" mi="4" ci="0" mb="0" cb="0" />
      <line nr="390" mi="1" ci="0" mb="0" cb="0" />
      <line nr="395" mi="1" ci="0" mb="0" cb="0" />
      <line nr="396" mi="1" ci="0" mb="0" cb="0" />
      <line nr="397" mi="2" ci="0" mb="0" cb="0" />
      <line nr="398" mi="2" ci="0" mb="0" cb="0" />
      <line nr="401" mi="1" ci="0" mb="0" cb="0" />
      <line nr="402" mi="2" ci="0" mb="0" cb="0" />
      <line nr="403" mi="2" ci="0" mb="0" cb="0" />
      <line nr="407" mi="1" ci="0" mb="0" cb="0" />
      <line nr="408" mi="1" ci="0" mb="0" cb="0" />
      <line nr="409" mi="3" ci="0" mb="0" cb="0" />
      <line nr="412" mi="1" ci="0" mb="0" cb="0" />
      <line nr="413" mi="1" ci="0" mb="0" cb="0" />
      <line nr="414" mi="2" ci="0" mb="0" cb="0" />
      <line nr="421" mi="1" ci="0" mb="0" cb="0" />
      <line nr="424" mi="1" ci="0" mb="0" cb="0" />
      <line nr="425" mi="1" ci="0" mb="0" cb="0" />
      <line nr="427" mi="1" ci="0" mb="0" cb="0" />
      <line nr="428" mi="3" ci="0" mb="0" cb="0" />
      <line nr="429" mi="1" ci="0" mb="0" cb="0" />
      <line nr="430" mi="1" ci="0" mb="0" cb="0" />
      <line nr="431" mi="1" ci="0" mb="0" cb="0" />
      <line nr="435" mi="3" ci="0" mb="0" cb="0" />
      <line nr="438" mi="1" ci="0" mb="0" cb="0" />
      <line nr="439" mi="1" ci="0" mb="0" cb="0" />
      <line nr="440" mi="1" ci="0" mb="0" cb="0" />
      <line nr="441" mi="2" ci="0" mb="0" cb="0" />
      <line nr="443" mi="1" ci="0" mb="0" cb="0" />
      <line nr="444" mi="1" ci="0" mb="0" cb="0" />
      <line nr="445" mi="1" ci="0" mb="0" cb="0" />
      <line nr="446" mi="1" ci="0" mb="0" cb="0" />
      <line nr="447" mi="1" ci="0" mb="0" cb="0" />
      <line nr="450" mi="1" ci="0" mb="0" cb="0" />
      <line nr="453" mi="1" ci="0" mb="0" cb="0" />
      <line nr="455" mi="2" ci="0" mb="0" cb="0" />
      <line nr="456" mi="1" ci="0" mb="0" cb="0" />
      <line nr="457" mi="2" ci="0" mb="0" cb="0" />
      <line nr="458" mi="1" ci="0" mb="0" cb="0" />
      <line nr="460" mi="1" ci="0" mb="0" cb="0" />
      <line nr="463" mi="2" ci="0" mb="0" cb="0" />
      <line nr="464" mi="1" ci="0" mb="0" cb="0" />
      <line nr="466" mi="1" ci="0" mb="0" cb="0" />
      <line nr="467" mi="2" ci="0" mb="0" cb="0" />
      <line nr="469" mi="2" ci="0" mb="0" cb="0" />
      <line nr="470" mi="1" ci="0" mb="0" cb="0" />
      <line nr="472" mi="1" ci="0" mb="0" cb="0" />
      <line nr="474" mi="2" ci="0" mb="0" cb="0" />
      <line nr="475" mi="2" ci="0" mb="0" cb="0" />
      <line nr="476" mi="1" ci="0" mb="0" cb="0" />
      <line nr="478" mi="1" ci="0" mb="0" cb="0" />
      <line nr="483" mi="2" ci="0" mb="0" cb="0" />
      <line nr="484" mi="1" ci="0" mb="0" cb="0" />
      <line nr="486" mi="2" ci="0" mb="0" cb="0" />
      <line nr="487" mi="1" ci="0" mb="0" cb="0" />
      <line nr="489" mi="1" ci="0" mb="0" cb="0" />
      <line nr="493" mi="1" ci="0" mb="0" cb="0" />
      <line nr="494" mi="3" ci="0" mb="0" cb="0" />
      <line nr="495" mi="3" ci="0" mb="0" cb="0" />
      <line nr="496" mi="3" ci="0" mb="0" cb="0" />
      <line nr="498" mi="1" ci="0" mb="0" cb="0" />
      <line nr="499" mi="1" ci="0" mb="0" cb="0" />
      <line nr="500" mi="4" ci="0" mb="0" cb="0" />
      <line nr="502" mi="3" ci="0" mb="0" cb="0" />
      <line nr="503" mi="1" ci="0" mb="0" cb="0" />
      <line nr="504" mi="1" ci="0" mb="0" cb="0" />
      <line nr="506" mi="1" ci="0" mb="0" cb="0" />
      <line nr="507" mi="1" ci="0" mb="0" cb="0" />
      <counter type="INSTRUCTION" missed="363" covered="0" />
      <counter type="LINE" missed="244" covered="0" />
      <counter type="METHOD" missed="7" covered="0" />
      <counter type="CLASS" missed="1" covered="0" />
    </sourcefile>
    <sourcefile name="Run-AllModuleTests.ps1">
      <line nr="68" mi="1" ci="0" mb="0" cb="0" />
      <line nr="69" mi="1" ci="0" mb="0" cb="0" />
      <line nr="71" mi="1" ci="0" mb="0" cb="0" />
      <line nr="72" mi="1" ci="0" mb="0" cb="0" />
      <line nr="75" mi="2" ci="0" mb="0" cb="0" />
      <line nr="76" mi="1" ci="0" mb="0" cb="0" />
      <line nr="77" mi="1" ci="0" mb="0" cb="0" />
      <line nr="80" mi="1" ci="0" mb="0" cb="0" />
      <line nr="83" mi="1" ci="0" mb="0" cb="0" />
      <line nr="84" mi="2" ci="0" mb="0" cb="0" />
      <line nr="86" mi="2" ci="0" mb="0" cb="0" />
      <line nr="90" mi="2" ci="0" mb="0" cb="0" />
      <line nr="93" mi="1" ci="0" mb="0" cb="0" />
      <line nr="94" mi="1" ci="0" mb="0" cb="0" />
      <line nr="95" mi="1" ci="0" mb="0" cb="0" />
      <line nr="96" mi="1" ci="0" mb="0" cb="0" />
      <line nr="98" mi="1" ci="0" mb="0" cb="0" />
      <line nr="99" mi="1" ci="0" mb="0" cb="0" />
      <line nr="101" mi="1" ci="0" mb="0" cb="0" />
      <line nr="102" mi="1" ci="0" mb="0" cb="0" />
      <line nr="107" mi="1" ci="0" mb="0" cb="0" />
      <line nr="108" mi="1" ci="0" mb="0" cb="0" />
      <line nr="109" mi="1" ci="0" mb="0" cb="0" />
      <line nr="110" mi="1" ci="0" mb="0" cb="0" />
      <line nr="111" mi="1" ci="0" mb="0" cb="0" />
      <line nr="116" mi="1" ci="0" mb="0" cb="0" />
      <line nr="117" mi="1" ci="0" mb="0" cb="0" />
      <line nr="118" mi="1" ci="0" mb="0" cb="0" />
      <line nr="119" mi="1" ci="0" mb="0" cb="0" />
      <line nr="120" mi="1" ci="0" mb="0" cb="0" />
      <line nr="123" mi="1" ci="0" mb="0" cb="0" />
      <line nr="124" mi="2" ci="0" mb="0" cb="0" />
      <line nr="125" mi="1" ci="0" mb="0" cb="0" />
      <line nr="126" mi="1" ci="0" mb="0" cb="0" />
      <line nr="130" mi="1" ci="0" mb="0" cb="0" />
      <line nr="131" mi="2" ci="0" mb="0" cb="0" />
      <line nr="133" mi="1" ci="0" mb="0" cb="0" />
      <line nr="137" mi="1" ci="0" mb="0" cb="0" />
      <line nr="138" mi="1" ci="0" mb="0" cb="0" />
      <line nr="139" mi="1" ci="0" mb="0" cb="0" />
      <line nr="142" mi="1" ci="0" mb="0" cb="0" />
      <line nr="144" mi="1" ci="0" mb="0" cb="0" />
      <line nr="145" mi="2" ci="0" mb="0" cb="0" />
      <line nr="146" mi="2" ci="0" mb="0" cb="0" />
      <line nr="149" mi="1" ci="0" mb="0" cb="0" />
      <line nr="151" mi="1" ci="0" mb="0" cb="0" />
      <line nr="153" mi="1" ci="0" mb="0" cb="0" />
      <line nr="155" mi="1" ci="0" mb="0" cb="0" />
      <line nr="156" mi="1" ci="0" mb="0" cb="0" />
      <line nr="157" mi="1" ci="0" mb="0" cb="0" />
      <line nr="159" mi="1" ci="0" mb="0" cb="0" />
      <line nr="160" mi="1" ci="0" mb="0" cb="0" />
      <line nr="161" mi="1" ci="0" mb="0" cb="0" />
      <line nr="162" mi="1" ci="0" mb="0" cb="0" />
      <line nr="163" mi="1" ci="0" mb="0" cb="0" />
      <line nr="164" mi="1" ci="0" mb="0" cb="0" />
      <line nr="168" mi="2" ci="0" mb="0" cb="0" />
      <line nr="169" mi="3" ci="0" mb="0" cb="0" />
      <line nr="170" mi="2" ci="0" mb="0" cb="0" />
      <line nr="173" mi="1" ci="0" mb="0" cb="0" />
      <line nr="174" mi="3" ci="0" mb="0" cb="0" />
      <line nr="175" mi="3" ci="0" mb="0" cb="0" />
      <line nr="176" mi="3" ci="0" mb="0" cb="0" />
      <line nr="177" mi="3" ci="0" mb="0" cb="0" />
      <line nr="178" mi="3" ci="0" mb="0" cb="0" />
      <line nr="179" mi="1" ci="0" mb="0" cb="0" />
      <line nr="183" mi="1" ci="0" mb="0" cb="0" />
      <line nr="184" mi="1" ci="0" mb="0" cb="0" />
      <line nr="185" mi="1" ci="0" mb="0" cb="0" />
      <line nr="186" mi="1" ci="0" mb="0" cb="0" />
      <line nr="188" mi="1" ci="0" mb="0" cb="0" />
      <line nr="189" mi="1" ci="0" mb="0" cb="0" />
      <line nr="190" mi="1" ci="0" mb="0" cb="0" />
      <line nr="191" mi="1" ci="0" mb="0" cb="0" />
      <line nr="194" mi="1" ci="0" mb="0" cb="0" />
      <line nr="197" mi="1" ci="0" mb="0" cb="0" />
      <line nr="198" mi="1" ci="0" mb="0" cb="0" />
      <line nr="201" mi="1" ci="0" mb="0" cb="0" />
      <line nr="202" mi="1" ci="0" mb="0" cb="0" />
      <line nr="203" mi="1" ci="0" mb="0" cb="0" />
      <line nr="205" mi="1" ci="0" mb="0" cb="0" />
      <line nr="206" mi="2" ci="0" mb="0" cb="0" />
      <line nr="207" mi="1" ci="0" mb="0" cb="0" />
      <line nr="209" mi="2" ci="0" mb="0" cb="0" />
      <line nr="210" mi="2" ci="0" mb="0" cb="0" />
      <line nr="211" mi="5" ci="0" mb="0" cb="0" />
      <line nr="212" mi="2" ci="0" mb="0" cb="0" />
      <line nr="213" mi="6" ci="0" mb="0" cb="0" />
      <line nr="214" mi="2" ci="0" mb="0" cb="0" />
      <line nr="216" mi="1" ci="0" mb="0" cb="0" />
      <line nr="217" mi="1" ci="0" mb="0" cb="0" />
      <line nr="221" mi="1" ci="0" mb="0" cb="0" />
      <line nr="222" mi="1" ci="0" mb="0" cb="0" />
      <line nr="223" mi="1" ci="0" mb="0" cb="0" />
      <line nr="224" mi="1" ci="0" mb="0" cb="0" />
      <line nr="225" mi="1" ci="0" mb="0" cb="0" />
      <line nr="226" mi="2" ci="0" mb="0" cb="0" />
      <line nr="227" mi="2" ci="0" mb="0" cb="0" />
      <line nr="228" mi="1" ci="0" mb="0" cb="0" />
      <line nr="229" mi="2" ci="0" mb="0" cb="0" />
      <line nr="235" mi="2" ci="0" mb="0" cb="0" />
      <line nr="236" mi="2" ci="0" mb="0" cb="0" />
      <line nr="237" mi="1" ci="0" mb="0" cb="0" />
      <line nr="238" mi="2" ci="0" mb="0" cb="0" />
      <line nr="245" mi="1" ci="0" mb="0" cb="0" />
      <line nr="246" mi="1" ci="0" mb="0" cb="0" />
      <line nr="247" mi="1" ci="0" mb="0" cb="0" />
      <line nr="248" mi="3" ci="0" mb="0" cb="0" />
      <line nr="250" mi="3" ci="0" mb="0" cb="0" />
      <line nr="253" mi="1" ci="0" mb="0" cb="0" />
      <line nr="254" mi="1" ci="0" mb="0" cb="0" />
      <line nr="255" mi="3" ci="0" mb="0" cb="0" />
      <line nr="257" mi="3" ci="0" mb="0" cb="0" />
      <line nr="260" mi="1" ci="0" mb="0" cb="0" />
      <line nr="261" mi="3" ci="0" mb="0" cb="0" />
      <line nr="263" mi="1" ci="0" mb="0" cb="0" />
      <line nr="266" mi="1" ci="0" mb="0" cb="0" />
      <line nr="267" mi="2" ci="0" mb="0" cb="0" />
      <line nr="268" mi="1" ci="0" mb="0" cb="0" />
      <line nr="270" mi="5" ci="0" mb="0" cb="0" />
      <line nr="271" mi="1" ci="0" mb="0" cb="0" />
      <line nr="275" mi="1" ci="0" mb="0" cb="0" />
      <line nr="278" mi="1" ci="0" mb="0" cb="0" />
      <line nr="279" mi="1" ci="0" mb="0" cb="0" />
      <line nr="280" mi="1" ci="0" mb="0" cb="0" />
      <line nr="282" mi="1" ci="0" mb="0" cb="0" />
      <line nr="283" mi="1" ci="0" mb="0" cb="0" />
      <line nr="286" mi="1" ci="0" mb="0" cb="0" />
      <line nr="287" mi="1" ci="0" mb="0" cb="0" />
      <line nr="290" mi="1" ci="0" mb="0" cb="0" />
      <counter type="INSTRUCTION" missed="187" covered="0" />
      <counter type="LINE" missed="130" covered="0" />
      <counter type="METHOD" missed="1" covered="0" />
      <counter type="CLASS" missed="1" covered="0" />
    </sourcefile>
    <sourcefile name="Run-MasterTests.ps1">
      <line nr="3" mi="2" ci="0" mb="0" cb="0" />
      <line nr="35" mi="1" ci="0" mb="0" cb="0" />
      <line nr="36" mi="1" ci="0" mb="0" cb="0" />
      <line nr="41" mi="1" ci="0" mb="0" cb="0" />
      <line nr="49" mi="1" ci="0" mb="0" cb="0" />
      <line nr="50" mi="1" ci="0" mb="0" cb="0" />
      <line nr="51" mi="1" ci="0" mb="0" cb="0" />
      <line nr="52" mi="1" ci="0" mb="0" cb="0" />
      <line nr="53" mi="1" ci="0" mb="0" cb="0" />
      <line nr="56" mi="1" ci="0" mb="0" cb="0" />
      <line nr="57" mi="1" ci="0" mb="0" cb="0" />
      <line nr="58" mi="1" ci="0" mb="0" cb="0" />
      <line nr="61" mi="2" ci="0" mb="0" cb="0" />
      <line nr="62" mi="4" ci="0" mb="0" cb="0" />
      <line nr="65" mi="1" ci="0" mb="0" cb="0" />
      <line nr="66" mi="1" ci="0" mb="0" cb="0" />
      <line nr="67" mi="1" ci="0" mb="0" cb="0" />
      <line nr="68" mi="1" ci="0" mb="0" cb="0" />
      <line nr="69" mi="1" ci="0" mb="0" cb="0" />
      <line nr="70" mi="1" ci="0" mb="0" cb="0" />
      <line nr="71" mi="1" ci="0" mb="0" cb="0" />
      <line nr="74" mi="1" ci="0" mb="0" cb="0" />
      <line nr="75" mi="1" ci="0" mb="0" cb="0" />
      <line nr="76" mi="1" ci="0" mb="0" cb="0" />
      <line nr="77" mi="1" ci="0" mb="0" cb="0" />
      <line nr="78" mi="1" ci="0" mb="0" cb="0" />
      <line nr="79" mi="1" ci="0" mb="0" cb="0" />
      <line nr="80" mi="1" ci="0" mb="0" cb="0" />
      <line nr="84" mi="3" ci="0" mb="0" cb="0" />
      <line nr="87" mi="1" ci="0" mb="0" cb="0" />
      <line nr="88" mi="1" ci="0" mb="0" cb="0" />
      <line nr="89" mi="2" ci="0" mb="0" cb="0" />
      <line nr="90" mi="2" ci="0" mb="0" cb="0" />
      <line nr="91" mi="2" ci="0" mb="0" cb="0" />
      <line nr="92" mi="1" ci="0" mb="0" cb="0" />
      <line nr="94" mi="1" ci="0" mb="0" cb="0" />
      <line nr="95" mi="1" ci="0" mb="0" cb="0" />
      <line nr="96" mi="3" ci="0" mb="0" cb="0" />
      <line nr="97" mi="1" ci="0" mb="0" cb="0" />
      <line nr="98" mi="1" ci="0" mb="0" cb="0" />
      <line nr="101" mi="1" ci="0" mb="0" cb="0" />
      <line nr="102" mi="1" ci="0" mb="0" cb="0" />
      <line nr="104" mi="1" ci="0" mb="0" cb="0" />
      <line nr="107" mi="1" ci="0" mb="0" cb="0" />
      <line nr="108" mi="1" ci="0" mb="0" cb="0" />
      <line nr="109" mi="1" ci="0" mb="0" cb="0" />
      <line nr="110" mi="1" ci="0" mb="0" cb="0" />
      <line nr="115" mi="2" ci="0" mb="0" cb="0" />
      <line nr="116" mi="1" ci="0" mb="0" cb="0" />
      <line nr="117" mi="1" ci="0" mb="0" cb="0" />
      <line nr="118" mi="1" ci="0" mb="0" cb="0" />
      <line nr="124" mi="2" ci="0" mb="0" cb="0" />
      <line nr="125" mi="1" ci="0" mb="0" cb="0" />
      <line nr="128" mi="1" ci="0" mb="0" cb="0" />
      <line nr="129" mi="1" ci="0" mb="0" cb="0" />
      <line nr="131" mi="1" ci="0" mb="0" cb="0" />
      <line nr="132" mi="1" ci="0" mb="0" cb="0" />
      <line nr="133" mi="1" ci="0" mb="0" cb="0" />
      <line nr="136" mi="1" ci="0" mb="0" cb="0" />
      <line nr="137" mi="1" ci="0" mb="0" cb="0" />
      <line nr="138" mi="1" ci="0" mb="0" cb="0" />
      <line nr="139" mi="3" ci="0" mb="0" cb="0" />
      <line nr="140" mi="1" ci="0" mb="0" cb="0" />
      <line nr="141" mi="1" ci="0" mb="0" cb="0" />
      <line nr="144" mi="1" ci="0" mb="0" cb="0" />
      <line nr="145" mi="1" ci="0" mb="0" cb="0" />
      <line nr="147" mi="1" ci="0" mb="0" cb="0" />
      <line nr="150" mi="1" ci="0" mb="0" cb="0" />
      <line nr="151" mi="1" ci="0" mb="0" cb="0" />
      <line nr="152" mi="1" ci="0" mb="0" cb="0" />
      <line nr="153" mi="1" ci="0" mb="0" cb="0" />
      <line nr="157" mi="1" ci="0" mb="0" cb="0" />
      <line nr="158" mi="1" ci="0" mb="0" cb="0" />
      <line nr="159" mi="1" ci="0" mb="0" cb="0" />
      <line nr="160" mi="1" ci="0" mb="0" cb="0" />
      <line nr="165" mi="2" ci="0" mb="0" cb="0" />
      <line nr="166" mi="1" ci="0" mb="0" cb="0" />
      <line nr="167" mi="1" ci="0" mb="0" cb="0" />
      <line nr="168" mi="1" ci="0" mb="0" cb="0" />
      <line nr="174" mi="1" ci="0" mb="0" cb="0" />
      <line nr="175" mi="1" ci="0" mb="0" cb="0" />
      <line nr="178" mi="1" ci="0" mb="0" cb="0" />
      <line nr="179" mi="2" ci="0" mb="0" cb="0" />
      <line nr="180" mi="2" ci="0" mb="0" cb="0" />
      <line nr="182" mi="1" ci="0" mb="0" cb="0" />
      <line nr="183" mi="1" ci="0" mb="0" cb="0" />
      <line nr="184" mi="4" ci="0" mb="0" cb="0" />
      <line nr="185" mi="1" ci="0" mb="0" cb="0" />
      <line nr="186" mi="1" ci="0" mb="0" cb="0" />
      <line nr="187" mi="1" ci="0" mb="0" cb="0" />
      <line nr="189" mi="1" ci="0" mb="0" cb="0" />
      <line nr="193" mi="1" ci="0" mb="0" cb="0" />
      <line nr="194" mi="1" ci="0" mb="0" cb="0" />
      <line nr="196" mi="1" ci="0" mb="0" cb="0" />
      <line nr="197" mi="1" ci="0" mb="0" cb="0" />
      <line nr="198" mi="1" ci="0" mb="0" cb="0" />
      <line nr="199" mi="1" ci="0" mb="0" cb="0" />
      <line nr="200" mi="1" ci="0" mb="0" cb="0" />
      <line nr="201" mi="1" ci="0" mb="0" cb="0" />
      <line nr="202" mi="1" ci="0" mb="0" cb="0" />
      <line nr="204" mi="2" ci="0" mb="0" cb="0" />
      <line nr="207" mi="1" ci="0" mb="0" cb="0" />
      <line nr="208" mi="1" ci="0" mb="0" cb="0" />
      <line nr="209" mi="1" ci="0" mb="0" cb="0" />
      <line nr="210" mi="1" ci="0" mb="0" cb="0" />
      <line nr="211" mi="1" ci="0" mb="0" cb="0" />
      <line nr="212" mi="1" ci="0" mb="0" cb="0" />
      <line nr="213" mi="1" ci="0" mb="0" cb="0" />
      <line nr="215" mi="2" ci="0" mb="0" cb="0" />
      <line nr="218" mi="1" ci="0" mb="0" cb="0" />
      <line nr="219" mi="1" ci="0" mb="0" cb="0" />
      <line nr="220" mi="1" ci="0" mb="0" cb="0" />
      <line nr="221" mi="1" ci="0" mb="0" cb="0" />
      <line nr="222" mi="1" ci="0" mb="0" cb="0" />
      <line nr="225" mi="1" ci="0" mb="0" cb="0" />
      <line nr="226" mi="2" ci="0" mb="0" cb="0" />
      <line nr="227" mi="2" ci="0" mb="0" cb="0" />
      <line nr="230" mi="1" ci="0" mb="0" cb="0" />
      <line nr="231" mi="1" ci="0" mb="0" cb="0" />
      <line nr="232" mi="1" ci="0" mb="0" cb="0" />
      <line nr="233" mi="1" ci="0" mb="0" cb="0" />
      <line nr="234" mi="1" ci="0" mb="0" cb="0" />
      <line nr="235" mi="1" ci="0" mb="0" cb="0" />
      <line nr="236" mi="1" ci="0" mb="0" cb="0" />
      <line nr="237" mi="1" ci="0" mb="0" cb="0" />
      <line nr="238" mi="1" ci="0" mb="0" cb="0" />
      <line nr="239" mi="1" ci="0" mb="0" cb="0" />
      <line nr="240" mi="1" ci="0" mb="0" cb="0" />
      <line nr="241" mi="1" ci="0" mb="0" cb="0" />
      <line nr="242" mi="1" ci="0" mb="0" cb="0" />
      <line nr="244" mi="1" ci="0" mb="0" cb="0" />
      <line nr="246" mi="1" ci="0" mb="0" cb="0" />
      <line nr="247" mi="2" ci="0" mb="0" cb="0" />
      <line nr="249" mi="1" ci="0" mb="0" cb="0" />
      <line nr="252" mi="1" ci="0" mb="0" cb="0" />
      <line nr="253" mi="1" ci="0" mb="0" cb="0" />
      <line nr="255" mi="1" ci="0" mb="0" cb="0" />
      <line nr="285" mi="1" ci="0" mb="0" cb="0" />
      <line nr="286" mi="2" ci="0" mb="0" cb="0" />
      <line nr="292" mi="1" ci="0" mb="0" cb="0" />
      <line nr="293" mi="1" ci="0" mb="0" cb="0" />
      <line nr="294" mi="1" ci="0" mb="0" cb="0" />
      <line nr="296" mi="1" ci="0" mb="0" cb="0" />
      <line nr="298" mi="1" ci="0" mb="0" cb="0" />
      <line nr="299" mi="2" ci="0" mb="0" cb="0" />
      <line nr="303" mi="1" ci="0" mb="0" cb="0" />
      <line nr="304" mi="1" ci="0" mb="0" cb="0" />
      <line nr="305" mi="1" ci="0" mb="0" cb="0" />
      <line nr="307" mi="1" ci="0" mb="0" cb="0" />
      <line nr="309" mi="1" ci="0" mb="0" cb="0" />
      <line nr="310" mi="2" ci="0" mb="0" cb="0" />
      <line nr="314" mi="1" ci="0" mb="0" cb="0" />
      <line nr="318" mi="1" ci="0" mb="0" cb="0" />
      <line nr="319" mi="2" ci="0" mb="0" cb="0" />
      <line nr="326" mi="1" ci="0" mb="0" cb="0" />
      <line nr="329" mi="1" ci="0" mb="0" cb="0" />
      <line nr="335" mi="1" ci="0" mb="0" cb="0" />
      <line nr="336" mi="2" ci="0" mb="0" cb="0" />
      <line nr="338" mi="1" ci="0" mb="0" cb="0" />
      <line nr="342" mi="1" ci="0" mb="0" cb="0" />
      <line nr="343" mi="1" ci="0" mb="0" cb="0" />
      <line nr="345" mi="1" ci="0" mb="0" cb="0" />
      <line nr="346" mi="1" ci="0" mb="0" cb="0" />
      <line nr="349" mi="1" ci="0" mb="0" cb="0" />
      <line nr="350" mi="1" ci="0" mb="0" cb="0" />
      <line nr="353" mi="1" ci="0" mb="0" cb="0" />
      <line nr="354" mi="1" ci="0" mb="0" cb="0" />
      <line nr="357" mi="1" ci="0" mb="0" cb="0" />
      <line nr="358" mi="1" ci="0" mb="0" cb="0" />
      <counter type="INSTRUCTION" missed="201" covered="0" />
      <counter type="LINE" missed="169" covered="0" />
      <counter type="METHOD" missed="1" covered="0" />
      <counter type="CLASS" missed="1" covered="0" />
    </sourcefile>
    <sourcefile name="Setup-TestingFramework.ps1">
      <line nr="20" mi="1" ci="0" mb="0" cb="0" />
      <line nr="26" mi="1" ci="0" mb="0" cb="0" />
      <line nr="28" mi="1" ci="0" mb="0" cb="0" />
      <line nr="29" mi="1" ci="0" mb="0" cb="0" />
      <line nr="32" mi="1" ci="0" mb="0" cb="0" />
      <line nr="33" mi="2" ci="0" mb="0" cb="0" />
      <line nr="34" mi="2" ci="0" mb="0" cb="0" />
      <line nr="35" mi="1" ci="0" mb="0" cb="0" />
      <line nr="37" mi="1" ci="0" mb="0" cb="0" />
      <line nr="41" mi="1" ci="0" mb="0" cb="0" />
      <line nr="43" mi="1" ci="0" mb="0" cb="0" />
      <line nr="44" mi="4" ci="0" mb="0" cb="0" />
      <line nr="45" mi="3" ci="0" mb="0" cb="0" />
      <line nr="46" mi="3" ci="0" mb="0" cb="0" />
      <line nr="49" mi="1" ci="0" mb="0" cb="0" />
      <line nr="51" mi="1" ci="0" mb="0" cb="0" />
      <line nr="52" mi="1" ci="0" mb="0" cb="0" />
      <line nr="53" mi="4" ci="0" mb="0" cb="0" />
      <line nr="56" mi="1" ci="0" mb="0" cb="0" />
      <line nr="57" mi="2" ci="0" mb="0" cb="0" />
      <line nr="59" mi="2" ci="0" mb="0" cb="0" />
      <line nr="60" mi="1" ci="0" mb="0" cb="0" />
      <line nr="61" mi="1" ci="0" mb="0" cb="0" />
      <line nr="62" mi="1" ci="0" mb="0" cb="0" />
      <line nr="63" mi="1" ci="0" mb="0" cb="0" />
      <line nr="65" mi="1" ci="0" mb="0" cb="0" />
      <line nr="66" mi="1" ci="0" mb="0" cb="0" />
      <line nr="68" mi="1" ci="0" mb="0" cb="0" />
      <line nr="69" mi="2" ci="0" mb="0" cb="0" />
      <line nr="72" mi="2" ci="0" mb="0" cb="0" />
      <line nr="78" mi="1" ci="0" mb="0" cb="0" />
      <line nr="80" mi="1" ci="0" mb="0" cb="0" />
      <line nr="81" mi="1" ci="0" mb="0" cb="0" />
      <line nr="82" mi="1" ci="0" mb="0" cb="0" />
      <line nr="83" mi="1" ci="0" mb="0" cb="0" />
      <line nr="84" mi="1" ci="0" mb="0" cb="0" />
      <line nr="86" mi="1" ci="0" mb="0" cb="0" />
      <line nr="87" mi="1" ci="0" mb="0" cb="0" />
      <line nr="88" mi="1" ci="0" mb="0" cb="0" />
      <line nr="89" mi="1" ci="0" mb="0" cb="0" />
      <line nr="91" mi="1" ci="0" mb="0" cb="0" />
      <line nr="92" mi="1" ci="0" mb="0" cb="0" />
      <line nr="93" mi="1" ci="0" mb="0" cb="0" />
      <line nr="94" mi="1" ci="0" mb="0" cb="0" />
      <line nr="96" mi="1" ci="0" mb="0" cb="0" />
      <line nr="97" mi="1" ci="0" mb="0" cb="0" />
      <line nr="98" mi="1" ci="0" mb="0" cb="0" />
      <line nr="99" mi="1" ci="0" mb="0" cb="0" />
      <line nr="103" mi="1" ci="0" mb="0" cb="0" />
      <line nr="104" mi="1" ci="0" mb="0" cb="0" />
      <line nr="105" mi="1" ci="0" mb="0" cb="0" />
      <line nr="106" mi="2" ci="0" mb="0" cb="0" />
      <line nr="109" mi="1" ci="0" mb="0" cb="0" />
      <line nr="111" mi="1" ci="0" mb="0" cb="0" />
      <line nr="112" mi="2" ci="0" mb="0" cb="0" />
      <line nr="113" mi="1" ci="0" mb="0" cb="0" />
      <line nr="114" mi="2" ci="0" mb="0" cb="0" />
      <line nr="116" mi="1" ci="0" mb="0" cb="0" />
      <line nr="118" mi="1" ci="0" mb="0" cb="0" />
      <line nr="119" mi="1" ci="0" mb="0" cb="0" />
      <line nr="120" mi="1" ci="0" mb="0" cb="0" />
      <line nr="123" mi="1" ci="0" mb="0" cb="0" />
      <line nr="124" mi="3" ci="0" mb="0" cb="0" />
      <line nr="125" mi="2" ci="0" mb="0" cb="0" />
      <line nr="126" mi="1" ci="0" mb="0" cb="0" />
      <line nr="130" mi="1" ci="0" mb="0" cb="0" />
      <line nr="134" mi="1" ci="0" mb="0" cb="0" />
      <line nr="137" mi="1" ci="0" mb="0" cb="0" />
      <line nr="138" mi="2" ci="0" mb="0" cb="0" />
      <line nr="139" mi="1" ci="0" mb="0" cb="0" />
      <line nr="140" mi="1" ci="0" mb="0" cb="0" />
      <line nr="144" mi="1" ci="0" mb="0" cb="0" />
      <line nr="145" mi="1" ci="0" mb="0" cb="0" />
      <line nr="147" mi="1" ci="0" mb="0" cb="0" />
      <line nr="148" mi="1" ci="0" mb="0" cb="0" />
      <line nr="149" mi="1" ci="0" mb="0" cb="0" />
      <line nr="151" mi="3" ci="0" mb="0" cb="0" />
      <line nr="153" mi="1" ci="0" mb="0" cb="0" />
      <line nr="154" mi="2" ci="0" mb="0" cb="0" />
      <line nr="156" mi="1" ci="0" mb="0" cb="0" />
      <line nr="157" mi="1" ci="0" mb="0" cb="0" />
      <line nr="158" mi="1" ci="0" mb="0" cb="0" />
      <line nr="160" mi="2" ci="0" mb="0" cb="0" />
      <line nr="162" mi="2" ci="0" mb="0" cb="0" />
      <line nr="163" mi="2" ci="0" mb="0" cb="0" />
      <line nr="164" mi="1" ci="0" mb="0" cb="0" />
      <line nr="165" mi="1" ci="0" mb="0" cb="0" />
      <line nr="167" mi="2" ci="0" mb="0" cb="0" />
      <line nr="170" mi="1" ci="0" mb="0" cb="0" />
      <line nr="176" mi="1" ci="0" mb="0" cb="0" />
      <line nr="177" mi="1" ci="0" mb="0" cb="0" />
      <line nr="178" mi="1" ci="0" mb="0" cb="0" />
      <line nr="179" mi="2" ci="0" mb="0" cb="0" />
      <line nr="183" mi="1" ci="0" mb="0" cb="0" />
      <line nr="185" mi="1" ci="0" mb="0" cb="0" />
      <line nr="186" mi="2" ci="0" mb="0" cb="0" />
      <line nr="187" mi="1" ci="0" mb="0" cb="0" />
      <line nr="191" mi="1" ci="0" mb="0" cb="0" />
      <line nr="192" mi="1" ci="0" mb="0" cb="0" />
      <line nr="194" mi="1" ci="0" mb="0" cb="0" />
      <line nr="195" mi="1" ci="0" mb="0" cb="0" />
      <line nr="197" mi="1" ci="0" mb="0" cb="0" />
      <line nr="200" mi="2" ci="0" mb="0" cb="0" />
      <line nr="201" mi="1" ci="0" mb="0" cb="0" />
      <line nr="203" mi="1" ci="0" mb="0" cb="0" />
      <line nr="204" mi="1" ci="0" mb="0" cb="0" />
      <line nr="205" mi="1" ci="0" mb="0" cb="0" />
      <line nr="206" mi="1" ci="0" mb="0" cb="0" />
      <line nr="208" mi="1" ci="0" mb="0" cb="0" />
      <line nr="209" mi="1" ci="0" mb="0" cb="0" />
      <line nr="211" mi="1" ci="0" mb="0" cb="0" />
      <line nr="212" mi="1" ci="0" mb="0" cb="0" />
      <line nr="213" mi="1" ci="0" mb="0" cb="0" />
      <line nr="214" mi="1" ci="0" mb="0" cb="0" />
      <line nr="219" mi="1" ci="0" mb="0" cb="0" />
      <line nr="220" mi="1" ci="0" mb="0" cb="0" />
      <line nr="222" mi="1" ci="0" mb="0" cb="0" />
      <line nr="223" mi="1" ci="0" mb="0" cb="0" />
      <line nr="225" mi="1" ci="0" mb="0" cb="0" />
      <line nr="226" mi="1" ci="0" mb="0" cb="0" />
      <line nr="228" mi="1" ci="0" mb="0" cb="0" />
      <line nr="229" mi="1" ci="0" mb="0" cb="0" />
      <line nr="231" mi="1" ci="0" mb="0" cb="0" />
      <line nr="232" mi="1" ci="0" mb="0" cb="0" />
      <line nr="234" mi="1" ci="0" mb="0" cb="0" />
      <line nr="235" mi="1" ci="0" mb="0" cb="0" />
      <line nr="236" mi="1" ci="0" mb="0" cb="0" />
      <line nr="237" mi="1" ci="0" mb="0" cb="0" />
      <line nr="239" mi="1" ci="0" mb="0" cb="0" />
      <line nr="240" mi="1" ci="0" mb="0" cb="0" />
      <line nr="245" mi="1" ci="0" mb="0" cb="0" />
      <line nr="246" mi="1" ci="0" mb="0" cb="0" />
      <line nr="247" mi="1" ci="0" mb="0" cb="0" />
      <line nr="248" mi="1" ci="0" mb="0" cb="0" />
      <line nr="249" mi="1" ci="0" mb="0" cb="0" />
      <line nr="251" mi="1" ci="0" mb="0" cb="0" />
      <line nr="252" mi="1" ci="0" mb="0" cb="0" />
      <line nr="254" mi="1" ci="0" mb="0" cb="0" />
      <line nr="258" mi="1" ci="0" mb="0" cb="0" />
      <line nr="261" mi="1" ci="0" mb="0" cb="0" />
      <line nr="262" mi="1" ci="0" mb="0" cb="0" />
      <line nr="263" mi="1" ci="0" mb="0" cb="0" />
      <line nr="264" mi="1" ci="0" mb="0" cb="0" />
      <line nr="268" mi="1" ci="0" mb="0" cb="0" />
      <line nr="269" mi="1" ci="0" mb="0" cb="0" />
      <line nr="273" mi="1" ci="0" mb="0" cb="0" />
      <line nr="274" mi="1" ci="0" mb="0" cb="0" />
      <line nr="275" mi="1" ci="0" mb="0" cb="0" />
      <line nr="276" mi="1" ci="0" mb="0" cb="0" />
      <line nr="280" mi="1" ci="0" mb="0" cb="0" />
      <line nr="281" mi="1" ci="0" mb="0" cb="0" />
      <line nr="285" mi="1" ci="0" mb="0" cb="0" />
      <line nr="286" mi="1" ci="0" mb="0" cb="0" />
      <line nr="289" mi="1" ci="0" mb="0" cb="0" />
      <line nr="291" mi="1" ci="0" mb="0" cb="0" />
      <line nr="292" mi="2" ci="0" mb="0" cb="0" />
      <line nr="293" mi="1" ci="0" mb="0" cb="0" />
      <line nr="296" mi="1" ci="0" mb="0" cb="0" />
      <line nr="298" mi="1" ci="0" mb="0" cb="0" />
      <line nr="299" mi="1" ci="0" mb="0" cb="0" />
      <line nr="300" mi="1" ci="0" mb="0" cb="0" />
      <line nr="301" mi="1" ci="0" mb="0" cb="0" />
      <line nr="302" mi="1" ci="0" mb="0" cb="0" />
      <line nr="307" mi="1" ci="0" mb="0" cb="0" />
      <line nr="312" mi="1" ci="0" mb="0" cb="0" />
      <line nr="313" mi="1" ci="0" mb="0" cb="0" />
      <line nr="314" mi="1" ci="0" mb="0" cb="0" />
      <counter type="INSTRUCTION" missed="201" covered="0" />
      <counter type="LINE" missed="167" covered="0" />
      <counter type="METHOD" missed="6" covered="0" />
      <counter type="CLASS" missed="1" covered="0" />
    </sourcefile>
    <counter type="INSTRUCTION" missed="1146" covered="0" />
    <counter type="LINE" missed="842" covered="0" />
    <counter type="METHOD" missed="22" covered="0" />
    <counter type="CLASS" missed="5" covered="0" />
  </package>
  <package name="tests/examples">
    <class name="tests/examples/Migration-Example" sourcefilename="examples/Migration-Example.ps1">
      <method name="&lt;script&gt;" desc="()" line="83">
        <counter type="INSTRUCTION" missed="16" covered="0" />
        <counter type="LINE" missed="11" covered="0" />
        <counter type="METHOD" missed="1" covered="0" />
      </method>
      <counter type="INSTRUCTION" missed="16" covered="0" />
      <counter type="LINE" missed="11" covered="0" />
      <counter type="METHOD" missed="1" covered="0" />
      <counter type="CLASS" missed="1" covered="0" />
    </class>
    <sourcefile name="examples/Migration-Example.ps1">
      <line nr="83" mi="2" ci="0" mb="0" cb="0" />
      <line nr="84" mi="2" ci="0" mb="0" cb="0" />
      <line nr="85" mi="2" ci="0" mb="0" cb="0" />
      <line nr="97" mi="1" ci="0" mb="0" cb="0" />
      <line nr="98" mi="1" ci="0" mb="0" cb="0" />
      <line nr="99" mi="1" ci="0" mb="0" cb="0" />
      <line nr="101" mi="1" ci="0" mb="0" cb="0" />
      <line nr="103" mi="1" ci="0" mb="0" cb="0" />
      <line nr="105" mi="1" ci="0" mb="0" cb="0" />
      <line nr="106" mi="1" ci="0" mb="0" cb="0" />
      <line nr="108" mi="3" ci="0" mb="0" cb="0" />
      <counter type="INSTRUCTION" missed="16" covered="0" />
      <counter type="LINE" missed="11" covered="0" />
      <counter type="METHOD" missed="1" covered="0" />
      <counter type="CLASS" missed="1" covered="0" />
    </sourcefile>
    <counter type="INSTRUCTION" missed="16" covered="0" />
    <counter type="LINE" missed="11" covered="0" />
    <counter type="METHOD" missed="1" covered="0" />
    <counter type="CLASS" missed="1" covered="0" />
  </package>
  <package name="tests/examples/helpers">
    <class name="tests/examples/helpers/TestHelpers" sourcefilename="examples/helpers/TestHelpers.ps1">
      <method name="&lt;script&gt;" desc="()" line="13">
        <counter type="INSTRUCTION" missed="11" covered="0" />
        <counter type="LINE" missed="6" covered="0" />
        <counter type="METHOD" missed="1" covered="0" />
      </method>
      <method name="Import-TestModule" desc="()" line="35">
        <counter type="INSTRUCTION" missed="8" covered="0" />
        <counter type="LINE" missed="8" covered="0" />
        <counter type="METHOD" missed="1" covered="0" />
      </method>
      <method name="Test-ModuleStructure" desc="()" line="62">
        <counter type="INSTRUCTION" missed="24" covered="0" />
        <counter type="LINE" missed="21" covered="0" />
        <counter type="METHOD" missed="1" covered="0" />
      </method>
      <method name="Test-PowerShellSyntax" desc="()" line="111">
        <counter type="INSTRUCTION" missed="12" covered="0" />
        <counter type="LINE" missed="10" covered="0" />
        <counter type="METHOD" missed="1" covered="0" />
      </method>
      <method name="Get-TestConfiguration" desc="()" line="135">
        <counter type="INSTRUCTION" missed="7" covered="0" />
        <counter type="LINE" missed="6" covered="0" />
        <counter type="METHOD" missed="1" covered="0" />
      </method>
      <counter type="INSTRUCTION" missed="62" covered="0" />
      <counter type="LINE" missed="51" covered="0" />
      <counter type="METHOD" missed="5" covered="0" />
      <counter type="CLASS" missed="1" covered="0" />
    </class>
    <sourcefile name="examples/helpers/TestHelpers.ps1">
      <line nr="13" mi="1" ci="0" mb="0" cb="0" />
      <line nr="14" mi="4" ci="0" mb="0" cb="0" />
      <line nr="17" mi="1" ci="0" mb="0" cb="0" />
      <line nr="18" mi="3" ci="0" mb="0" cb="0" />
      <line nr="35" mi="1" ci="0" mb="0" cb="0" />
      <line nr="36" mi="1" ci="0" mb="0" cb="0" />
      <line nr="37" mi="1" ci="0" mb="0" cb="0" />
      <line nr="38" mi="1" ci="0" mb="0" cb="0" />
      <line nr="40" mi="1" ci="0" mb="0" cb="0" />
      <line nr="41" mi="1" ci="0" mb="0" cb="0" />
      <line nr="44" mi="1" ci="0" mb="0" cb="0" />
      <line nr="45" mi="1" ci="0" mb="0" cb="0" />
      <line nr="62" mi="1" ci="0" mb="0" cb="0" />
      <line nr="63" mi="1" ci="0" mb="0" cb="0" />
      <line nr="64" mi="1" ci="0" mb="0" cb="0" />
      <line nr="65" mi="1" ci="0" mb="0" cb="0" />
      <line nr="66" mi="1" ci="0" mb="0" cb="0" />
      <line nr="67" mi="1" ci="0" mb="0" cb="0" />
      <line nr="68" mi="1" ci="0" mb="0" cb="0" />
      <line nr="69" mi="1" ci="0" mb="0" cb="0" />
      <line nr="72" mi="2" ci="0" mb="0" cb="0" />
      <line nr="73" mi="1" ci="0" mb="0" cb="0" />
      <line nr="74" mi="1" ci="0" mb="0" cb="0" />
      <line nr="78" mi="1" ci="0" mb="0" cb="0" />
      <line nr="79" mi="1" ci="0" mb="0" cb="0" />
      <line nr="80" mi="1" ci="0" mb="0" cb="0" />
      <line nr="84" mi="1" ci="0" mb="0" cb="0" />
      <line nr="85" mi="1" ci="0" mb="0" cb="0" />
      <line nr="86" mi="1" ci="0" mb="0" cb="0" />
      <line nr="90" mi="2" ci="0" mb="0" cb="0" />
      <line nr="91" mi="2" ci="0" mb="0" cb="0" />
      <line nr="94" mi="1" ci="0" mb="0" cb="0" />
      <line nr="96" mi="1" ci="0" mb="0" cb="0" />
      <line nr="111" mi="1" ci="0" mb="0" cb="0" />
      <line nr="112" mi="2" ci="0" mb="0" cb="0" />
      <line nr="113" mi="1" ci="0" mb="0" cb="0" />
      <line nr="114" mi="1" ci="0" mb="0" cb="0" />
      <line nr="115" mi="1" ci="0" mb="0" cb="0" />
      <line nr="116" mi="1" ci="0" mb="0" cb="0" />
      <line nr="119" mi="1" ci="0" mb="0" cb="0" />
      <line nr="120" mi="1" ci="0" mb="0" cb="0" />
      <line nr="121" mi="2" ci="0" mb="0" cb="0" />
      <line nr="122" mi="1" ci="0" mb="0" cb="0" />
      <line nr="135" mi="1" ci="0" mb="0" cb="0" />
      <line nr="136" mi="1" ci="0" mb="0" cb="0" />
      <line nr="137" mi="1" ci="0" mb="0" cb="0" />
      <line nr="138" mi="1" ci="0" mb="0" cb="0" />
      <line nr="139" mi="1" ci="0" mb="0" cb="0" />
      <line nr="140" mi="2" ci="0" mb="0" cb="0" />
      <line nr="145" mi="1" ci="0" mb="0" cb="0" />
      <line nr="146" mi="1" ci="0" mb="0" cb="0" />
      <counter type="INSTRUCTION" missed="62" covered="0" />
      <counter type="LINE" missed="51" covered="0" />
      <counter type="METHOD" missed="5" covered="0" />
      <counter type="CLASS" missed="1" covered="0" />
    </sourcefile>
    <counter type="INSTRUCTION" missed="62" covered="0" />
    <counter type="LINE" missed="51" covered="0" />
    <counter type="METHOD" missed="5" covered="0" />
    <counter type="CLASS" missed="1" covered="0" />
  </package>
  <package name="tests/helpers">
    <class name="tests/helpers/Get-ScriptAst" sourcefilename="helpers/Get-ScriptAst.ps1">
      <method name="Get-ScriptAst" desc="()" line="3">
        <counter type="INSTRUCTION" missed="10" covered="0" />
        <counter type="LINE" missed="9" covered="0" />
        <counter type="METHOD" missed="1" covered="0" />
      </method>
      <counter type="INSTRUCTION" missed="10" covered="0" />
      <counter type="LINE" missed="9" covered="0" />
      <counter type="METHOD" missed="1" covered="0" />
      <counter type="CLASS" missed="1" covered="0" />
    </class>
    <class name="tests/helpers/Invoke-ExtensibleTests" sourcefilename="helpers/Invoke-ExtensibleTests.ps1">
      <method name="&lt;script&gt;" desc="()" line="21">
        <counter type="INSTRUCTION" missed="175" covered="0" />
        <counter type="LINE" missed="128" covered="0" />
        <counter type="METHOD" missed="1" covered="0" />
      </method>
      <method name="Get-TestCategories" desc="()" line="51">
        <counter type="INSTRUCTION" missed="1" covered="0" />
        <counter type="LINE" missed="1" covered="0" />
        <counter type="METHOD" missed="1" covered="0" />
      </method>
      <method name="Test-PlatformCompatibility" desc="()" line="93">
        <counter type="INSTRUCTION" missed="1" covered="0" />
        <counter type="LINE" missed="1" covered="0" />
        <counter type="METHOD" missed="1" covered="0" />
      </method>
      <method name="Invoke-TestBatch" desc="()" line="104">
        <counter type="INSTRUCTION" missed="1" covered="0" />
        <counter type="LINE" missed="1" covered="0" />
        <counter type="METHOD" missed="1" covered="0" />
      </method>
      <counter type="INSTRUCTION" missed="178" covered="0" />
      <counter type="LINE" missed="131" covered="0" />
      <counter type="METHOD" missed="4" covered="0" />
      <counter type="CLASS" missed="1" covered="0" />
    </class>
    <class name="tests/helpers/New-AutoTestGenerator" sourcefilename="helpers/New-AutoTestGenerator.ps1">
      <method name="&lt;script&gt;" desc="()" line="20">
        <counter type="INSTRUCTION" missed="175" covered="0" />
        <counter type="LINE" missed="133" covered="0" />
        <counter type="METHOD" missed="1" covered="0" />
      </method>
      <method name="Get-ScriptAnalysis" desc="()" line="35">
        <counter type="INSTRUCTION" missed="1" covered="0" />
        <counter type="LINE" missed="1" covered="0" />
        <counter type="METHOD" missed="1" covered="0" />
      </method>
      <method name="New-TestTemplate" desc="()" line="114">
        <counter type="INSTRUCTION" missed="1" covered="0" />
        <counter type="LINE" missed="1" covered="0" />
        <counter type="METHOD" missed="1" covered="0" />
      </method>
      <method name="Format-ScriptName" desc="()" line="354">
        <counter type="INSTRUCTION" missed="1" covered="0" />
        <counter type="LINE" missed="1" covered="0" />
        <counter type="METHOD" missed="1" covered="0" />
      </method>
      <method name="Watch-ScriptDirectory" desc="()" line="408">
        <counter type="INSTRUCTION" missed="1" covered="0" />
        <counter type="LINE" missed="1" covered="0" />
        <counter type="METHOD" missed="1" covered="0" />
      </method>
      <counter type="INSTRUCTION" missed="179" covered="0" />
      <counter type="LINE" missed="137" covered="0" />
      <counter type="METHOD" missed="5" covered="0" />
      <counter type="CLASS" missed="1" covered="0" />
    </class>
    <class name="tests/helpers/New-RunnerTestEnv" sourcefilename="helpers/New-RunnerTestEnv.ps1">
      <method name="&lt;script&gt;" desc="()" line="4">
        <counter type="INSTRUCTION" missed="2" covered="0" />
        <counter type="LINE" missed="1" covered="0" />
        <counter type="METHOD" missed="1" covered="0" />
      </method>
      <method name="global:New-RunnerTestEnv" desc="()" line="7">
        <counter type="INSTRUCTION" missed="68" covered="0" />
        <counter type="LINE" missed="33" covered="0" />
        <counter type="METHOD" missed="1" covered="0" />
      </method>
      <method name="global:Remove-RunnerTestEnv" desc="()" line="67">
        <counter type="INSTRUCTION" missed="3" covered="0" />
        <counter type="LINE" missed="3" covered="0" />
        <counter type="METHOD" missed="1" covered="0" />
      </method>
      <counter type="INSTRUCTION" missed="73" covered="0" />
      <counter type="LINE" missed="37" covered="0" />
      <counter type="METHOD" missed="3" covered="0" />
      <counter type="CLASS" missed="1" covered="0" />
    </class>
    <class name="tests/helpers/New-TestFile" sourcefilename="helpers/New-TestFile.ps1">
      <method name="&lt;script&gt;" desc="()" line="17">
        <counter type="INSTRUCTION" missed="73" covered="0" />
        <counter type="LINE" missed="54" covered="0" />
        <counter type="METHOD" missed="1" covered="0" />
      </method>
      <method name="Get-ScriptAnalysis" desc="()" line="35">
        <counter type="INSTRUCTION" missed="1" covered="0" />
        <counter type="LINE" missed="1" covered="0" />
        <counter type="METHOD" missed="1" covered="0" />
      </method>
      <method name="New-InstallerTestContent" desc="()" line="72">
        <counter type="INSTRUCTION" missed="18" covered="0" />
        <counter type="LINE" missed="9" covered="0" />
        <counter type="METHOD" missed="1" covered="0" />
      </method>
      <method name="New-FeatureTestContent" desc="()" line="104">
        <counter type="INSTRUCTION" missed="20" covered="0" />
        <counter type="LINE" missed="10" covered="0" />
        <counter type="METHOD" missed="1" covered="0" />
      </method>
      <counter type="INSTRUCTION" missed="112" covered="0" />
      <counter type="LINE" missed="74" covered="0" />
      <counter type="METHOD" missed="4" covered="0" />
      <counter type="CLASS" missed="1" covered="0" />
    </class>
    <class name="tests/helpers/StandardTestTemplate" sourcefilename="helpers/StandardTestTemplate.ps1">
      <method name="&lt;script&gt;" desc="()" line="8">
        <counter type="INSTRUCTION" missed="39" covered="0" />
        <counter type="LINE" missed="26" covered="0" />
        <counter type="METHOD" missed="1" covered="0" />
      </method>
      <counter type="INSTRUCTION" missed="39" covered="0" />
      <counter type="LINE" missed="26" covered="0" />
      <counter type="METHOD" missed="1" covered="0" />
      <counter type="CLASS" missed="1" covered="0" />
    </class>
    <class name="tests/helpers/TestDriveCleanup" sourcefilename="helpers/TestDriveCleanup.ps1">
      <method name="&lt;script&gt;" desc="()" line="1">
        <counter type="INSTRUCTION" missed="3" covered="0" />
        <counter type="LINE" missed="3" covered="0" />
        <counter type="METHOD" missed="1" covered="0" />
      </method>
      <counter type="INSTRUCTION" missed="3" covered="0" />
      <counter type="LINE" missed="3" covered="0" />
      <counter type="METHOD" missed="1" covered="0" />
      <counter type="CLASS" missed="1" covered="0" />
    </class>
    <class name="tests/helpers/TestFramework" sourcefilename="helpers/TestFramework.ps1">
      <method name="&lt;script&gt;" desc="()" line="19">
        <counter type="INSTRUCTION" missed="205" covered="0" />
        <counter type="LINE" missed="139" covered="0" />
        <counter type="METHOD" missed="1" covered="0" />
      </method>
      <method name="New-TestScenario" desc="()" line="100">
        <counter type="INSTRUCTION" missed="3" covered="0" />
        <counter type="LINE" missed="2" covered="0" />
        <counter type="METHOD" missed="1" covered="0" />
      </method>
      <method name="Invoke-ScriptTest" desc="()" line="142">
        <counter type="INSTRUCTION" missed="5" covered="0" />
        <counter type="LINE" missed="4" covered="0" />
        <counter type="METHOD" missed="1" covered="0" />
      </method>
      <method name="New-StandardTestMocks" desc="()" line="213">
        <counter type="INSTRUCTION" missed="1" covered="0" />
        <counter type="LINE" missed="1" covered="0" />
        <counter type="METHOD" missed="1" covered="0" />
      </method>
      <method name="New-MacOSSpecificMocks" desc="()" line="308">
        <counter type="INSTRUCTION" missed="1" covered="0" />
        <counter type="LINE" missed="1" covered="0" />
        <counter type="METHOD" missed="1" covered="0" />
      </method>
      <counter type="INSTRUCTION" missed="215" covered="0" />
      <counter type="LINE" missed="147" covered="0" />
      <counter type="METHOD" missed="5" covered="0" />
      <counter type="CLASS" missed="1" covered="0" />
    </class>
    <class name="tests/helpers/TestHelpers" sourcefilename="helpers/TestHelpers.ps1">
      <method name="&lt;script&gt;" desc="()" line="13">
        <counter type="INSTRUCTION" missed="5" covered="2" />
        <counter type="LINE" missed="2" covered="2" />
        <counter type="METHOD" missed="0" covered="1" />
      </method>
      <method name="Import-TestModule" desc="()" line="35">
        <counter type="INSTRUCTION" missed="8" covered="0" />
        <counter type="LINE" missed="8" covered="0" />
        <counter type="METHOD" missed="1" covered="0" />
      </method>
      <method name="Test-ModuleStructure" desc="()" line="62">
        <counter type="INSTRUCTION" missed="56" covered="0" />
        <counter type="LINE" missed="44" covered="0" />
        <counter type="METHOD" missed="1" covered="0" />
      </method>
      <method name="Test-PowerShellSyntax" desc="()" line="158">
        <counter type="INSTRUCTION" missed="12" covered="0" />
        <counter type="LINE" missed="10" covered="0" />
        <counter type="METHOD" missed="1" covered="0" />
      </method>
      <method name="Get-TestConfiguration" desc="()" line="182">
        <counter type="INSTRUCTION" missed="7" covered="0" />
        <counter type="LINE" missed="6" covered="0" />
        <counter type="METHOD" missed="1" covered="0" />
      </method>
      <counter type="INSTRUCTION" missed="88" covered="2" />
      <counter type="LINE" missed="70" covered="2" />
      <counter type="METHOD" missed="4" covered="1" />
      <counter type="CLASS" missed="0" covered="1" />
    </class>
    <class name="tests/helpers/TestHelpers" sourcefilename="helpers/TestHelpers.psm1">
      <method name="&lt;script&gt;" desc="()" line="5">
        <counter type="INSTRUCTION" missed="4" covered="0" />
        <counter type="LINE" missed="3" covered="0" />
        <counter type="METHOD" missed="1" covered="0" />
      </method>
      <method name="Get-TestConfiguration" desc="()" line="15">
        <counter type="INSTRUCTION" missed="1" covered="0" />
        <counter type="LINE" missed="1" covered="0" />
        <counter type="METHOD" missed="1" covered="0" />
      </method>
      <method name="Write-TestLog" desc="()" line="43">
        <counter type="INSTRUCTION" missed="12" covered="0" />
        <counter type="LINE" missed="12" covered="0" />
        <counter type="METHOD" missed="1" covered="0" />
      </method>
      <method name="Test-ModuleStructure" desc="()" line="76">
        <counter type="INSTRUCTION" missed="30" covered="0" />
        <counter type="LINE" missed="23" covered="0" />
        <counter type="METHOD" missed="1" covered="0" />
      </method>
      <method name="Get-ModuleFunctions" desc="()" line="140">
        <counter type="INSTRUCTION" missed="26" covered="0" />
        <counter type="LINE" missed="19" covered="0" />
        <counter type="METHOD" missed="1" covered="0" />
      </method>
      <method name="Test-PowerShellSyntax" desc="()" line="194">
        <counter type="INSTRUCTION" missed="17" covered="0" />
        <counter type="LINE" missed="14" covered="0" />
        <counter type="METHOD" missed="1" covered="0" />
      </method>
      <method name="New-TestResultSummary" desc="()" line="257">
        <counter type="INSTRUCTION" missed="6" covered="0" />
        <counter type="LINE" missed="6" covered="0" />
        <counter type="METHOD" missed="1" covered="0" />
      </method>
      <method name="Format-TestDuration" desc="()" line="280">
        <counter type="INSTRUCTION" missed="9" covered="0" />
        <counter type="LINE" missed="5" covered="0" />
        <counter type="METHOD" missed="1" covered="0" />
      </method>
      <counter type="INSTRUCTION" missed="105" covered="0" />
      <counter type="LINE" missed="83" covered="0" />
      <counter type="METHOD" missed="8" covered="0" />
      <counter type="CLASS" missed="1" covered="0" />
    </class>
    <class name="tests/helpers/TestTemplates" sourcefilename="helpers/TestTemplates.ps1">
      <method name="&lt;script&gt;" desc="()" line="10">
        <counter type="INSTRUCTION" missed="33" covered="0" />
        <counter type="LINE" missed="26" covered="0" />
        <counter type="METHOD" missed="1" covered="0" />
      </method>
      <method name="New-InstallerScriptTest" desc="()" line="18">
        <counter type="INSTRUCTION" missed="9" covered="0" />
        <counter type="LINE" missed="8" covered="0" />
        <counter type="METHOD" missed="1" covered="0" />
      </method>
      <counter type="INSTRUCTION" missed="42" covered="0" />
      <counter type="LINE" missed="34" covered="0" />
      <counter type="METHOD" missed="2" covered="0" />
      <counter type="CLASS" missed="1" covered="0" />
    </class>
    <class name="tests/helpers/TestTemplates" sourcefilename="helpers/TestTemplates.psm1">
      <method name="&lt;script&gt;" desc="()" line="3">
        <counter type="INSTRUCTION" missed="1" covered="0" />
        <counter type="LINE" missed="1" covered="0" />
        <counter type="METHOD" missed="1" covered="0" />
      </method>
      <counter type="INSTRUCTION" missed="1" covered="0" />
      <counter type="LINE" missed="1" covered="0" />
      <counter type="METHOD" missed="1" covered="0" />
      <counter type="CLASS" missed="1" covered="0" />
    </class>
    <sourcefile name="helpers/Get-ScriptAst.ps1">
      <line nr="3" mi="2" ci="0" mb="0" cb="0" />
      <line nr="4" mi="1" ci="0" mb="0" cb="0" />
      <line nr="7" mi="1" ci="0" mb="0" cb="0" />
      <line nr="9" mi="1" ci="0" mb="0" cb="0" />
      <line nr="11" mi="1" ci="0" mb="0" cb="0" />
      <line nr="12" mi="1" ci="0" mb="0" cb="0" />
      <line nr="15" mi="1" ci="0" mb="0" cb="0" />
      <line nr="16" mi="1" ci="0" mb="0" cb="0" />
      <line nr="18" mi="1" ci="0" mb="0" cb="0" />
      <counter type="INSTRUCTION" missed="10" covered="0" />
      <counter type="LINE" missed="9" covered="0" />
      <counter type="METHOD" missed="1" covered="0" />
      <counter type="CLASS" missed="1" covered="0" />
    </sourcefile>
    <sourcefile name="helpers/Invoke-ExtensibleTests.ps1">
      <line nr="21" mi="1" ci="0" mb="0" cb="0" />
      <line nr="23" mi="1" ci="0" mb="0" cb="0" />
      <line nr="24" mi="1" ci="0" mb="0" cb="0" />
      <line nr="44" mi="2" ci="0" mb="0" cb="0" />
      <line nr="51" mi="1" ci="0" mb="0" cb="0" />
      <line nr="53" mi="1" ci="0" mb="0" cb="0" />
      <line nr="54" mi="1" ci="0" mb="0" cb="0" />
      <line nr="56" mi="1" ci="0" mb="0" cb="0" />
      <line nr="57" mi="1" ci="0" mb="0" cb="0" />
      <line nr="60" mi="3" ci="0" mb="0" cb="0" />
      <line nr="61" mi="1" ci="0" mb="0" cb="0" />
      <line nr="65" mi="2" ci="0" mb="0" cb="0" />
      <line nr="67" mi="1" ci="0" mb="0" cb="0" />
      <line nr="68" mi="2" ci="0" mb="0" cb="0" />
      <line nr="69" mi="1" ci="0" mb="0" cb="0" />
      <line nr="70" mi="2" ci="0" mb="0" cb="0" />
      <line nr="71" mi="1" ci="0" mb="0" cb="0" />
      <line nr="72" mi="2" ci="0" mb="0" cb="0" />
      <line nr="75" mi="1" ci="0" mb="0" cb="0" />
      <line nr="76" mi="2" ci="0" mb="0" cb="0" />
      <line nr="79" mi="2" ci="0" mb="0" cb="0" />
      <line nr="80" mi="1" ci="0" mb="0" cb="0" />
      <line nr="81" mi="1" ci="0" mb="0" cb="0" />
      <line nr="82" mi="1" ci="0" mb="0" cb="0" />
      <line nr="83" mi="1" ci="0" mb="0" cb="0" />
      <line nr="84" mi="1" ci="0" mb="0" cb="0" />
      <line nr="85" mi="1" ci="0" mb="0" cb="0" />
      <line nr="89" mi="1" ci="0" mb="0" cb="0" />
      <line nr="93" mi="1" ci="0" mb="0" cb="0" />
      <line nr="95" mi="1" ci="0" mb="0" cb="0" />
      <line nr="96" mi="1" ci="0" mb="0" cb="0" />
      <line nr="99" mi="1" ci="0" mb="0" cb="0" />
      <line nr="104" mi="1" ci="0" mb="0" cb="0" />
      <line nr="109" mi="1" ci="0" mb="0" cb="0" />
      <line nr="110" mi="1" ci="0" mb="0" cb="0" />
      <line nr="111" mi="1" ci="0" mb="0" cb="0" />
      <line nr="115" mi="1" ci="0" mb="0" cb="0" />
      <line nr="116" mi="1" ci="0" mb="0" cb="0" />
      <line nr="117" mi="1" ci="0" mb="0" cb="0" />
      <line nr="118" mi="1" ci="0" mb="0" cb="0" />
      <line nr="119" mi="1" ci="0" mb="0" cb="0" />
      <line nr="120" mi="1" ci="0" mb="0" cb="0" />
      <line nr="121" mi="1" ci="0" mb="0" cb="0" />
      <line nr="123" mi="1" ci="0" mb="0" cb="0" />
      <line nr="124" mi="1" ci="0" mb="0" cb="0" />
      <line nr="125" mi="1" ci="0" mb="0" cb="0" />
      <line nr="126" mi="1" ci="0" mb="0" cb="0" />
      <line nr="127" mi="1" ci="0" mb="0" cb="0" />
      <line nr="132" mi="1" ci="0" mb="0" cb="0" />
      <line nr="133" mi="1" ci="0" mb="0" cb="0" />
      <line nr="134" mi="1" ci="0" mb="0" cb="0" />
      <line nr="135" mi="1" ci="0" mb="0" cb="0" />
      <line nr="136" mi="1" ci="0" mb="0" cb="0" />
      <line nr="137" mi="2" ci="0" mb="0" cb="0" />
      <line nr="140" mi="1" ci="0" mb="0" cb="0" />
      <line nr="141" mi="1" ci="0" mb="0" cb="0" />
      <line nr="142" mi="1" ci="0" mb="0" cb="0" />
      <line nr="143" mi="1" ci="0" mb="0" cb="0" />
      <line nr="144" mi="1" ci="0" mb="0" cb="0" />
      <line nr="147" mi="1" ci="0" mb="0" cb="0" />
      <line nr="148" mi="1" ci="0" mb="0" cb="0" />
      <line nr="149" mi="1" ci="0" mb="0" cb="0" />
      <line nr="150" mi="1" ci="0" mb="0" cb="0" />
      <line nr="152" mi="2" ci="0" mb="0" cb="0" />
      <line nr="156" mi="1" ci="0" mb="0" cb="0" />
      <line nr="157" mi="1" ci="0" mb="0" cb="0" />
      <line nr="158" mi="1" ci="0" mb="0" cb="0" />
      <line nr="159" mi="1" ci="0" mb="0" cb="0" />
      <line nr="160" mi="4" ci="0" mb="0" cb="0" />
      <line nr="161" mi="4" ci="0" mb="0" cb="0" />
      <line nr="162" mi="1" ci="0" mb="0" cb="0" />
      <line nr="163" mi="1" ci="0" mb="0" cb="0" />
      <line nr="167" mi="1" ci="0" mb="0" cb="0" />
      <line nr="168" mi="2" ci="0" mb="0" cb="0" />
      <line nr="169" mi="1" ci="0" mb="0" cb="0" />
      <line nr="171" mi="2" ci="0" mb="0" cb="0" />
      <line nr="172" mi="2" ci="0" mb="0" cb="0" />
      <line nr="173" mi="2" ci="0" mb="0" cb="0" />
      <line nr="174" mi="2" ci="0" mb="0" cb="0" />
      <line nr="176" mi="1" ci="0" mb="0" cb="0" />
      <line nr="177" mi="2" ci="0" mb="0" cb="0" />
      <line nr="178" mi="1" ci="0" mb="0" cb="0" />
      <line nr="179" mi="1" ci="0" mb="0" cb="0" />
      <line nr="180" mi="1" ci="0" mb="0" cb="0" />
      <line nr="184" mi="2" ci="0" mb="0" cb="0" />
      <line nr="185" mi="1" ci="0" mb="0" cb="0" />
      <line nr="186" mi="2" ci="0" mb="0" cb="0" />
      <line nr="188" mi="2" ci="0" mb="0" cb="0" />
      <line nr="191" mi="1" ci="0" mb="0" cb="0" />
      <line nr="192" mi="3" ci="0" mb="0" cb="0" />
      <line nr="193" mi="2" ci="0" mb="0" cb="0" />
      <line nr="194" mi="3" ci="0" mb="0" cb="0" />
      <line nr="195" mi="3" ci="0" mb="0" cb="0" />
      <line nr="196" mi="3" ci="0" mb="0" cb="0" />
      <line nr="197" mi="2" ci="0" mb="0" cb="0" />
      <line nr="198" mi="2" ci="0" mb="0" cb="0" />
      <line nr="199" mi="2" ci="0" mb="0" cb="0" />
      <line nr="200" mi="1" ci="0" mb="0" cb="0" />
      <line nr="201" mi="1" ci="0" mb="0" cb="0" />
      <line nr="202" mi="1" ci="0" mb="0" cb="0" />
      <line nr="203" mi="1" ci="0" mb="0" cb="0" />
      <line nr="205" mi="1" ci="0" mb="0" cb="0" />
      <line nr="206" mi="1" ci="0" mb="0" cb="0" />
      <line nr="207" mi="2" ci="0" mb="0" cb="0" />
      <line nr="208" mi="2" ci="0" mb="0" cb="0" />
      <line nr="209" mi="2" ci="0" mb="0" cb="0" />
      <line nr="210" mi="2" ci="0" mb="0" cb="0" />
      <line nr="211" mi="2" ci="0" mb="0" cb="0" />
      <line nr="212" mi="1" ci="0" mb="0" cb="0" />
      <line nr="214" mi="1" ci="0" mb="0" cb="0" />
      <line nr="215" mi="1" ci="0" mb="0" cb="0" />
      <line nr="216" mi="1" ci="0" mb="0" cb="0" />
[...]
      <line nr="165" mi="1" ci="0" mb="0" cb="0" />
      <line nr="166" mi="3" ci="0" mb="0" cb="0" />
      <line nr="171" mi="1" ci="0" mb="0" cb="0" />
      <line nr="174" mi="2" ci="0" mb="0" cb="0" />
      <line nr="177" mi="1" ci="0" mb="0" cb="0" />
      <line nr="194" mi="1" ci="0" mb="0" cb="0" />
      <line nr="195" mi="1" ci="0" mb="0" cb="0" />
      <line nr="196" mi="1" ci="0" mb="0" cb="0" />
      <line nr="197" mi="1" ci="0" mb="0" cb="0" />
      <line nr="198" mi="1" ci="0" mb="0" cb="0" />
      <line nr="202" mi="1" ci="0" mb="0" cb="0" />
      <line nr="203" mi="1" ci="0" mb="0" cb="0" />
      <line nr="204" mi="1" ci="0" mb="0" cb="0" />
      <line nr="210" mi="1" ci="0" mb="0" cb="0" />
      <line nr="211" mi="1" ci="0" mb="0" cb="0" />
      <line nr="212" mi="3" ci="0" mb="0" cb="0" />
      <line nr="219" mi="1" ci="0" mb="0" cb="0" />
      <line nr="220" mi="2" ci="0" mb="0" cb="0" />
      <line nr="223" mi="1" ci="0" mb="0" cb="0" />
      <line nr="257" mi="1" ci="0" mb="0" cb="0" />
      <line nr="258" mi="1" ci="0" mb="0" cb="0" />
      <line nr="259" mi="1" ci="0" mb="0" cb="0" />
      <line nr="260" mi="1" ci="0" mb="0" cb="0" />
      <line nr="261" mi="1" ci="0" mb="0" cb="0" />
      <line nr="262" mi="1" ci="0" mb="0" cb="0" />
      <line nr="280" mi="1" ci="0" mb="0" cb="0" />
      <line nr="281" mi="2" ci="0" mb="0" cb="0" />
      <line nr="282" mi="1" ci="0" mb="0" cb="0" />
      <line nr="283" mi="2" ci="0" mb="0" cb="0" />
      <line nr="285" mi="3" ci="0" mb="0" cb="0" />
      <line nr="290" mi="1" ci="0" mb="0" cb="0" />
      <line nr="291" mi="1" ci="0" mb="0" cb="0" />
      <counter type="INSTRUCTION" missed="105" covered="0" />
      <counter type="LINE" missed="83" covered="0" />
      <counter type="METHOD" missed="8" covered="0" />
      <counter type="CLASS" missed="1" covered="0" />
    </sourcefile>
    <sourcefile name="helpers/TestTemplates.ps1">
      <line nr="10" mi="2" ci="0" mb="0" cb="0" />
      <line nr="18" mi="2" ci="0" mb="0" cb="0" />
      <line nr="19" mi="1" ci="0" mb="0" cb="0" />
      <line nr="21" mi="1" ci="0" mb="0" cb="0" />
      <line nr="22" mi="1" ci="0" mb="0" cb="0" />
      <line nr="24" mi="1" ci="0" mb="0" cb="0" />
      <line nr="25" mi="1" ci="0" mb="0" cb="0" />
      <line nr="27" mi="1" ci="0" mb="0" cb="0" />
      <line nr="28" mi="1" ci="0" mb="0" cb="0" />
      <line nr="42" mi="2" ci="0" mb="0" cb="0" />
      <line nr="43" mi="2" ci="0" mb="0" cb="0" />
      <line nr="45" mi="1" ci="0" mb="0" cb="0" />
      <line nr="46" mi="1" ci="0" mb="0" cb="0" />
      <line nr="49" mi="1" ci="0" mb="0" cb="0" />
      <line nr="52" mi="1" ci="0" mb="0" cb="0" />
      <line nr="56" mi="1" ci="0" mb="0" cb="0" />
      <line nr="58" mi="2" ci="0" mb="0" cb="0" />
      <line nr="60" mi="1" ci="0" mb="0" cb="0" />
      <line nr="61" mi="2" ci="0" mb="0" cb="0" />
      <line nr="63" mi="1" ci="0" mb="0" cb="0" />
      <line nr="260" mi="2" ci="0" mb="0" cb="0" />
      <line nr="261" mi="1" ci="0" mb="0" cb="0" />
      <line nr="264" mi="2" ci="0" mb="0" cb="0" />
      <line nr="265" mi="1" ci="0" mb="0" cb="0" />
      <line nr="267" mi="1" ci="0" mb="0" cb="0" />
      <line nr="269" mi="1" ci="0" mb="0" cb="0" />
      <line nr="270" mi="1" ci="0" mb="0" cb="0" />
      <line nr="274" mi="1" ci="0" mb="0" cb="0" />
      <line nr="275" mi="1" ci="0" mb="0" cb="0" />
      <line nr="277" mi="1" ci="0" mb="0" cb="0" />
      <line nr="278" mi="1" ci="0" mb="0" cb="0" />
      <line nr="280" mi="1" ci="0" mb="0" cb="0" />
      <line nr="285" mi="1" ci="0" mb="0" cb="0" />
      <line nr="286" mi="1" ci="0" mb="0" cb="0" />
      <counter type="INSTRUCTION" missed="42" covered="0" />
      <counter type="LINE" missed="34" covered="0" />
      <counter type="METHOD" missed="2" covered="0" />
      <counter type="CLASS" missed="1" covered="0" />
    </sourcefile>
    <sourcefile name="helpers/TestTemplates.psm1">
      <line nr="3" mi="1" ci="0" mb="0" cb="0" />
      <counter type="INSTRUCTION" missed="1" covered="0" />
      <counter type="LINE" missed="1" covered="0" />
      <counter type="METHOD" missed="1" covered="0" />
      <counter type="CLASS" missed="1" covered="0" />
    </sourcefile>
    <counter type="INSTRUCTION" missed="1045" covered="2" />
    <counter type="LINE" missed="752" covered="2" />
    <counter type="METHOD" missed="39" covered="1" />
    <counter type="CLASS" missed="11" covered="1" />
  </package>
  <package name="tests/helpers/helpers">
    <class name="tests/helpers/helpers/TestHelpers" sourcefilename="helpers/helpers/TestHelpers.ps1">
      <method name="&lt;script&gt;" desc="()" line="13">
        <counter type="INSTRUCTION" missed="11" covered="0" />
        <counter type="LINE" missed="6" covered="0" />
        <counter type="METHOD" missed="1" covered="0" />
      </method>
      <method name="Import-TestModule" desc="()" line="35">
        <counter type="INSTRUCTION" missed="8" covered="0" />
        <counter type="LINE" missed="8" covered="0" />
        <counter type="METHOD" missed="1" covered="0" />
      </method>
      <method name="Test-PowerShellSyntax" desc="()" line="61">
        <counter type="INSTRUCTION" missed="12" covered="0" />
        <counter type="LINE" missed="10" covered="0" />
        <counter type="METHOD" missed="1" covered="0" />
      </method>
      <method name="Get-TestConfiguration" desc="()" line="85">
        <counter type="INSTRUCTION" missed="7" covered="0" />
        <counter type="LINE" missed="6" covered="0" />
        <counter type="METHOD" missed="1" covered="0" />
      </method>
      <counter type="INSTRUCTION" missed="38" covered="0" />
      <counter type="LINE" missed="30" covered="0" />
      <counter type="METHOD" missed="4" covered="0" />
      <counter type="CLASS" missed="1" covered="0" />
    </class>
    <sourcefile name="helpers/helpers/TestHelpers.ps1">
      <line nr="13" mi="1" ci="0" mb="0" cb="0" />
      <line nr="14" mi="4" ci="0" mb="0" cb="0" />
      <line nr="17" mi="1" ci="0" mb="0" cb="0" />
      <line nr="18" mi="3" ci="0" mb="0" cb="0" />
      <line nr="35" mi="1" ci="0" mb="0" cb="0" />
      <line nr="36" mi="1" ci="0" mb="0" cb="0" />
      <line nr="37" mi="1" ci="0" mb="0" cb="0" />
      <line nr="38" mi="1" ci="0" mb="0" cb="0" />
      <line nr="40" mi="1" ci="0" mb="0" cb="0" />
      <line nr="41" mi="1" ci="0" mb="0" cb="0" />
      <line nr="44" mi="1" ci="0" mb="0" cb="0" />
      <line nr="45" mi="1" ci="0" mb="0" cb="0" />
      <line nr="61" mi="1" ci="0" mb="0" cb="0" />
      <line nr="62" mi="2" ci="0" mb="0" cb="0" />
      <line nr="63" mi="1" ci="0" mb="0" cb="0" />
      <line nr="64" mi="1" ci="0" mb="0" cb="0" />
      <line nr="65" mi="1" ci="0" mb="0" cb="0" />
      <line nr="66" mi="1" ci="0" mb="0" cb="0" />
      <line nr="69" mi="1" ci="0" mb="0" cb="0" />
      <line nr="70" mi="1" ci="0" mb="0" cb="0" />
      <line nr="71" mi="2" ci="0" mb="0" cb="0" />
      <line nr="72" mi="1" ci="0" mb="0" cb="0" />
      <line nr="85" mi="1" ci="0" mb="0" cb="0" />
      <line nr="86" mi="1" ci="0" mb="0" cb="0" />
      <line nr="87" mi="1" ci="0" mb="0" cb="0" />
      <line nr="88" mi="1" ci="0" mb="0" cb="0" />
      <line nr="89" mi="1" ci="0" mb="0" cb="0" />
      <line nr="90" mi="2" ci="0" mb="0" cb="0" />
      <line nr="95" mi="1" ci="0" mb="0" cb="0" />
      <line nr="96" mi="1" ci="0" mb="0" cb="0" />
      <counter type="INSTRUCTION" missed="38" covered="0" />
      <counter type="LINE" missed="30" covered="0" />
      <counter type="METHOD" missed="4" covered="0" />
      <counter type="CLASS" missed="1" covered="0" />
    </sourcefile>
    <counter type="INSTRUCTION" missed="38" covered="0" />
    <counter type="LINE" missed="30" covered="0" />
    <counter type="METHOD" missed="4" covered="0" />
    <counter type="CLASS" missed="1" covered="0" />
  </package>
  <package name="tests/integration/helpers">
    <class name="tests/integration/helpers/TestHelpers" sourcefilename="integration/helpers/TestHelpers.ps1">
      <method name="&lt;script&gt;" desc="()" line="13">
        <counter type="INSTRUCTION" missed="9" covered="0" />
        <counter type="LINE" missed="4" covered="0" />
        <counter type="METHOD" missed="1" covered="0" />
      </method>
      <method name="Import-TestModule" desc="()" line="35">
        <counter type="INSTRUCTION" missed="8" covered="0" />
        <counter type="LINE" missed="8" covered="0" />
        <counter type="METHOD" missed="1" covered="0" />
      </method>
      <method name="Test-ModuleStructure" desc="()" line="62">
        <counter type="INSTRUCTION" missed="56" covered="0" />
        <counter type="LINE" missed="44" covered="0" />
        <counter type="METHOD" missed="1" covered="0" />
      </method>
      <method name="Test-PowerShellSyntax" desc="()" line="158">
        <counter type="INSTRUCTION" missed="12" covered="0" />
        <counter type="LINE" missed="10" covered="0" />
        <counter type="METHOD" missed="1" covered="0" />
      </method>
      <method name="Get-TestConfiguration" desc="()" line="182">
        <counter type="INSTRUCTION" missed="7" covered="0" />
        <counter type="LINE" missed="6" covered="0" />
        <counter type="METHOD" missed="1" covered="0" />
      </method>
      <counter type="INSTRUCTION" missed="92" covered="0" />
      <counter type="LINE" missed="72" covered="0" />
      <counter type="METHOD" missed="5" covered="0" />
      <counter type="CLASS" missed="1" covered="0" />
    </class>
    <sourcefile name="integration/helpers/TestHelpers.ps1">
      <line nr="13" mi="1" ci="0" mb="0" cb="0" />
      <line nr="14" mi="4" ci="0" mb="0" cb="0" />
      <line nr="17" mi="1" ci="0" mb="0" cb="0" />
      <line nr="18" mi="3" ci="0" mb="0" cb="0" />
      <line nr="35" mi="1" ci="0" mb="0" cb="0" />
      <line nr="36" mi="1" ci="0" mb="0" cb="0" />
      <line nr="37" mi="1" ci="0" mb="0" cb="0" />
      <line nr="38" mi="1" ci="0" mb="0" cb="0" />
      <line nr="40" mi="1" ci="0" mb="0" cb="0" />
      <line nr="41" mi="1" ci="0" mb="0" cb="0" />
      <line nr="44" mi="1" ci="0" mb="0" cb="0" />
      <line nr="45" mi="1" ci="0" mb="0" cb="0" />
      <line nr="62" mi="1" ci="0" mb="0" cb="0" />
      <line nr="63" mi="1" ci="0" mb="0" cb="0" />
      <line nr="64" mi="1" ci="0" mb="0" cb="0" />
      <line nr="65" mi="1" ci="0" mb="0" cb="0" />
      <line nr="66" mi="1" ci="0" mb="0" cb="0" />
      <line nr="67" mi="1" ci="0" mb="0" cb="0" />
      <line nr="68" mi="1" ci="0" mb="0" cb="0" />
      <line nr="69" mi="1" ci="0" mb="0" cb="0" />
      <line nr="70" mi="1" ci="0" mb="0" cb="0" />
      <line nr="71" mi="1" ci="0" mb="0" cb="0" />
      <line nr="72" mi="1" ci="0" mb="0" cb="0" />
      <line nr="73" mi="1" ci="0" mb="0" cb="0" />
      <line nr="77" mi="2" ci="0" mb="0" cb="0" />
      <line nr="78" mi="1" ci="0" mb="0" cb="0" />
      <line nr="79" mi="1" ci="0" mb="0" cb="0" />
      <line nr="83" mi="1" ci="0" mb="0" cb="0" />
      <line nr="84" mi="1" ci="0" mb="0" cb="0" />
      <line nr="85" mi="1" ci="0" mb="0" cb="0" />
      <line nr="89" mi="2" ci="0" mb="0" cb="0" />
      <line nr="92" mi="2" ci="0" mb="0" cb="0" />
      <line nr="97" mi="1" ci="0" mb="0" cb="0" />
      <line nr="98" mi="1" ci="0" mb="0" cb="0" />
      <line nr="99" mi="1" ci="0" mb="0" cb="0" />
      <line nr="103" mi="2" ci="0" mb="0" cb="0" />
      <line nr="104" mi="2" ci="0" mb="0" cb="0" />
      <line nr="107" mi="1" ci="0" mb="0" cb="0" />
      <line nr="109" mi="1" ci="0" mb="0" cb="0" />
      <line nr="110" mi="1" ci="0" mb="0" cb="0" />
      <line nr="112" mi="1" ci="0" mb="0" cb="0" />
      <line nr="113" mi="1" ci="0" mb="0" cb="0" />
      <line nr="114" mi="3" ci="0" mb="0" cb="0" />
      <line nr="117" mi="1" ci="0" mb="0" cb="0" />
      <line nr="118" mi="1" ci="0" mb="0" cb="0" />
      <line nr="119" mi="1" ci="0" mb="0" cb="0" />
      <line nr="120" mi="3" ci="0" mb="0" cb="0" />
      <line nr="124" mi="1" ci="0" mb="0" cb="0" />
      <line nr="125" mi="1" ci="0" mb="0" cb="0" />
      <line nr="126" mi="1" ci="0" mb="0" cb="0" />
      <line nr="127" mi="1" ci="0" mb="0" cb="0" />
      <line nr="128" mi="3" ci="0" mb="0" cb="0" />
      <line nr="133" mi="1" ci="0" mb="0" cb="0" />
      <line nr="137" mi="2" ci="0" mb="0" cb="0" />
      <line nr="141" mi="1" ci="0" mb="0" cb="0" />
      <line nr="143" mi="1" ci="0" mb="0" cb="0" />
      <line nr="158" mi="1" ci="0" mb="0" cb="0" />
      <line nr="159" mi="2" ci="0" mb="0" cb="0" />
      <line nr="160" mi="1" ci="0" mb="0" cb="0" />
      <line nr="161" mi="1" ci="0" mb="0" cb="0" />
      <line nr="162" mi="1" ci="0" mb="0" cb="0" />
      <line nr="163" mi="1" ci="0" mb="0" cb="0" />
      <line nr="166" mi="1" ci="0" mb="0" cb="0" />
      <line nr="167" mi="1" ci="0" mb="0" cb="0" />
      <line nr="168" mi="2" ci="0" mb="0" cb="0" />
      <line nr="169" mi="1" ci="0" mb="0" cb="0" />
      <line nr="182" mi="1" ci="0" mb="0" cb="0" />
      <line nr="183" mi="1" ci="0" mb="0" cb="0" />
      <line nr="184" mi="1" ci="0" mb="0" cb="0" />
      <line nr="185" mi="1" ci="0" mb="0" cb="0" />
      <line nr="186" mi="1" ci="0" mb="0" cb="0" />
      <line nr="187" mi="2" ci="0" mb="0" cb="0" />
      <counter type="INSTRUCTION" missed="92" covered="0" />
      <counter type="LINE" missed="72" covered="0" />
      <counter type="METHOD" missed="5" covered="0" />
      <counter type="CLASS" missed="1" covered="0" />
    </sourcefile>
    <counter type="INSTRUCTION" missed="92" covered="0" />
    <counter type="LINE" missed="72" covered="0" />
    <counter type="METHOD" missed="5" covered="0" />
    <counter type="CLASS" missed="1" covered="0" />
  </package>
  <package name="tests/unit/scripts/helpers">
    <class name="tests/unit/scripts/helpers/TestHelpers" sourcefilename="unit/scripts/helpers/TestHelpers.ps1">
      <method name="&lt;script&gt;" desc="()" line="13">
        <counter type="INSTRUCTION" missed="11" covered="0" />
        <counter type="LINE" missed="4" covered="0" />
        <counter type="METHOD" missed="1" covered="0" />
      </method>
      <method name="Import-TestModule" desc="()" line="35">
        <counter type="INSTRUCTION" missed="8" covered="0" />
        <counter type="LINE" missed="8" covered="0" />
        <counter type="METHOD" missed="1" covered="0" />
      </method>
      <method name="Test-ModuleStructure" desc="()" line="62">
        <counter type="INSTRUCTION" missed="56" covered="0" />
        <counter type="LINE" missed="44" covered="0" />
        <counter type="METHOD" missed="1" covered="0" />
      </method>
      <method name="Test-PowerShellSyntax" desc="()" line="158">
        <counter type="INSTRUCTION" missed="12" covered="0" />
        <counter type="LINE" missed="10" covered="0" />
        <counter type="METHOD" missed="1" covered="0" />
      </method>
      <method name="Get-TestConfiguration" desc="()" line="182">
        <counter type="INSTRUCTION" missed="7" covered="0" />
        <counter type="LINE" missed="6" covered="0" />
        <counter type="METHOD" missed="1" covered="0" />
      </method>
      <counter type="INSTRUCTION" missed="94" covered="0" />
      <counter type="LINE" missed="72" covered="0" />
      <counter type="METHOD" missed="5" covered="0" />
      <counter type="CLASS" missed="1" covered="0" />
    </class>
    <sourcefile name="unit/scripts/helpers/TestHelpers.ps1">
      <line nr="13" mi="1" ci="0" mb="0" cb="0" />
      <line nr="14" mi="5" ci="0" mb="0" cb="0" />
      <line nr="17" mi="1" ci="0" mb="0" cb="0" />
      <line nr="18" mi="4" ci="0" mb="0" cb="0" />
      <line nr="35" mi="1" ci="0" mb="0" cb="0" />
      <line nr="36" mi="1" ci="0" mb="0" cb="0" />
      <line nr="37" mi="1" ci="0" mb="0" cb="0" />
      <line nr="38" mi="1" ci="0" mb="0" cb="0" />
      <line nr="40" mi="1" ci="0" mb="0" cb="0" />
      <line nr="41" mi="1" ci="0" mb="0" cb="0" />
      <line nr="44" mi="1" ci="0" mb="0" cb="0" />
      <line nr="45" mi="1" ci="0" mb="0" cb="0" />
      <line nr="62" mi="1" ci="0" mb="0" cb="0" />
      <line nr="63" mi="1" ci="0" mb="0" cb="0" />
      <line nr="64" mi="1" ci="0" mb="0" cb="0" />
      <line nr="65" mi="1" ci="0" mb="0" cb="0" />
      <line nr="66" mi="1" ci="0" mb="0" cb="0" />
      <line nr="67" mi="1" ci="0" mb="0" cb="0" />
      <line nr="68" mi="1" ci="0" mb="0" cb="0" />
      <line nr="69" mi="1" ci="0" mb="0" cb="0" />
      <line nr="70" mi="1" ci="0" mb="0" cb="0" />
      <line nr="71" mi="1" ci="0" mb="0" cb="0" />
      <line nr="72" mi="1" ci="0" mb="0" cb="0" />
      <line nr="73" mi="1" ci="0" mb="0" cb="0" />
      <line nr="77" mi="2" ci="0" mb="0" cb="0" />
      <line nr="78" mi="1" ci="0" mb="0" cb="0" />
      <line nr="79" mi="1" ci="0" mb="0" cb="0" />
      <line nr="83" mi="1" ci="0" mb="0" cb="0" />
      <line nr="84" mi="1" ci="0" mb="0" cb="0" />
      <line nr="85" mi="1" ci="0" mb="0" cb="0" />
      <line nr="89" mi="2" ci="0" mb="0" cb="0" />
      <line nr="92" mi="2" ci="0" mb="0" cb="0" />
      <line nr="97" mi="1" ci="0" mb="0" cb="0" />
      <line nr="98" mi="1" ci="0" mb="0" cb="0" />
      <line nr="99" mi="1" ci="0" mb="0" cb="0" />
      <line nr="103" mi="2" ci="0" mb="0" cb="0" />
      <line nr="104" mi="2" ci="0" mb="0" cb="0" />
      <line nr="107" mi="1" ci="0" mb="0" cb="0" />
      <line nr="109" mi="1" ci="0" mb="0" cb="0" />
      <line nr="110" mi="1" ci="0" mb="0" cb="0" />
      <line nr="112" mi="1" ci="0" mb="0" cb="0" />
      <line nr="113" mi="1" ci="0" mb="0" cb="0" />
      <line nr="114" mi="3" ci="0" mb="0" cb="0" />
      <line nr="117" mi="1" ci="0" mb="0" cb="0" />
      <line nr="118" mi="1" ci="0" mb="0" cb="0" />
      <line nr="119" mi="1" ci="0" mb="0" cb="0" />
      <line nr="120" mi="3" ci="0" mb="0" cb="0" />
      <line nr="124" mi="1" ci="0" mb="0" cb="0" />
      <line nr="125" mi="1" ci="0" mb="0" cb="0" />
      <line nr="126" mi="1" ci="0" mb="0" cb="0" />
      <line nr="127" mi="1" ci="0" mb="0" cb="0" />
      <line nr="128" mi="3" ci="0" mb="0" cb="0" />
      <line nr="133" mi="1" ci="0" mb="0" cb="0" />
      <line nr="137" mi="2" ci="0" mb="0" cb="0" />
      <line nr="141" mi="1" ci="0" mb="0" cb="0" />
      <line nr="143" mi="1" ci="0" mb="0" cb="0" />
      <line nr="158" mi="1" ci="0" mb="0" cb="0" />
      <line nr="159" mi="2" ci="0" mb="0" cb="0" />
      <line nr="160" mi="1" ci="0" mb="0" cb="0" />
      <line nr="161" mi="1" ci="0" mb="0" cb="0" />
      <line nr="162" mi="1" ci="0" mb="0" cb="0" />
      <line nr="163" mi="1" ci="0" mb="0" cb="0" />
      <line nr="166" mi="1" ci="0" mb="0" cb="0" />
      <line nr="167" mi="1" ci="0" mb="0" cb="0" />
      <line nr="168" mi="2" ci="0" mb="0" cb="0" />
      <line nr="169" mi="1" ci="0" mb="0" cb="0" />
      <line nr="182" mi="1" ci="0" mb="0" cb="0" />
      <line nr="183" mi="1" ci="0" mb="0" cb="0" />
      <line nr="184" mi="1" ci="0" mb="0" cb="0" />
      <line nr="185" mi="1" ci="0" mb="0" cb="0" />
      <line nr="186" mi="1" ci="0" mb="0" cb="0" />
      <line nr="187" mi="2" ci="0" mb="0" cb="0" />
      <counter type="INSTRUCTION" missed="94" covered="0" />
      <counter type="LINE" missed="72" covered="0" />
      <counter type="METHOD" missed="5" covered="0" />
      <counter type="CLASS" missed="1" covered="0" />
    </sourcefile>
    <counter type="INSTRUCTION" missed="94" covered="0" />
    <counter type="LINE" missed="72" covered="0" />
    <counter type="METHOD" missed="5" covered="0" />
    <counter type="CLASS" missed="1" covered="0" />
  </package>
  <counter type="INSTRUCTION" missed="2493" covered="2" />
  <counter type="LINE" missed="1830" covered="2" />
  <counter type="METHOD" missed="81" covered="1" />
  <counter type="CLASS" missed="21" covered="1" />
</report>
