<?xml version="1.0" encoding="utf-8" standalone="no"?>
<test-results xmlns:xsi="http://www.w3.org/2001/XMLSchema-instance" xsi:noNamespaceSchemaLocation="nunit_schema_2.5.xsd" name="Pester" total="3" errors="0" failures="0" not-run="0" inconclusive="0" ignored="0" skipped="0" invalid="0" date="2025-06-12" time="03:31:27">
  <environment clr-version="8.0.1" machine-name="codespaces-465dd5" os-version="6.8.0-1027-azure" platform="Linux" nunit-version="2.5.8.0" cwd="/workspaces/opentofu-lab-automation" user-domain="" user="codespace" />
  <culture-info current-culture="" current-uiculture="" />
  <test-suite type="TestFixture" name="Pester" executed="True" result="Success" success="True" time="2.3051" asserts="0" description="Pester">
    <results>
      <test-suite type="TestFixture" name="/workspaces/opentofu-lab-automation/tests/0001_Reset-Git.Tests.ps1" executed="True" result="Success" success="True" time="2.3051" asserts="0" description="/workspaces/opentofu-lab-automation/tests/0001_Reset-Git.Tests.ps1">
        <results>
          <test-suite type="TestFixture" name="0001_Reset-Git Tests" executed="True" result="Success" success="True" time="1.5528" asserts="0" description="0001_Reset-Git Tests">
            <results>
              <test-suite type="TestFixture" name="0001_Reset-Git Tests.Script Structure Validation" executed="True" result="Success" success="True" time="0.1923" asserts="0" description="0001_Reset-Git Tests.Script Structure Validation">
                <results>
                  <test-case description="should have valid PowerShell syntax" name="0001_Reset-Git Tests.Script Structure Validation.should have valid PowerShell syntax" time="0.1455" asserts="0" success="True" result="Success" executed="True" />
                  <test-case description="should follow naming conventions" name="0001_Reset-Git Tests.Script Structure Validation.should follow naming conventions" time="0.0098" asserts="0" success="True" result="Success" executed="True" />
                </results>
              </test-suite>
              <test-suite type="TestFixture" name="0001_Reset-Git Tests.Parameter Validation" executed="True" result="Success" success="True" time="1.5228" asserts="0" description="0001_Reset-Git Tests.Parameter Validation">
                <results>
                  <test-case description="should accept Config parameter" name="0001_Reset-Git Tests.Parameter Validation.should accept Config parameter" time="1.3223" asserts="0" success="True" result="Success" executed="True" />
                </results>
              </test-suite>
            </results>
          </test-suite>
        </results>
      </test-suite>
    </results>
  </test-suite>
</test-results>