<?xml version="1.0" encoding="utf-8" standalone="no"?>
<test-results xmlns:xsi="http://www.w3.org/2001/XMLSchema-instance" xsi:noNamespaceSchemaLocation="nunit_schema_2.5.xsd" name="OpenTofu Lab Automation - Bulletproof Quick Tests" total="17" errors="0" failures="12" not-run="0" inconclusive="0" ignored="0" skipped="0" invalid="0" date="2025-06-19" time="20:00:22">
  <environment clr-version="8.0.0" machine-name="codespaces-4f62e8" user-domain="" cwd="/workspaces/opentofu-lab-automation" platform="Linux" os-version="6.8.0-1027-azure" nunit-version="2.5.8.0" user="codespace" />
  <culture-info current-culture="" current-uiculture="" />
  <test-suite type="TestFixture" name="OpenTofu Lab Automation - Bulletproof Quick Tests" executed="True" result="Failure" success="False" time="19.6646" asserts="0" description="Pester">
    <results>
      <test-suite type="TestFixture" name="/workspaces/opentofu-lab-automation/tests/unit/modules/CoreApp/NonInteractiveMode.Tests.ps1" executed="True" result="Failure" success="False" time="19.6646" asserts="0" description="/workspaces/opentofu-lab-automation/tests/unit/modules/CoreApp/NonInteractiveMode.Tests.ps1">
        <results>
          <test-suite type="TestFixture" name="CoreApp Non-Interactive Mode" executed="True" result="Failure" success="False" time="16.9583" asserts="0" description="CoreApp Non-Interactive Mode">
            <results>
              <test-suite type="TestFixture" name="CoreApp Non-Interactive Mode.Basic Non-Interactive Mode" executed="True" result="Failure" success="False" time="4.167" asserts="0" description="CoreApp Non-Interactive Mode.Basic Non-Interactive Mode">
                <results>
                  <test-case description="Should exit gracefully with helpful message when no scripts specified" name="CoreApp Non-Interactive Mode.Basic Non-Interactive Mode.Should exit gracefully with helpful message when no scripts specified" time="1.1202" asserts="0" success="False" result="Failure" executed="True">
                    <failure>
                      <message>Expected 'Non-interactive mode: use -Scripts parameter to specify which scripts to run, or -Auto for all scripts' to be found in collection @('[2025-06-19 20:00:23.645] [SUCCESS] [Initialize-Loggin...] Logging system initialized', '[2025-06-19 20:00:23.727] [INFO   ] [core-runner.ps1     ] Core runner started', '[2025-06-19 20:00:23.730] [INFO   ] [core-runner.ps1     ] Loading configuration from: /workspaces/opentofu-lab-automation/core-runner/core_app/default-config.json', '[2025-06-19 20:00:23.744] [SUCCESS] [core-runner.ps1     ] Starting OpenTofu Lab Automation Core Runner', '[2025-06-19 20:00:23.747] [INFO   ] [core-runner.ps1     ] Repository root: /workspaces/opentofu-lab-automation', '[2025-06-19 20:00:23.749] [INFO   ] [core-runner.ps1     ] Configuration file: /workspaces/opentofu-lab-automation/core-runner/core_app/default-config.json', '[2025-06-19 20:00:23.751] [INFO   ] [core-runner.ps1     ] Verbosity level: detailed', '[2025-06-19 20:00:23.761] [INFO   ] [core-runner.ps1     ] Found 38 scripts', '[2025-06-19 20:00:23.763] [INFO   ] [core-runner.ps1     ] Non-interactive mode: use -Scripts parameter to specify which scripts to run, or -Auto for all scripts', '[2025-06-19 20:00:23.766] [WARN   ] [core-runner.ps1     ] No scripts specified for non-interactive execution', ...2 more), but it was not found.</message>
                      <stack-trace>at $result.Output | Should -Contain "Non-interactive mode: use -Scripts parameter to specify which scripts to run, or -Auto for all scripts", /workspaces/opentofu-lab-automation/tests/unit/modules/CoreApp/NonInteractiveMode.Tests.ps1:123
at Invoke-Assertion, /home/codespace/.local/share/powershell/Modules/Pester/5.7.1/Pester.psm1:8250
at Should&lt;End&gt;, /home/codespace/.local/share/powershell/Modules/Pester/5.7.1/Pester.psm1:8189
at &lt;ScriptBlock&gt;, /workspaces/opentofu-lab-automation/tests/unit/modules/CoreApp/NonInteractiveMode.Tests.ps1:123
at &lt;ScriptBlock&gt;, /home/codespace/.local/share/powershell/Modules/Pester/5.7.1/Pester.psm1:2024
at &lt;ScriptBlock&gt;, /home/codespace/.local/share/powershell/Modules/Pester/5.7.1/Pester.psm1:1985
at Invoke-ScriptBlock, /home/codespace/.local/share/powershell/Modules/Pester/5.7.1/Pester.psm1:2157
at Invoke-TestItem, /home/codespace/.local/share/powershell/Modules/Pester/5.7.1/Pester.psm1:1199
at Invoke-Block, /home/codespace/.local/share/powershell/Modules/Pester/5.7.1/Pester.psm1:835
at &lt;ScriptBlock&gt;, /home/codespace/.local/share/powershell/Modules/Pester/5.7.1/Pester.psm1:893
at &lt;ScriptBlock&gt;, /home/codespace/.local/share/powershell/Modules/Pester/5.7.1/Pester.psm1:2024
at &lt;ScriptBlock&gt;, /home/codespace/.local/share/powershell/Modules/Pester/5.7.1/Pester.psm1:1985
at Invoke-ScriptBlock, /home/codespace/.local/share/powershell/Modules/Pester/5.7.1/Pester.psm1:2160
at Invoke-Block, /home/codespace/.local/share/powershell/Modules/Pester/5.7.1/Pester.psm1:940
at &lt;ScriptBlock&gt;, /home/codespace/.local/share/powershell/Modules/Pester/5.7.1/Pester.psm1:893
at &lt;ScriptBlock&gt;, /home/codespace/.local/share/powershell/Modules/Pester/5.7.1/Pester.psm1:2024
at &lt;ScriptBlock&gt;, /home/codespace/.local/share/powershell/Modules/Pester/5.7.1/Pester.psm1:1985
at Invoke-ScriptBlock, /home/codespace/.local/share/powershell/Modules/Pester/5.7.1/Pester.psm1:2160
at Invoke-Block, /home/codespace/.local/share/powershell/Modules/Pester/5.7.1/Pester.psm1:940
at &lt;ScriptBlock&gt;, /home/codespace/.local/share/powershell/Modules/Pester/5.7.1/Pester.psm1:893
at &lt;ScriptBlock&gt;, /home/codespace/.local/share/powershell/Modules/Pester/5.7.1/Pester.psm1:2024
at &lt;ScriptBlock&gt;, /home/codespace/.local/share/powershell/Modules/Pester/5.7.1/Pester.psm1:1985
at Invoke-ScriptBlock, /home/codespace/.local/share/powershell/Modules/Pester/5.7.1/Pester.psm1:2160
at Invoke-Block, /home/codespace/.local/share/powershell/Modules/Pester/5.7.1/Pester.psm1:940
at &lt;ScriptBlock&gt;, /home/codespace/.local/share/powershell/Modules/Pester/5.7.1/Pester.psm1:1688
at &lt;ScriptBlock&gt;, /home/codespace/.local/share/powershell/Modules/Pester/5.7.1/Pester.ps1:3
at &lt;ScriptBlock&gt;, /home/codespace/.local/share/powershell/Modules/Pester/5.7.1/Pester.psm1:3260
at Invoke-InNewScriptScope, /home/codespace/.local/share/powershell/Modules/Pester/5.7.1/Pester.psm1:3267
at Run-Test, /home/codespace/.local/share/powershell/Modules/Pester/5.7.1/Pester.psm1:1691
at Invoke-Test, /home/codespace/.local/share/powershell/Modules/Pester/5.7.1/Pester.psm1:2512
at Invoke-Pester&lt;End&gt;, /home/codespace/.local/share/powershell/Modules/Pester/5.7.1/Pester.psm1:4960</stack-trace>
                    </failure>
                  </test-case>
                  <test-case description="Should respect verbosity levels in non-interactive mode" name="CoreApp Non-Interactive Mode.Basic Non-Interactive Mode.Should respect verbosity levels in non-interactive mode" time="1.8589" asserts="0" success="False" result="Failure" executed="True">
                    <failure>
                      <message>Expected the actual value to be less than 12, but got 12.</message>
                      <stack-trace>at $silentResult.Output.Count | Should -BeLessThan $detailedResult.Output.Count, /workspaces/opentofu-lab-automation/tests/unit/modules/CoreApp/NonInteractiveMode.Tests.ps1:139
at Invoke-Assertion, /home/codespace/.local/share/powershell/Modules/Pester/5.7.1/Pester.psm1:8250
at Should&lt;End&gt;, /home/codespace/.local/share/powershell/Modules/Pester/5.7.1/Pester.psm1:8193
at &lt;ScriptBlock&gt;, /workspaces/opentofu-lab-automation/tests/unit/modules/CoreApp/NonInteractiveMode.Tests.ps1:139
at &lt;ScriptBlock&gt;, /home/codespace/.local/share/powershell/Modules/Pester/5.7.1/Pester.psm1:2024
at &lt;ScriptBlock&gt;, /home/codespace/.local/share/powershell/Modules/Pester/5.7.1/Pester.psm1:1985
at Invoke-ScriptBlock, /home/codespace/.local/share/powershell/Modules/Pester/5.7.1/Pester.psm1:2157
at Invoke-TestItem, /home/codespace/.local/share/powershell/Modules/Pester/5.7.1/Pester.psm1:1199
at Invoke-Block, /home/codespace/.local/share/powershell/Modules/Pester/5.7.1/Pester.psm1:835
at &lt;ScriptBlock&gt;, /home/codespace/.local/share/powershell/Modules/Pester/5.7.1/Pester.psm1:893
at &lt;ScriptBlock&gt;, /home/codespace/.local/share/powershell/Modules/Pester/5.7.1/Pester.psm1:2024
at &lt;ScriptBlock&gt;, /home/codespace/.local/share/powershell/Modules/Pester/5.7.1/Pester.psm1:1985
at Invoke-ScriptBlock, /home/codespace/.local/share/powershell/Modules/Pester/5.7.1/Pester.psm1:2160
at Invoke-Block, /home/codespace/.local/share/powershell/Modules/Pester/5.7.1/Pester.psm1:940
at &lt;ScriptBlock&gt;, /home/codespace/.local/share/powershell/Modules/Pester/5.7.1/Pester.psm1:893
at &lt;ScriptBlock&gt;, /home/codespace/.local/share/powershell/Modules/Pester/5.7.1/Pester.psm1:2024
at &lt;ScriptBlock&gt;, /home/codespace/.local/share/powershell/Modules/Pester/5.7.1/Pester.psm1:1985
at Invoke-ScriptBlock, /home/codespace/.local/share/powershell/Modules/Pester/5.7.1/Pester.psm1:2160
at Invoke-Block, /home/codespace/.local/share/powershell/Modules/Pester/5.7.1/Pester.psm1:940
at &lt;ScriptBlock&gt;, /home/codespace/.local/share/powershell/Modules/Pester/5.7.1/Pester.psm1:893
at &lt;ScriptBlock&gt;, /home/codespace/.local/share/powershell/Modules/Pester/5.7.1/Pester.psm1:2024
at &lt;ScriptBlock&gt;, /home/codespace/.local/share/powershell/Modules/Pester/5.7.1/Pester.psm1:1985
at Invoke-ScriptBlock, /home/codespace/.local/share/powershell/Modules/Pester/5.7.1/Pester.psm1:2160
at Invoke-Block, /home/codespace/.local/share/powershell/Modules/Pester/5.7.1/Pester.psm1:940
at &lt;ScriptBlock&gt;, /home/codespace/.local/share/powershell/Modules/Pester/5.7.1/Pester.psm1:1688
at &lt;ScriptBlock&gt;, /home/codespace/.local/share/powershell/Modules/Pester/5.7.1/Pester.ps1:3
at &lt;ScriptBlock&gt;, /home/codespace/.local/share/powershell/Modules/Pester/5.7.1/Pester.psm1:3260
at Invoke-InNewScriptScope, /home/codespace/.local/share/powershell/Modules/Pester/5.7.1/Pester.psm1:3267
at Run-Test, /home/codespace/.local/share/powershell/Modules/Pester/5.7.1/Pester.psm1:1691
at Invoke-Test, /home/codespace/.local/share/powershell/Modules/Pester/5.7.1/Pester.psm1:2512
at Invoke-Pester&lt;End&gt;, /home/codespace/.local/share/powershell/Modules/Pester/5.7.1/Pester.psm1:4960</stack-trace>
                    </failure>
                  </test-case>
                  <test-case description="Should handle missing configuration files gracefully" name="CoreApp Non-Interactive Mode.Basic Non-Interactive Mode.Should handle missing configuration files gracefully" time="1.1568" asserts="0" success="True" result="Success" executed="True" />
                </results>
              </test-suite>
              <test-suite type="TestFixture" name="CoreApp Non-Interactive Mode.Auto Mode Non-Interactive" executed="True" result="Failure" success="False" time="7.7906" asserts="0" description="CoreApp Non-Interactive Mode.Auto Mode Non-Interactive">
                <results>
                  <test-case description="Should execute all scripts in WhatIf mode without errors" name="CoreApp Non-Interactive Mode.Auto Mode Non-Interactive.Should execute all scripts in WhatIf mode without errors" time="1.3409" asserts="0" success="False" result="Failure" executed="True">
                    <failure>
                      <message>Expected 'Running all scripts in automatic mode' to be found in collection @('What if: Performing the operation "Add Content" on target "Path: /tmp/opentofu-lab-automation.log".', '[2025-06-19 20:00:27.921] [SUCCESS] [Initialize-Loggin...] Logging system initialized', 'What if: Performing the operation "Add Content" on target "Path: /tmp/opentofu-lab-automation.log".', '[2025-06-19 20:00:28.013] [INFO   ] [core-runner.ps1     ] Core runner started', 'What if: Performing the operation "Add Content" on target "Path: /tmp/opentofu-lab-automation.log".', '[2025-06-19 20:00:28.016] [INFO   ] [core-runner.ps1     ] Loading configuration from: /workspaces/opentofu-lab-automation/core-runner/core_app/default-config.json', 'What if: Performing the operation "Add Content" on target "Path: /tmp/opentofu-lab-automation.log".', '[2025-06-19 20:00:28.028] [SUCCESS] [core-runner.ps1     ] Starting OpenTofu Lab Automation Core Runner', 'What if: Performing the operation "Add Content" on target "Path: /tmp/opentofu-lab-automation.log".', '[2025-06-19 20:00:28.031] [INFO   ] [core-runner.ps1     ] Repository root: /workspaces/opentofu-lab-automation', ...125 more), but it was not found.</message>
                      <stack-trace>at $result.Output | Should -Contain "Running all scripts in automatic mode", /workspaces/opentofu-lab-automation/tests/unit/modules/CoreApp/NonInteractiveMode.Tests.ps1:164
at Invoke-Assertion, /home/codespace/.local/share/powershell/Modules/Pester/5.7.1/Pester.psm1:8250
at Should&lt;End&gt;, /home/codespace/.local/share/powershell/Modules/Pester/5.7.1/Pester.psm1:8189
at &lt;ScriptBlock&gt;, /workspaces/opentofu-lab-automation/tests/unit/modules/CoreApp/NonInteractiveMode.Tests.ps1:164
at &lt;ScriptBlock&gt;, /home/codespace/.local/share/powershell/Modules/Pester/5.7.1/Pester.psm1:2024
at &lt;ScriptBlock&gt;, /home/codespace/.local/share/powershell/Modules/Pester/5.7.1/Pester.psm1:1985
at Invoke-ScriptBlock, /home/codespace/.local/share/powershell/Modules/Pester/5.7.1/Pester.psm1:2157
at Invoke-TestItem, /home/codespace/.local/share/powershell/Modules/Pester/5.7.1/Pester.psm1:1199
at Invoke-Block, /home/codespace/.local/share/powershell/Modules/Pester/5.7.1/Pester.psm1:835
at &lt;ScriptBlock&gt;, /home/codespace/.local/share/powershell/Modules/Pester/5.7.1/Pester.psm1:893
at &lt;ScriptBlock&gt;, /home/codespace/.local/share/powershell/Modules/Pester/5.7.1/Pester.psm1:2024
at &lt;ScriptBlock&gt;, /home/codespace/.local/share/powershell/Modules/Pester/5.7.1/Pester.psm1:1985
at Invoke-ScriptBlock, /home/codespace/.local/share/powershell/Modules/Pester/5.7.1/Pester.psm1:2160
at Invoke-Block, /home/codespace/.local/share/powershell/Modules/Pester/5.7.1/Pester.psm1:940
at &lt;ScriptBlock&gt;, /home/codespace/.local/share/powershell/Modules/Pester/5.7.1/Pester.psm1:893
at &lt;ScriptBlock&gt;, /home/codespace/.local/share/powershell/Modules/Pester/5.7.1/Pester.psm1:2024
at &lt;ScriptBlock&gt;, /home/codespace/.local/share/powershell/Modules/Pester/5.7.1/Pester.psm1:1985
at Invoke-ScriptBlock, /home/codespace/.local/share/powershell/Modules/Pester/5.7.1/Pester.psm1:2160
at Invoke-Block, /home/codespace/.local/share/powershell/Modules/Pester/5.7.1/Pester.psm1:940
at &lt;ScriptBlock&gt;, /home/codespace/.local/share/powershell/Modules/Pester/5.7.1/Pester.psm1:893
at &lt;ScriptBlock&gt;, /home/codespace/.local/share/powershell/Modules/Pester/5.7.1/Pester.psm1:2024
at &lt;ScriptBlock&gt;, /home/codespace/.local/share/powershell/Modules/Pester/5.7.1/Pester.psm1:1985
at Invoke-ScriptBlock, /home/codespace/.local/share/powershell/Modules/Pester/5.7.1/Pester.psm1:2160
at Invoke-Block, /home/codespace/.local/share/powershell/Modules/Pester/5.7.1/Pester.psm1:940
at &lt;ScriptBlock&gt;, /home/codespace/.local/share/powershell/Modules/Pester/5.7.1/Pester.psm1:1688
at &lt;ScriptBlock&gt;, /home/codespace/.local/share/powershell/Modules/Pester/5.7.1/Pester.ps1:3
at &lt;ScriptBlock&gt;, /home/codespace/.local/share/powershell/Modules/Pester/5.7.1/Pester.psm1:3260
at Invoke-InNewScriptScope, /home/codespace/.local/share/powershell/Modules/Pester/5.7.1/Pester.psm1:3267
at Run-Test, /home/codespace/.local/share/powershell/Modules/Pester/5.7.1/Pester.psm1:1691
at Invoke-Test, /home/codespace/.local/share/powershell/Modules/Pester/5.7.1/Pester.psm1:2512
at Invoke-Pester&lt;End&gt;, /home/codespace/.local/share/powershell/Modules/Pester/5.7.1/Pester.psm1:4960</stack-trace>
                    </failure>
                  </test-case>
                  <test-case description="Should handle Auto mode with Force parameter" name="CoreApp Non-Interactive Mode.Auto Mode Non-Interactive.Should handle Auto mode with Force parameter" time="1.2137" asserts="0" success="False" result="Failure" executed="True">
                    <failure>
                      <message>Expected 'Running all scripts in automatic mode' to be found in collection @('What if: Performing the operation "Add Content" on target "Path: /tmp/opentofu-lab-automation.log".', '[2025-06-19 20:00:29.195] [SUCCESS] [Initialize-Loggin...] Logging system initialized', 'What if: Performing the operation "Add Content" on target "Path: /tmp/opentofu-lab-automation.log".', '[2025-06-19 20:00:29.313] [INFO   ] [core-runner.ps1     ] Core runner started', 'What if: Performing the operation "Add Content" on target "Path: /tmp/opentofu-lab-automation.log".', '[2025-06-19 20:00:29.318] [INFO   ] [core-runner.ps1     ] Loading configuration from: /workspaces/opentofu-lab-automation/core-runner/core_app/default-config.json', 'What if: Performing the operation "Add Content" on target "Path: /tmp/opentofu-lab-automation.log".', '[2025-06-19 20:00:29.326] [SUCCESS] [core-runner.ps1     ] Starting OpenTofu Lab Automation Core Runner', 'What if: Performing the operation "Add Content" on target "Path: /tmp/opentofu-lab-automation.log".', '[2025-06-19 20:00:29.329] [INFO   ] [core-runner.ps1     ] Repository root: /workspaces/opentofu-lab-automation', ...125 more), but it was not found.</message>
                      <stack-trace>at $result.Output | Should -Contain "Running all scripts in automatic mode", /workspaces/opentofu-lab-automation/tests/unit/modules/CoreApp/NonInteractiveMode.Tests.ps1:177
at Invoke-Assertion, /home/codespace/.local/share/powershell/Modules/Pester/5.7.1/Pester.psm1:8250
at Should&lt;End&gt;, /home/codespace/.local/share/powershell/Modules/Pester/5.7.1/Pester.psm1:8189
at &lt;ScriptBlock&gt;, /workspaces/opentofu-lab-automation/tests/unit/modules/CoreApp/NonInteractiveMode.Tests.ps1:177
at &lt;ScriptBlock&gt;, /home/codespace/.local/share/powershell/Modules/Pester/5.7.1/Pester.psm1:2024
at &lt;ScriptBlock&gt;, /home/codespace/.local/share/powershell/Modules/Pester/5.7.1/Pester.psm1:1985
at Invoke-ScriptBlock, /home/codespace/.local/share/powershell/Modules/Pester/5.7.1/Pester.psm1:2157
at Invoke-TestItem, /home/codespace/.local/share/powershell/Modules/Pester/5.7.1/Pester.psm1:1199
at Invoke-Block, /home/codespace/.local/share/powershell/Modules/Pester/5.7.1/Pester.psm1:835
at &lt;ScriptBlock&gt;, /home/codespace/.local/share/powershell/Modules/Pester/5.7.1/Pester.psm1:893
at &lt;ScriptBlock&gt;, /home/codespace/.local/share/powershell/Modules/Pester/5.7.1/Pester.psm1:2024
at &lt;ScriptBlock&gt;, /home/codespace/.local/share/powershell/Modules/Pester/5.7.1/Pester.psm1:1985
at Invoke-ScriptBlock, /home/codespace/.local/share/powershell/Modules/Pester/5.7.1/Pester.psm1:2160
at Invoke-Block, /home/codespace/.local/share/powershell/Modules/Pester/5.7.1/Pester.psm1:940
at &lt;ScriptBlock&gt;, /home/codespace/.local/share/powershell/Modules/Pester/5.7.1/Pester.psm1:893
at &lt;ScriptBlock&gt;, /home/codespace/.local/share/powershell/Modules/Pester/5.7.1/Pester.psm1:2024
at &lt;ScriptBlock&gt;, /home/codespace/.local/share/powershell/Modules/Pester/5.7.1/Pester.psm1:1985
at Invoke-ScriptBlock, /home/codespace/.local/share/powershell/Modules/Pester/5.7.1/Pester.psm1:2160
at Invoke-Block, /home/codespace/.local/share/powershell/Modules/Pester/5.7.1/Pester.psm1:940
at &lt;ScriptBlock&gt;, /home/codespace/.local/share/powershell/Modules/Pester/5.7.1/Pester.psm1:893
at &lt;ScriptBlock&gt;, /home/codespace/.local/share/powershell/Modules/Pester/5.7.1/Pester.psm1:2024
at &lt;ScriptBlock&gt;, /home/codespace/.local/share/powershell/Modules/Pester/5.7.1/Pester.psm1:1985
at Invoke-ScriptBlock, /home/codespace/.local/share/powershell/Modules/Pester/5.7.1/Pester.psm1:2160
at Invoke-Block, /home/codespace/.local/share/powershell/Modules/Pester/5.7.1/Pester.psm1:940
at &lt;ScriptBlock&gt;, /home/codespace/.local/share/powershell/Modules/Pester/5.7.1/Pester.psm1:1688
at &lt;ScriptBlock&gt;, /home/codespace/.local/share/powershell/Modules/Pester/5.7.1/Pester.ps1:3
at &lt;ScriptBlock&gt;, /home/codespace/.local/share/powershell/Modules/Pester/5.7.1/Pester.psm1:3260
at Invoke-InNewScriptScope, /home/codespace/.local/share/powershell/Modules/Pester/5.7.1/Pester.psm1:3267
at Run-Test, /home/codespace/.local/share/powershell/Modules/Pester/5.7.1/Pester.psm1:1691
at Invoke-Test, /home/codespace/.local/share/powershell/Modules/Pester/5.7.1/Pester.psm1:2512
at Invoke-Pester&lt;End&gt;, /home/codespace/.local/share/powershell/Modules/Pester/5.7.1/Pester.psm1:4960</stack-trace>
                    </failure>
                  </test-case>
                  <test-case description="Should complete within reasonable time limits" name="CoreApp Non-Interactive Mode.Auto Mode Non-Interactive.Should complete within reasonable time limits" time="1.0624" asserts="0" success="True" result="Success" executed="True" />
                </results>
              </test-suite>
              <test-suite type="TestFixture" name="CoreApp Non-Interactive Mode.Specific Script Execution" executed="True" result="Failure" success="False" time="10.1728" asserts="0" description="CoreApp Non-Interactive Mode.Specific Script Execution">
                <results>
                  <test-case description="Should execute a specific script in WhatIf mode" name="CoreApp Non-Interactive Mode.Specific Script Execution.Should execute a specific script in WhatIf mode" time="0.7831" asserts="0" success="False" result="Failure" executed="True">
                    <failure>
                      <message>Expected 'Executing script: 0200_Get-SystemInfo' to be found in collection @('What if: Performing the operation "Add Content" on target "Path: /tmp/opentofu-lab-automation.log".', '[2025-06-19 20:00:31.335] [SUCCESS] [Initialize-Loggin...] Logging system initialized', 'What if: Performing the operation "Add Content" on target "Path: /tmp/opentofu-lab-automation.log".', '[2025-06-19 20:00:31.414] [INFO   ] [core-runner.ps1     ] Core runner started', 'What if: Performing the operation "Add Content" on target "Path: /tmp/opentofu-lab-automation.log".', '[2025-06-19 20:00:31.418] [INFO   ] [core-runner.ps1     ] Loading configuration from: /workspaces/opentofu-lab-automation/core-runner/core_app/default-config.json', 'What if: Performing the operation "Add Content" on target "Path: /tmp/opentofu-lab-automation.log".', '[2025-06-19 20:00:31.426] [SUCCESS] [core-runner.ps1     ] Starting OpenTofu Lab Automation Core Runner', 'What if: Performing the operation "Add Content" on target "Path: /tmp/opentofu-lab-automation.log".', '[2025-06-19 20:00:31.429] [INFO   ] [core-runner.ps1     ] Repository root: /workspaces/opentofu-lab-automation', ...12 more), but it was not found.</message>
                      <stack-trace>at $result.Output | Should -Contain "Executing script: 0200_Get-SystemInfo", /workspaces/opentofu-lab-automation/tests/unit/modules/CoreApp/NonInteractiveMode.Tests.ps1:201
at Invoke-Assertion, /home/codespace/.local/share/powershell/Modules/Pester/5.7.1/Pester.psm1:8250
at Should&lt;End&gt;, /home/codespace/.local/share/powershell/Modules/Pester/5.7.1/Pester.psm1:8189
at &lt;ScriptBlock&gt;, /workspaces/opentofu-lab-automation/tests/unit/modules/CoreApp/NonInteractiveMode.Tests.ps1:201
at &lt;ScriptBlock&gt;, /home/codespace/.local/share/powershell/Modules/Pester/5.7.1/Pester.psm1:2024
at &lt;ScriptBlock&gt;, /home/codespace/.local/share/powershell/Modules/Pester/5.7.1/Pester.psm1:1985
at Invoke-ScriptBlock, /home/codespace/.local/share/powershell/Modules/Pester/5.7.1/Pester.psm1:2157
at Invoke-TestItem, /home/codespace/.local/share/powershell/Modules/Pester/5.7.1/Pester.psm1:1199
at Invoke-Block, /home/codespace/.local/share/powershell/Modules/Pester/5.7.1/Pester.psm1:835
at &lt;ScriptBlock&gt;, /home/codespace/.local/share/powershell/Modules/Pester/5.7.1/Pester.psm1:893
at &lt;ScriptBlock&gt;, /home/codespace/.local/share/powershell/Modules/Pester/5.7.1/Pester.psm1:2024
at &lt;ScriptBlock&gt;, /home/codespace/.local/share/powershell/Modules/Pester/5.7.1/Pester.psm1:1985
at Invoke-ScriptBlock, /home/codespace/.local/share/powershell/Modules/Pester/5.7.1/Pester.psm1:2160
at Invoke-Block, /home/codespace/.local/share/powershell/Modules/Pester/5.7.1/Pester.psm1:940
at &lt;ScriptBlock&gt;, /home/codespace/.local/share/powershell/Modules/Pester/5.7.1/Pester.psm1:893
at &lt;ScriptBlock&gt;, /home/codespace/.local/share/powershell/Modules/Pester/5.7.1/Pester.psm1:2024
at &lt;ScriptBlock&gt;, /home/codespace/.local/share/powershell/Modules/Pester/5.7.1/Pester.psm1:1985
at Invoke-ScriptBlock, /home/codespace/.local/share/powershell/Modules/Pester/5.7.1/Pester.psm1:2160
at Invoke-Block, /home/codespace/.local/share/powershell/Modules/Pester/5.7.1/Pester.psm1:940
at &lt;ScriptBlock&gt;, /home/codespace/.local/share/powershell/Modules/Pester/5.7.1/Pester.psm1:893
at &lt;ScriptBlock&gt;, /home/codespace/.local/share/powershell/Modules/Pester/5.7.1/Pester.psm1:2024
at &lt;ScriptBlock&gt;, /home/codespace/.local/share/powershell/Modules/Pester/5.7.1/Pester.psm1:1985
at Invoke-ScriptBlock, /home/codespace/.local/share/powershell/Modules/Pester/5.7.1/Pester.psm1:2160
at Invoke-Block, /home/codespace/.local/share/powershell/Modules/Pester/5.7.1/Pester.psm1:940
at &lt;ScriptBlock&gt;, /home/codespace/.local/share/powershell/Modules/Pester/5.7.1/Pester.psm1:1688
at &lt;ScriptBlock&gt;, /home/codespace/.local/share/powershell/Modules/Pester/5.7.1/Pester.ps1:3
at &lt;ScriptBlock&gt;, /home/codespace/.local/share/powershell/Modules/Pester/5.7.1/Pester.psm1:3260
at Invoke-InNewScriptScope, /home/codespace/.local/share/powershell/Modules/Pester/5.7.1/Pester.psm1:3267
at Run-Test, /home/codespace/.local/share/powershell/Modules/Pester/5.7.1/Pester.psm1:1691
at Invoke-Test, /home/codespace/.local/share/powershell/Modules/Pester/5.7.1/Pester.psm1:2512
at Invoke-Pester&lt;End&gt;, /home/codespace/.local/share/powershell/Modules/Pester/5.7.1/Pester.psm1:4960</stack-trace>
                    </failure>
                  </test-case>
                  <test-case description="Should handle multiple specific scripts" name="CoreApp Non-Interactive Mode.Specific Script Execution.Should handle multiple specific scripts" time="0.7765" asserts="0" success="False" result="Failure" executed="True">
                    <failure>
                      <message>Expected 'Executing script: 0200_Get-SystemInfo' to be found in collection @('What if: Performing the operation "Add Content" on target "Path: /tmp/opentofu-lab-automation.log".', '[2025-06-19 20:00:32.125] [SUCCESS] [Initialize-Loggin...] Logging system initialized', 'What if: Performing the operation "Add Content" on target "Path: /tmp/opentofu-lab-automation.log".', '[2025-06-19 20:00:32.204] [INFO   ] [core-runner.ps1     ] Core runner started', 'What if: Performing the operation "Add Content" on target "Path: /tmp/opentofu-lab-automation.log".', '[2025-06-19 20:00:32.208] [INFO   ] [core-runner.ps1     ] Loading configuration from: /workspaces/opentofu-lab-automation/core-runner/core_app/default-config.json', 'What if: Performing the operation "Add Content" on target "Path: /tmp/opentofu-lab-automation.log".', '[2025-06-19 20:00:32.216] [SUCCESS] [core-runner.ps1     ] Starting OpenTofu Lab Automation Core Runner', 'What if: Performing the operation "Add Content" on target "Path: /tmp/opentofu-lab-automation.log".', '[2025-06-19 20:00:32.219] [INFO   ] [core-runner.ps1     ] Repository root: /workspaces/opentofu-lab-automation', ...15 more), but it was not found.</message>
                      <stack-trace>at $result.Output | Should -Contain "Executing script: 0200_Get-SystemInfo", /workspaces/opentofu-lab-automation/tests/unit/modules/CoreApp/NonInteractiveMode.Tests.ps1:213
at Invoke-Assertion, /home/codespace/.local/share/powershell/Modules/Pester/5.7.1/Pester.psm1:8250
at Should&lt;End&gt;, /home/codespace/.local/share/powershell/Modules/Pester/5.7.1/Pester.psm1:8189
at &lt;ScriptBlock&gt;, /workspaces/opentofu-lab-automation/tests/unit/modules/CoreApp/NonInteractiveMode.Tests.ps1:213
at &lt;ScriptBlock&gt;, /home/codespace/.local/share/powershell/Modules/Pester/5.7.1/Pester.psm1:2024
at &lt;ScriptBlock&gt;, /home/codespace/.local/share/powershell/Modules/Pester/5.7.1/Pester.psm1:1985
at Invoke-ScriptBlock, /home/codespace/.local/share/powershell/Modules/Pester/5.7.1/Pester.psm1:2157
at Invoke-TestItem, /home/codespace/.local/share/powershell/Modules/Pester/5.7.1/Pester.psm1:1199
at Invoke-Block, /home/codespace/.local/share/powershell/Modules/Pester/5.7.1/Pester.psm1:835
at &lt;ScriptBlock&gt;, /home/codespace/.local/share/powershell/Modules/Pester/5.7.1/Pester.psm1:893
at &lt;ScriptBlock&gt;, /home/codespace/.local/share/powershell/Modules/Pester/5.7.1/Pester.psm1:2024
at &lt;ScriptBlock&gt;, /home/codespace/.local/share/powershell/Modules/Pester/5.7.1/Pester.psm1:1985
at Invoke-ScriptBlock, /home/codespace/.local/share/powershell/Modules/Pester/5.7.1/Pester.psm1:2160
at Invoke-Block, /home/codespace/.local/share/powershell/Modules/Pester/5.7.1/Pester.psm1:940
at &lt;ScriptBlock&gt;, /home/codespace/.local/share/powershell/Modules/Pester/5.7.1/Pester.psm1:893
at &lt;ScriptBlock&gt;, /home/codespace/.local/share/powershell/Modules/Pester/5.7.1/Pester.psm1:2024
at &lt;ScriptBlock&gt;, /home/codespace/.local/share/powershell/Modules/Pester/5.7.1/Pester.psm1:1985
at Invoke-ScriptBlock, /home/codespace/.local/share/powershell/Modules/Pester/5.7.1/Pester.psm1:2160
at Invoke-Block, /home/codespace/.local/share/powershell/Modules/Pester/5.7.1/Pester.psm1:940
at &lt;ScriptBlock&gt;, /home/codespace/.local/share/powershell/Modules/Pester/5.7.1/Pester.psm1:893
at &lt;ScriptBlock&gt;, /home/codespace/.local/share/powershell/Modules/Pester/5.7.1/Pester.psm1:2024
at &lt;ScriptBlock&gt;, /home/codespace/.local/share/powershell/Modules/Pester/5.7.1/Pester.psm1:1985
at Invoke-ScriptBlock, /home/codespace/.local/share/powershell/Modules/Pester/5.7.1/Pester.psm1:2160
at Invoke-Block, /home/codespace/.local/share/powershell/Modules/Pester/5.7.1/Pester.psm1:940
at &lt;ScriptBlock&gt;, /home/codespace/.local/share/powershell/Modules/Pester/5.7.1/Pester.psm1:1688
at &lt;ScriptBlock&gt;, /home/codespace/.local/share/powershell/Modules/Pester/5.7.1/Pester.ps1:3
at &lt;ScriptBlock&gt;, /home/codespace/.local/share/powershell/Modules/Pester/5.7.1/Pester.psm1:3260
at Invoke-InNewScriptScope, /home/codespace/.local/share/powershell/Modules/Pester/5.7.1/Pester.psm1:3267
at Run-Test, /home/codespace/.local/share/powershell/Modules/Pester/5.7.1/Pester.psm1:1691
at Invoke-Test, /home/codespace/.local/share/powershell/Modules/Pester/5.7.1/Pester.psm1:2512
at Invoke-Pester&lt;End&gt;, /home/codespace/.local/share/powershell/Modules/Pester/5.7.1/Pester.psm1:4960</stack-trace>
                    </failure>
                  </test-case>
                  <test-case description="Should handle nonexistent script gracefully" name="CoreApp Non-Interactive Mode.Specific Script Execution.Should handle nonexistent script gracefully" time="0.8153" asserts="0" success="False" result="Failure" executed="True">
                    <failure>
                      <message>Expected 'Script not found: NonExistentScript' to be found in collection @('What if: Performing the operation "Add Content" on target "Path: /tmp/opentofu-lab-automation.log".', '[2025-06-19 20:00:32.948] [SUCCESS] [Initialize-Loggin...] Logging system initialized', 'What if: Performing the operation "Add Content" on target "Path: /tmp/opentofu-lab-automation.log".', '[2025-06-19 20:00:33.024] [INFO   ] [core-runner.ps1     ] Core runner started', 'What if: Performing the operation "Add Content" on target "Path: /tmp/opentofu-lab-automation.log".', '[2025-06-19 20:00:33.028] [INFO   ] [core-runner.ps1     ] Loading configuration from: /workspaces/opentofu-lab-automation/core-runner/core_app/default-config.json', 'What if: Performing the operation "Add Content" on target "Path: /tmp/opentofu-lab-automation.log".', '[2025-06-19 20:00:33.035] [SUCCESS] [core-runner.ps1     ] Starting OpenTofu Lab Automation Core Runner', 'What if: Performing the operation "Add Content" on target "Path: /tmp/opentofu-lab-automation.log".', '[2025-06-19 20:00:33.038] [INFO   ] [core-runner.ps1     ] Repository root: /workspaces/opentofu-lab-automation', ...11 more), but it was not found.</message>
                      <stack-trace>at $result.Output | Should -Contain "Script not found: NonExistentScript", /workspaces/opentofu-lab-automation/tests/unit/modules/CoreApp/NonInteractiveMode.Tests.ps1:224
at Invoke-Assertion, /home/codespace/.local/share/powershell/Modules/Pester/5.7.1/Pester.psm1:8250
at Should&lt;End&gt;, /home/codespace/.local/share/powershell/Modules/Pester/5.7.1/Pester.psm1:8189
at &lt;ScriptBlock&gt;, /workspaces/opentofu-lab-automation/tests/unit/modules/CoreApp/NonInteractiveMode.Tests.ps1:224
at &lt;ScriptBlock&gt;, /home/codespace/.local/share/powershell/Modules/Pester/5.7.1/Pester.psm1:2024
at &lt;ScriptBlock&gt;, /home/codespace/.local/share/powershell/Modules/Pester/5.7.1/Pester.psm1:1985
at Invoke-ScriptBlock, /home/codespace/.local/share/powershell/Modules/Pester/5.7.1/Pester.psm1:2157
at Invoke-TestItem, /home/codespace/.local/share/powershell/Modules/Pester/5.7.1/Pester.psm1:1199
at Invoke-Block, /home/codespace/.local/share/powershell/Modules/Pester/5.7.1/Pester.psm1:835
at &lt;ScriptBlock&gt;, /home/codespace/.local/share/powershell/Modules/Pester/5.7.1/Pester.psm1:893
at &lt;ScriptBlock&gt;, /home/codespace/.local/share/powershell/Modules/Pester/5.7.1/Pester.psm1:2024
at &lt;ScriptBlock&gt;, /home/codespace/.local/share/powershell/Modules/Pester/5.7.1/Pester.psm1:1985
at Invoke-ScriptBlock, /home/codespace/.local/share/powershell/Modules/Pester/5.7.1/Pester.psm1:2160
at Invoke-Block, /home/codespace/.local/share/powershell/Modules/Pester/5.7.1/Pester.psm1:940
at &lt;ScriptBlock&gt;, /home/codespace/.local/share/powershell/Modules/Pester/5.7.1/Pester.psm1:893
at &lt;ScriptBlock&gt;, /home/codespace/.local/share/powershell/Modules/Pester/5.7.1/Pester.psm1:2024
at &lt;ScriptBlock&gt;, /home/codespace/.local/share/powershell/Modules/Pester/5.7.1/Pester.psm1:1985
at Invoke-ScriptBlock, /home/codespace/.local/share/powershell/Modules/Pester/5.7.1/Pester.psm1:2160
at Invoke-Block, /home/codespace/.local/share/powershell/Modules/Pester/5.7.1/Pester.psm1:940
at &lt;ScriptBlock&gt;, /home/codespace/.local/share/powershell/Modules/Pester/5.7.1/Pester.psm1:893
at &lt;ScriptBlock&gt;, /home/codespace/.local/share/powershell/Modules/Pester/5.7.1/Pester.psm1:2024
at &lt;ScriptBlock&gt;, /home/codespace/.local/share/powershell/Modules/Pester/5.7.1/Pester.psm1:1985
at Invoke-ScriptBlock, /home/codespace/.local/share/powershell/Modules/Pester/5.7.1/Pester.psm1:2160
at Invoke-Block, /home/codespace/.local/share/powershell/Modules/Pester/5.7.1/Pester.psm1:940
at &lt;ScriptBlock&gt;, /home/codespace/.local/share/powershell/Modules/Pester/5.7.1/Pester.psm1:1688
at &lt;ScriptBlock&gt;, /home/codespace/.local/share/powershell/Modules/Pester/5.7.1/Pester.ps1:3
at &lt;ScriptBlock&gt;, /home/codespace/.local/share/powershell/Modules/Pester/5.7.1/Pester.psm1:3260
at Invoke-InNewScriptScope, /home/codespace/.local/share/powershell/Modules/Pester/5.7.1/Pester.psm1:3267
at Run-Test, /home/codespace/.local/share/powershell/Modules/Pester/5.7.1/Pester.psm1:1691
at Invoke-Test, /home/codespace/.local/share/powershell/Modules/Pester/5.7.1/Pester.psm1:2512
at Invoke-Pester&lt;End&gt;, /home/codespace/.local/share/powershell/Modules/Pester/5.7.1/Pester.psm1:4960</stack-trace>
                    </failure>
                  </test-case>
                </results>
              </test-suite>
              <test-suite type="TestFixture" name="CoreApp Non-Interactive Mode.Error Handling and Edge Cases" executed="True" result="Failure" success="False" time="14.1792" asserts="0" description="CoreApp Non-Interactive Mode.Error Handling and Edge Cases">
                <results>
                  <test-case description="Should handle empty script parameter gracefully" name="CoreApp Non-Interactive Mode.Error Handling and Edge Cases.Should handle empty script parameter gracefully" time="1.1216" asserts="0" success="False" result="Failure" executed="True">
                    <failure>
                      <message>Expected $true, but got $false.</message>
                      <stack-trace>at $result.Success | Should -Be $true, /workspaces/opentofu-lab-automation/tests/unit/modules/CoreApp/NonInteractiveMode.Tests.ps1:236
at Invoke-Assertion, /home/codespace/.local/share/powershell/Modules/Pester/5.7.1/Pester.psm1:8250
at Should&lt;End&gt;, /home/codespace/.local/share/powershell/Modules/Pester/5.7.1/Pester.psm1:8189
at &lt;ScriptBlock&gt;, /workspaces/opentofu-lab-automation/tests/unit/modules/CoreApp/NonInteractiveMode.Tests.ps1:236
at &lt;ScriptBlock&gt;, /home/codespace/.local/share/powershell/Modules/Pester/5.7.1/Pester.psm1:2024
at &lt;ScriptBlock&gt;, /home/codespace/.local/share/powershell/Modules/Pester/5.7.1/Pester.psm1:1985
at Invoke-ScriptBlock, /home/codespace/.local/share/powershell/Modules/Pester/5.7.1/Pester.psm1:2157
at Invoke-TestItem, /home/codespace/.local/share/powershell/Modules/Pester/5.7.1/Pester.psm1:1199
at Invoke-Block, /home/codespace/.local/share/powershell/Modules/Pester/5.7.1/Pester.psm1:835
at &lt;ScriptBlock&gt;, /home/codespace/.local/share/powershell/Modules/Pester/5.7.1/Pester.psm1:893
at &lt;ScriptBlock&gt;, /home/codespace/.local/share/powershell/Modules/Pester/5.7.1/Pester.psm1:2024
at &lt;ScriptBlock&gt;, /home/codespace/.local/share/powershell/Modules/Pester/5.7.1/Pester.psm1:1985
at Invoke-ScriptBlock, /home/codespace/.local/share/powershell/Modules/Pester/5.7.1/Pester.psm1:2160
at Invoke-Block, /home/codespace/.local/share/powershell/Modules/Pester/5.7.1/Pester.psm1:940
at &lt;ScriptBlock&gt;, /home/codespace/.local/share/powershell/Modules/Pester/5.7.1/Pester.psm1:893
at &lt;ScriptBlock&gt;, /home/codespace/.local/share/powershell/Modules/Pester/5.7.1/Pester.psm1:2024
at &lt;ScriptBlock&gt;, /home/codespace/.local/share/powershell/Modules/Pester/5.7.1/Pester.psm1:1985
at Invoke-ScriptBlock, /home/codespace/.local/share/powershell/Modules/Pester/5.7.1/Pester.psm1:2160
at Invoke-Block, /home/codespace/.local/share/powershell/Modules/Pester/5.7.1/Pester.psm1:940
at &lt;ScriptBlock&gt;, /home/codespace/.local/share/powershell/Modules/Pester/5.7.1/Pester.psm1:893
at &lt;ScriptBlock&gt;, /home/codespace/.local/share/powershell/Modules/Pester/5.7.1/Pester.psm1:2024
at &lt;ScriptBlock&gt;, /home/codespace/.local/share/powershell/Modules/Pester/5.7.1/Pester.psm1:1985
at Invoke-ScriptBlock, /home/codespace/.local/share/powershell/Modules/Pester/5.7.1/Pester.psm1:2160
at Invoke-Block, /home/codespace/.local/share/powershell/Modules/Pester/5.7.1/Pester.psm1:940
at &lt;ScriptBlock&gt;, /home/codespace/.local/share/powershell/Modules/Pester/5.7.1/Pester.psm1:1688
at &lt;ScriptBlock&gt;, /home/codespace/.local/share/powershell/Modules/Pester/5.7.1/Pester.ps1:3
at &lt;ScriptBlock&gt;, /home/codespace/.local/share/powershell/Modules/Pester/5.7.1/Pester.psm1:3260
at Invoke-InNewScriptScope, /home/codespace/.local/share/powershell/Modules/Pester/5.7.1/Pester.psm1:3267
at Run-Test, /home/codespace/.local/share/powershell/Modules/Pester/5.7.1/Pester.psm1:1691
at Invoke-Test, /home/codespace/.local/share/powershell/Modules/Pester/5.7.1/Pester.psm1:2512
at Invoke-Pester&lt;End&gt;, /home/codespace/.local/share/powershell/Modules/Pester/5.7.1/Pester.psm1:4960</stack-trace>
                    </failure>
                  </test-case>
                  <test-case description="Should properly detect non-interactive mode automatically" name="CoreApp Non-Interactive Mode.Error Handling and Edge Cases.Should properly detect non-interactive mode automatically" time="0.7748" asserts="0" success="False" result="Failure" executed="True">
                    <failure>
                      <message>Expected 'Non-interactive mode' to be found in collection @('[2025-06-19 20:00:34.817] [SUCCESS] [Initialize-Loggin...] Logging system initialized', '[2025-06-19 20:00:34.899] [INFO   ] [core-runner.ps1     ] Core runner started', '[2025-06-19 20:00:34.902] [INFO   ] [core-runner.ps1     ] Loading configuration from: /workspaces/opentofu-lab-automation/core-runner/core_app/default-config.json', '[2025-06-19 20:00:34.919] [SUCCESS] [core-runner.ps1     ] Starting OpenTofu Lab Automation Core Runner', '[2025-06-19 20:00:34.923] [INFO   ] [core-runner.ps1     ] Repository root: /workspaces/opentofu-lab-automation', '[2025-06-19 20:00:34.925] [INFO   ] [core-runner.ps1     ] Configuration file: /workspaces/opentofu-lab-automation/core-runner/core_app/default-config.json', '[2025-06-19 20:00:34.927] [INFO   ] [core-runner.ps1     ] Verbosity level: detailed', '[2025-06-19 20:00:34.937] [INFO   ] [core-runner.ps1     ] Found 38 scripts', '[2025-06-19 20:00:34.939] [INFO   ] [core-runner.ps1     ] Non-interactive mode: use -Scripts parameter to specify which scripts to run, or -Auto for all scripts', '[2025-06-19 20:00:34.944] [WARN   ] [core-runner.ps1     ] No scripts specified for non-interactive execution', ...2 more), but it was not found.</message>
                      <stack-trace>at $result.Output | Should -Contain "Non-interactive mode", /workspaces/opentofu-lab-automation/tests/unit/modules/CoreApp/NonInteractiveMode.Tests.ps1:249
at Invoke-Assertion, /home/codespace/.local/share/powershell/Modules/Pester/5.7.1/Pester.psm1:8250
at Should&lt;End&gt;, /home/codespace/.local/share/powershell/Modules/Pester/5.7.1/Pester.psm1:8189
at &lt;ScriptBlock&gt;, /workspaces/opentofu-lab-automation/tests/unit/modules/CoreApp/NonInteractiveMode.Tests.ps1:249
at &lt;ScriptBlock&gt;, /home/codespace/.local/share/powershell/Modules/Pester/5.7.1/Pester.psm1:2024
at &lt;ScriptBlock&gt;, /home/codespace/.local/share/powershell/Modules/Pester/5.7.1/Pester.psm1:1985
at Invoke-ScriptBlock, /home/codespace/.local/share/powershell/Modules/Pester/5.7.1/Pester.psm1:2157
at Invoke-TestItem, /home/codespace/.local/share/powershell/Modules/Pester/5.7.1/Pester.psm1:1199
at Invoke-Block, /home/codespace/.local/share/powershell/Modules/Pester/5.7.1/Pester.psm1:835
at &lt;ScriptBlock&gt;, /home/codespace/.local/share/powershell/Modules/Pester/5.7.1/Pester.psm1:893
at &lt;ScriptBlock&gt;, /home/codespace/.local/share/powershell/Modules/Pester/5.7.1/Pester.psm1:2024
at &lt;ScriptBlock&gt;, /home/codespace/.local/share/powershell/Modules/Pester/5.7.1/Pester.psm1:1985
at Invoke-ScriptBlock, /home/codespace/.local/share/powershell/Modules/Pester/5.7.1/Pester.psm1:2160
at Invoke-Block, /home/codespace/.local/share/powershell/Modules/Pester/5.7.1/Pester.psm1:940
at &lt;ScriptBlock&gt;, /home/codespace/.local/share/powershell/Modules/Pester/5.7.1/Pester.psm1:893
at &lt;ScriptBlock&gt;, /home/codespace/.local/share/powershell/Modules/Pester/5.7.1/Pester.psm1:2024
at &lt;ScriptBlock&gt;, /home/codespace/.local/share/powershell/Modules/Pester/5.7.1/Pester.psm1:1985
at Invoke-ScriptBlock, /home/codespace/.local/share/powershell/Modules/Pester/5.7.1/Pester.psm1:2160
at Invoke-Block, /home/codespace/.local/share/powershell/Modules/Pester/5.7.1/Pester.psm1:940
at &lt;ScriptBlock&gt;, /home/codespace/.local/share/powershell/Modules/Pester/5.7.1/Pester.psm1:893
at &lt;ScriptBlock&gt;, /home/codespace/.local/share/powershell/Modules/Pester/5.7.1/Pester.psm1:2024
at &lt;ScriptBlock&gt;, /home/codespace/.local/share/powershell/Modules/Pester/5.7.1/Pester.psm1:1985
at Invoke-ScriptBlock, /home/codespace/.local/share/powershell/Modules/Pester/5.7.1/Pester.psm1:2160
at Invoke-Block, /home/codespace/.local/share/powershell/Modules/Pester/5.7.1/Pester.psm1:940
at &lt;ScriptBlock&gt;, /home/codespace/.local/share/powershell/Modules/Pester/5.7.1/Pester.psm1:1688
at &lt;ScriptBlock&gt;, /home/codespace/.local/share/powershell/Modules/Pester/5.7.1/Pester.ps1:3
at &lt;ScriptBlock&gt;, /home/codespace/.local/share/powershell/Modules/Pester/5.7.1/Pester.psm1:3260
at Invoke-InNewScriptScope, /home/codespace/.local/share/powershell/Modules/Pester/5.7.1/Pester.psm1:3267
at Run-Test, /home/codespace/.local/share/powershell/Modules/Pester/5.7.1/Pester.psm1:1691
at Invoke-Test, /home/codespace/.local/share/powershell/Modules/Pester/5.7.1/Pester.psm1:2512
at Invoke-Pester&lt;End&gt;, /home/codespace/.local/share/powershell/Modules/Pester/5.7.1/Pester.psm1:4960</stack-trace>
                    </failure>
                  </test-case>
                  <test-case description="Should maintain consistent exit codes across runs" name="CoreApp Non-Interactive Mode.Error Handling and Edge Cases.Should maintain consistent exit codes across runs" time="2.1063" asserts="0" success="True" result="Success" executed="True" />
                </results>
              </test-suite>
              <test-suite type="TestFixture" name="CoreApp Non-Interactive Mode.Logging and Output Verification" executed="True" result="Failure" success="False" time="15.934" asserts="0" description="CoreApp Non-Interactive Mode.Logging and Output Verification">
                <results>
                  <test-case description="Should create proper log entries with timestamps" name="CoreApp Non-Interactive Mode.Logging and Output Verification.Should create proper log entries with timestamps" time="0.8827" asserts="0" success="False" result="Failure" executed="True">
                    <failure>
                      <message>Expected '[SUCCESS]' to be found in collection @('[2025-06-19 20:00:37.804] [SUCCESS] [Initialize-Loggin...] Logging system initialized', '[2025-06-19 20:00:37.880] [INFO   ] [core-runner.ps1     ] Core runner started', '[2025-06-19 20:00:37.883] [INFO   ] [core-runner.ps1     ] Loading configuration from: /workspaces/opentofu-lab-automation/core-runner/core_app/default-config.json', '[2025-06-19 20:00:37.890] [SUCCESS] [core-runner.ps1     ] Starting OpenTofu Lab Automation Core Runner', '[2025-06-19 20:00:37.893] [INFO   ] [core-runner.ps1     ] Repository root: /workspaces/opentofu-lab-automation', '[2025-06-19 20:00:37.896] [INFO   ] [core-runner.ps1     ] Configuration file: /workspaces/opentofu-lab-automation/core-runner/core_app/default-config.json', '[2025-06-19 20:00:37.899] [INFO   ] [core-runner.ps1     ] Verbosity level: detailed', '[2025-06-19 20:00:37.914] [INFO   ] [core-runner.ps1     ] Found 38 scripts', '[2025-06-19 20:00:37.918] [INFO   ] [core-runner.ps1     ] Non-interactive mode: use -Scripts parameter to specify which scripts to run, or -Auto for all scripts', '[2025-06-19 20:00:37.924] [WARN   ] [core-runner.ps1     ] No scripts specified for non-interactive execution', ...2 more), but it was not found.</message>
                      <stack-trace>at $result.Output | Should -Contain "[SUCCESS]", /workspaces/opentofu-lab-automation/tests/unit/modules/CoreApp/NonInteractiveMode.Tests.ps1:283
at Invoke-Assertion, /home/codespace/.local/share/powershell/Modules/Pester/5.7.1/Pester.psm1:8250
at Should&lt;End&gt;, /home/codespace/.local/share/powershell/Modules/Pester/5.7.1/Pester.psm1:8189
at &lt;ScriptBlock&gt;, /workspaces/opentofu-lab-automation/tests/unit/modules/CoreApp/NonInteractiveMode.Tests.ps1:283
at &lt;ScriptBlock&gt;, /home/codespace/.local/share/powershell/Modules/Pester/5.7.1/Pester.psm1:2024
at &lt;ScriptBlock&gt;, /home/codespace/.local/share/powershell/Modules/Pester/5.7.1/Pester.psm1:1985
at Invoke-ScriptBlock, /home/codespace/.local/share/powershell/Modules/Pester/5.7.1/Pester.psm1:2157
at Invoke-TestItem, /home/codespace/.local/share/powershell/Modules/Pester/5.7.1/Pester.psm1:1199
at Invoke-Block, /home/codespace/.local/share/powershell/Modules/Pester/5.7.1/Pester.psm1:835
at &lt;ScriptBlock&gt;, /home/codespace/.local/share/powershell/Modules/Pester/5.7.1/Pester.psm1:893
at &lt;ScriptBlock&gt;, /home/codespace/.local/share/powershell/Modules/Pester/5.7.1/Pester.psm1:2024
at &lt;ScriptBlock&gt;, /home/codespace/.local/share/powershell/Modules/Pester/5.7.1/Pester.psm1:1985
at Invoke-ScriptBlock, /home/codespace/.local/share/powershell/Modules/Pester/5.7.1/Pester.psm1:2160
at Invoke-Block, /home/codespace/.local/share/powershell/Modules/Pester/5.7.1/Pester.psm1:940
at &lt;ScriptBlock&gt;, /home/codespace/.local/share/powershell/Modules/Pester/5.7.1/Pester.psm1:893
at &lt;ScriptBlock&gt;, /home/codespace/.local/share/powershell/Modules/Pester/5.7.1/Pester.psm1:2024
at &lt;ScriptBlock&gt;, /home/codespace/.local/share/powershell/Modules/Pester/5.7.1/Pester.psm1:1985
at Invoke-ScriptBlock, /home/codespace/.local/share/powershell/Modules/Pester/5.7.1/Pester.psm1:2160
at Invoke-Block, /home/codespace/.local/share/powershell/Modules/Pester/5.7.1/Pester.psm1:940
at &lt;ScriptBlock&gt;, /home/codespace/.local/share/powershell/Modules/Pester/5.7.1/Pester.psm1:893
at &lt;ScriptBlock&gt;, /home/codespace/.local/share/powershell/Modules/Pester/5.7.1/Pester.psm1:2024
at &lt;ScriptBlock&gt;, /home/codespace/.local/share/powershell/Modules/Pester/5.7.1/Pester.psm1:1985
at Invoke-ScriptBlock, /home/codespace/.local/share/powershell/Modules/Pester/5.7.1/Pester.psm1:2160
at Invoke-Block, /home/codespace/.local/share/powershell/Modules/Pester/5.7.1/Pester.psm1:940
at &lt;ScriptBlock&gt;, /home/codespace/.local/share/powershell/Modules/Pester/5.7.1/Pester.psm1:1688
at &lt;ScriptBlock&gt;, /home/codespace/.local/share/powershell/Modules/Pester/5.7.1/Pester.ps1:3
at &lt;ScriptBlock&gt;, /home/codespace/.local/share/powershell/Modules/Pester/5.7.1/Pester.psm1:3260
at Invoke-InNewScriptScope, /home/codespace/.local/share/powershell/Modules/Pester/5.7.1/Pester.psm1:3267
at Run-Test, /home/codespace/.local/share/powershell/Modules/Pester/5.7.1/Pester.psm1:1691
at Invoke-Test, /home/codespace/.local/share/powershell/Modules/Pester/5.7.1/Pester.psm1:2512
at Invoke-Pester&lt;End&gt;, /home/codespace/.local/share/powershell/Modules/Pester/5.7.1/Pester.psm1:4960</stack-trace>
                    </failure>
                  </test-case>
                  <test-case description="Should include module initialization messages" name="CoreApp Non-Interactive Mode.Logging and Output Verification.Should include module initialization messages" time="0.8669" asserts="0" success="False" result="Failure" executed="True">
                    <failure>
                      <message>Expected 'Logging system initialized' to be found in collection @('[2025-06-19 20:00:38.699] [SUCCESS] [Initialize-Loggin...] Logging system initialized', '[2025-06-19 20:00:38.789] [INFO   ] [core-runner.ps1     ] Core runner started', '[2025-06-19 20:00:38.792] [INFO   ] [core-runner.ps1     ] Loading configuration from: /workspaces/opentofu-lab-automation/core-runner/core_app/default-config.json', '[2025-06-19 20:00:38.799] [SUCCESS] [core-runner.ps1     ] Starting OpenTofu Lab Automation Core Runner', '[2025-06-19 20:00:38.802] [INFO   ] [core-runner.ps1     ] Repository root: /workspaces/opentofu-lab-automation', '[2025-06-19 20:00:38.804] [INFO   ] [core-runner.ps1     ] Configuration file: /workspaces/opentofu-lab-automation/core-runner/core_app/default-config.json', '[2025-06-19 20:00:38.806] [INFO   ] [core-runner.ps1     ] Verbosity level: detailed', '[2025-06-19 20:00:38.815] [INFO   ] [core-runner.ps1     ] Found 38 scripts', '[2025-06-19 20:00:38.817] [INFO   ] [core-runner.ps1     ] Non-interactive mode: use -Scripts parameter to specify which scripts to run, or -Auto for all scripts', '[2025-06-19 20:00:38.819] [WARN   ] [core-runner.ps1     ] No scripts specified for non-interactive execution', ...2 more), but it was not found.</message>
                      <stack-trace>at $result.Output | Should -Contain "Logging system initialized", /workspaces/opentofu-lab-automation/tests/unit/modules/CoreApp/NonInteractiveMode.Tests.ps1:299
at Invoke-Assertion, /home/codespace/.local/share/powershell/Modules/Pester/5.7.1/Pester.psm1:8250
at Should&lt;End&gt;, /home/codespace/.local/share/powershell/Modules/Pester/5.7.1/Pester.psm1:8189
at &lt;ScriptBlock&gt;, /workspaces/opentofu-lab-automation/tests/unit/modules/CoreApp/NonInteractiveMode.Tests.ps1:299
at &lt;ScriptBlock&gt;, /home/codespace/.local/share/powershell/Modules/Pester/5.7.1/Pester.psm1:2024
at &lt;ScriptBlock&gt;, /home/codespace/.local/share/powershell/Modules/Pester/5.7.1/Pester.psm1:1985
at Invoke-ScriptBlock, /home/codespace/.local/share/powershell/Modules/Pester/5.7.1/Pester.psm1:2157
at Invoke-TestItem, /home/codespace/.local/share/powershell/Modules/Pester/5.7.1/Pester.psm1:1199
at Invoke-Block, /home/codespace/.local/share/powershell/Modules/Pester/5.7.1/Pester.psm1:835
at &lt;ScriptBlock&gt;, /home/codespace/.local/share/powershell/Modules/Pester/5.7.1/Pester.psm1:893
at &lt;ScriptBlock&gt;, /home/codespace/.local/share/powershell/Modules/Pester/5.7.1/Pester.psm1:2024
at &lt;ScriptBlock&gt;, /home/codespace/.local/share/powershell/Modules/Pester/5.7.1/Pester.psm1:1985
at Invoke-ScriptBlock, /home/codespace/.local/share/powershell/Modules/Pester/5.7.1/Pester.psm1:2160
at Invoke-Block, /home/codespace/.local/share/powershell/Modules/Pester/5.7.1/Pester.psm1:940
at &lt;ScriptBlock&gt;, /home/codespace/.local/share/powershell/Modules/Pester/5.7.1/Pester.psm1:893
at &lt;ScriptBlock&gt;, /home/codespace/.local/share/powershell/Modules/Pester/5.7.1/Pester.psm1:2024
at &lt;ScriptBlock&gt;, /home/codespace/.local/share/powershell/Modules/Pester/5.7.1/Pester.psm1:1985
at Invoke-ScriptBlock, /home/codespace/.local/share/powershell/Modules/Pester/5.7.1/Pester.psm1:2160
at Invoke-Block, /home/codespace/.local/share/powershell/Modules/Pester/5.7.1/Pester.psm1:940
at &lt;ScriptBlock&gt;, /home/codespace/.local/share/powershell/Modules/Pester/5.7.1/Pester.psm1:893
at &lt;ScriptBlock&gt;, /home/codespace/.local/share/powershell/Modules/Pester/5.7.1/Pester.psm1:2024
at &lt;ScriptBlock&gt;, /home/codespace/.local/share/powershell/Modules/Pester/5.7.1/Pester.psm1:1985
at Invoke-ScriptBlock, /home/codespace/.local/share/powershell/Modules/Pester/5.7.1/Pester.psm1:2160
at Invoke-Block, /home/codespace/.local/share/powershell/Modules/Pester/5.7.1/Pester.psm1:940
at &lt;ScriptBlock&gt;, /home/codespace/.local/share/powershell/Modules/Pester/5.7.1/Pester.psm1:1688
at &lt;ScriptBlock&gt;, /home/codespace/.local/share/powershell/Modules/Pester/5.7.1/Pester.ps1:3
at &lt;ScriptBlock&gt;, /home/codespace/.local/share/powershell/Modules/Pester/5.7.1/Pester.psm1:3260
at Invoke-InNewScriptScope, /home/codespace/.local/share/powershell/Modules/Pester/5.7.1/Pester.psm1:3267
at Run-Test, /home/codespace/.local/share/powershell/Modules/Pester/5.7.1/Pester.psm1:1691
at Invoke-Test, /home/codespace/.local/share/powershell/Modules/Pester/5.7.1/Pester.psm1:2512
at Invoke-Pester&lt;End&gt;, /home/codespace/.local/share/powershell/Modules/Pester/5.7.1/Pester.psm1:4960</stack-trace>
                    </failure>
                  </test-case>
                </results>
              </test-suite>
              <test-suite type="TestFixture" name="CoreApp Non-Interactive Mode.Integration with CoreApp Module" executed="True" result="Success" success="True" time="16.9411" asserts="0" description="CoreApp Non-Interactive Mode.Integration with CoreApp Module">
                <results>
                  <test-case description="Should successfully invoke CoreApp module directly" name="CoreApp Non-Interactive Mode.Integration with CoreApp Module.Should successfully invoke CoreApp module directly" time="1.0038" asserts="0" success="True" result="Success" executed="True" />
                </results>
              </test-suite>
            </results>
          </test-suite>
          <test-suite type="TestFixture" name="CoreApp Cross-Platform Compatibility" executed="True" result="Failure" success="False" time="19.1855" asserts="0" description="CoreApp Cross-Platform Compatibility">
            <results>
              <test-suite type="TestFixture" name="CoreApp Cross-Platform Compatibility.Path Handling" executed="True" result="Failure" success="False" time="2.2205" asserts="0" description="CoreApp Cross-Platform Compatibility.Path Handling">
                <results>
                  <test-case description="Should handle paths correctly on current platform" name="CoreApp Cross-Platform Compatibility.Path Handling.Should handle paths correctly on current platform" time="0.9218" asserts="0" success="False" result="Failure" executed="True">
                    <failure>
                      <message>Expected 'Repository root:' to be found in collection @('[2025-06-19 20:00:40.644] [SUCCESS] [Initialize-Loggin...] Logging system initialized', '[2025-06-19 20:00:40.722] [INFO   ] [core-runner.ps1     ] Core runner started', '[2025-06-19 20:00:40.726] [INFO   ] [core-runner.ps1     ] Loading configuration from: /workspaces/opentofu-lab-automation/core-runner/core_app/default-config.json', '[2025-06-19 20:00:40.733] [SUCCESS] [core-runner.ps1     ] Starting OpenTofu Lab Automation Core Runner', '[2025-06-19 20:00:40.736] [INFO   ] [core-runner.ps1     ] Repository root: /workspaces/opentofu-lab-automation', '[2025-06-19 20:00:40.737] [INFO   ] [core-runner.ps1     ] Configuration file: /workspaces/opentofu-lab-automation/core-runner/core_app/default-config.json', '[2025-06-19 20:00:40.739] [INFO   ] [core-runner.ps1     ] Verbosity level: detailed', '[2025-06-19 20:00:40.748] [INFO   ] [core-runner.ps1     ] Found 38 scripts', '[2025-06-19 20:00:40.750] [INFO   ] [core-runner.ps1     ] Non-interactive mode: use -Scripts parameter to specify which scripts to run, or -Auto for all scripts', '[2025-06-19 20:00:40.752] [WARN   ] [core-runner.ps1     ] No scripts specified for non-interactive execution', ...2 more), but it was not found.</message>
                      <stack-trace>at $result.Output | Should -Contain "Repository root:", /workspaces/opentofu-lab-automation/tests/unit/modules/CoreApp/NonInteractiveMode.Tests.ps1:336
at Invoke-Assertion, /home/codespace/.local/share/powershell/Modules/Pester/5.7.1/Pester.psm1:8250
at Should&lt;End&gt;, /home/codespace/.local/share/powershell/Modules/Pester/5.7.1/Pester.psm1:8189
at &lt;ScriptBlock&gt;, /workspaces/opentofu-lab-automation/tests/unit/modules/CoreApp/NonInteractiveMode.Tests.ps1:336
at &lt;ScriptBlock&gt;, /home/codespace/.local/share/powershell/Modules/Pester/5.7.1/Pester.psm1:2024
at &lt;ScriptBlock&gt;, /home/codespace/.local/share/powershell/Modules/Pester/5.7.1/Pester.psm1:1985
at Invoke-ScriptBlock, /home/codespace/.local/share/powershell/Modules/Pester/5.7.1/Pester.psm1:2157
at Invoke-TestItem, /home/codespace/.local/share/powershell/Modules/Pester/5.7.1/Pester.psm1:1199
at Invoke-Block, /home/codespace/.local/share/powershell/Modules/Pester/5.7.1/Pester.psm1:835
at &lt;ScriptBlock&gt;, /home/codespace/.local/share/powershell/Modules/Pester/5.7.1/Pester.psm1:893
at &lt;ScriptBlock&gt;, /home/codespace/.local/share/powershell/Modules/Pester/5.7.1/Pester.psm1:2024
at &lt;ScriptBlock&gt;, /home/codespace/.local/share/powershell/Modules/Pester/5.7.1/Pester.psm1:1985
at Invoke-ScriptBlock, /home/codespace/.local/share/powershell/Modules/Pester/5.7.1/Pester.psm1:2160
at Invoke-Block, /home/codespace/.local/share/powershell/Modules/Pester/5.7.1/Pester.psm1:940
at &lt;ScriptBlock&gt;, /home/codespace/.local/share/powershell/Modules/Pester/5.7.1/Pester.psm1:893
at &lt;ScriptBlock&gt;, /home/codespace/.local/share/powershell/Modules/Pester/5.7.1/Pester.psm1:2024
at &lt;ScriptBlock&gt;, /home/codespace/.local/share/powershell/Modules/Pester/5.7.1/Pester.psm1:1985
at Invoke-ScriptBlock, /home/codespace/.local/share/powershell/Modules/Pester/5.7.1/Pester.psm1:2160
at Invoke-Block, /home/codespace/.local/share/powershell/Modules/Pester/5.7.1/Pester.psm1:940
at &lt;ScriptBlock&gt;, /home/codespace/.local/share/powershell/Modules/Pester/5.7.1/Pester.psm1:893
at &lt;ScriptBlock&gt;, /home/codespace/.local/share/powershell/Modules/Pester/5.7.1/Pester.psm1:2024
at &lt;ScriptBlock&gt;, /home/codespace/.local/share/powershell/Modules/Pester/5.7.1/Pester.psm1:1985
at Invoke-ScriptBlock, /home/codespace/.local/share/powershell/Modules/Pester/5.7.1/Pester.psm1:2160
at Invoke-Block, /home/codespace/.local/share/powershell/Modules/Pester/5.7.1/Pester.psm1:940
at &lt;ScriptBlock&gt;, /home/codespace/.local/share/powershell/Modules/Pester/5.7.1/Pester.psm1:1688
at &lt;ScriptBlock&gt;, /home/codespace/.local/share/powershell/Modules/Pester/5.7.1/Pester.ps1:3
at &lt;ScriptBlock&gt;, /home/codespace/.local/share/powershell/Modules/Pester/5.7.1/Pester.psm1:3260
at Invoke-InNewScriptScope, /home/codespace/.local/share/powershell/Modules/Pester/5.7.1/Pester.psm1:3267
at Run-Test, /home/codespace/.local/share/powershell/Modules/Pester/5.7.1/Pester.psm1:1691
at Invoke-Test, /home/codespace/.local/share/powershell/Modules/Pester/5.7.1/Pester.psm1:2512
at Invoke-Pester&lt;End&gt;, /home/codespace/.local/share/powershell/Modules/Pester/5.7.1/Pester.psm1:4960</stack-trace>
                    </failure>
                  </test-case>
                  <test-case description="Should work with different configuration file paths" name="CoreApp Cross-Platform Compatibility.Path Handling.Should work with different configuration file paths" time="1.2937" asserts="0" success="True" result="Success" executed="True" />
                </results>
              </test-suite>
            </results>
          </test-suite>
        </results>
      </test-suite>
    </results>
  </test-suite>
</test-results>