<?xml version="1.0" encoding="utf-8" standalone="no"?>
<test-results xmlns:xsi="http://www.w3.org/2001/XMLSchema-instance" xsi:noNamespaceSchemaLocation="nunit_schema_2.5.xsd" name="OpenTofu Lab Automation - Bulletproof Quick Tests" total="17" errors="0" failures="2" not-run="0" inconclusive="0" ignored="0" skipped="0" invalid="0" date="2025-06-19" time="20:15:42">
  <environment clr-version="8.0.0" machine-name="codespaces-4f62e8" cwd="/workspaces/opentofu-lab-automation" user="codespace" platform="Linux" user-domain="" nunit-version="2.5.8.0" os-version="6.8.0-1027-azure" />
  <culture-info current-culture="" current-uiculture="" />
  <test-suite type="TestFixture" name="OpenTofu Lab Automation - Bulletproof Quick Tests" executed="True" result="Failure" success="False" time="28.4719" asserts="0" description="Pester">
    <results>
      <test-suite type="TestFixture" name="/workspaces/opentofu-lab-automation/tests/unit/modules/CoreApp/NonInteractiveMode.Tests.ps1" executed="True" result="Failure" success="False" time="28.4719" asserts="0" description="/workspaces/opentofu-lab-automation/tests/unit/modules/CoreApp/NonInteractiveMode.Tests.ps1">
        <results>
          <test-suite type="TestFixture" name="CoreApp Non-Interactive Mode" executed="True" result="Failure" success="False" time="25.0707" asserts="0" description="CoreApp Non-Interactive Mode">
            <results>
              <test-suite type="TestFixture" name="CoreApp Non-Interactive Mode.Basic Non-Interactive Mode" executed="True" result="Success" success="True" time="7.0144" asserts="0" description="CoreApp Non-Interactive Mode.Basic Non-Interactive Mode">
                <results>
                  <test-case description="Should exit gracefully with helpful message when no scripts specified" name="CoreApp Non-Interactive Mode.Basic Non-Interactive Mode.Should exit gracefully with helpful message when no scripts specified" time="2.3295" asserts="0" success="True" result="Success" executed="True" />
                  <test-case description="Should respect verbosity levels in non-interactive mode" name="CoreApp Non-Interactive Mode.Basic Non-Interactive Mode.Should respect verbosity levels in non-interactive mode" time="3.0986" asserts="0" success="True" result="Success" executed="True" />
                  <test-case description="Should handle missing configuration files gracefully" name="CoreApp Non-Interactive Mode.Basic Non-Interactive Mode.Should handle missing configuration files gracefully" time="1.5365" asserts="0" success="True" result="Success" executed="True" />
                </results>
              </test-suite>
              <test-suite type="TestFixture" name="CoreApp Non-Interactive Mode.Auto Mode Non-Interactive" executed="True" result="Success" success="True" time="13.3954" asserts="0" description="CoreApp Non-Interactive Mode.Auto Mode Non-Interactive">
                <results>
                  <test-case description="Should execute all scripts in WhatIf mode without errors" name="CoreApp Non-Interactive Mode.Auto Mode Non-Interactive.Should execute all scripts in WhatIf mode without errors" time="2.0827" asserts="0" success="True" result="Success" executed="True" />
                  <test-case description="Should handle Auto mode with Force parameter" name="CoreApp Non-Interactive Mode.Auto Mode Non-Interactive.Should handle Auto mode with Force parameter" time="1.8812" asserts="0" success="True" result="Success" executed="True" />
                  <test-case description="Should complete within reasonable time limits" name="CoreApp Non-Interactive Mode.Auto Mode Non-Interactive.Should complete within reasonable time limits" time="2.4011" asserts="0" success="True" result="Success" executed="True" />
                </results>
              </test-suite>
              <test-suite type="TestFixture" name="CoreApp Non-Interactive Mode.Specific Script Execution" executed="True" result="Failure" success="False" time="17.8252" asserts="0" description="CoreApp Non-Interactive Mode.Specific Script Execution">
                <results>
                  <test-case description="Should execute a specific script in WhatIf mode" name="CoreApp Non-Interactive Mode.Specific Script Execution.Should execute a specific script in WhatIf mode" time="1.5493" asserts="0" success="True" result="Success" executed="True" />
                  <test-case description="Should handle multiple specific scripts" name="CoreApp Non-Interactive Mode.Specific Script Execution.Should handle multiple specific scripts" time="1.3368" asserts="0" success="True" result="Success" executed="True" />
                  <test-case description="Should handle nonexistent script gracefully" name="CoreApp Non-Interactive Mode.Specific Script Execution.Should handle nonexistent script gracefully" time="1.5288" asserts="0" success="False" result="Failure" executed="True">
                    <failure>
                      <message>Expected regular expression 'Script not found: NonExistentScript' to match &lt;empty&gt;, but it did not match.</message>
                      <stack-trace>at $result.OutputString | Should -Match "Script not found: NonExistentScript", /workspaces/opentofu-lab-automation/tests/unit/modules/CoreApp/NonInteractiveMode.Tests.ps1:229
at Invoke-Assertion, /home/codespace/.local/share/powershell/Modules/Pester/5.7.1/Pester.psm1:8250
at Should&lt;End&gt;, /home/codespace/.local/share/powershell/Modules/Pester/5.7.1/Pester.psm1:8193
at &lt;ScriptBlock&gt;, /workspaces/opentofu-lab-automation/tests/unit/modules/CoreApp/NonInteractiveMode.Tests.ps1:229
at &lt;ScriptBlock&gt;, /home/codespace/.local/share/powershell/Modules/Pester/5.7.1/Pester.psm1:2024
at &lt;ScriptBlock&gt;, /home/codespace/.local/share/powershell/Modules/Pester/5.7.1/Pester.psm1:1985
at Invoke-ScriptBlock, /home/codespace/.local/share/powershell/Modules/Pester/5.7.1/Pester.psm1:2157
at Invoke-TestItem, /home/codespace/.local/share/powershell/Modules/Pester/5.7.1/Pester.psm1:1199
at Invoke-Block, /home/codespace/.local/share/powershell/Modules/Pester/5.7.1/Pester.psm1:835
at &lt;ScriptBlock&gt;, /home/codespace/.local/share/powershell/Modules/Pester/5.7.1/Pester.psm1:893
at &lt;ScriptBlock&gt;, /home/codespace/.local/share/powershell/Modules/Pester/5.7.1/Pester.psm1:2024
at &lt;ScriptBlock&gt;, /home/codespace/.local/share/powershell/Modules/Pester/5.7.1/Pester.psm1:1985
at Invoke-ScriptBlock, /home/codespace/.local/share/powershell/Modules/Pester/5.7.1/Pester.psm1:2160
at Invoke-Block, /home/codespace/.local/share/powershell/Modules/Pester/5.7.1/Pester.psm1:940
at &lt;ScriptBlock&gt;, /home/codespace/.local/share/powershell/Modules/Pester/5.7.1/Pester.psm1:893
at &lt;ScriptBlock&gt;, /home/codespace/.local/share/powershell/Modules/Pester/5.7.1/Pester.psm1:2024
at &lt;ScriptBlock&gt;, /home/codespace/.local/share/powershell/Modules/Pester/5.7.1/Pester.psm1:1985
at Invoke-ScriptBlock, /home/codespace/.local/share/powershell/Modules/Pester/5.7.1/Pester.psm1:2160
at Invoke-Block, /home/codespace/.local/share/powershell/Modules/Pester/5.7.1/Pester.psm1:940
at &lt;ScriptBlock&gt;, /home/codespace/.local/share/powershell/Modules/Pester/5.7.1/Pester.psm1:893
at &lt;ScriptBlock&gt;, /home/codespace/.local/share/powershell/Modules/Pester/5.7.1/Pester.psm1:2024
at &lt;ScriptBlock&gt;, /home/codespace/.local/share/powershell/Modules/Pester/5.7.1/Pester.psm1:1985
at Invoke-ScriptBlock, /home/codespace/.local/share/powershell/Modules/Pester/5.7.1/Pester.psm1:2160
at Invoke-Block, /home/codespace/.local/share/powershell/Modules/Pester/5.7.1/Pester.psm1:940
at &lt;ScriptBlock&gt;, /home/codespace/.local/share/powershell/Modules/Pester/5.7.1/Pester.psm1:1688
at &lt;ScriptBlock&gt;, /home/codespace/.local/share/powershell/Modules/Pester/5.7.1/Pester.ps1:3
at &lt;ScriptBlock&gt;, /home/codespace/.local/share/powershell/Modules/Pester/5.7.1/Pester.psm1:3260
at Invoke-InNewScriptScope, /home/codespace/.local/share/powershell/Modules/Pester/5.7.1/Pester.psm1:3267
at Run-Test, /home/codespace/.local/share/powershell/Modules/Pester/5.7.1/Pester.psm1:1691
at Invoke-Test, /home/codespace/.local/share/powershell/Modules/Pester/5.7.1/Pester.psm1:2512
at Invoke-Pester&lt;End&gt;, /home/codespace/.local/share/powershell/Modules/Pester/5.7.1/Pester.psm1:4960</stack-trace>
                    </failure>
                  </test-case>
                </results>
              </test-suite>
              <test-suite type="TestFixture" name="CoreApp Non-Interactive Mode.Error Handling and Edge Cases" executed="True" result="Success" success="True" time="22.3755" asserts="0" description="CoreApp Non-Interactive Mode.Error Handling and Edge Cases">
                <results>
                  <test-case description="Should handle empty script parameter gracefully" name="CoreApp Non-Interactive Mode.Error Handling and Edge Cases.Should handle empty script parameter gracefully" time="1.5339" asserts="0" success="True" result="Success" executed="True" />
                  <test-case description="Should properly detect non-interactive mode automatically" name="CoreApp Non-Interactive Mode.Error Handling and Edge Cases.Should properly detect non-interactive mode automatically" time="0.8185" asserts="0" success="True" result="Success" executed="True" />
                  <test-case description="Should maintain consistent exit codes across runs" name="CoreApp Non-Interactive Mode.Error Handling and Edge Cases.Should maintain consistent exit codes across runs" time="2.1944" asserts="0" success="True" result="Success" executed="True" />
                </results>
              </test-suite>
              <test-suite type="TestFixture" name="CoreApp Non-Interactive Mode.Logging and Output Verification" executed="True" result="Failure" success="False" time="23.8864" asserts="0" description="CoreApp Non-Interactive Mode.Logging and Output Verification">
                <results>
                  <test-case description="Should create proper log entries with timestamps" name="CoreApp Non-Interactive Mode.Logging and Output Verification.Should create proper log entries with timestamps" time="0.7857" asserts="0" success="False" result="Failure" executed="True">
                    <failure>
                      <message>Expected regular expression '\[INFO\]' to match '[2025-06-19 20:16:06.604] [SUCCESS] [Initialize-Loggin...] Logging system initialized
[2025-06-19 20:16:06.683] [INFO   ] [core-runner.ps1     ] Core runner started
[2025-06-19 20:16:06.686] [INFO   ] [core-runner.ps1     ] Loading configuration from: /workspaces/opentofu-lab-automation/core-runner/core_app/default-config.json
[2025-06-19 20:16:06.694] [SUCCESS] [core-runner.ps1     ] Starting OpenTofu Lab Automation Core Runner
[2025-06-19 20:16:06.696] [INFO   ] [core-runner.ps1     ] Repository root: /workspaces/opentofu-lab-automation
[2025-06-19 20:16:06.698] [INFO   ] [core-runner.ps1     ] Configuration file: /workspaces/opentofu-lab-automation/core-runner/core_app/default-config.json
[2025-06-19 20:16:06.700] [INFO   ] [core-runner.ps1     ] Verbosity level: detailed
[2025-06-19 20:16:06.709] [INFO   ] [core-runner.ps1     ] Found 38 scripts
[2025-06-19 20:16:06.712] [INFO   ] [core-runner.ps1     ] Non-interactive mode: use -Scripts parameter to specify which scripts to run, or -Auto for all scripts
[2025-06-19 20:16:06.714] [WARN   ] [core-runner.ps1     ] No scripts specified for non-interactive execution
[2025-06-19 20:16:06.717] [INFO   ] [core-runner.ps1     ] Consider using -Auto to run all scripts, or -Scripts to specify particular scripts
[2025-06-19 20:16:06.719] [SUCCESS] [core-runner.ps1     ] Core runner completed successfully', but it did not match.</message>
                      <stack-trace>at $result.OutputString | Should -Match "\[INFO\]", /workspaces/opentofu-lab-automation/tests/unit/modules/CoreApp/NonInteractiveMode.Tests.ps1:290
at Invoke-Assertion, /home/codespace/.local/share/powershell/Modules/Pester/5.7.1/Pester.psm1:8250
at Should&lt;End&gt;, /home/codespace/.local/share/powershell/Modules/Pester/5.7.1/Pester.psm1:8193
at &lt;ScriptBlock&gt;, /workspaces/opentofu-lab-automation/tests/unit/modules/CoreApp/NonInteractiveMode.Tests.ps1:290
at &lt;ScriptBlock&gt;, /home/codespace/.local/share/powershell/Modules/Pester/5.7.1/Pester.psm1:2024
at &lt;ScriptBlock&gt;, /home/codespace/.local/share/powershell/Modules/Pester/5.7.1/Pester.psm1:1985
at Invoke-ScriptBlock, /home/codespace/.local/share/powershell/Modules/Pester/5.7.1/Pester.psm1:2157
at Invoke-TestItem, /home/codespace/.local/share/powershell/Modules/Pester/5.7.1/Pester.psm1:1199
at Invoke-Block, /home/codespace/.local/share/powershell/Modules/Pester/5.7.1/Pester.psm1:835
at &lt;ScriptBlock&gt;, /home/codespace/.local/share/powershell/Modules/Pester/5.7.1/Pester.psm1:893
at &lt;ScriptBlock&gt;, /home/codespace/.local/share/powershell/Modules/Pester/5.7.1/Pester.psm1:2024
at &lt;ScriptBlock&gt;, /home/codespace/.local/share/powershell/Modules/Pester/5.7.1/Pester.psm1:1985
at Invoke-ScriptBlock, /home/codespace/.local/share/powershell/Modules/Pester/5.7.1/Pester.psm1:2160
at Invoke-Block, /home/codespace/.local/share/powershell/Modules/Pester/5.7.1/Pester.psm1:940
at &lt;ScriptBlock&gt;, /home/codespace/.local/share/powershell/Modules/Pester/5.7.1/Pester.psm1:893
at &lt;ScriptBlock&gt;, /home/codespace/.local/share/powershell/Modules/Pester/5.7.1/Pester.psm1:2024
at &lt;ScriptBlock&gt;, /home/codespace/.local/share/powershell/Modules/Pester/5.7.1/Pester.psm1:1985
at Invoke-ScriptBlock, /home/codespace/.local/share/powershell/Modules/Pester/5.7.1/Pester.psm1:2160
at Invoke-Block, /home/codespace/.local/share/powershell/Modules/Pester/5.7.1/Pester.psm1:940
at &lt;ScriptBlock&gt;, /home/codespace/.local/share/powershell/Modules/Pester/5.7.1/Pester.psm1:893
at &lt;ScriptBlock&gt;, /home/codespace/.local/share/powershell/Modules/Pester/5.7.1/Pester.psm1:2024
at &lt;ScriptBlock&gt;, /home/codespace/.local/share/powershell/Modules/Pester/5.7.1/Pester.psm1:1985
at Invoke-ScriptBlock, /home/codespace/.local/share/powershell/Modules/Pester/5.7.1/Pester.psm1:2160
at Invoke-Block, /home/codespace/.local/share/powershell/Modules/Pester/5.7.1/Pester.psm1:940
at &lt;ScriptBlock&gt;, /home/codespace/.local/share/powershell/Modules/Pester/5.7.1/Pester.psm1:1688
at &lt;ScriptBlock&gt;, /home/codespace/.local/share/powershell/Modules/Pester/5.7.1/Pester.ps1:3
at &lt;ScriptBlock&gt;, /home/codespace/.local/share/powershell/Modules/Pester/5.7.1/Pester.psm1:3260
at Invoke-InNewScriptScope, /home/codespace/.local/share/powershell/Modules/Pester/5.7.1/Pester.psm1:3267
at Run-Test, /home/codespace/.local/share/powershell/Modules/Pester/5.7.1/Pester.psm1:1691
at Invoke-Test, /home/codespace/.local/share/powershell/Modules/Pester/5.7.1/Pester.psm1:2512
at Invoke-Pester&lt;End&gt;, /home/codespace/.local/share/powershell/Modules/Pester/5.7.1/Pester.psm1:4960</stack-trace>
                    </failure>
                  </test-case>
                  <test-case description="Should include module initialization messages" name="CoreApp Non-Interactive Mode.Logging and Output Verification.Should include module initialization messages" time="0.7223" asserts="0" success="True" result="Success" executed="True" />
                </results>
              </test-suite>
              <test-suite type="TestFixture" name="CoreApp Non-Interactive Mode.Integration with CoreApp Module" executed="True" result="Success" success="True" time="25.0526" asserts="0" description="CoreApp Non-Interactive Mode.Integration with CoreApp Module">
                <results>
                  <test-case description="Should successfully invoke CoreApp module directly" name="CoreApp Non-Interactive Mode.Integration with CoreApp Module.Should successfully invoke CoreApp module directly" time="1.1615" asserts="0" success="True" result="Success" executed="True" />
                </results>
              </test-suite>
            </results>
          </test-suite>
          <test-suite type="TestFixture" name="CoreApp Cross-Platform Compatibility" executed="True" result="Success" success="True" time="27.7259" asserts="0" description="CoreApp Cross-Platform Compatibility">
            <results>
              <test-suite type="TestFixture" name="CoreApp Cross-Platform Compatibility.Path Handling" executed="True" result="Success" success="True" time="2.6522" asserts="0" description="CoreApp Cross-Platform Compatibility.Path Handling">
                <results>
                  <test-case description="Should handle paths correctly on current platform" name="CoreApp Cross-Platform Compatibility.Path Handling.Should handle paths correctly on current platform" time="1.0093" asserts="0" success="True" result="Success" executed="True" />
                  <test-case description="Should work with different configuration file paths" name="CoreApp Cross-Platform Compatibility.Path Handling.Should work with different configuration file paths" time="1.6394" asserts="0" success="True" result="Success" executed="True" />
                </results>
              </test-suite>
            </results>
          </test-suite>
        </results>
      </test-suite>
    </results>
  </test-suite>
</test-results>