<?xml version="1.0" encoding="utf-8" standalone="no"?>
<test-results xmlns:xsi="http://www.w3.org/2001/XMLSchema-instance" xsi:noNamespaceSchemaLocation="nunit_schema_2.5.xsd" name="OpenTofu Lab Automation - Bulletproof Quick Tests" total="17" errors="0" failures="16" not-run="0" inconclusive="0" ignored="0" skipped="0" invalid="0" date="2025-06-19" time="09:05:56">
  <environment platform="Microsoft Windows 11 Pro|C:\WINDOWS|\Device\Harddisk1\Partition3" user-domain="WZNS" cwd="C:\Users\alexa\OneDrive\Documents\0. wizzense\opentofu-lab-automation" machine-name="WZNS" user="alexa" nunit-version="2.5.8.0" clr-version="9.0.4" os-version="10.0.26100" />
  <culture-info current-culture="en-US" current-uiculture="en-US" />
  <test-suite type="TestFixture" name="OpenTofu Lab Automation - Bulletproof Quick Tests" executed="True" result="Failure" success="False" time="1.273" asserts="0" description="Pester">
    <results>
      <test-suite type="TestFixture" name="C:\Users\alexa\OneDrive\Documents\0. wizzense\opentofu-lab-automation\tests\unit\modules\CoreApp\NonInteractiveMode.Tests.ps1" executed="True" result="Failure" success="False" time="1.273" asserts="0" description="C:\Users\alexa\OneDrive\Documents\0. wizzense\opentofu-lab-automation\tests\unit\modules\CoreApp\NonInteractiveMode.Tests.ps1">
        <results>
          <test-suite type="TestFixture" name="CoreApp Non-Interactive Mode" executed="True" result="Failure" success="False" time="0.8702" asserts="0" description="CoreApp Non-Interactive Mode">
            <results>
              <test-suite type="TestFixture" name="CoreApp Non-Interactive Mode.Basic Non-Interactive Mode" executed="True" result="Failure" success="False" time="0.1648" asserts="0" description="CoreApp Non-Interactive Mode.Basic Non-Interactive Mode">
                <results>
                  <test-case description="Should exit gracefully with helpful message when no scripts specified" name="CoreApp Non-Interactive Mode.Basic Non-Interactive Mode.Should exit gracefully with helpful message when no scripts specified" time="0.1193" asserts="0" success="False" result="Failure" executed="True">
                    <failure>
                      <message>ParameterBindingException: A positional parameter cannot be found that accepts argument '-NonInteractive'.</message>
                      <stack-trace>at Invoke-CoreRunnerTest, C:\Users\alexa\OneDrive\Documents\0. wizzense\opentofu-lab-automation\tests\unit\modules\CoreApp\NonInteractiveMode.Tests.ps1:54
at &lt;ScriptBlock&gt;, C:\Users\alexa\OneDrive\Documents\0. wizzense\opentofu-lab-automation\tests\unit\modules\CoreApp\NonInteractiveMode.Tests.ps1:103
at &lt;ScriptBlock&gt;, C:\Users\alexa\OneDrive\Documents\PowerShell\Modules\Pester\5.7.1\Pester.psm1:2024
at &lt;ScriptBlock&gt;, C:\Users\alexa\OneDrive\Documents\PowerShell\Modules\Pester\5.7.1\Pester.psm1:1985
at Invoke-ScriptBlock, C:\Users\alexa\OneDrive\Documents\PowerShell\Modules\Pester\5.7.1\Pester.psm1:2157
at Invoke-TestItem, C:\Users\alexa\OneDrive\Documents\PowerShell\Modules\Pester\5.7.1\Pester.psm1:1199
at Invoke-Block, C:\Users\alexa\OneDrive\Documents\PowerShell\Modules\Pester\5.7.1\Pester.psm1:835
at &lt;ScriptBlock&gt;, C:\Users\alexa\OneDrive\Documents\PowerShell\Modules\Pester\5.7.1\Pester.psm1:893
at &lt;ScriptBlock&gt;, C:\Users\alexa\OneDrive\Documents\PowerShell\Modules\Pester\5.7.1\Pester.psm1:2024
at &lt;ScriptBlock&gt;, C:\Users\alexa\OneDrive\Documents\PowerShell\Modules\Pester\5.7.1\Pester.psm1:1985
at Invoke-ScriptBlock, C:\Users\alexa\OneDrive\Documents\PowerShell\Modules\Pester\5.7.1\Pester.psm1:2160
at Invoke-Block, C:\Users\alexa\OneDrive\Documents\PowerShell\Modules\Pester\5.7.1\Pester.psm1:940
at &lt;ScriptBlock&gt;, C:\Users\alexa\OneDrive\Documents\PowerShell\Modules\Pester\5.7.1\Pester.psm1:893
at &lt;ScriptBlock&gt;, C:\Users\alexa\OneDrive\Documents\PowerShell\Modules\Pester\5.7.1\Pester.psm1:2024
at &lt;ScriptBlock&gt;, C:\Users\alexa\OneDrive\Documents\PowerShell\Modules\Pester\5.7.1\Pester.psm1:1985
at Invoke-ScriptBlock, C:\Users\alexa\OneDrive\Documents\PowerShell\Modules\Pester\5.7.1\Pester.psm1:2160
at Invoke-Block, C:\Users\alexa\OneDrive\Documents\PowerShell\Modules\Pester\5.7.1\Pester.psm1:940
at &lt;ScriptBlock&gt;, C:\Users\alexa\OneDrive\Documents\PowerShell\Modules\Pester\5.7.1\Pester.psm1:893
at &lt;ScriptBlock&gt;, C:\Users\alexa\OneDrive\Documents\PowerShell\Modules\Pester\5.7.1\Pester.psm1:2024
at &lt;ScriptBlock&gt;, C:\Users\alexa\OneDrive\Documents\PowerShell\Modules\Pester\5.7.1\Pester.psm1:1985
at Invoke-ScriptBlock, C:\Users\alexa\OneDrive\Documents\PowerShell\Modules\Pester\5.7.1\Pester.psm1:2160
at Invoke-Block, C:\Users\alexa\OneDrive\Documents\PowerShell\Modules\Pester\5.7.1\Pester.psm1:940
at &lt;ScriptBlock&gt;, C:\Users\alexa\OneDrive\Documents\PowerShell\Modules\Pester\5.7.1\Pester.psm1:1688
at &lt;ScriptBlock&gt;, C:\Users\alexa\OneDrive\Documents\PowerShell\Modules\Pester\5.7.1\Pester.ps1:3
at &lt;ScriptBlock&gt;, C:\Users\alexa\OneDrive\Documents\PowerShell\Modules\Pester\5.7.1\Pester.psm1:3260
at Invoke-InNewScriptScope, C:\Users\alexa\OneDrive\Documents\PowerShell\Modules\Pester\5.7.1\Pester.psm1:3267
at Run-Test, C:\Users\alexa\OneDrive\Documents\PowerShell\Modules\Pester\5.7.1\Pester.psm1:1691
at Invoke-Test, C:\Users\alexa\OneDrive\Documents\PowerShell\Modules\Pester\5.7.1\Pester.psm1:2512
at Invoke-Pester&lt;End&gt;, C:\Users\alexa\OneDrive\Documents\PowerShell\Modules\Pester\5.7.1\Pester.psm1:4960</stack-trace>
                    </failure>
                  </test-case>
                  <test-case description="Should respect verbosity levels in non-interactive mode" name="CoreApp Non-Interactive Mode.Basic Non-Interactive Mode.Should respect verbosity levels in non-interactive mode" time="0.0105" asserts="0" success="False" result="Failure" executed="True">
                    <failure>
                      <message>ParameterBindingException: A positional parameter cannot be found that accepts argument '-NonInteractive'.</message>
                      <stack-trace>at Invoke-CoreRunnerTest, C:\Users\alexa\OneDrive\Documents\0. wizzense\opentofu-lab-automation\tests\unit\modules\CoreApp\NonInteractiveMode.Tests.ps1:54
at &lt;ScriptBlock&gt;, C:\Users\alexa\OneDrive\Documents\0. wizzense\opentofu-lab-automation\tests\unit\modules\CoreApp\NonInteractiveMode.Tests.ps1:116
at &lt;ScriptBlock&gt;, C:\Users\alexa\OneDrive\Documents\PowerShell\Modules\Pester\5.7.1\Pester.psm1:2024
at &lt;ScriptBlock&gt;, C:\Users\alexa\OneDrive\Documents\PowerShell\Modules\Pester\5.7.1\Pester.psm1:1985
at Invoke-ScriptBlock, C:\Users\alexa\OneDrive\Documents\PowerShell\Modules\Pester\5.7.1\Pester.psm1:2157
at Invoke-TestItem, C:\Users\alexa\OneDrive\Documents\PowerShell\Modules\Pester\5.7.1\Pester.psm1:1199
at Invoke-Block, C:\Users\alexa\OneDrive\Documents\PowerShell\Modules\Pester\5.7.1\Pester.psm1:835
at &lt;ScriptBlock&gt;, C:\Users\alexa\OneDrive\Documents\PowerShell\Modules\Pester\5.7.1\Pester.psm1:893
at &lt;ScriptBlock&gt;, C:\Users\alexa\OneDrive\Documents\PowerShell\Modules\Pester\5.7.1\Pester.psm1:2024
at &lt;ScriptBlock&gt;, C:\Users\alexa\OneDrive\Documents\PowerShell\Modules\Pester\5.7.1\Pester.psm1:1985
at Invoke-ScriptBlock, C:\Users\alexa\OneDrive\Documents\PowerShell\Modules\Pester\5.7.1\Pester.psm1:2160
at Invoke-Block, C:\Users\alexa\OneDrive\Documents\PowerShell\Modules\Pester\5.7.1\Pester.psm1:940
at &lt;ScriptBlock&gt;, C:\Users\alexa\OneDrive\Documents\PowerShell\Modules\Pester\5.7.1\Pester.psm1:893
at &lt;ScriptBlock&gt;, C:\Users\alexa\OneDrive\Documents\PowerShell\Modules\Pester\5.7.1\Pester.psm1:2024
at &lt;ScriptBlock&gt;, C:\Users\alexa\OneDrive\Documents\PowerShell\Modules\Pester\5.7.1\Pester.psm1:1985
at Invoke-ScriptBlock, C:\Users\alexa\OneDrive\Documents\PowerShell\Modules\Pester\5.7.1\Pester.psm1:2160
at Invoke-Block, C:\Users\alexa\OneDrive\Documents\PowerShell\Modules\Pester\5.7.1\Pester.psm1:940
at &lt;ScriptBlock&gt;, C:\Users\alexa\OneDrive\Documents\PowerShell\Modules\Pester\5.7.1\Pester.psm1:893
at &lt;ScriptBlock&gt;, C:\Users\alexa\OneDrive\Documents\PowerShell\Modules\Pester\5.7.1\Pester.psm1:2024
at &lt;ScriptBlock&gt;, C:\Users\alexa\OneDrive\Documents\PowerShell\Modules\Pester\5.7.1\Pester.psm1:1985
at Invoke-ScriptBlock, C:\Users\alexa\OneDrive\Documents\PowerShell\Modules\Pester\5.7.1\Pester.psm1:2160
at Invoke-Block, C:\Users\alexa\OneDrive\Documents\PowerShell\Modules\Pester\5.7.1\Pester.psm1:940
at &lt;ScriptBlock&gt;, C:\Users\alexa\OneDrive\Documents\PowerShell\Modules\Pester\5.7.1\Pester.psm1:1688
at &lt;ScriptBlock&gt;, C:\Users\alexa\OneDrive\Documents\PowerShell\Modules\Pester\5.7.1\Pester.ps1:3
at &lt;ScriptBlock&gt;, C:\Users\alexa\OneDrive\Documents\PowerShell\Modules\Pester\5.7.1\Pester.psm1:3260
at Invoke-InNewScriptScope, C:\Users\alexa\OneDrive\Documents\PowerShell\Modules\Pester\5.7.1\Pester.psm1:3267
at Run-Test, C:\Users\alexa\OneDrive\Documents\PowerShell\Modules\Pester\5.7.1\Pester.psm1:1691
at Invoke-Test, C:\Users\alexa\OneDrive\Documents\PowerShell\Modules\Pester\5.7.1\Pester.psm1:2512
at Invoke-Pester&lt;End&gt;, C:\Users\alexa\OneDrive\Documents\PowerShell\Modules\Pester\5.7.1\Pester.psm1:4960</stack-trace>
                    </failure>
                  </test-case>
                  <test-case description="Should handle missing configuration files gracefully" name="CoreApp Non-Interactive Mode.Basic Non-Interactive Mode.Should handle missing configuration files gracefully" time="0.0117" asserts="0" success="False" result="Failure" executed="True">
                    <failure>
                      <message>ParameterBindingException: A positional parameter cannot be found that accepts argument '-NonInteractive'.</message>
                      <stack-trace>at Invoke-CoreRunnerTest, C:\Users\alexa\OneDrive\Documents\0. wizzense\opentofu-lab-automation\tests\unit\modules\CoreApp\NonInteractiveMode.Tests.ps1:54
at &lt;ScriptBlock&gt;, C:\Users\alexa\OneDrive\Documents\0. wizzense\opentofu-lab-automation\tests\unit\modules\CoreApp\NonInteractiveMode.Tests.ps1:131
at &lt;ScriptBlock&gt;, C:\Users\alexa\OneDrive\Documents\PowerShell\Modules\Pester\5.7.1\Pester.psm1:2024
at &lt;ScriptBlock&gt;, C:\Users\alexa\OneDrive\Documents\PowerShell\Modules\Pester\5.7.1\Pester.psm1:1985
at Invoke-ScriptBlock, C:\Users\alexa\OneDrive\Documents\PowerShell\Modules\Pester\5.7.1\Pester.psm1:2157
at Invoke-TestItem, C:\Users\alexa\OneDrive\Documents\PowerShell\Modules\Pester\5.7.1\Pester.psm1:1199
at Invoke-Block, C:\Users\alexa\OneDrive\Documents\PowerShell\Modules\Pester\5.7.1\Pester.psm1:835
at &lt;ScriptBlock&gt;, C:\Users\alexa\OneDrive\Documents\PowerShell\Modules\Pester\5.7.1\Pester.psm1:893
at &lt;ScriptBlock&gt;, C:\Users\alexa\OneDrive\Documents\PowerShell\Modules\Pester\5.7.1\Pester.psm1:2024
at &lt;ScriptBlock&gt;, C:\Users\alexa\OneDrive\Documents\PowerShell\Modules\Pester\5.7.1\Pester.psm1:1985
at Invoke-ScriptBlock, C:\Users\alexa\OneDrive\Documents\PowerShell\Modules\Pester\5.7.1\Pester.psm1:2160
at Invoke-Block, C:\Users\alexa\OneDrive\Documents\PowerShell\Modules\Pester\5.7.1\Pester.psm1:940
at &lt;ScriptBlock&gt;, C:\Users\alexa\OneDrive\Documents\PowerShell\Modules\Pester\5.7.1\Pester.psm1:893
at &lt;ScriptBlock&gt;, C:\Users\alexa\OneDrive\Documents\PowerShell\Modules\Pester\5.7.1\Pester.psm1:2024
at &lt;ScriptBlock&gt;, C:\Users\alexa\OneDrive\Documents\PowerShell\Modules\Pester\5.7.1\Pester.psm1:1985
at Invoke-ScriptBlock, C:\Users\alexa\OneDrive\Documents\PowerShell\Modules\Pester\5.7.1\Pester.psm1:2160
at Invoke-Block, C:\Users\alexa\OneDrive\Documents\PowerShell\Modules\Pester\5.7.1\Pester.psm1:940
at &lt;ScriptBlock&gt;, C:\Users\alexa\OneDrive\Documents\PowerShell\Modules\Pester\5.7.1\Pester.psm1:893
at &lt;ScriptBlock&gt;, C:\Users\alexa\OneDrive\Documents\PowerShell\Modules\Pester\5.7.1\Pester.psm1:2024
at &lt;ScriptBlock&gt;, C:\Users\alexa\OneDrive\Documents\PowerShell\Modules\Pester\5.7.1\Pester.psm1:1985
at Invoke-ScriptBlock, C:\Users\alexa\OneDrive\Documents\PowerShell\Modules\Pester\5.7.1\Pester.psm1:2160
at Invoke-Block, C:\Users\alexa\OneDrive\Documents\PowerShell\Modules\Pester\5.7.1\Pester.psm1:940
at &lt;ScriptBlock&gt;, C:\Users\alexa\OneDrive\Documents\PowerShell\Modules\Pester\5.7.1\Pester.psm1:1688
at &lt;ScriptBlock&gt;, C:\Users\alexa\OneDrive\Documents\PowerShell\Modules\Pester\5.7.1\Pester.ps1:3
at &lt;ScriptBlock&gt;, C:\Users\alexa\OneDrive\Documents\PowerShell\Modules\Pester\5.7.1\Pester.psm1:3260
at Invoke-InNewScriptScope, C:\Users\alexa\OneDrive\Documents\PowerShell\Modules\Pester\5.7.1\Pester.psm1:3267
at Run-Test, C:\Users\alexa\OneDrive\Documents\PowerShell\Modules\Pester\5.7.1\Pester.psm1:1691
at Invoke-Test, C:\Users\alexa\OneDrive\Documents\PowerShell\Modules\Pester\5.7.1\Pester.psm1:2512
at Invoke-Pester&lt;End&gt;, C:\Users\alexa\OneDrive\Documents\PowerShell\Modules\Pester\5.7.1\Pester.psm1:4960</stack-trace>
                    </failure>
                  </test-case>
                </results>
              </test-suite>
              <test-suite type="TestFixture" name="CoreApp Non-Interactive Mode.Auto Mode Non-Interactive" executed="True" result="Failure" success="False" time="0.2238" asserts="0" description="CoreApp Non-Interactive Mode.Auto Mode Non-Interactive">
                <results>
                  <test-case description="Should execute all scripts in WhatIf mode without errors" name="CoreApp Non-Interactive Mode.Auto Mode Non-Interactive.Should execute all scripts in WhatIf mode without errors" time="0.0116" asserts="0" success="False" result="Failure" executed="True">
                    <failure>
                      <message>ParameterBindingException: A positional parameter cannot be found that accepts argument '-NonInteractive'.</message>
                      <stack-trace>at Invoke-CoreRunnerTest, C:\Users\alexa\OneDrive\Documents\0. wizzense\opentofu-lab-automation\tests\unit\modules\CoreApp\NonInteractiveMode.Tests.ps1:54
at &lt;ScriptBlock&gt;, C:\Users\alexa\OneDrive\Documents\0. wizzense\opentofu-lab-automation\tests\unit\modules\CoreApp\NonInteractiveMode.Tests.ps1:144
at &lt;ScriptBlock&gt;, C:\Users\alexa\OneDrive\Documents\PowerShell\Modules\Pester\5.7.1\Pester.psm1:2024
at &lt;ScriptBlock&gt;, C:\Users\alexa\OneDrive\Documents\PowerShell\Modules\Pester\5.7.1\Pester.psm1:1985
at Invoke-ScriptBlock, C:\Users\alexa\OneDrive\Documents\PowerShell\Modules\Pester\5.7.1\Pester.psm1:2157
at Invoke-TestItem, C:\Users\alexa\OneDrive\Documents\PowerShell\Modules\Pester\5.7.1\Pester.psm1:1199
at Invoke-Block, C:\Users\alexa\OneDrive\Documents\PowerShell\Modules\Pester\5.7.1\Pester.psm1:835
at &lt;ScriptBlock&gt;, C:\Users\alexa\OneDrive\Documents\PowerShell\Modules\Pester\5.7.1\Pester.psm1:893
at &lt;ScriptBlock&gt;, C:\Users\alexa\OneDrive\Documents\PowerShell\Modules\Pester\5.7.1\Pester.psm1:2024
at &lt;ScriptBlock&gt;, C:\Users\alexa\OneDrive\Documents\PowerShell\Modules\Pester\5.7.1\Pester.psm1:1985
at Invoke-ScriptBlock, C:\Users\alexa\OneDrive\Documents\PowerShell\Modules\Pester\5.7.1\Pester.psm1:2160
at Invoke-Block, C:\Users\alexa\OneDrive\Documents\PowerShell\Modules\Pester\5.7.1\Pester.psm1:940
at &lt;ScriptBlock&gt;, C:\Users\alexa\OneDrive\Documents\PowerShell\Modules\Pester\5.7.1\Pester.psm1:893
at &lt;ScriptBlock&gt;, C:\Users\alexa\OneDrive\Documents\PowerShell\Modules\Pester\5.7.1\Pester.psm1:2024
at &lt;ScriptBlock&gt;, C:\Users\alexa\OneDrive\Documents\PowerShell\Modules\Pester\5.7.1\Pester.psm1:1985
at Invoke-ScriptBlock, C:\Users\alexa\OneDrive\Documents\PowerShell\Modules\Pester\5.7.1\Pester.psm1:2160
at Invoke-Block, C:\Users\alexa\OneDrive\Documents\PowerShell\Modules\Pester\5.7.1\Pester.psm1:940
at &lt;ScriptBlock&gt;, C:\Users\alexa\OneDrive\Documents\PowerShell\Modules\Pester\5.7.1\Pester.psm1:893
at &lt;ScriptBlock&gt;, C:\Users\alexa\OneDrive\Documents\PowerShell\Modules\Pester\5.7.1\Pester.psm1:2024
at &lt;ScriptBlock&gt;, C:\Users\alexa\OneDrive\Documents\PowerShell\Modules\Pester\5.7.1\Pester.psm1:1985
at Invoke-ScriptBlock, C:\Users\alexa\OneDrive\Documents\PowerShell\Modules\Pester\5.7.1\Pester.psm1:2160
at Invoke-Block, C:\Users\alexa\OneDrive\Documents\PowerShell\Modules\Pester\5.7.1\Pester.psm1:940
at &lt;ScriptBlock&gt;, C:\Users\alexa\OneDrive\Documents\PowerShell\Modules\Pester\5.7.1\Pester.psm1:1688
at &lt;ScriptBlock&gt;, C:\Users\alexa\OneDrive\Documents\PowerShell\Modules\Pester\5.7.1\Pester.ps1:3
at &lt;ScriptBlock&gt;, C:\Users\alexa\OneDrive\Documents\PowerShell\Modules\Pester\5.7.1\Pester.psm1:3260
at Invoke-InNewScriptScope, C:\Users\alexa\OneDrive\Documents\PowerShell\Modules\Pester\5.7.1\Pester.psm1:3267
at Run-Test, C:\Users\alexa\OneDrive\Documents\PowerShell\Modules\Pester\5.7.1\Pester.psm1:1691
at Invoke-Test, C:\Users\alexa\OneDrive\Documents\PowerShell\Modules\Pester\5.7.1\Pester.psm1:2512
at Invoke-Pester&lt;End&gt;, C:\Users\alexa\OneDrive\Documents\PowerShell\Modules\Pester\5.7.1\Pester.psm1:4960</stack-trace>
                    </failure>
                  </test-case>
                  <test-case description="Should handle Auto mode with Force parameter" name="CoreApp Non-Interactive Mode.Auto Mode Non-Interactive.Should handle Auto mode with Force parameter" time="0.0255" asserts="0" success="False" result="Failure" executed="True">
                    <failure>
                      <message>ParameterBindingException: A positional parameter cannot be found that accepts argument '-NonInteractive'.</message>
                      <stack-trace>at Invoke-CoreRunnerTest, C:\Users\alexa\OneDrive\Documents\0. wizzense\opentofu-lab-automation\tests\unit\modules\CoreApp\NonInteractiveMode.Tests.ps1:54
at &lt;ScriptBlock&gt;, C:\Users\alexa\OneDrive\Documents\0. wizzense\opentofu-lab-automation\tests\unit\modules\CoreApp\NonInteractiveMode.Tests.ps1:157
at &lt;ScriptBlock&gt;, C:\Users\alexa\OneDrive\Documents\PowerShell\Modules\Pester\5.7.1\Pester.psm1:2024
at &lt;ScriptBlock&gt;, C:\Users\alexa\OneDrive\Documents\PowerShell\Modules\Pester\5.7.1\Pester.psm1:1985
at Invoke-ScriptBlock, C:\Users\alexa\OneDrive\Documents\PowerShell\Modules\Pester\5.7.1\Pester.psm1:2157
at Invoke-TestItem, C:\Users\alexa\OneDrive\Documents\PowerShell\Modules\Pester\5.7.1\Pester.psm1:1199
at Invoke-Block, C:\Users\alexa\OneDrive\Documents\PowerShell\Modules\Pester\5.7.1\Pester.psm1:835
at &lt;ScriptBlock&gt;, C:\Users\alexa\OneDrive\Documents\PowerShell\Modules\Pester\5.7.1\Pester.psm1:893
at &lt;ScriptBlock&gt;, C:\Users\alexa\OneDrive\Documents\PowerShell\Modules\Pester\5.7.1\Pester.psm1:2024
at &lt;ScriptBlock&gt;, C:\Users\alexa\OneDrive\Documents\PowerShell\Modules\Pester\5.7.1\Pester.psm1:1985
at Invoke-ScriptBlock, C:\Users\alexa\OneDrive\Documents\PowerShell\Modules\Pester\5.7.1\Pester.psm1:2160
at Invoke-Block, C:\Users\alexa\OneDrive\Documents\PowerShell\Modules\Pester\5.7.1\Pester.psm1:940
at &lt;ScriptBlock&gt;, C:\Users\alexa\OneDrive\Documents\PowerShell\Modules\Pester\5.7.1\Pester.psm1:893
at &lt;ScriptBlock&gt;, C:\Users\alexa\OneDrive\Documents\PowerShell\Modules\Pester\5.7.1\Pester.psm1:2024
at &lt;ScriptBlock&gt;, C:\Users\alexa\OneDrive\Documents\PowerShell\Modules\Pester\5.7.1\Pester.psm1:1985
at Invoke-ScriptBlock, C:\Users\alexa\OneDrive\Documents\PowerShell\Modules\Pester\5.7.1\Pester.psm1:2160
at Invoke-Block, C:\Users\alexa\OneDrive\Documents\PowerShell\Modules\Pester\5.7.1\Pester.psm1:940
at &lt;ScriptBlock&gt;, C:\Users\alexa\OneDrive\Documents\PowerShell\Modules\Pester\5.7.1\Pester.psm1:893
at &lt;ScriptBlock&gt;, C:\Users\alexa\OneDrive\Documents\PowerShell\Modules\Pester\5.7.1\Pester.psm1:2024
at &lt;ScriptBlock&gt;, C:\Users\alexa\OneDrive\Documents\PowerShell\Modules\Pester\5.7.1\Pester.psm1:1985
at Invoke-ScriptBlock, C:\Users\alexa\OneDrive\Documents\PowerShell\Modules\Pester\5.7.1\Pester.psm1:2160
at Invoke-Block, C:\Users\alexa\OneDrive\Documents\PowerShell\Modules\Pester\5.7.1\Pester.psm1:940
at &lt;ScriptBlock&gt;, C:\Users\alexa\OneDrive\Documents\PowerShell\Modules\Pester\5.7.1\Pester.psm1:1688
at &lt;ScriptBlock&gt;, C:\Users\alexa\OneDrive\Documents\PowerShell\Modules\Pester\5.7.1\Pester.ps1:3
at &lt;ScriptBlock&gt;, C:\Users\alexa\OneDrive\Documents\PowerShell\Modules\Pester\5.7.1\Pester.psm1:3260
at Invoke-InNewScriptScope, C:\Users\alexa\OneDrive\Documents\PowerShell\Modules\Pester\5.7.1\Pester.psm1:3267
at Run-Test, C:\Users\alexa\OneDrive\Documents\PowerShell\Modules\Pester\5.7.1\Pester.psm1:1691
at Invoke-Test, C:\Users\alexa\OneDrive\Documents\PowerShell\Modules\Pester\5.7.1\Pester.psm1:2512
at Invoke-Pester&lt;End&gt;, C:\Users\alexa\OneDrive\Documents\PowerShell\Modules\Pester\5.7.1\Pester.psm1:4960</stack-trace>
                    </failure>
                  </test-case>
                  <test-case description="Should complete within reasonable time limits" name="CoreApp Non-Interactive Mode.Auto Mode Non-Interactive.Should complete within reasonable time limits" time="0.0172" asserts="0" success="False" result="Failure" executed="True">
                    <failure>
                      <message>ParameterBindingException: A positional parameter cannot be found that accepts argument '-NonInteractive'.</message>
                      <stack-trace>at Invoke-CoreRunnerTest, C:\Users\alexa\OneDrive\Documents\0. wizzense\opentofu-lab-automation\tests\unit\modules\CoreApp\NonInteractiveMode.Tests.ps1:54
at &lt;ScriptBlock&gt;, C:\Users\alexa\OneDrive\Documents\0. wizzense\opentofu-lab-automation\tests\unit\modules\CoreApp\NonInteractiveMode.Tests.ps1:168
at &lt;ScriptBlock&gt;, C:\Users\alexa\OneDrive\Documents\PowerShell\Modules\Pester\5.7.1\Pester.psm1:2024
at &lt;ScriptBlock&gt;, C:\Users\alexa\OneDrive\Documents\PowerShell\Modules\Pester\5.7.1\Pester.psm1:1985
at Invoke-ScriptBlock, C:\Users\alexa\OneDrive\Documents\PowerShell\Modules\Pester\5.7.1\Pester.psm1:2157
at Invoke-TestItem, C:\Users\alexa\OneDrive\Documents\PowerShell\Modules\Pester\5.7.1\Pester.psm1:1199
at Invoke-Block, C:\Users\alexa\OneDrive\Documents\PowerShell\Modules\Pester\5.7.1\Pester.psm1:835
at &lt;ScriptBlock&gt;, C:\Users\alexa\OneDrive\Documents\PowerShell\Modules\Pester\5.7.1\Pester.psm1:893
at &lt;ScriptBlock&gt;, C:\Users\alexa\OneDrive\Documents\PowerShell\Modules\Pester\5.7.1\Pester.psm1:2024
at &lt;ScriptBlock&gt;, C:\Users\alexa\OneDrive\Documents\PowerShell\Modules\Pester\5.7.1\Pester.psm1:1985
at Invoke-ScriptBlock, C:\Users\alexa\OneDrive\Documents\PowerShell\Modules\Pester\5.7.1\Pester.psm1:2160
at Invoke-Block, C:\Users\alexa\OneDrive\Documents\PowerShell\Modules\Pester\5.7.1\Pester.psm1:940
at &lt;ScriptBlock&gt;, C:\Users\alexa\OneDrive\Documents\PowerShell\Modules\Pester\5.7.1\Pester.psm1:893
at &lt;ScriptBlock&gt;, C:\Users\alexa\OneDrive\Documents\PowerShell\Modules\Pester\5.7.1\Pester.psm1:2024
at &lt;ScriptBlock&gt;, C:\Users\alexa\OneDrive\Documents\PowerShell\Modules\Pester\5.7.1\Pester.psm1:1985
at Invoke-ScriptBlock, C:\Users\alexa\OneDrive\Documents\PowerShell\Modules\Pester\5.7.1\Pester.psm1:2160
at Invoke-Block, C:\Users\alexa\OneDrive\Documents\PowerShell\Modules\Pester\5.7.1\Pester.psm1:940
at &lt;ScriptBlock&gt;, C:\Users\alexa\OneDrive\Documents\PowerShell\Modules\Pester\5.7.1\Pester.psm1:893
at &lt;ScriptBlock&gt;, C:\Users\alexa\OneDrive\Documents\PowerShell\Modules\Pester\5.7.1\Pester.psm1:2024
at &lt;ScriptBlock&gt;, C:\Users\alexa\OneDrive\Documents\PowerShell\Modules\Pester\5.7.1\Pester.psm1:1985
at Invoke-ScriptBlock, C:\Users\alexa\OneDrive\Documents\PowerShell\Modules\Pester\5.7.1\Pester.psm1:2160
at Invoke-Block, C:\Users\alexa\OneDrive\Documents\PowerShell\Modules\Pester\5.7.1\Pester.psm1:940
at &lt;ScriptBlock&gt;, C:\Users\alexa\OneDrive\Documents\PowerShell\Modules\Pester\5.7.1\Pester.psm1:1688
at &lt;ScriptBlock&gt;, C:\Users\alexa\OneDrive\Documents\PowerShell\Modules\Pester\5.7.1\Pester.ps1:3
at &lt;ScriptBlock&gt;, C:\Users\alexa\OneDrive\Documents\PowerShell\Modules\Pester\5.7.1\Pester.psm1:3260
at Invoke-InNewScriptScope, C:\Users\alexa\OneDrive\Documents\PowerShell\Modules\Pester\5.7.1\Pester.psm1:3267
at Run-Test, C:\Users\alexa\OneDrive\Documents\PowerShell\Modules\Pester\5.7.1\Pester.psm1:1691
at Invoke-Test, C:\Users\alexa\OneDrive\Documents\PowerShell\Modules\Pester\5.7.1\Pester.psm1:2512
at Invoke-Pester&lt;End&gt;, C:\Users\alexa\OneDrive\Documents\PowerShell\Modules\Pester\5.7.1\Pester.psm1:4960</stack-trace>
                    </failure>
                  </test-case>
                </results>
              </test-suite>
              <test-suite type="TestFixture" name="CoreApp Non-Interactive Mode.Specific Script Execution" executed="True" result="Failure" success="False" time="0.2641" asserts="0" description="CoreApp Non-Interactive Mode.Specific Script Execution">
                <results>
                  <test-case description="Should execute a specific script in WhatIf mode" name="CoreApp Non-Interactive Mode.Specific Script Execution.Should execute a specific script in WhatIf mode" time="0.0112" asserts="0" success="False" result="Failure" executed="True">
                    <failure>
                      <message>ParameterBindingException: A positional parameter cannot be found that accepts argument '-NonInteractive'.</message>
                      <stack-trace>at Invoke-CoreRunnerTest, C:\Users\alexa\OneDrive\Documents\0. wizzense\opentofu-lab-automation\tests\unit\modules\CoreApp\NonInteractiveMode.Tests.ps1:54
at &lt;ScriptBlock&gt;, C:\Users\alexa\OneDrive\Documents\0. wizzense\opentofu-lab-automation\tests\unit\modules\CoreApp\NonInteractiveMode.Tests.ps1:181
at &lt;ScriptBlock&gt;, C:\Users\alexa\OneDrive\Documents\PowerShell\Modules\Pester\5.7.1\Pester.psm1:2024
at &lt;ScriptBlock&gt;, C:\Users\alexa\OneDrive\Documents\PowerShell\Modules\Pester\5.7.1\Pester.psm1:1985
at Invoke-ScriptBlock, C:\Users\alexa\OneDrive\Documents\PowerShell\Modules\Pester\5.7.1\Pester.psm1:2157
at Invoke-TestItem, C:\Users\alexa\OneDrive\Documents\PowerShell\Modules\Pester\5.7.1\Pester.psm1:1199
at Invoke-Block, C:\Users\alexa\OneDrive\Documents\PowerShell\Modules\Pester\5.7.1\Pester.psm1:835
at &lt;ScriptBlock&gt;, C:\Users\alexa\OneDrive\Documents\PowerShell\Modules\Pester\5.7.1\Pester.psm1:893
at &lt;ScriptBlock&gt;, C:\Users\alexa\OneDrive\Documents\PowerShell\Modules\Pester\5.7.1\Pester.psm1:2024
at &lt;ScriptBlock&gt;, C:\Users\alexa\OneDrive\Documents\PowerShell\Modules\Pester\5.7.1\Pester.psm1:1985
at Invoke-ScriptBlock, C:\Users\alexa\OneDrive\Documents\PowerShell\Modules\Pester\5.7.1\Pester.psm1:2160
at Invoke-Block, C:\Users\alexa\OneDrive\Documents\PowerShell\Modules\Pester\5.7.1\Pester.psm1:940
at &lt;ScriptBlock&gt;, C:\Users\alexa\OneDrive\Documents\PowerShell\Modules\Pester\5.7.1\Pester.psm1:893
at &lt;ScriptBlock&gt;, C:\Users\alexa\OneDrive\Documents\PowerShell\Modules\Pester\5.7.1\Pester.psm1:2024
at &lt;ScriptBlock&gt;, C:\Users\alexa\OneDrive\Documents\PowerShell\Modules\Pester\5.7.1\Pester.psm1:1985
at Invoke-ScriptBlock, C:\Users\alexa\OneDrive\Documents\PowerShell\Modules\Pester\5.7.1\Pester.psm1:2160
at Invoke-Block, C:\Users\alexa\OneDrive\Documents\PowerShell\Modules\Pester\5.7.1\Pester.psm1:940
at &lt;ScriptBlock&gt;, C:\Users\alexa\OneDrive\Documents\PowerShell\Modules\Pester\5.7.1\Pester.psm1:893
at &lt;ScriptBlock&gt;, C:\Users\alexa\OneDrive\Documents\PowerShell\Modules\Pester\5.7.1\Pester.psm1:2024
at &lt;ScriptBlock&gt;, C:\Users\alexa\OneDrive\Documents\PowerShell\Modules\Pester\5.7.1\Pester.psm1:1985
at Invoke-ScriptBlock, C:\Users\alexa\OneDrive\Documents\PowerShell\Modules\Pester\5.7.1\Pester.psm1:2160
at Invoke-Block, C:\Users\alexa\OneDrive\Documents\PowerShell\Modules\Pester\5.7.1\Pester.psm1:940
at &lt;ScriptBlock&gt;, C:\Users\alexa\OneDrive\Documents\PowerShell\Modules\Pester\5.7.1\Pester.psm1:1688
at &lt;ScriptBlock&gt;, C:\Users\alexa\OneDrive\Documents\PowerShell\Modules\Pester\5.7.1\Pester.ps1:3
at &lt;ScriptBlock&gt;, C:\Users\alexa\OneDrive\Documents\PowerShell\Modules\Pester\5.7.1\Pester.psm1:3260
at Invoke-InNewScriptScope, C:\Users\alexa\OneDrive\Documents\PowerShell\Modules\Pester\5.7.1\Pester.psm1:3267
at Run-Test, C:\Users\alexa\OneDrive\Documents\PowerShell\Modules\Pester\5.7.1\Pester.psm1:1691
at Invoke-Test, C:\Users\alexa\OneDrive\Documents\PowerShell\Modules\Pester\5.7.1\Pester.psm1:2512
at Invoke-Pester&lt;End&gt;, C:\Users\alexa\OneDrive\Documents\PowerShell\Modules\Pester\5.7.1\Pester.psm1:4960</stack-trace>
                    </failure>
                  </test-case>
                  <test-case description="Should handle multiple specific scripts" name="CoreApp Non-Interactive Mode.Specific Script Execution.Should handle multiple specific scripts" time="0.0099" asserts="0" success="False" result="Failure" executed="True">
                    <failure>
                      <message>ParameterBindingException: A positional parameter cannot be found that accepts argument '-NonInteractive'.</message>
                      <stack-trace>at Invoke-CoreRunnerTest, C:\Users\alexa\OneDrive\Documents\0. wizzense\opentofu-lab-automation\tests\unit\modules\CoreApp\NonInteractiveMode.Tests.ps1:54
at &lt;ScriptBlock&gt;, C:\Users\alexa\OneDrive\Documents\0. wizzense\opentofu-lab-automation\tests\unit\modules\CoreApp\NonInteractiveMode.Tests.ps1:193
at &lt;ScriptBlock&gt;, C:\Users\alexa\OneDrive\Documents\PowerShell\Modules\Pester\5.7.1\Pester.psm1:2024
at &lt;ScriptBlock&gt;, C:\Users\alexa\OneDrive\Documents\PowerShell\Modules\Pester\5.7.1\Pester.psm1:1985
at Invoke-ScriptBlock, C:\Users\alexa\OneDrive\Documents\PowerShell\Modules\Pester\5.7.1\Pester.psm1:2157
at Invoke-TestItem, C:\Users\alexa\OneDrive\Documents\PowerShell\Modules\Pester\5.7.1\Pester.psm1:1199
at Invoke-Block, C:\Users\alexa\OneDrive\Documents\PowerShell\Modules\Pester\5.7.1\Pester.psm1:835
at &lt;ScriptBlock&gt;, C:\Users\alexa\OneDrive\Documents\PowerShell\Modules\Pester\5.7.1\Pester.psm1:893
at &lt;ScriptBlock&gt;, C:\Users\alexa\OneDrive\Documents\PowerShell\Modules\Pester\5.7.1\Pester.psm1:2024
at &lt;ScriptBlock&gt;, C:\Users\alexa\OneDrive\Documents\PowerShell\Modules\Pester\5.7.1\Pester.psm1:1985
at Invoke-ScriptBlock, C:\Users\alexa\OneDrive\Documents\PowerShell\Modules\Pester\5.7.1\Pester.psm1:2160
at Invoke-Block, C:\Users\alexa\OneDrive\Documents\PowerShell\Modules\Pester\5.7.1\Pester.psm1:940
at &lt;ScriptBlock&gt;, C:\Users\alexa\OneDrive\Documents\PowerShell\Modules\Pester\5.7.1\Pester.psm1:893
at &lt;ScriptBlock&gt;, C:\Users\alexa\OneDrive\Documents\PowerShell\Modules\Pester\5.7.1\Pester.psm1:2024
at &lt;ScriptBlock&gt;, C:\Users\alexa\OneDrive\Documents\PowerShell\Modules\Pester\5.7.1\Pester.psm1:1985
at Invoke-ScriptBlock, C:\Users\alexa\OneDrive\Documents\PowerShell\Modules\Pester\5.7.1\Pester.psm1:2160
at Invoke-Block, C:\Users\alexa\OneDrive\Documents\PowerShell\Modules\Pester\5.7.1\Pester.psm1:940
at &lt;ScriptBlock&gt;, C:\Users\alexa\OneDrive\Documents\PowerShell\Modules\Pester\5.7.1\Pester.psm1:893
at &lt;ScriptBlock&gt;, C:\Users\alexa\OneDrive\Documents\PowerShell\Modules\Pester\5.7.1\Pester.psm1:2024
at &lt;ScriptBlock&gt;, C:\Users\alexa\OneDrive\Documents\PowerShell\Modules\Pester\5.7.1\Pester.psm1:1985
at Invoke-ScriptBlock, C:\Users\alexa\OneDrive\Documents\PowerShell\Modules\Pester\5.7.1\Pester.psm1:2160
at Invoke-Block, C:\Users\alexa\OneDrive\Documents\PowerShell\Modules\Pester\5.7.1\Pester.psm1:940
at &lt;ScriptBlock&gt;, C:\Users\alexa\OneDrive\Documents\PowerShell\Modules\Pester\5.7.1\Pester.psm1:1688
at &lt;ScriptBlock&gt;, C:\Users\alexa\OneDrive\Documents\PowerShell\Modules\Pester\5.7.1\Pester.ps1:3
at &lt;ScriptBlock&gt;, C:\Users\alexa\OneDrive\Documents\PowerShell\Modules\Pester\5.7.1\Pester.psm1:3260
at Invoke-InNewScriptScope, C:\Users\alexa\OneDrive\Documents\PowerShell\Modules\Pester\5.7.1\Pester.psm1:3267
at Run-Test, C:\Users\alexa\OneDrive\Documents\PowerShell\Modules\Pester\5.7.1\Pester.psm1:1691
at Invoke-Test, C:\Users\alexa\OneDrive\Documents\PowerShell\Modules\Pester\5.7.1\Pester.psm1:2512
at Invoke-Pester&lt;End&gt;, C:\Users\alexa\OneDrive\Documents\PowerShell\Modules\Pester\5.7.1\Pester.psm1:4960</stack-trace>
                    </failure>
                  </test-case>
                  <test-case description="Should handle nonexistent script gracefully" name="CoreApp Non-Interactive Mode.Specific Script Execution.Should handle nonexistent script gracefully" time="0.0149" asserts="0" success="False" result="Failure" executed="True">
                    <failure>
                      <message>ParameterBindingException: A positional parameter cannot be found that accepts argument '-NonInteractive'.</message>
                      <stack-trace>at Invoke-CoreRunnerTest, C:\Users\alexa\OneDrive\Documents\0. wizzense\opentofu-lab-automation\tests\unit\modules\CoreApp\NonInteractiveMode.Tests.ps1:54
at &lt;ScriptBlock&gt;, C:\Users\alexa\OneDrive\Documents\0. wizzense\opentofu-lab-automation\tests\unit\modules\CoreApp\NonInteractiveMode.Tests.ps1:205
at &lt;ScriptBlock&gt;, C:\Users\alexa\OneDrive\Documents\PowerShell\Modules\Pester\5.7.1\Pester.psm1:2024
at &lt;ScriptBlock&gt;, C:\Users\alexa\OneDrive\Documents\PowerShell\Modules\Pester\5.7.1\Pester.psm1:1985
at Invoke-ScriptBlock, C:\Users\alexa\OneDrive\Documents\PowerShell\Modules\Pester\5.7.1\Pester.psm1:2157
at Invoke-TestItem, C:\Users\alexa\OneDrive\Documents\PowerShell\Modules\Pester\5.7.1\Pester.psm1:1199
at Invoke-Block, C:\Users\alexa\OneDrive\Documents\PowerShell\Modules\Pester\5.7.1\Pester.psm1:835
at &lt;ScriptBlock&gt;, C:\Users\alexa\OneDrive\Documents\PowerShell\Modules\Pester\5.7.1\Pester.psm1:893
at &lt;ScriptBlock&gt;, C:\Users\alexa\OneDrive\Documents\PowerShell\Modules\Pester\5.7.1\Pester.psm1:2024
at &lt;ScriptBlock&gt;, C:\Users\alexa\OneDrive\Documents\PowerShell\Modules\Pester\5.7.1\Pester.psm1:1985
at Invoke-ScriptBlock, C:\Users\alexa\OneDrive\Documents\PowerShell\Modules\Pester\5.7.1\Pester.psm1:2160
at Invoke-Block, C:\Users\alexa\OneDrive\Documents\PowerShell\Modules\Pester\5.7.1\Pester.psm1:940
at &lt;ScriptBlock&gt;, C:\Users\alexa\OneDrive\Documents\PowerShell\Modules\Pester\5.7.1\Pester.psm1:893
at &lt;ScriptBlock&gt;, C:\Users\alexa\OneDrive\Documents\PowerShell\Modules\Pester\5.7.1\Pester.psm1:2024
at &lt;ScriptBlock&gt;, C:\Users\alexa\OneDrive\Documents\PowerShell\Modules\Pester\5.7.1\Pester.psm1:1985
at Invoke-ScriptBlock, C:\Users\alexa\OneDrive\Documents\PowerShell\Modules\Pester\5.7.1\Pester.psm1:2160
at Invoke-Block, C:\Users\alexa\OneDrive\Documents\PowerShell\Modules\Pester\5.7.1\Pester.psm1:940
at &lt;ScriptBlock&gt;, C:\Users\alexa\OneDrive\Documents\PowerShell\Modules\Pester\5.7.1\Pester.psm1:893
at &lt;ScriptBlock&gt;, C:\Users\alexa\OneDrive\Documents\PowerShell\Modules\Pester\5.7.1\Pester.psm1:2024
at &lt;ScriptBlock&gt;, C:\Users\alexa\OneDrive\Documents\PowerShell\Modules\Pester\5.7.1\Pester.psm1:1985
at Invoke-ScriptBlock, C:\Users\alexa\OneDrive\Documents\PowerShell\Modules\Pester\5.7.1\Pester.psm1:2160
at Invoke-Block, C:\Users\alexa\OneDrive\Documents\PowerShell\Modules\Pester\5.7.1\Pester.psm1:940
at &lt;ScriptBlock&gt;, C:\Users\alexa\OneDrive\Documents\PowerShell\Modules\Pester\5.7.1\Pester.psm1:1688
at &lt;ScriptBlock&gt;, C:\Users\alexa\OneDrive\Documents\PowerShell\Modules\Pester\5.7.1\Pester.ps1:3
at &lt;ScriptBlock&gt;, C:\Users\alexa\OneDrive\Documents\PowerShell\Modules\Pester\5.7.1\Pester.psm1:3260
at Invoke-InNewScriptScope, C:\Users\alexa\OneDrive\Documents\PowerShell\Modules\Pester\5.7.1\Pester.psm1:3267
at Run-Test, C:\Users\alexa\OneDrive\Documents\PowerShell\Modules\Pester\5.7.1\Pester.psm1:1691
at Invoke-Test, C:\Users\alexa\OneDrive\Documents\PowerShell\Modules\Pester\5.7.1\Pester.psm1:2512
at Invoke-Pester&lt;End&gt;, C:\Users\alexa\OneDrive\Documents\PowerShell\Modules\Pester\5.7.1\Pester.psm1:4960</stack-trace>
                    </failure>
                  </test-case>
                </results>
              </test-suite>
              <test-suite type="TestFixture" name="CoreApp Non-Interactive Mode.Error Handling and Edge Cases" executed="True" result="Failure" success="False" time="0.3081" asserts="0" description="CoreApp Non-Interactive Mode.Error Handling and Edge Cases">
                <results>
                  <test-case description="Should handle empty script parameter gracefully" name="CoreApp Non-Interactive Mode.Error Handling and Edge Cases.Should handle empty script parameter gracefully" time="0.0132" asserts="0" success="False" result="Failure" executed="True">
                    <failure>
                      <message>ParameterBindingException: A positional parameter cannot be found that accepts argument '-NonInteractive'.</message>
                      <stack-trace>at Invoke-CoreRunnerTest, C:\Users\alexa\OneDrive\Documents\0. wizzense\opentofu-lab-automation\tests\unit\modules\CoreApp\NonInteractiveMode.Tests.ps1:54
at &lt;ScriptBlock&gt;, C:\Users\alexa\OneDrive\Documents\0. wizzense\opentofu-lab-automation\tests\unit\modules\CoreApp\NonInteractiveMode.Tests.ps1:218
at &lt;ScriptBlock&gt;, C:\Users\alexa\OneDrive\Documents\PowerShell\Modules\Pester\5.7.1\Pester.psm1:2024
at &lt;ScriptBlock&gt;, C:\Users\alexa\OneDrive\Documents\PowerShell\Modules\Pester\5.7.1\Pester.psm1:1985
at Invoke-ScriptBlock, C:\Users\alexa\OneDrive\Documents\PowerShell\Modules\Pester\5.7.1\Pester.psm1:2157
at Invoke-TestItem, C:\Users\alexa\OneDrive\Documents\PowerShell\Modules\Pester\5.7.1\Pester.psm1:1199
at Invoke-Block, C:\Users\alexa\OneDrive\Documents\PowerShell\Modules\Pester\5.7.1\Pester.psm1:835
at &lt;ScriptBlock&gt;, C:\Users\alexa\OneDrive\Documents\PowerShell\Modules\Pester\5.7.1\Pester.psm1:893
at &lt;ScriptBlock&gt;, C:\Users\alexa\OneDrive\Documents\PowerShell\Modules\Pester\5.7.1\Pester.psm1:2024
at &lt;ScriptBlock&gt;, C:\Users\alexa\OneDrive\Documents\PowerShell\Modules\Pester\5.7.1\Pester.psm1:1985
at Invoke-ScriptBlock, C:\Users\alexa\OneDrive\Documents\PowerShell\Modules\Pester\5.7.1\Pester.psm1:2160
at Invoke-Block, C:\Users\alexa\OneDrive\Documents\PowerShell\Modules\Pester\5.7.1\Pester.psm1:940
at &lt;ScriptBlock&gt;, C:\Users\alexa\OneDrive\Documents\PowerShell\Modules\Pester\5.7.1\Pester.psm1:893
at &lt;ScriptBlock&gt;, C:\Users\alexa\OneDrive\Documents\PowerShell\Modules\Pester\5.7.1\Pester.psm1:2024
at &lt;ScriptBlock&gt;, C:\Users\alexa\OneDrive\Documents\PowerShell\Modules\Pester\5.7.1\Pester.psm1:1985
at Invoke-ScriptBlock, C:\Users\alexa\OneDrive\Documents\PowerShell\Modules\Pester\5.7.1\Pester.psm1:2160
at Invoke-Block, C:\Users\alexa\OneDrive\Documents\PowerShell\Modules\Pester\5.7.1\Pester.psm1:940
at &lt;ScriptBlock&gt;, C:\Users\alexa\OneDrive\Documents\PowerShell\Modules\Pester\5.7.1\Pester.psm1:893
at &lt;ScriptBlock&gt;, C:\Users\alexa\OneDrive\Documents\PowerShell\Modules\Pester\5.7.1\Pester.psm1:2024
at &lt;ScriptBlock&gt;, C:\Users\alexa\OneDrive\Documents\PowerShell\Modules\Pester\5.7.1\Pester.psm1:1985
at Invoke-ScriptBlock, C:\Users\alexa\OneDrive\Documents\PowerShell\Modules\Pester\5.7.1\Pester.psm1:2160
at Invoke-Block, C:\Users\alexa\OneDrive\Documents\PowerShell\Modules\Pester\5.7.1\Pester.psm1:940
at &lt;ScriptBlock&gt;, C:\Users\alexa\OneDrive\Documents\PowerShell\Modules\Pester\5.7.1\Pester.psm1:1688
at &lt;ScriptBlock&gt;, C:\Users\alexa\OneDrive\Documents\PowerShell\Modules\Pester\5.7.1\Pester.ps1:3
at &lt;ScriptBlock&gt;, C:\Users\alexa\OneDrive\Documents\PowerShell\Modules\Pester\5.7.1\Pester.psm1:3260
at Invoke-InNewScriptScope, C:\Users\alexa\OneDrive\Documents\PowerShell\Modules\Pester\5.7.1\Pester.psm1:3267
at Run-Test, C:\Users\alexa\OneDrive\Documents\PowerShell\Modules\Pester\5.7.1\Pester.psm1:1691
at Invoke-Test, C:\Users\alexa\OneDrive\Documents\PowerShell\Modules\Pester\5.7.1\Pester.psm1:2512
at Invoke-Pester&lt;End&gt;, C:\Users\alexa\OneDrive\Documents\PowerShell\Modules\Pester\5.7.1\Pester.psm1:4960</stack-trace>
                    </failure>
                  </test-case>
                  <test-case description="Should properly detect non-interactive mode automatically" name="CoreApp Non-Interactive Mode.Error Handling and Edge Cases.Should properly detect non-interactive mode automatically" time="0.0126" asserts="0" success="False" result="Failure" executed="True">
                    <failure>
                      <message>ParameterBindingException: A positional parameter cannot be found that accepts argument '-Verbosity'.</message>
                      <stack-trace>at Invoke-CoreRunnerTest, C:\Users\alexa\OneDrive\Documents\0. wizzense\opentofu-lab-automation\tests\unit\modules\CoreApp\NonInteractiveMode.Tests.ps1:54
at &lt;ScriptBlock&gt;, C:\Users\alexa\OneDrive\Documents\0. wizzense\opentofu-lab-automation\tests\unit\modules\CoreApp\NonInteractiveMode.Tests.ps1:230
at &lt;ScriptBlock&gt;, C:\Users\alexa\OneDrive\Documents\PowerShell\Modules\Pester\5.7.1\Pester.psm1:2024
at &lt;ScriptBlock&gt;, C:\Users\alexa\OneDrive\Documents\PowerShell\Modules\Pester\5.7.1\Pester.psm1:1985
at Invoke-ScriptBlock, C:\Users\alexa\OneDrive\Documents\PowerShell\Modules\Pester\5.7.1\Pester.psm1:2157
at Invoke-TestItem, C:\Users\alexa\OneDrive\Documents\PowerShell\Modules\Pester\5.7.1\Pester.psm1:1199
at Invoke-Block, C:\Users\alexa\OneDrive\Documents\PowerShell\Modules\Pester\5.7.1\Pester.psm1:835
at &lt;ScriptBlock&gt;, C:\Users\alexa\OneDrive\Documents\PowerShell\Modules\Pester\5.7.1\Pester.psm1:893
at &lt;ScriptBlock&gt;, C:\Users\alexa\OneDrive\Documents\PowerShell\Modules\Pester\5.7.1\Pester.psm1:2024
at &lt;ScriptBlock&gt;, C:\Users\alexa\OneDrive\Documents\PowerShell\Modules\Pester\5.7.1\Pester.psm1:1985
at Invoke-ScriptBlock, C:\Users\alexa\OneDrive\Documents\PowerShell\Modules\Pester\5.7.1\Pester.psm1:2160
at Invoke-Block, C:\Users\alexa\OneDrive\Documents\PowerShell\Modules\Pester\5.7.1\Pester.psm1:940
at &lt;ScriptBlock&gt;, C:\Users\alexa\OneDrive\Documents\PowerShell\Modules\Pester\5.7.1\Pester.psm1:893
at &lt;ScriptBlock&gt;, C:\Users\alexa\OneDrive\Documents\PowerShell\Modules\Pester\5.7.1\Pester.psm1:2024
at &lt;ScriptBlock&gt;, C:\Users\alexa\OneDrive\Documents\PowerShell\Modules\Pester\5.7.1\Pester.psm1:1985
at Invoke-ScriptBlock, C:\Users\alexa\OneDrive\Documents\PowerShell\Modules\Pester\5.7.1\Pester.psm1:2160
at Invoke-Block, C:\Users\alexa\OneDrive\Documents\PowerShell\Modules\Pester\5.7.1\Pester.psm1:940
at &lt;ScriptBlock&gt;, C:\Users\alexa\OneDrive\Documents\PowerShell\Modules\Pester\5.7.1\Pester.psm1:893
at &lt;ScriptBlock&gt;, C:\Users\alexa\OneDrive\Documents\PowerShell\Modules\Pester\5.7.1\Pester.psm1:2024
at &lt;ScriptBlock&gt;, C:\Users\alexa\OneDrive\Documents\PowerShell\Modules\Pester\5.7.1\Pester.psm1:1985
at Invoke-ScriptBlock, C:\Users\alexa\OneDrive\Documents\PowerShell\Modules\Pester\5.7.1\Pester.psm1:2160
at Invoke-Block, C:\Users\alexa\OneDrive\Documents\PowerShell\Modules\Pester\5.7.1\Pester.psm1:940
at &lt;ScriptBlock&gt;, C:\Users\alexa\OneDrive\Documents\PowerShell\Modules\Pester\5.7.1\Pester.psm1:1688
at &lt;ScriptBlock&gt;, C:\Users\alexa\OneDrive\Documents\PowerShell\Modules\Pester\5.7.1\Pester.ps1:3
at &lt;ScriptBlock&gt;, C:\Users\alexa\OneDrive\Documents\PowerShell\Modules\Pester\5.7.1\Pester.psm1:3260
at Invoke-InNewScriptScope, C:\Users\alexa\OneDrive\Documents\PowerShell\Modules\Pester\5.7.1\Pester.psm1:3267
at Run-Test, C:\Users\alexa\OneDrive\Documents\PowerShell\Modules\Pester\5.7.1\Pester.psm1:1691
at Invoke-Test, C:\Users\alexa\OneDrive\Documents\PowerShell\Modules\Pester\5.7.1\Pester.psm1:2512
at Invoke-Pester&lt;End&gt;, C:\Users\alexa\OneDrive\Documents\PowerShell\Modules\Pester\5.7.1\Pester.psm1:4960</stack-trace>
                    </failure>
                  </test-case>
                  <test-case description="Should maintain consistent exit codes across runs" name="CoreApp Non-Interactive Mode.Error Handling and Edge Cases.Should maintain consistent exit codes across runs" time="0.0142" asserts="0" success="False" result="Failure" executed="True">
                    <failure>
                      <message>ParameterBindingException: A positional parameter cannot be found that accepts argument '-NonInteractive'.</message>
                      <stack-trace>at Invoke-CoreRunnerTest, C:\Users\alexa\OneDrive\Documents\0. wizzense\opentofu-lab-automation\tests\unit\modules\CoreApp\NonInteractiveMode.Tests.ps1:54
at &lt;ScriptBlock&gt;, C:\Users\alexa\OneDrive\Documents\0. wizzense\opentofu-lab-automation\tests\unit\modules\CoreApp\NonInteractiveMode.Tests.ps1:245
at &lt;ScriptBlock&gt;, C:\Users\alexa\OneDrive\Documents\0. wizzense\opentofu-lab-automation\tests\unit\modules\CoreApp\NonInteractiveMode.Tests.ps1:244
at &lt;ScriptBlock&gt;, C:\Users\alexa\OneDrive\Documents\PowerShell\Modules\Pester\5.7.1\Pester.psm1:2024
at &lt;ScriptBlock&gt;, C:\Users\alexa\OneDrive\Documents\PowerShell\Modules\Pester\5.7.1\Pester.psm1:1985
at Invoke-ScriptBlock, C:\Users\alexa\OneDrive\Documents\PowerShell\Modules\Pester\5.7.1\Pester.psm1:2157
at Invoke-TestItem, C:\Users\alexa\OneDrive\Documents\PowerShell\Modules\Pester\5.7.1\Pester.psm1:1199
at Invoke-Block, C:\Users\alexa\OneDrive\Documents\PowerShell\Modules\Pester\5.7.1\Pester.psm1:835
at &lt;ScriptBlock&gt;, C:\Users\alexa\OneDrive\Documents\PowerShell\Modules\Pester\5.7.1\Pester.psm1:893
at &lt;ScriptBlock&gt;, C:\Users\alexa\OneDrive\Documents\PowerShell\Modules\Pester\5.7.1\Pester.psm1:2024
at &lt;ScriptBlock&gt;, C:\Users\alexa\OneDrive\Documents\PowerShell\Modules\Pester\5.7.1\Pester.psm1:1985
at Invoke-ScriptBlock, C:\Users\alexa\OneDrive\Documents\PowerShell\Modules\Pester\5.7.1\Pester.psm1:2160
at Invoke-Block, C:\Users\alexa\OneDrive\Documents\PowerShell\Modules\Pester\5.7.1\Pester.psm1:940
at &lt;ScriptBlock&gt;, C:\Users\alexa\OneDrive\Documents\PowerShell\Modules\Pester\5.7.1\Pester.psm1:893
at &lt;ScriptBlock&gt;, C:\Users\alexa\OneDrive\Documents\PowerShell\Modules\Pester\5.7.1\Pester.psm1:2024
at &lt;ScriptBlock&gt;, C:\Users\alexa\OneDrive\Documents\PowerShell\Modules\Pester\5.7.1\Pester.psm1:1985
at Invoke-ScriptBlock, C:\Users\alexa\OneDrive\Documents\PowerShell\Modules\Pester\5.7.1\Pester.psm1:2160
at Invoke-Block, C:\Users\alexa\OneDrive\Documents\PowerShell\Modules\Pester\5.7.1\Pester.psm1:940
at &lt;ScriptBlock&gt;, C:\Users\alexa\OneDrive\Documents\PowerShell\Modules\Pester\5.7.1\Pester.psm1:893
at &lt;ScriptBlock&gt;, C:\Users\alexa\OneDrive\Documents\PowerShell\Modules\Pester\5.7.1\Pester.psm1:2024
at &lt;ScriptBlock&gt;, C:\Users\alexa\OneDrive\Documents\PowerShell\Modules\Pester\5.7.1\Pester.psm1:1985
at Invoke-ScriptBlock, C:\Users\alexa\OneDrive\Documents\PowerShell\Modules\Pester\5.7.1\Pester.psm1:2160
at Invoke-Block, C:\Users\alexa\OneDrive\Documents\PowerShell\Modules\Pester\5.7.1\Pester.psm1:940
at &lt;ScriptBlock&gt;, C:\Users\alexa\OneDrive\Documents\PowerShell\Modules\Pester\5.7.1\Pester.psm1:1688
at &lt;ScriptBlock&gt;, C:\Users\alexa\OneDrive\Documents\PowerShell\Modules\Pester\5.7.1\Pester.ps1:3
at &lt;ScriptBlock&gt;, C:\Users\alexa\OneDrive\Documents\PowerShell\Modules\Pester\5.7.1\Pester.psm1:3260
at Invoke-InNewScriptScope, C:\Users\alexa\OneDrive\Documents\PowerShell\Modules\Pester\5.7.1\Pester.psm1:3267
at Run-Test, C:\Users\alexa\OneDrive\Documents\PowerShell\Modules\Pester\5.7.1\Pester.psm1:1691
at Invoke-Test, C:\Users\alexa\OneDrive\Documents\PowerShell\Modules\Pester\5.7.1\Pester.psm1:2512
at Invoke-Pester&lt;End&gt;, C:\Users\alexa\OneDrive\Documents\PowerShell\Modules\Pester\5.7.1\Pester.psm1:4960</stack-trace>
                    </failure>
                  </test-case>
                </results>
              </test-suite>
              <test-suite type="TestFixture" name="CoreApp Non-Interactive Mode.Logging and Output Verification" executed="True" result="Failure" success="False" time="0.3397" asserts="0" description="CoreApp Non-Interactive Mode.Logging and Output Verification">
                <results>
                  <test-case description="Should create proper log entries with timestamps" name="CoreApp Non-Interactive Mode.Logging and Output Verification.Should create proper log entries with timestamps" time="0.0147" asserts="0" success="False" result="Failure" executed="True">
                    <failure>
                      <message>ParameterBindingException: A positional parameter cannot be found that accepts argument '-NonInteractive'.</message>
                      <stack-trace>at Invoke-CoreRunnerTest, C:\Users\alexa\OneDrive\Documents\0. wizzense\opentofu-lab-automation\tests\unit\modules\CoreApp\NonInteractiveMode.Tests.ps1:54
at &lt;ScriptBlock&gt;, C:\Users\alexa\OneDrive\Documents\0. wizzense\opentofu-lab-automation\tests\unit\modules\CoreApp\NonInteractiveMode.Tests.ps1:263
at &lt;ScriptBlock&gt;, C:\Users\alexa\OneDrive\Documents\PowerShell\Modules\Pester\5.7.1\Pester.psm1:2024
at &lt;ScriptBlock&gt;, C:\Users\alexa\OneDrive\Documents\PowerShell\Modules\Pester\5.7.1\Pester.psm1:1985
at Invoke-ScriptBlock, C:\Users\alexa\OneDrive\Documents\PowerShell\Modules\Pester\5.7.1\Pester.psm1:2157
at Invoke-TestItem, C:\Users\alexa\OneDrive\Documents\PowerShell\Modules\Pester\5.7.1\Pester.psm1:1199
at Invoke-Block, C:\Users\alexa\OneDrive\Documents\PowerShell\Modules\Pester\5.7.1\Pester.psm1:835
at &lt;ScriptBlock&gt;, C:\Users\alexa\OneDrive\Documents\PowerShell\Modules\Pester\5.7.1\Pester.psm1:893
at &lt;ScriptBlock&gt;, C:\Users\alexa\OneDrive\Documents\PowerShell\Modules\Pester\5.7.1\Pester.psm1:2024
at &lt;ScriptBlock&gt;, C:\Users\alexa\OneDrive\Documents\PowerShell\Modules\Pester\5.7.1\Pester.psm1:1985
at Invoke-ScriptBlock, C:\Users\alexa\OneDrive\Documents\PowerShell\Modules\Pester\5.7.1\Pester.psm1:2160
at Invoke-Block, C:\Users\alexa\OneDrive\Documents\PowerShell\Modules\Pester\5.7.1\Pester.psm1:940
at &lt;ScriptBlock&gt;, C:\Users\alexa\OneDrive\Documents\PowerShell\Modules\Pester\5.7.1\Pester.psm1:893
at &lt;ScriptBlock&gt;, C:\Users\alexa\OneDrive\Documents\PowerShell\Modules\Pester\5.7.1\Pester.psm1:2024
at &lt;ScriptBlock&gt;, C:\Users\alexa\OneDrive\Documents\PowerShell\Modules\Pester\5.7.1\Pester.psm1:1985
at Invoke-ScriptBlock, C:\Users\alexa\OneDrive\Documents\PowerShell\Modules\Pester\5.7.1\Pester.psm1:2160
at Invoke-Block, C:\Users\alexa\OneDrive\Documents\PowerShell\Modules\Pester\5.7.1\Pester.psm1:940
at &lt;ScriptBlock&gt;, C:\Users\alexa\OneDrive\Documents\PowerShell\Modules\Pester\5.7.1\Pester.psm1:893
at &lt;ScriptBlock&gt;, C:\Users\alexa\OneDrive\Documents\PowerShell\Modules\Pester\5.7.1\Pester.psm1:2024
at &lt;ScriptBlock&gt;, C:\Users\alexa\OneDrive\Documents\PowerShell\Modules\Pester\5.7.1\Pester.psm1:1985
at Invoke-ScriptBlock, C:\Users\alexa\OneDrive\Documents\PowerShell\Modules\Pester\5.7.1\Pester.psm1:2160
at Invoke-Block, C:\Users\alexa\OneDrive\Documents\PowerShell\Modules\Pester\5.7.1\Pester.psm1:940
at &lt;ScriptBlock&gt;, C:\Users\alexa\OneDrive\Documents\PowerShell\Modules\Pester\5.7.1\Pester.psm1:1688
at &lt;ScriptBlock&gt;, C:\Users\alexa\OneDrive\Documents\PowerShell\Modules\Pester\5.7.1\Pester.ps1:3
at &lt;ScriptBlock&gt;, C:\Users\alexa\OneDrive\Documents\PowerShell\Modules\Pester\5.7.1\Pester.psm1:3260
at Invoke-InNewScriptScope, C:\Users\alexa\OneDrive\Documents\PowerShell\Modules\Pester\5.7.1\Pester.psm1:3267
at Run-Test, C:\Users\alexa\OneDrive\Documents\PowerShell\Modules\Pester\5.7.1\Pester.psm1:1691
at Invoke-Test, C:\Users\alexa\OneDrive\Documents\PowerShell\Modules\Pester\5.7.1\Pester.psm1:2512
at Invoke-Pester&lt;End&gt;, C:\Users\alexa\OneDrive\Documents\PowerShell\Modules\Pester\5.7.1\Pester.psm1:4960</stack-trace>
                    </failure>
                  </test-case>
                  <test-case description="Should include module initialization messages" name="CoreApp Non-Interactive Mode.Logging and Output Verification.Should include module initialization messages" time="0.0125" asserts="0" success="False" result="Failure" executed="True">
                    <failure>
                      <message>ParameterBindingException: A positional parameter cannot be found that accepts argument '-NonInteractive'.</message>
                      <stack-trace>at Invoke-CoreRunnerTest, C:\Users\alexa\OneDrive\Documents\0. wizzense\opentofu-lab-automation\tests\unit\modules\CoreApp\NonInteractiveMode.Tests.ps1:54
at &lt;ScriptBlock&gt;, C:\Users\alexa\OneDrive\Documents\0. wizzense\opentofu-lab-automation\tests\unit\modules\CoreApp\NonInteractiveMode.Tests.ps1:280
at &lt;ScriptBlock&gt;, C:\Users\alexa\OneDrive\Documents\PowerShell\Modules\Pester\5.7.1\Pester.psm1:2024
at &lt;ScriptBlock&gt;, C:\Users\alexa\OneDrive\Documents\PowerShell\Modules\Pester\5.7.1\Pester.psm1:1985
at Invoke-ScriptBlock, C:\Users\alexa\OneDrive\Documents\PowerShell\Modules\Pester\5.7.1\Pester.psm1:2157
at Invoke-TestItem, C:\Users\alexa\OneDrive\Documents\PowerShell\Modules\Pester\5.7.1\Pester.psm1:1199
at Invoke-Block, C:\Users\alexa\OneDrive\Documents\PowerShell\Modules\Pester\5.7.1\Pester.psm1:835
at &lt;ScriptBlock&gt;, C:\Users\alexa\OneDrive\Documents\PowerShell\Modules\Pester\5.7.1\Pester.psm1:893
at &lt;ScriptBlock&gt;, C:\Users\alexa\OneDrive\Documents\PowerShell\Modules\Pester\5.7.1\Pester.psm1:2024
at &lt;ScriptBlock&gt;, C:\Users\alexa\OneDrive\Documents\PowerShell\Modules\Pester\5.7.1\Pester.psm1:1985
at Invoke-ScriptBlock, C:\Users\alexa\OneDrive\Documents\PowerShell\Modules\Pester\5.7.1\Pester.psm1:2160
at Invoke-Block, C:\Users\alexa\OneDrive\Documents\PowerShell\Modules\Pester\5.7.1\Pester.psm1:940
at &lt;ScriptBlock&gt;, C:\Users\alexa\OneDrive\Documents\PowerShell\Modules\Pester\5.7.1\Pester.psm1:893
at &lt;ScriptBlock&gt;, C:\Users\alexa\OneDrive\Documents\PowerShell\Modules\Pester\5.7.1\Pester.psm1:2024
at &lt;ScriptBlock&gt;, C:\Users\alexa\OneDrive\Documents\PowerShell\Modules\Pester\5.7.1\Pester.psm1:1985
at Invoke-ScriptBlock, C:\Users\alexa\OneDrive\Documents\PowerShell\Modules\Pester\5.7.1\Pester.psm1:2160
at Invoke-Block, C:\Users\alexa\OneDrive\Documents\PowerShell\Modules\Pester\5.7.1\Pester.psm1:940
at &lt;ScriptBlock&gt;, C:\Users\alexa\OneDrive\Documents\PowerShell\Modules\Pester\5.7.1\Pester.psm1:893
at &lt;ScriptBlock&gt;, C:\Users\alexa\OneDrive\Documents\PowerShell\Modules\Pester\5.7.1\Pester.psm1:2024
at &lt;ScriptBlock&gt;, C:\Users\alexa\OneDrive\Documents\PowerShell\Modules\Pester\5.7.1\Pester.psm1:1985
at Invoke-ScriptBlock, C:\Users\alexa\OneDrive\Documents\PowerShell\Modules\Pester\5.7.1\Pester.psm1:2160
at Invoke-Block, C:\Users\alexa\OneDrive\Documents\PowerShell\Modules\Pester\5.7.1\Pester.psm1:940
at &lt;ScriptBlock&gt;, C:\Users\alexa\OneDrive\Documents\PowerShell\Modules\Pester\5.7.1\Pester.psm1:1688
at &lt;ScriptBlock&gt;, C:\Users\alexa\OneDrive\Documents\PowerShell\Modules\Pester\5.7.1\Pester.ps1:3
at &lt;ScriptBlock&gt;, C:\Users\alexa\OneDrive\Documents\PowerShell\Modules\Pester\5.7.1\Pester.psm1:3260
at Invoke-InNewScriptScope, C:\Users\alexa\OneDrive\Documents\PowerShell\Modules\Pester\5.7.1\Pester.psm1:3267
at Run-Test, C:\Users\alexa\OneDrive\Documents\PowerShell\Modules\Pester\5.7.1\Pester.psm1:1691
at Invoke-Test, C:\Users\alexa\OneDrive\Documents\PowerShell\Modules\Pester\5.7.1\Pester.psm1:2512
at Invoke-Pester&lt;End&gt;, C:\Users\alexa\OneDrive\Documents\PowerShell\Modules\Pester\5.7.1\Pester.psm1:4960</stack-trace>
                    </failure>
                  </test-case>
                </results>
              </test-suite>
              <test-suite type="TestFixture" name="CoreApp Non-Interactive Mode.Integration with CoreApp Module" executed="True" result="Success" success="True" time="0.8551" asserts="0" description="CoreApp Non-Interactive Mode.Integration with CoreApp Module">
                <results>
                  <test-case description="Should successfully invoke CoreApp module directly" name="CoreApp Non-Interactive Mode.Integration with CoreApp Module.Should successfully invoke CoreApp module directly" time="0.5093" asserts="0" success="True" result="Success" executed="True" />
                </results>
              </test-suite>
            </results>
          </test-suite>
          <test-suite type="TestFixture" name="CoreApp Cross-Platform Compatibility" executed="True" result="Failure" success="False" time="0.9134" asserts="0" description="CoreApp Cross-Platform Compatibility">
            <results>
              <test-suite type="TestFixture" name="CoreApp Cross-Platform Compatibility.Path Handling" executed="True" result="Failure" success="False" time="0.0389" asserts="0" description="CoreApp Cross-Platform Compatibility.Path Handling">
                <results>
                  <test-case description="Should handle paths correctly on current platform" name="CoreApp Cross-Platform Compatibility.Path Handling.Should handle paths correctly on current platform" time="0.0148" asserts="0" success="False" result="Failure" executed="True">
                    <failure>
                      <message>ParameterBindingException: A positional parameter cannot be found that accepts argument '-NonInteractive'.</message>
                      <stack-trace>at Invoke-CoreRunnerTest, C:\Users\alexa\OneDrive\Documents\0. wizzense\opentofu-lab-automation\tests\unit\modules\CoreApp\NonInteractiveMode.Tests.ps1:54
at &lt;ScriptBlock&gt;, C:\Users\alexa\OneDrive\Documents\0. wizzense\opentofu-lab-automation\tests\unit\modules\CoreApp\NonInteractiveMode.Tests.ps1:317
at &lt;ScriptBlock&gt;, C:\Users\alexa\OneDrive\Documents\PowerShell\Modules\Pester\5.7.1\Pester.psm1:2024
at &lt;ScriptBlock&gt;, C:\Users\alexa\OneDrive\Documents\PowerShell\Modules\Pester\5.7.1\Pester.psm1:1985
at Invoke-ScriptBlock, C:\Users\alexa\OneDrive\Documents\PowerShell\Modules\Pester\5.7.1\Pester.psm1:2157
at Invoke-TestItem, C:\Users\alexa\OneDrive\Documents\PowerShell\Modules\Pester\5.7.1\Pester.psm1:1199
at Invoke-Block, C:\Users\alexa\OneDrive\Documents\PowerShell\Modules\Pester\5.7.1\Pester.psm1:835
at &lt;ScriptBlock&gt;, C:\Users\alexa\OneDrive\Documents\PowerShell\Modules\Pester\5.7.1\Pester.psm1:893
at &lt;ScriptBlock&gt;, C:\Users\alexa\OneDrive\Documents\PowerShell\Modules\Pester\5.7.1\Pester.psm1:2024
at &lt;ScriptBlock&gt;, C:\Users\alexa\OneDrive\Documents\PowerShell\Modules\Pester\5.7.1\Pester.psm1:1985
at Invoke-ScriptBlock, C:\Users\alexa\OneDrive\Documents\PowerShell\Modules\Pester\5.7.1\Pester.psm1:2160
at Invoke-Block, C:\Users\alexa\OneDrive\Documents\PowerShell\Modules\Pester\5.7.1\Pester.psm1:940
at &lt;ScriptBlock&gt;, C:\Users\alexa\OneDrive\Documents\PowerShell\Modules\Pester\5.7.1\Pester.psm1:893
at &lt;ScriptBlock&gt;, C:\Users\alexa\OneDrive\Documents\PowerShell\Modules\Pester\5.7.1\Pester.psm1:2024
at &lt;ScriptBlock&gt;, C:\Users\alexa\OneDrive\Documents\PowerShell\Modules\Pester\5.7.1\Pester.psm1:1985
at Invoke-ScriptBlock, C:\Users\alexa\OneDrive\Documents\PowerShell\Modules\Pester\5.7.1\Pester.psm1:2160
at Invoke-Block, C:\Users\alexa\OneDrive\Documents\PowerShell\Modules\Pester\5.7.1\Pester.psm1:940
at &lt;ScriptBlock&gt;, C:\Users\alexa\OneDrive\Documents\PowerShell\Modules\Pester\5.7.1\Pester.psm1:893
at &lt;ScriptBlock&gt;, C:\Users\alexa\OneDrive\Documents\PowerShell\Modules\Pester\5.7.1\Pester.psm1:2024
at &lt;ScriptBlock&gt;, C:\Users\alexa\OneDrive\Documents\PowerShell\Modules\Pester\5.7.1\Pester.psm1:1985
at Invoke-ScriptBlock, C:\Users\alexa\OneDrive\Documents\PowerShell\Modules\Pester\5.7.1\Pester.psm1:2160
at Invoke-Block, C:\Users\alexa\OneDrive\Documents\PowerShell\Modules\Pester\5.7.1\Pester.psm1:940
at &lt;ScriptBlock&gt;, C:\Users\alexa\OneDrive\Documents\PowerShell\Modules\Pester\5.7.1\Pester.psm1:1688
at &lt;ScriptBlock&gt;, C:\Users\alexa\OneDrive\Documents\PowerShell\Modules\Pester\5.7.1\Pester.ps1:3
at &lt;ScriptBlock&gt;, C:\Users\alexa\OneDrive\Documents\PowerShell\Modules\Pester\5.7.1\Pester.psm1:3260
at Invoke-InNewScriptScope, C:\Users\alexa\OneDrive\Documents\PowerShell\Modules\Pester\5.7.1\Pester.psm1:3267
at Run-Test, C:\Users\alexa\OneDrive\Documents\PowerShell\Modules\Pester\5.7.1\Pester.psm1:1691
at Invoke-Test, C:\Users\alexa\OneDrive\Documents\PowerShell\Modules\Pester\5.7.1\Pester.psm1:2512
at Invoke-Pester&lt;End&gt;, C:\Users\alexa\OneDrive\Documents\PowerShell\Modules\Pester\5.7.1\Pester.psm1:4960</stack-trace>
                    </failure>
                  </test-case>
                  <test-case description="Should work with different configuration file paths" name="CoreApp Cross-Platform Compatibility.Path Handling.Should work with different configuration file paths" time="0.0189" asserts="0" success="False" result="Failure" executed="True">
                    <failure>
                      <message>ParameterBindingException: A positional parameter cannot be found that accepts argument '-NonInteractive'.</message>
                      <stack-trace>at Invoke-CoreRunnerTest, C:\Users\alexa\OneDrive\Documents\0. wizzense\opentofu-lab-automation\tests\unit\modules\CoreApp\NonInteractiveMode.Tests.ps1:54
at &lt;ScriptBlock&gt;, C:\Users\alexa\OneDrive\Documents\0. wizzense\opentofu-lab-automation\tests\unit\modules\CoreApp\NonInteractiveMode.Tests.ps1:336
at &lt;ScriptBlock&gt;, C:\Users\alexa\OneDrive\Documents\PowerShell\Modules\Pester\5.7.1\Pester.psm1:2024
at &lt;ScriptBlock&gt;, C:\Users\alexa\OneDrive\Documents\PowerShell\Modules\Pester\5.7.1\Pester.psm1:1985
at Invoke-ScriptBlock, C:\Users\alexa\OneDrive\Documents\PowerShell\Modules\Pester\5.7.1\Pester.psm1:2157
at Invoke-TestItem, C:\Users\alexa\OneDrive\Documents\PowerShell\Modules\Pester\5.7.1\Pester.psm1:1199
at Invoke-Block, C:\Users\alexa\OneDrive\Documents\PowerShell\Modules\Pester\5.7.1\Pester.psm1:835
at &lt;ScriptBlock&gt;, C:\Users\alexa\OneDrive\Documents\PowerShell\Modules\Pester\5.7.1\Pester.psm1:893
at &lt;ScriptBlock&gt;, C:\Users\alexa\OneDrive\Documents\PowerShell\Modules\Pester\5.7.1\Pester.psm1:2024
at &lt;ScriptBlock&gt;, C:\Users\alexa\OneDrive\Documents\PowerShell\Modules\Pester\5.7.1\Pester.psm1:1985
at Invoke-ScriptBlock, C:\Users\alexa\OneDrive\Documents\PowerShell\Modules\Pester\5.7.1\Pester.psm1:2160
at Invoke-Block, C:\Users\alexa\OneDrive\Documents\PowerShell\Modules\Pester\5.7.1\Pester.psm1:940
at &lt;ScriptBlock&gt;, C:\Users\alexa\OneDrive\Documents\PowerShell\Modules\Pester\5.7.1\Pester.psm1:893
at &lt;ScriptBlock&gt;, C:\Users\alexa\OneDrive\Documents\PowerShell\Modules\Pester\5.7.1\Pester.psm1:2024
at &lt;ScriptBlock&gt;, C:\Users\alexa\OneDrive\Documents\PowerShell\Modules\Pester\5.7.1\Pester.psm1:1985
at Invoke-ScriptBlock, C:\Users\alexa\OneDrive\Documents\PowerShell\Modules\Pester\5.7.1\Pester.psm1:2160
at Invoke-Block, C:\Users\alexa\OneDrive\Documents\PowerShell\Modules\Pester\5.7.1\Pester.psm1:940
at &lt;ScriptBlock&gt;, C:\Users\alexa\OneDrive\Documents\PowerShell\Modules\Pester\5.7.1\Pester.psm1:893
at &lt;ScriptBlock&gt;, C:\Users\alexa\OneDrive\Documents\PowerShell\Modules\Pester\5.7.1\Pester.psm1:2024
at &lt;ScriptBlock&gt;, C:\Users\alexa\OneDrive\Documents\PowerShell\Modules\Pester\5.7.1\Pester.psm1:1985
at Invoke-ScriptBlock, C:\Users\alexa\OneDrive\Documents\PowerShell\Modules\Pester\5.7.1\Pester.psm1:2160
at Invoke-Block, C:\Users\alexa\OneDrive\Documents\PowerShell\Modules\Pester\5.7.1\Pester.psm1:940
at &lt;ScriptBlock&gt;, C:\Users\alexa\OneDrive\Documents\PowerShell\Modules\Pester\5.7.1\Pester.psm1:1688
at &lt;ScriptBlock&gt;, C:\Users\alexa\OneDrive\Documents\PowerShell\Modules\Pester\5.7.1\Pester.ps1:3
at &lt;ScriptBlock&gt;, C:\Users\alexa\OneDrive\Documents\PowerShell\Modules\Pester\5.7.1\Pester.psm1:3260
at Invoke-InNewScriptScope, C:\Users\alexa\OneDrive\Documents\PowerShell\Modules\Pester\5.7.1\Pester.psm1:3267
at Run-Test, C:\Users\alexa\OneDrive\Documents\PowerShell\Modules\Pester\5.7.1\Pester.psm1:1691
at Invoke-Test, C:\Users\alexa\OneDrive\Documents\PowerShell\Modules\Pester\5.7.1\Pester.psm1:2512
at Invoke-Pester&lt;End&gt;, C:\Users\alexa\OneDrive\Documents\PowerShell\Modules\Pester\5.7.1\Pester.psm1:4960</stack-trace>
                    </failure>
                  </test-case>
                </results>
              </test-suite>
            </results>
          </test-suite>
        </results>
      </test-suite>
    </results>
  </test-suite>
</test-results>