<?xml version="1.0" encoding="utf-8" standalone="no"?>
<test-results xmlns:xsi="http://www.w3.org/2001/XMLSchema-instance" xsi:noNamespaceSchemaLocation="nunit_schema_2.5.xsd" name="OpenTofu Lab Automation - Bulletproof Quick Tests" total="17" errors="0" failures="12" not-run="0" inconclusive="0" ignored="0" skipped="0" invalid="0" date="2025-06-19" time="20:04:33">
  <environment os-version="6.8.0-1027-azure" user="codespace" cwd="/workspaces/opentofu-lab-automation" platform="Linux" machine-name="codespaces-4f62e8" user-domain="" nunit-version="2.5.8.0" clr-version="8.0.0" />
  <culture-info current-culture="" current-uiculture="" />
  <test-suite type="TestFixture" name="OpenTofu Lab Automation - Bulletproof Quick Tests" executed="True" result="Failure" success="False" time="19.7534" asserts="0" description="Pester">
    <results>
      <test-suite type="TestFixture" name="/workspaces/opentofu-lab-automation/tests/unit/modules/CoreApp/NonInteractiveMode.Tests.ps1" executed="True" result="Failure" success="False" time="19.7534" asserts="0" description="/workspaces/opentofu-lab-automation/tests/unit/modules/CoreApp/NonInteractiveMode.Tests.ps1">
        <results>
          <test-suite type="TestFixture" name="CoreApp Non-Interactive Mode" executed="True" result="Failure" success="False" time="16.7711" asserts="0" description="CoreApp Non-Interactive Mode">
            <results>
              <test-suite type="TestFixture" name="CoreApp Non-Interactive Mode.Basic Non-Interactive Mode" executed="True" result="Failure" success="False" time="3.9091" asserts="0" description="CoreApp Non-Interactive Mode.Basic Non-Interactive Mode">
                <results>
                  <test-case description="Should exit gracefully with helpful message when no scripts specified" name="CoreApp Non-Interactive Mode.Basic Non-Interactive Mode.Should exit gracefully with helpful message when no scripts specified" time="1.0079" asserts="0" success="False" result="Failure" executed="True">
                    <failure>
                      <message>Expected 'Non-interactive mode: use -Scripts parameter to specify which scripts to run, or -Auto for all scripts' to be found in collection @('[2025-06-19 20:04:34.949] [SUCCESS] [Initialize-Loggin...] Logging system initialized', '[2025-06-19 20:04:35.026] [INFO   ] [core-runner.ps1     ] Core runner started', '[2025-06-19 20:04:35.029] [INFO   ] [core-runner.ps1     ] Loading configuration from: /workspaces/opentofu-lab-automation/core-runner/core_app/default-config.json', '[2025-06-19 20:04:35.043] [SUCCESS] [core-runner.ps1     ] Starting OpenTofu Lab Automation Core Runner', '[2025-06-19 20:04:35.045] [INFO   ] [core-runner.ps1     ] Repository root: /workspaces/opentofu-lab-automation', '[2025-06-19 20:04:35.047] [INFO   ] [core-runner.ps1     ] Configuration file: /workspaces/opentofu-lab-automation/core-runner/core_app/default-config.json', '[2025-06-19 20:04:35.049] [INFO   ] [core-runner.ps1     ] Verbosity level: detailed', '[2025-06-19 20:04:35.058] [INFO   ] [core-runner.ps1     ] Found 38 scripts', '[2025-06-19 20:04:35.060] [INFO   ] [core-runner.ps1     ] Non-interactive mode: use -Scripts parameter to specify which scripts to run, or -Auto for all scripts', '[2025-06-19 20:04:35.062] [WARN   ] [core-runner.ps1     ] No scripts specified for non-interactive execution', ...2 more), but it was not found.</message>
                      <stack-trace>at $result.Output | Should -Contain "Non-interactive mode: use -Scripts parameter to specify which scripts to run, or -Auto for all scripts", /workspaces/opentofu-lab-automation/tests/unit/modules/CoreApp/NonInteractiveMode.Tests.ps1:123
at &lt;ScriptBlock&gt;, /workspaces/opentofu-lab-automation/tests/unit/modules/CoreApp/NonInteractiveMode.Tests.ps1:123</stack-trace>
                    </failure>
                  </test-case>
                  <test-case description="Should respect verbosity levels in non-interactive mode" name="CoreApp Non-Interactive Mode.Basic Non-Interactive Mode.Should respect verbosity levels in non-interactive mode" time="1.8189" asserts="0" success="False" result="Failure" executed="True">
                    <failure>
                      <message>Expected the actual value to be less than 12, but got 12.</message>
                      <stack-trace>at $silentResult.Output.Count | Should -BeLessThan $detailedResult.Output.Count, /workspaces/opentofu-lab-automation/tests/unit/modules/CoreApp/NonInteractiveMode.Tests.ps1:139
at &lt;ScriptBlock&gt;, /workspaces/opentofu-lab-automation/tests/unit/modules/CoreApp/NonInteractiveMode.Tests.ps1:139</stack-trace>
                    </failure>
                  </test-case>
                  <test-case description="Should handle missing configuration files gracefully" name="CoreApp Non-Interactive Mode.Basic Non-Interactive Mode.Should handle missing configuration files gracefully" time="1.0461" asserts="0" success="True" result="Success" executed="True" />
                </results>
              </test-suite>
              <test-suite type="TestFixture" name="CoreApp Non-Interactive Mode.Auto Mode Non-Interactive" executed="True" result="Failure" success="False" time="7.7039" asserts="0" description="CoreApp Non-Interactive Mode.Auto Mode Non-Interactive">
                <results>
                  <test-case description="Should execute all scripts in WhatIf mode without errors" name="CoreApp Non-Interactive Mode.Auto Mode Non-Interactive.Should execute all scripts in WhatIf mode without errors" time="1.2818" asserts="0" success="False" result="Failure" executed="True">
                    <failure>
                      <message>Expected 'Running all scripts in automatic mode' to be found in collection @('What if: Performing the operation "Add Content" on target "Path: /tmp/opentofu-lab-automation.log".', '[2025-06-19 20:04:39.073] [SUCCESS] [Initialize-Loggin...] Logging system initialized', 'What if: Performing the operation "Add Content" on target "Path: /tmp/opentofu-lab-automation.log".', '[2025-06-19 20:04:39.152] [INFO   ] [core-runner.ps1     ] Core runner started', 'What if: Performing the operation "Add Content" on target "Path: /tmp/opentofu-lab-automation.log".', '[2025-06-19 20:04:39.155] [INFO   ] [core-runner.ps1     ] Loading configuration from: /workspaces/opentofu-lab-automation/core-runner/core_app/default-config.json', 'What if: Performing the operation "Add Content" on target "Path: /tmp/opentofu-lab-automation.log".', '[2025-06-19 20:04:39.172] [SUCCESS] [core-runner.ps1     ] Starting OpenTofu Lab Automation Core Runner', 'What if: Performing the operation "Add Content" on target "Path: /tmp/opentofu-lab-automation.log".', '[2025-06-19 20:04:39.176] [INFO   ] [core-runner.ps1     ] Repository root: /workspaces/opentofu-lab-automation', ...125 more), but it was not found.</message>
                      <stack-trace>at $result.Output | Should -Contain "Running all scripts in automatic mode", /workspaces/opentofu-lab-automation/tests/unit/modules/CoreApp/NonInteractiveMode.Tests.ps1:164
at &lt;ScriptBlock&gt;, /workspaces/opentofu-lab-automation/tests/unit/modules/CoreApp/NonInteractiveMode.Tests.ps1:164</stack-trace>
                    </failure>
                  </test-case>
                  <test-case description="Should handle Auto mode with Force parameter" name="CoreApp Non-Interactive Mode.Auto Mode Non-Interactive.Should handle Auto mode with Force parameter" time="1.3731" asserts="0" success="False" result="Failure" executed="True">
                    <failure>
                      <message>Expected 'Running all scripts in automatic mode' to be found in collection @('What if: Performing the operation "Add Content" on target "Path: /tmp/opentofu-lab-automation.log".', '[2025-06-19 20:04:40.483] [SUCCESS] [Initialize-Loggin...] Logging system initialized', 'What if: Performing the operation "Add Content" on target "Path: /tmp/opentofu-lab-automation.log".', '[2025-06-19 20:04:40.575] [INFO   ] [core-runner.ps1     ] Core runner started', 'What if: Performing the operation "Add Content" on target "Path: /tmp/opentofu-lab-automation.log".', '[2025-06-19 20:04:40.578] [INFO   ] [core-runner.ps1     ] Loading configuration from: /workspaces/opentofu-lab-automation/core-runner/core_app/default-config.json', 'What if: Performing the operation "Add Content" on target "Path: /tmp/opentofu-lab-automation.log".', '[2025-06-19 20:04:40.585] [SUCCESS] [core-runner.ps1     ] Starting OpenTofu Lab Automation Core Runner', 'What if: Performing the operation "Add Content" on target "Path: /tmp/opentofu-lab-automation.log".', '[2025-06-19 20:04:40.588] [INFO   ] [core-runner.ps1     ] Repository root: /workspaces/opentofu-lab-automation', ...125 more), but it was not found.</message>
                      <stack-trace>at $result.Output | Should -Contain "Running all scripts in automatic mode", /workspaces/opentofu-lab-automation/tests/unit/modules/CoreApp/NonInteractiveMode.Tests.ps1:177
at &lt;ScriptBlock&gt;, /workspaces/opentofu-lab-automation/tests/unit/modules/CoreApp/NonInteractiveMode.Tests.ps1:177</stack-trace>
                    </failure>
                  </test-case>
                  <test-case description="Should complete within reasonable time limits" name="CoreApp Non-Interactive Mode.Auto Mode Non-Interactive.Should complete within reasonable time limits" time="1.1352" asserts="0" success="True" result="Success" executed="True" />
                </results>
              </test-suite>
              <test-suite type="TestFixture" name="CoreApp Non-Interactive Mode.Specific Script Execution" executed="True" result="Failure" success="False" time="10.1599" asserts="0" description="CoreApp Non-Interactive Mode.Specific Script Execution">
                <results>
                  <test-case description="Should execute a specific script in WhatIf mode" name="CoreApp Non-Interactive Mode.Specific Script Execution.Should execute a specific script in WhatIf mode" time="0.7517" asserts="0" success="False" result="Failure" executed="True">
                    <failure>
                      <message>Expected 'Executing script: 0200_Get-SystemInfo' to be found in collection @('What if: Performing the operation "Add Content" on target "Path: /tmp/opentofu-lab-automation.log".', '[2025-06-19 20:04:42.701] [SUCCESS] [Initialize-Loggin...] Logging system initialized', 'What if: Performing the operation "Add Content" on target "Path: /tmp/opentofu-lab-automation.log".', '[2025-06-19 20:04:42.777] [INFO   ] [core-runner.ps1     ] Core runner started', 'What if: Performing the operation "Add Content" on target "Path: /tmp/opentofu-lab-automation.log".', '[2025-06-19 20:04:42.780] [INFO   ] [core-runner.ps1     ] Loading configuration from: /workspaces/opentofu-lab-automation/core-runner/core_app/default-config.json', 'What if: Performing the operation "Add Content" on target "Path: /tmp/opentofu-lab-automation.log".', '[2025-06-19 20:04:42.787] [SUCCESS] [core-runner.ps1     ] Starting OpenTofu Lab Automation Core Runner', 'What if: Performing the operation "Add Content" on target "Path: /tmp/opentofu-lab-automation.log".', '[2025-06-19 20:04:42.790] [INFO   ] [core-runner.ps1     ] Repository root: /workspaces/opentofu-lab-automation', ...12 more), but it was not found.</message>
                      <stack-trace>at $result.Output | Should -Contain "Executing script: 0200_Get-SystemInfo", /workspaces/opentofu-lab-automation/tests/unit/modules/CoreApp/NonInteractiveMode.Tests.ps1:201
at &lt;ScriptBlock&gt;, /workspaces/opentofu-lab-automation/tests/unit/modules/CoreApp/NonInteractiveMode.Tests.ps1:201</stack-trace>
                    </failure>
                  </test-case>
                  <test-case description="Should handle multiple specific scripts" name="CoreApp Non-Interactive Mode.Specific Script Execution.Should handle multiple specific scripts" time="0.8181" asserts="0" success="False" result="Failure" executed="True">
                    <failure>
                      <message>Expected 'Executing script: 0200_Get-SystemInfo' to be found in collection @('What if: Performing the operation "Add Content" on target "Path: /tmp/opentofu-lab-automation.log".', '[2025-06-19 20:04:43.492] [SUCCESS] [Initialize-Loggin...] Logging system initialized', 'What if: Performing the operation "Add Content" on target "Path: /tmp/opentofu-lab-automation.log".', '[2025-06-19 20:04:43.590] [INFO   ] [core-runner.ps1     ] Core runner started', 'What if: Performing the operation "Add Content" on target "Path: /tmp/opentofu-lab-automation.log".', '[2025-06-19 20:04:43.597] [INFO   ] [core-runner.ps1     ] Loading configuration from: /workspaces/opentofu-lab-automation/core-runner/core_app/default-config.json', 'What if: Performing the operation "Add Content" on target "Path: /tmp/opentofu-lab-automation.log".', '[2025-06-19 20:04:43.606] [SUCCESS] [core-runner.ps1     ] Starting OpenTofu Lab Automation Core Runner', 'What if: Performing the operation "Add Content" on target "Path: /tmp/opentofu-lab-automation.log".', '[2025-06-19 20:04:43.609] [INFO   ] [core-runner.ps1     ] Repository root: /workspaces/opentofu-lab-automation', ...15 more), but it was not found.</message>
                      <stack-trace>at $result.Output | Should -Contain "Executing script: 0200_Get-SystemInfo", /workspaces/opentofu-lab-automation/tests/unit/modules/CoreApp/NonInteractiveMode.Tests.ps1:213
at &lt;ScriptBlock&gt;, /workspaces/opentofu-lab-automation/tests/unit/modules/CoreApp/NonInteractiveMode.Tests.ps1:213</stack-trace>
                    </failure>
                  </test-case>
                  <test-case description="Should handle nonexistent script gracefully" name="CoreApp Non-Interactive Mode.Specific Script Execution.Should handle nonexistent script gracefully" time="0.8792" asserts="0" success="False" result="Failure" executed="True">
                    <failure>
                      <message>Expected 'Script not found: NonExistentScript' to be found in collection @('What if: Performing the operation "Add Content" on target "Path: /tmp/opentofu-lab-automation.log".', '[2025-06-19 20:04:44.291] [SUCCESS] [Initialize-Loggin...] Logging system initialized', 'What if: Performing the operation "Add Content" on target "Path: /tmp/opentofu-lab-automation.log".', '[2025-06-19 20:04:44.387] [INFO   ] [core-runner.ps1     ] Core runner started', 'What if: Performing the operation "Add Content" on target "Path: /tmp/opentofu-lab-automation.log".', '[2025-06-19 20:04:44.392] [INFO   ] [core-runner.ps1     ] Loading configuration from: /workspaces/opentofu-lab-automation/core-runner/core_app/default-config.json', 'What if: Performing the operation "Add Content" on target "Path: /tmp/opentofu-lab-automation.log".', '[2025-06-19 20:04:44.402] [SUCCESS] [core-runner.ps1     ] Starting OpenTofu Lab Automation Core Runner', 'What if: Performing the operation "Add Content" on target "Path: /tmp/opentofu-lab-automation.log".', '[2025-06-19 20:04:44.406] [INFO   ] [core-runner.ps1     ] Repository root: /workspaces/opentofu-lab-automation', ...11 more), but it was not found.</message>
                      <stack-trace>at $result.Output | Should -Contain "Script not found: NonExistentScript", /workspaces/opentofu-lab-automation/tests/unit/modules/CoreApp/NonInteractiveMode.Tests.ps1:224
at &lt;ScriptBlock&gt;, /workspaces/opentofu-lab-automation/tests/unit/modules/CoreApp/NonInteractiveMode.Tests.ps1:224</stack-trace>
                    </failure>
                  </test-case>
                </results>
              </test-suite>
              <test-suite type="TestFixture" name="CoreApp Non-Interactive Mode.Error Handling and Edge Cases" executed="True" result="Failure" success="False" time="14.0345" asserts="0" description="CoreApp Non-Interactive Mode.Error Handling and Edge Cases">
                <results>
                  <test-case description="Should handle empty script parameter gracefully" name="CoreApp Non-Interactive Mode.Error Handling and Edge Cases.Should handle empty script parameter gracefully" time="1.072" asserts="0" success="False" result="Failure" executed="True">
                    <failure>
                      <message>Expected $true, but got $false.</message>
                      <stack-trace>at $result.Success | Should -Be $true, /workspaces/opentofu-lab-automation/tests/unit/modules/CoreApp/NonInteractiveMode.Tests.ps1:236
at &lt;ScriptBlock&gt;, /workspaces/opentofu-lab-automation/tests/unit/modules/CoreApp/NonInteractiveMode.Tests.ps1:236</stack-trace>
                    </failure>
                  </test-case>
                  <test-case description="Should properly detect non-interactive mode automatically" name="CoreApp Non-Interactive Mode.Error Handling and Edge Cases.Should properly detect non-interactive mode automatically" time="0.7651" asserts="0" success="False" result="Failure" executed="True">
                    <failure>
                      <message>Expected 'Non-interactive mode' to be found in collection @('[2025-06-19 20:04:46.211] [SUCCESS] [Initialize-Loggin...] Logging system initialized', '[2025-06-19 20:04:46.295] [INFO   ] [core-runner.ps1     ] Core runner started', '[2025-06-19 20:04:46.299] [INFO   ] [core-runner.ps1     ] Loading configuration from: /workspaces/opentofu-lab-automation/core-runner/core_app/default-config.json', '[2025-06-19 20:04:46.313] [SUCCESS] [core-runner.ps1     ] Starting OpenTofu Lab Automation Core Runner', '[2025-06-19 20:04:46.316] [INFO   ] [core-runner.ps1     ] Repository root: /workspaces/opentofu-lab-automation', '[2025-06-19 20:04:46.318] [INFO   ] [core-runner.ps1     ] Configuration file: /workspaces/opentofu-lab-automation/core-runner/core_app/default-config.json', '[2025-06-19 20:04:46.320] [INFO   ] [core-runner.ps1     ] Verbosity level: detailed', '[2025-06-19 20:04:46.330] [INFO   ] [core-runner.ps1     ] Found 38 scripts', '[2025-06-19 20:04:46.333] [INFO   ] [core-runner.ps1     ] Non-interactive mode: use -Scripts parameter to specify which scripts to run, or -Auto for all scripts', '[2025-06-19 20:04:46.335] [WARN   ] [core-runner.ps1     ] No scripts specified for non-interactive execution', ...2 more), but it was not found.</message>
                      <stack-trace>at $result.Output | Should -Contain "Non-interactive mode", /workspaces/opentofu-lab-automation/tests/unit/modules/CoreApp/NonInteractiveMode.Tests.ps1:249
at &lt;ScriptBlock&gt;, /workspaces/opentofu-lab-automation/tests/unit/modules/CoreApp/NonInteractiveMode.Tests.ps1:249</stack-trace>
                    </failure>
                  </test-case>
                  <test-case description="Should maintain consistent exit codes across runs" name="CoreApp Non-Interactive Mode.Error Handling and Edge Cases.Should maintain consistent exit codes across runs" time="2.0329" asserts="0" success="True" result="Success" executed="True" />
                </results>
              </test-suite>
              <test-suite type="TestFixture" name="CoreApp Non-Interactive Mode.Logging and Output Verification" executed="True" result="Failure" success="False" time="15.6223" asserts="0" description="CoreApp Non-Interactive Mode.Logging and Output Verification">
                <results>
                  <test-case description="Should create proper log entries with timestamps" name="CoreApp Non-Interactive Mode.Logging and Output Verification.Should create proper log entries with timestamps" time="0.7977" asserts="0" success="False" result="Failure" executed="True">
                    <failure>
                      <message>Expected '[SUCCESS]' to be found in collection @('[2025-06-19 20:04:49.032] [SUCCESS] [Initialize-Loggin...] Logging system initialized', '[2025-06-19 20:04:49.137] [INFO   ] [core-runner.ps1     ] Core runner started', '[2025-06-19 20:04:49.141] [INFO   ] [core-runner.ps1     ] Loading configuration from: /workspaces/opentofu-lab-automation/core-runner/core_app/default-config.json', '[2025-06-19 20:04:49.149] [SUCCESS] [core-runner.ps1     ] Starting OpenTofu Lab Automation Core Runner', '[2025-06-19 20:04:49.152] [INFO   ] [core-runner.ps1     ] Repository root: /workspaces/opentofu-lab-automation', '[2025-06-19 20:04:49.154] [INFO   ] [core-runner.ps1     ] Configuration file: /workspaces/opentofu-lab-automation/core-runner/core_app/default-config.json', '[2025-06-19 20:04:49.156] [INFO   ] [core-runner.ps1     ] Verbosity level: detailed', '[2025-06-19 20:04:49.165] [INFO   ] [core-runner.ps1     ] Found 38 scripts', '[2025-06-19 20:04:49.167] [INFO   ] [core-runner.ps1     ] Non-interactive mode: use -Scripts parameter to specify which scripts to run, or -Auto for all scripts', '[2025-06-19 20:04:49.170] [WARN   ] [core-runner.ps1     ] No scripts specified for non-interactive execution', ...2 more), but it was not found.</message>
                      <stack-trace>at $result.Output | Should -Contain "[SUCCESS]", /workspaces/opentofu-lab-automation/tests/unit/modules/CoreApp/NonInteractiveMode.Tests.ps1:283
at &lt;ScriptBlock&gt;, /workspaces/opentofu-lab-automation/tests/unit/modules/CoreApp/NonInteractiveMode.Tests.ps1:283</stack-trace>
                    </failure>
                  </test-case>
                  <test-case description="Should include module initialization messages" name="CoreApp Non-Interactive Mode.Logging and Output Verification.Should include module initialization messages" time="0.7848" asserts="0" success="False" result="Failure" executed="True">
                    <failure>
                      <message>Expected 'Logging system initialized' to be found in collection @('[2025-06-19 20:04:49.858] [SUCCESS] [Initialize-Loggin...] Logging system initialized', '[2025-06-19 20:04:49.938] [INFO   ] [core-runner.ps1     ] Core runner started', '[2025-06-19 20:04:49.941] [INFO   ] [core-runner.ps1     ] Loading configuration from: /workspaces/opentofu-lab-automation/core-runner/core_app/default-config.json', '[2025-06-19 20:04:49.949] [SUCCESS] [core-runner.ps1     ] Starting OpenTofu Lab Automation Core Runner', '[2025-06-19 20:04:49.952] [INFO   ] [core-runner.ps1     ] Repository root: /workspaces/opentofu-lab-automation', '[2025-06-19 20:04:49.954] [INFO   ] [core-runner.ps1     ] Configuration file: /workspaces/opentofu-lab-automation/core-runner/core_app/default-config.json', '[2025-06-19 20:04:49.956] [INFO   ] [core-runner.ps1     ] Verbosity level: detailed', '[2025-06-19 20:04:49.965] [INFO   ] [core-runner.ps1     ] Found 38 scripts', '[2025-06-19 20:04:49.967] [INFO   ] [core-runner.ps1     ] Non-interactive mode: use -Scripts parameter to specify which scripts to run, or -Auto for all scripts', '[2025-06-19 20:04:49.971] [WARN   ] [core-runner.ps1     ] No scripts specified for non-interactive execution', ...2 more), but it was not found.</message>
                      <stack-trace>at $result.Output | Should -Contain "Logging system initialized", /workspaces/opentofu-lab-automation/tests/unit/modules/CoreApp/NonInteractiveMode.Tests.ps1:299
at &lt;ScriptBlock&gt;, /workspaces/opentofu-lab-automation/tests/unit/modules/CoreApp/NonInteractiveMode.Tests.ps1:299</stack-trace>
                    </failure>
                  </test-case>
                </results>
              </test-suite>
              <test-suite type="TestFixture" name="CoreApp Non-Interactive Mode.Integration with CoreApp Module" executed="True" result="Success" success="True" time="16.7592" asserts="0" description="CoreApp Non-Interactive Mode.Integration with CoreApp Module">
                <results>
                  <test-case description="Should successfully invoke CoreApp module directly" name="CoreApp Non-Interactive Mode.Integration with CoreApp Module.Should successfully invoke CoreApp module directly" time="1.1332" asserts="0" success="True" result="Success" executed="True" />
                </results>
              </test-suite>
            </results>
          </test-suite>
          <test-suite type="TestFixture" name="CoreApp Cross-Platform Compatibility" executed="True" result="Failure" success="False" time="19.2427" asserts="0" description="CoreApp Cross-Platform Compatibility">
            <results>
              <test-suite type="TestFixture" name="CoreApp Cross-Platform Compatibility.Path Handling" executed="True" result="Failure" success="False" time="2.4691" asserts="0" description="CoreApp Cross-Platform Compatibility.Path Handling">
                <results>
                  <test-case description="Should handle paths correctly on current platform" name="CoreApp Cross-Platform Compatibility.Path Handling.Should handle paths correctly on current platform" time="1.0873" asserts="0" success="False" result="Failure" executed="True">
                    <failure>
                      <message>Expected 'Repository root:' to be found in collection @('[2025-06-19 20:04:52.083] [SUCCESS] [Initialize-Loggin...] Logging system initialized', '[2025-06-19 20:04:52.160] [INFO   ] [core-runner.ps1     ] Core runner started', '[2025-06-19 20:04:52.163] [INFO   ] [core-runner.ps1     ] Loading configuration from: /workspaces/opentofu-lab-automation/core-runner/core_app/default-config.json', '[2025-06-19 20:04:52.171] [SUCCESS] [core-runner.ps1     ] Starting OpenTofu Lab Automation Core Runner', '[2025-06-19 20:04:52.174] [INFO   ] [core-runner.ps1     ] Repository root: /workspaces/opentofu-lab-automation', '[2025-06-19 20:04:52.176] [INFO   ] [core-runner.ps1     ] Configuration file: /workspaces/opentofu-lab-automation/core-runner/core_app/default-config.json', '[2025-06-19 20:04:52.177] [INFO   ] [core-runner.ps1     ] Verbosity level: detailed', '[2025-06-19 20:04:52.187] [INFO   ] [core-runner.ps1     ] Found 38 scripts', '[2025-06-19 20:04:52.189] [INFO   ] [core-runner.ps1     ] Non-interactive mode: use -Scripts parameter to specify which scripts to run, or -Auto for all scripts', '[2025-06-19 20:04:52.191] [WARN   ] [core-runner.ps1     ] No scripts specified for non-interactive execution', ...2 more), but it was not found.</message>
                      <stack-trace>at $result.Output | Should -Contain "Repository root:", /workspaces/opentofu-lab-automation/tests/unit/modules/CoreApp/NonInteractiveMode.Tests.ps1:336
at &lt;ScriptBlock&gt;, /workspaces/opentofu-lab-automation/tests/unit/modules/CoreApp/NonInteractiveMode.Tests.ps1:336</stack-trace>
                    </failure>
                  </test-case>
                  <test-case description="Should work with different configuration file paths" name="CoreApp Cross-Platform Compatibility.Path Handling.Should work with different configuration file paths" time="1.379" asserts="0" success="True" result="Success" executed="True" />
                </results>
              </test-suite>
            </results>
          </test-suite>
        </results>
      </test-suite>
    </results>
  </test-suite>
</test-results>