<?xml version="1.0" encoding="utf-8" standalone="no"?>
<test-results xmlns:xsi="http://www.w3.org/2001/XMLSchema-instance" xsi:noNamespaceSchemaLocation="nunit_schema_2.5.xsd" name="OpenTofu Lab Automation - Bulletproof Quick Tests" total="17" errors="0" failures="0" not-run="0" inconclusive="0" ignored="0" skipped="0" invalid="0" date="2025-06-19" time="20:21:25">
  <environment clr-version="8.0.0" machine-name="codespaces-4f62e8" platform="Linux" user-domain="" os-version="6.8.0-1027-azure" cwd="/workspaces/opentofu-lab-automation" nunit-version="2.5.8.0" user="codespace" />
  <culture-info current-culture="" current-uiculture="" />
  <test-suite type="TestFixture" name="OpenTofu Lab Automation - Bulletproof Quick Tests" executed="True" result="Success" success="True" time="20.4566" asserts="0" description="Pester">
    <results>
      <test-suite type="TestFixture" name="/workspaces/opentofu-lab-automation/tests/unit/modules/CoreApp/NonInteractiveMode.Tests.ps1" executed="True" result="Success" success="True" time="20.4566" asserts="0" description="/workspaces/opentofu-lab-automation/tests/unit/modules/CoreApp/NonInteractiveMode.Tests.ps1">
        <results>
          <test-suite type="TestFixture" name="CoreApp Non-Interactive Mode" executed="True" result="Success" success="True" time="17.2925" asserts="0" description="CoreApp Non-Interactive Mode">
            <results>
              <test-suite type="TestFixture" name="CoreApp Non-Interactive Mode.Basic Non-Interactive Mode" executed="True" result="Success" success="True" time="4.0533" asserts="0" description="CoreApp Non-Interactive Mode.Basic Non-Interactive Mode">
                <results>
                  <test-case description="Should exit gracefully with helpful message when no scripts specified" name="CoreApp Non-Interactive Mode.Basic Non-Interactive Mode.Should exit gracefully with helpful message when no scripts specified" time="1.1406" asserts="0" success="True" result="Success" executed="True" />
                  <test-case description="Should respect verbosity levels in non-interactive mode" name="CoreApp Non-Interactive Mode.Basic Non-Interactive Mode.Should respect verbosity levels in non-interactive mode" time="1.9525" asserts="0" success="True" result="Success" executed="True" />
                  <test-case description="Should handle missing configuration files gracefully" name="CoreApp Non-Interactive Mode.Basic Non-Interactive Mode.Should handle missing configuration files gracefully" time="0.933" asserts="0" success="True" result="Success" executed="True" />
                </results>
              </test-suite>
              <test-suite type="TestFixture" name="CoreApp Non-Interactive Mode.Auto Mode Non-Interactive" executed="True" result="Success" success="True" time="7.9337" asserts="0" description="CoreApp Non-Interactive Mode.Auto Mode Non-Interactive">
                <results>
                  <test-case description="Should execute all scripts in WhatIf mode without errors" name="CoreApp Non-Interactive Mode.Auto Mode Non-Interactive.Should execute all scripts in WhatIf mode without errors" time="1.3777" asserts="0" success="True" result="Success" executed="True" />
                  <test-case description="Should handle Auto mode with Force parameter" name="CoreApp Non-Interactive Mode.Auto Mode Non-Interactive.Should handle Auto mode with Force parameter" time="1.4143" asserts="0" success="True" result="Success" executed="True" />
                  <test-case description="Should complete within reasonable time limits" name="CoreApp Non-Interactive Mode.Auto Mode Non-Interactive.Should complete within reasonable time limits" time="1.0796" asserts="0" success="True" result="Success" executed="True" />
                </results>
              </test-suite>
              <test-suite type="TestFixture" name="CoreApp Non-Interactive Mode.Specific Script Execution" executed="True" result="Success" success="True" time="10.3813" asserts="0" description="CoreApp Non-Interactive Mode.Specific Script Execution">
                <results>
                  <test-case description="Should execute a specific script in WhatIf mode" name="CoreApp Non-Interactive Mode.Specific Script Execution.Should execute a specific script in WhatIf mode" time="0.7938" asserts="0" success="True" result="Success" executed="True" />
                  <test-case description="Should handle multiple specific scripts" name="CoreApp Non-Interactive Mode.Specific Script Execution.Should handle multiple specific scripts" time="0.8441" asserts="0" success="True" result="Success" executed="True" />
                  <test-case description="Should handle nonexistent script gracefully" name="CoreApp Non-Interactive Mode.Specific Script Execution.Should handle nonexistent script gracefully" time="0.8004" asserts="0" success="True" result="Success" executed="True" />
                </results>
              </test-suite>
              <test-suite type="TestFixture" name="CoreApp Non-Interactive Mode.Error Handling and Edge Cases" executed="True" result="Success" success="True" time="14.4894" asserts="0" description="CoreApp Non-Interactive Mode.Error Handling and Edge Cases">
                <results>
                  <test-case description="Should handle empty script parameter gracefully" name="CoreApp Non-Interactive Mode.Error Handling and Edge Cases.Should handle empty script parameter gracefully" time="1.0824" asserts="0" success="True" result="Success" executed="True" />
                  <test-case description="Should properly detect non-interactive mode automatically" name="CoreApp Non-Interactive Mode.Error Handling and Edge Cases.Should properly detect non-interactive mode automatically" time="0.8627" asserts="0" success="True" result="Success" executed="True" />
                  <test-case description="Should maintain consistent exit codes across runs" name="CoreApp Non-Interactive Mode.Error Handling and Edge Cases.Should maintain consistent exit codes across runs" time="2.156" asserts="0" success="True" result="Success" executed="True" />
                </results>
              </test-suite>
              <test-suite type="TestFixture" name="CoreApp Non-Interactive Mode.Logging and Output Verification" executed="True" result="Success" success="True" time="16.0975" asserts="0" description="CoreApp Non-Interactive Mode.Logging and Output Verification">
                <results>
                  <test-case description="Should create proper log entries with timestamps" name="CoreApp Non-Interactive Mode.Logging and Output Verification.Should create proper log entries with timestamps" time="0.8168" asserts="0" success="True" result="Success" executed="True" />
                  <test-case description="Should include module initialization messages" name="CoreApp Non-Interactive Mode.Logging and Output Verification.Should include module initialization messages" time="0.7885" asserts="0" success="True" result="Success" executed="True" />
                </results>
              </test-suite>
              <test-suite type="TestFixture" name="CoreApp Non-Interactive Mode.Integration with CoreApp Module" executed="True" result="Success" success="True" time="17.2777" asserts="0" description="CoreApp Non-Interactive Mode.Integration with CoreApp Module">
                <results>
                  <test-case description="Should successfully invoke CoreApp module directly" name="CoreApp Non-Interactive Mode.Integration with CoreApp Module.Should successfully invoke CoreApp module directly" time="1.176" asserts="0" success="True" result="Success" executed="True" />
                </results>
              </test-suite>
            </results>
          </test-suite>
          <test-suite type="TestFixture" name="CoreApp Cross-Platform Compatibility" executed="True" result="Success" success="True" time="19.8402" asserts="0" description="CoreApp Cross-Platform Compatibility">
            <results>
              <test-suite type="TestFixture" name="CoreApp Cross-Platform Compatibility.Path Handling" executed="True" result="Success" success="True" time="2.5452" asserts="0" description="CoreApp Cross-Platform Compatibility.Path Handling">
                <results>
                  <test-case description="Should handle paths correctly on current platform" name="CoreApp Cross-Platform Compatibility.Path Handling.Should handle paths correctly on current platform" time="1.1725" asserts="0" success="True" result="Success" executed="True" />
                  <test-case description="Should work with different configuration file paths" name="CoreApp Cross-Platform Compatibility.Path Handling.Should work with different configuration file paths" time="1.37" asserts="0" success="True" result="Success" executed="True" />
                </results>
              </test-suite>
            </results>
          </test-suite>
        </results>
      </test-suite>
    </results>
  </test-suite>
</test-results>