<?xml version="1.0" encoding="utf-8" standalone="no"?>
<test-results xmlns:xsi="http://www.w3.org/2001/XMLSchema-instance" xsi:noNamespaceSchemaLocation="nunit_schema_2.5.xsd" name="Pester" total="2" errors="0" failures="1" not-run="0" inconclusive="0" ignored="0" skipped="0" invalid="0" date="2025-06-14" time="09:26:33">
  <environment machine-name="WZNS" nunit-version="2.5.8.0" clr-version="9.0.4" os-version="10.0.26100" user="alexa" user-domain="WZNS" platform="Microsoft Windows 11 Pro|C:\WINDOWS|\Device\Harddisk1\Partition3" cwd="C:\Users\alexa\OneDrive\Documents\0. wizzense\opentofu-lab-automation" />
  <culture-info current-culture="en-US" current-uiculture="en-US" />
  <test-suite type="TestFixture" name="Pester" executed="True" result="Failure" success="False" time="0.168" asserts="0" description="Pester">
    <results>
      <test-suite type="TestFixture" name="C:\Users\alexa\OneDrive\Documents\0. wizzense\opentofu-lab-automation\tests\PathUtils.Tests.ps1" executed="True" result="Failure" success="False" time="0.168" asserts="0" description="C:\Users\alexa\OneDrive\Documents\0. wizzense\opentofu-lab-automation\tests\PathUtils.Tests.ps1">
        <results>
          <test-suite type="TestFixture" name="Normalize-RelativePath" executed="True" result="Failure" success="False" time="0.0775" asserts="0" description="Normalize-RelativePath">
            <results>
              <test-case description="joins mixed separators into platform path" name="Normalize-RelativePath.joins mixed separators into platform path" time="0.0168" asserts="0" success="True" result="Success" executed="True" />
              <test-case description="handles trailing separators" name="Normalize-RelativePath.handles trailing separators" time="0.0254" asserts="0" success="False" result="Failure" executed="True">
                <failure>
                  <message>Expected strings to be the same, but they were different.
Expected length: 5
Actual length:   6
Strings differ at index 5.
Expected: 'a\b\c'
But was:  'a\b\c\'
           -----^</message>
                  <stack-trace>at Normalize-RelativePath $input | Should -Be $expected, C:\Users\alexa\OneDrive\Documents\0. wizzense\opentofu-lab-automation\tests\PathUtils.Tests.ps1:22
at &lt;ScriptBlock&gt;, C:\Users\alexa\OneDrive\Documents\0. wizzense\opentofu-lab-automation\tests\PathUtils.Tests.ps1:22</stack-trace>
                </failure>
              </test-case>
            </results>
          </test-suite>
        </results>
      </test-suite>
    </results>
  </test-suite>
</test-results>