<?xml version="1.0" encoding="utf-8" standalone="no"?>
<test-results xmlns:xsi="http://www.w3.org/2001/XMLSchema-instance" xsi:noNamespaceSchemaLocation="nunit_schema_2.5.xsd" name="Pester" total="3" errors="0" failures="0" not-run="0" inconclusive="0" ignored="0" skipped="0" invalid="0" date="2025-06-14" time="09:26:31">
  <environment machine-name="WZNS" nunit-version="2.5.8.0" clr-version="9.0.4" os-version="10.0.26100" user="alexa" user-domain="WZNS" platform="Microsoft Windows 11 Pro|C:\WINDOWS|\Device\Harddisk1\Partition3" cwd="C:\Users\alexa\OneDrive\Documents\0. wizzense\opentofu-lab-automation" />
  <culture-info current-culture="en-US" current-uiculture="en-US" />
  <test-suite type="TestFixture" name="Pester" executed="True" result="Success" success="True" time="0.2765" asserts="0" description="Pester">
    <results>
      <test-suite type="TestFixture" name="C:\Users\alexa\OneDrive\Documents\0. wizzense\opentofu-lab-automation\tests\Resolve-ProjectPath.Tests.ps1" executed="True" result="Success" success="True" time="0.2765" asserts="0" description="C:\Users\alexa\OneDrive\Documents\0. wizzense\opentofu-lab-automation\tests\Resolve-ProjectPath.Tests.ps1">
        <results>
          <test-suite type="TestFixture" name="Resolve-ProjectPath" executed="True" result="Success" success="True" time="0.1558" asserts="0" description="Resolve-ProjectPath">
            <results>
              <test-case description="finds file recursively and after move" name="Resolve-ProjectPath.finds file recursively and after move" time="0.0432" asserts="0" success="True" result="Success" executed="True" />
              <test-case description="resolves path from path-index.yaml" name="Resolve-ProjectPath.resolves path from path-index.yaml" time="0.0407" asserts="0" success="True" result="Success" executed="True" />
              <test-case description="resolves direct index entry with normalized separators" name="Resolve-ProjectPath.resolves direct index entry with normalized separators" time="0.0284" asserts="0" success="True" result="Success" executed="True" />
            </results>
          </test-suite>
        </results>
      </test-suite>
    </results>
  </test-suite>
</test-results>