<?xml version="1.0" encoding="utf-8" standalone="no"?>
<test-results xmlns:xsi="http://www.w3.org/2001/XMLSchema-instance" xsi:noNamespaceSchemaLocation="nunit_schema_2.5.xsd" name="Pester" total="186" errors="0" failures="2" not-run="0" inconclusive="0" ignored="0" skipped="0" invalid="0" date="2025-06-14" time="09:26:32">
  <environment machine-name="WZNS" nunit-version="2.5.8.0" clr-version="9.0.4" os-version="10.0.26100" user="alexa" user-domain="WZNS" platform="Microsoft Windows 11 Pro|C:\WINDOWS|\Device\Harddisk1\Partition3" cwd="C:\Users\alexa\OneDrive\Documents\0. wizzense\opentofu-lab-automation" />
  <culture-info current-culture="en-US" current-uiculture="en-US" />
  <test-suite type="TestFixture" name="Pester" executed="True" result="Failure" success="False" time="2.3969" asserts="0" description="Pester">
    <results>
      <test-suite type="TestFixture" name="C:\Users\alexa\OneDrive\Documents\0. wizzense\opentofu-lab-automation\tests\RunnerScripts.Tests.ps1" executed="True" result="Failure" success="False" time="2.3969" asserts="0" description="C:\Users\alexa\OneDrive\Documents\0. wizzense\opentofu-lab-automation\tests\RunnerScripts.Tests.ps1">
        <results>
          <test-suite type="TestFixture" name="Runner scripts parameter and command checks" executed="True" result="Failure" success="False" time="1.9853" asserts="0" description="Runner scripts parameter and command checks">
            <results>
              <test-case description="resolves PSScriptRoot when run with pwsh -File" name="Runner scripts parameter and command checks.resolves PSScriptRoot when run with pwsh -File" time="0.4513" asserts="0" success="False" result="Failure" executed="True">
                <failure>
                  <message>Expected strings to be the same, but they were different.
Expected length: 70
Actual length:   0
Strings differ at index 0.
Expected: 'C:\Users\alexa\AppData\Local\Temp\9963ec1d-02db-4740-94fd-133a39a42a14'
But was:  ''
           ^</message>
                  <stack-trace>at $normalizedResult | Should -Be $normalizedExpected, C:\Users\alexa\OneDrive\Documents\0. wizzense\opentofu-lab-automation\tests\RunnerScripts.Tests.ps1:197
at &lt;ScriptBlock&gt;, C:\Users\alexa\OneDrive\Documents\0. wizzense\opentofu-lab-automation\tests\RunnerScripts.Tests.ps1:197</stack-trace>
                </failure>
              </test-case>
              <test-suite type="ParameterizedTest" name="Runner scripts parameter and command checks.imports LabRunner module" executed="True" result="Success" success="True" time="0.2743" asserts="0" description="imports LabRunner module">
                <results>
                  <test-case description="imports LabRunner module" name="Runner scripts parameter and command checks.imports LabRunner module(C:\Users\alexa\OneDrive\Documents\0. wizzense\opentofu-lab-automation\pwsh\runner_scripts\0000_Cleanup-Files.ps1,Write-CustomLog,&quot;0000_Cleanup-Files.ps1&quot;)" time="0.0731" asserts="0" success="True" result="Success" executed="True" />
                  <test-case description="imports LabRunner module" name="Runner scripts parameter and command checks.imports LabRunner module(C:\Users\alexa\OneDrive\Documents\0. wizzense\opentofu-lab-automation\pwsh\runner_scripts\0001_Reset-Git.ps1,Write-CustomLog,&quot;0001_Reset-Git.ps1&quot;)" time="0.0059" asserts="0" success="True" result="Success" executed="True" />
                  <test-case description="imports LabRunner module" name="Runner scripts parameter and command checks.imports LabRunner module(C:\Users\alexa\OneDrive\Documents\0. wizzense\opentofu-lab-automation\pwsh\runner_scripts\0002_Setup-Directories.ps1,Write-CustomLog,&quot;0002_Setup-Directories.ps1&quot;)" time="0.0068" asserts="0" success="True" result="Success" executed="True" />
                  <test-case description="imports LabRunner module" name="Runner scripts parameter and command checks.imports LabRunner module(C:\Users\alexa\OneDrive\Documents\0. wizzense\opentofu-lab-automation\pwsh\runner_scripts\0006_Install-ValidationTools.ps1,Write-CustomLog,&quot;0006_Install-ValidationTools.ps1&quot;)" time="0.0055" asserts="0" success="True" result="Success" executed="True" />
                  <test-case description="imports LabRunner module" name="Runner scripts parameter and command checks.imports LabRunner module(C:\Users\alexa\OneDrive\Documents\0. wizzense\opentofu-lab-automation\pwsh\runner_scripts\0007_Install-Go.ps1,Write-CustomLog,&quot;0007_Install-Go.ps1&quot;)" time="0.005" asserts="0" success="True" result="Success" executed="True" />
                  <test-case description="imports LabRunner module" name="Runner scripts parameter and command checks.imports LabRunner module(C:\Users\alexa\OneDrive\Documents\0. wizzense\opentofu-lab-automation\pwsh\runner_scripts\0008_Install-OpenTofu.ps1,Write-CustomLog,&quot;0008_Install-OpenTofu.ps1&quot;)" time="0.0044" asserts="0" success="True" result="Success" executed="True" />
                  <test-case description="imports LabRunner module" name="Runner scripts parameter and command checks.imports LabRunner module(C:\Users\alexa\OneDrive\Documents\0. wizzense\opentofu-lab-automation\pwsh\runner_scripts\0009_Initialize-OpenTofu.ps1,Write-CustomLog,&quot;0009_Initialize-OpenTofu.ps1&quot;)" time="0.0108" asserts="0" success="True" result="Success" executed="True" />
                  <test-case description="imports LabRunner module" name="Runner scripts parameter and command checks.imports LabRunner module(C:\Users\alexa\OneDrive\Documents\0. wizzense\opentofu-lab-automation\pwsh\runner_scripts\0010_Prepare-HyperVProvider.ps1,Write-CustomLog,&quot;0010_Prepare-HyperVProvider.ps1&quot;)" time="0.0138" asserts="0" success="True" result="Success" executed="True" />
                  <test-case description="imports LabRunner module" name="Runner scripts parameter and command checks.imports LabRunner module(C:\Users\alexa\OneDrive\Documents\0. wizzense\opentofu-lab-automation\pwsh\runner_scripts\0100_Enable-WinRM.ps1,Write-CustomLog,&quot;0100_Enable-WinRM.ps1&quot;)" time="0.0082" asserts="0" success="True" result="Success" executed="True" />
                  <test-case description="imports LabRunner module" name="Runner scripts parameter and command checks.imports LabRunner module(C:\Users\alexa\OneDrive\Documents\0. wizzense\opentofu-lab-automation\pwsh\runner_scripts\0101_Enable-RemoteDesktop.ps1,Write-CustomLog,&quot;0101_Enable-RemoteDesktop.ps1&quot;)" time="0.0043" asserts="0" success="True" result="Success" executed="True" />
                  <test-case description="imports LabRunner module" name="Runner scripts parameter and command checks.imports LabRunner module(C:\Users\alexa\OneDrive\Documents\0. wizzense\opentofu-lab-automation\pwsh\runner_scripts\0102_Configure-Firewall.ps1,Write-CustomLog,&quot;0102_Configure-Firewall.ps1&quot;)" time="0.0045" asserts="0" success="True" result="Success" executed="True" />
                  <test-case description="imports LabRunner module" name="Runner scripts parameter and command checks.imports LabRunner module(C:\Users\alexa\OneDrive\Documents\0. wizzense\opentofu-lab-automation\pwsh\runner_scripts\0103_Change-ComputerName.ps1,Write-CustomLog,&quot;0103_Change-ComputerName.ps1&quot;)" time="0.0042" asserts="0" success="True" result="Success" executed="True" />
                  <test-case description="imports LabRunner module" name="Runner scripts parameter and command checks.imports LabRunner module(C:\Users\alexa\OneDrive\Documents\0. wizzense\opentofu-lab-automation\pwsh\runner_scripts\0104_Install-CA.ps1,Write-CustomLog,&quot;0104_Install-CA.ps1&quot;)" time="0.005" asserts="0" success="True" result="Success" executed="True" />
                  <test-case description="imports LabRunner module" name="Runner scripts parameter and command checks.imports LabRunner module(C:\Users\alexa\OneDrive\Documents\0. wizzense\opentofu-lab-automation\pwsh\runner_scripts\0105_Install-HyperV.ps1,Write-CustomLog,&quot;0105_Install-HyperV.ps1&quot;)" time="0.0042" asserts="0" success="True" result="Success" executed="True" />
                  <test-case description="imports LabRunner module" name="Runner scripts parameter and command checks.imports LabRunner module(C:\Users\alexa\OneDrive\Documents\0. wizzense\opentofu-lab-automation\pwsh\runner_scripts\0106_Install-WAC.ps1,Write-CustomLog,&quot;0106_Install-WAC.ps1&quot;)" time="0.0044" asserts="0" success="True" result="Success" executed="True" />
                  <test-case description="imports LabRunner module" name="Runner scripts parameter and command checks.imports LabRunner module(C:\Users\alexa\OneDrive\Documents\0. wizzense\opentofu-lab-automation\pwsh\runner_scripts\0111_Disable-TCPIP6.ps1,Write-CustomLog,&quot;0111_Disable-TCPIP6.ps1&quot;)" time="0.0038" asserts="0" success="True" result="Success" executed="True" />
                  <test-case description="imports LabRunner module" name="Runner scripts parameter and command checks.imports LabRunner module(C:\Users\alexa\OneDrive\Documents\0. wizzense\opentofu-lab-automation\pwsh\runner_scripts\0112_Enable-PXE.ps1,Write-CustomLog,&quot;0112_Enable-PXE.ps1&quot;)" time="0.0074" asserts="0" success="True" result="Success" executed="True" />
                  <test-case description="imports LabRunner module" name="Runner scripts parameter and command checks.imports LabRunner module(C:\Users\alexa\OneDrive\Documents\0. wizzense\opentofu-lab-automation\pwsh\runner_scripts\0113_Config-DNS.ps1,Write-CustomLog,&quot;0113_Config-DNS.ps1&quot;)" time="0.0042" asserts="0" success="True" result="Success" executed="True" />
                  <test-case description="imports LabRunner module" name="Runner scripts parameter and command checks.imports LabRunner module(C:\Users\alexa\OneDrive\Documents\0. wizzense\opentofu-lab-automation\pwsh\runner_scripts\0114_Config-TrustedHosts.ps1,Write-CustomLog,&quot;0114_Config-TrustedHosts.ps1&quot;)" time="0.0037" asserts="0" success="True" result="Success" executed="True" />
                  <test-case description="imports LabRunner module" name="Runner scripts parameter and command checks.imports LabRunner module(C:\Users\alexa\OneDrive\Documents\0. wizzense\opentofu-lab-automation\pwsh\runner_scripts\0200_Get-SystemInfo.ps1,Write-CustomLog,&quot;0200_Get-SystemInfo.ps1&quot;)" time="0.0078" asserts="0" success="True" result="Success" executed="True" />
                  <test-case description="imports LabRunner module" name="Runner scripts parameter and command checks.imports LabRunner module(C:\Users\alexa\OneDrive\Documents\0. wizzense\opentofu-lab-automation\pwsh\runner_scripts\0201_Install-NodeCore.ps1,Write-CustomLog,&quot;0201_Install-NodeCore.ps1&quot;)" time="0.0051" asserts="0" success="True" result="Success" executed="True" />
                  <test-case description="imports LabRunner module" name="Runner scripts parameter and command checks.imports LabRunner module(C:\Users\alexa\OneDrive\Documents\0. wizzense\opentofu-lab-automation\pwsh\runner_scripts\0202_Install-NodeGlobalPackages.ps1,Write-CustomLog,&quot;0202_Install-NodeGlobalPackages.ps1&quot;)" time="0.0087" asserts="0" success="True" result="Success" executed="True" />
                  <test-case description="imports LabRunner module" name="Runner scripts parameter and command checks.imports LabRunner module(C:\Users\alexa\OneDrive\Documents\0. wizzense\opentofu-lab-automation\pwsh\runner_scripts\0203_Install-npm.ps1,Write-CustomLog,&quot;0203_Install-npm.ps1&quot;)" time="0.006" asserts="0" success="True" result="Success" executed="True" />
                  <test-case description="imports LabRunner module" name="Runner scripts parameter and command checks.imports LabRunner module(C:\Users\alexa\OneDrive\Documents\0. wizzense\opentofu-lab-automation\pwsh\runner_scripts\0204_Install-Poetry.ps1,Write-CustomLog,&quot;0204_Install-Poetry.ps1&quot;)" time="0.0045" asserts="0" success="True" result="Success" executed="True" />
                  <test-case description="imports LabRunner module" name="Runner scripts parameter and command checks.imports LabRunner module(C:\Users\alexa\OneDrive\Documents\0. wizzense\opentofu-lab-automation\pwsh\runner_scripts\0205_Install-Sysinternals.ps1,Write-CustomLog,&quot;0205_Install-Sysinternals.ps1&quot;)" time="0.0044" asserts="0" success="True" result="Success" executed="True" />
                  <test-case description="imports LabRunner module" name="Runner scripts parameter and command checks.imports LabRunner module(C:\Users\alexa\OneDrive\Documents\0. wizzense\opentofu-lab-automation\pwsh\runner_scripts\0206_Install-Python.ps1,Write-CustomLog,&quot;0206_Install-Python.ps1&quot;)" time="0.0045" asserts="0" success="True" result="Success" executed="True" />
                  <test-case description="imports LabRunner module" name="Runner scripts parameter and command checks.imports LabRunner module(C:\Users\alexa\OneDrive\Documents\0. wizzense\opentofu-lab-automation\pwsh\runner_scripts\0207_Install-Git.ps1,Write-CustomLog,&quot;0207_Install-Git.ps1&quot;)" time="0.0043" asserts="0" success="True" result="Success" executed="True" />
                  <test-case description="imports LabRunner module" name="Runner scripts parameter and command checks.imports LabRunner module(C:\Users\alexa\OneDrive\Documents\0. wizzense\opentofu-lab-automation\pwsh\runner_scripts\0208_Install-DockerDesktop.ps1,Write-CustomLog,&quot;0208_Install-DockerDesktop.ps1&quot;)" time="0.0044" asserts="0" success="True" result="Success" executed="True" />
                  <test-case description="imports LabRunner module" name="Runner scripts parameter and command checks.imports LabRunner module(C:\Users\alexa\OneDrive\Documents\0. wizzense\opentofu-lab-automation\pwsh\runner_scripts\0209_Install-7Zip.ps1,Write-CustomLog,&quot;0209_Install-7Zip.ps1&quot;)" time="0.0048" asserts="0" success="True" result="Success" executed="True" />
                  <test-case description="imports LabRunner module" name="Runner scripts parameter and command checks.imports LabRunner module(C:\Users\alexa\OneDrive\Documents\0. wizzense\opentofu-lab-automation\pwsh\runner_scripts\0210_Install-VSCode.ps1,Write-CustomLog,&quot;0210_Install-VSCode.ps1&quot;)" time="0.0081" asserts="0" success="True" result="Success" executed="True" />
                  <test-case description="imports LabRunner module" name="Runner scripts parameter and command checks.imports LabRunner module(C:\Users\alexa\OneDrive\Documents\0. wizzense\opentofu-lab-automation\pwsh\runner_scripts\0211_Install-VSBuildTools.ps1,Write-CustomLog,&quot;0211_Install-VSBuildTools.ps1&quot;)" time="0.0049" asserts="0" success="True" result="Success" executed="True" />
                  <test-case description="imports LabRunner module" name="Runner scripts parameter and command checks.imports LabRunner module(C:\Users\alexa\OneDrive\Documents\0. wizzense\opentofu-lab-automation\pwsh\runner_scripts\0212_Install-AzureCLI.ps1,Write-CustomLog,&quot;0212_Install-AzureCLI.ps1&quot;)" time="0.0043" asserts="0" success="True" result="Success" executed="True" />
                  <test-case description="imports LabRunner module" name="Runner scripts parameter and command checks.imports LabRunner module(C:\Users\alexa\OneDrive\Documents\0. wizzense\opentofu-lab-automation\pwsh\runner_scripts\0213_Install-AWSCLI.ps1,Write-CustomLog,&quot;0213_Install-AWSCLI.ps1&quot;)" time="0.0044" asserts="0" success="True" result="Success" executed="True" />
                  <test-case description="imports LabRunner module" name="Runner scripts parameter and command checks.imports LabRunner module(C:\Users\alexa\OneDrive\Documents\0. wizzense\opentofu-lab-automation\pwsh\runner_scripts\0214_Install-Packer.ps1,Write-CustomLog,&quot;0214_Install-Packer.ps1&quot;)" time="0.0049" asserts="0" success="True" result="Success" executed="True" />
                  <test-case description="imports LabRunner module" name="Runner scripts parameter and command checks.imports LabRunner module(C:\Users\alexa\OneDrive\Documents\0. wizzense\opentofu-lab-automation\pwsh\runner_scripts\0215_Install-Chocolatey.ps1,Write-CustomLog,&quot;0215_Install-Chocolatey.ps1&quot;)" time="0.0049" asserts="0" success="True" result="Success" executed="True" />
                  <test-case description="imports LabRunner module" name="Runner scripts parameter and command checks.imports LabRunner module(C:\Users\alexa\OneDrive\Documents\0. wizzense\opentofu-lab-automation\pwsh\runner_scripts\0216_Set-LabProfile.ps1,Write-CustomLog,&quot;0216_Set-LabProfile.ps1&quot;)" time="0.0044" asserts="0" success="True" result="Success" executed="True" />
                  <test-case description="imports LabRunner module" name="Runner scripts parameter and command checks.imports LabRunner module(C:\Users\alexa\OneDrive\Documents\0. wizzense\opentofu-lab-automation\pwsh\runner_scripts\9999_Reset-Machine.ps1,Write-CustomLog,&quot;9999_Reset-Machine.ps1&quot;)" time="0.0051" asserts="0" success="True" result="Success" executed="True" />
                </results>
              </test-suite>
              <test-suite type="ParameterizedTest" name="Runner scripts parameter and command checks.parses without errors" executed="True" result="Success" success="True" time="0.3657" asserts="0" description="parses without errors">
                <results>
                  <test-case description="parses without errors" name="Runner scripts parameter and command checks.parses without errors(C:\Users\alexa\OneDrive\Documents\0. wizzense\opentofu-lab-automation\pwsh\runner_scripts\0000_Cleanup-Files.ps1,Write-CustomLog,&quot;0000_Cleanup-Files.ps1&quot;)" time="0.06" asserts="0" success="True" result="Success" executed="True" />
                  <test-case description="parses without errors" name="Runner scripts parameter and command checks.parses without errors(C:\Users\alexa\OneDrive\Documents\0. wizzense\opentofu-lab-automation\pwsh\runner_scripts\0001_Reset-Git.ps1,Write-CustomLog,&quot;0001_Reset-Git.ps1&quot;)" time="0.0027" asserts="0" success="True" result="Success" executed="True" />
                  <test-case description="parses without errors" name="Runner scripts parameter and command checks.parses without errors(C:\Users\alexa\OneDrive\Documents\0. wizzense\opentofu-lab-automation\pwsh\runner_scripts\0002_Setup-Directories.ps1,Write-CustomLog,&quot;0002_Setup-Directories.ps1&quot;)" time="0.0029" asserts="0" success="True" result="Success" executed="True" />
                  <test-case description="parses without errors" name="Runner scripts parameter and command checks.parses without errors(C:\Users\alexa\OneDrive\Documents\0. wizzense\opentofu-lab-automation\pwsh\runner_scripts\0006_Install-ValidationTools.ps1,Write-CustomLog,&quot;0006_Install-ValidationTools.ps1&quot;)" time="0.003" asserts="0" success="True" result="Success" executed="True" />
                  <test-case description="parses without errors" name="Runner scripts parameter and command checks.parses without errors(C:\Users\alexa\OneDrive\Documents\0. wizzense\opentofu-lab-automation\pwsh\runner_scripts\0007_Install-Go.ps1,Write-CustomLog,&quot;0007_Install-Go.ps1&quot;)" time="0.0029" asserts="0" success="True" result="Success" executed="True" />
                  <test-case description="parses without errors" name="Runner scripts parameter and command checks.parses without errors(C:\Users\alexa\OneDrive\Documents\0. wizzense\opentofu-lab-automation\pwsh\runner_scripts\0008_Install-OpenTofu.ps1,Write-CustomLog,&quot;0008_Install-OpenTofu.ps1&quot;)" time="0.0036" asserts="0" success="True" result="Success" executed="True" />
                  <test-case description="parses without errors" name="Runner scripts parameter and command checks.parses without errors(C:\Users\alexa\OneDrive\Documents\0. wizzense\opentofu-lab-automation\pwsh\runner_scripts\0009_Initialize-OpenTofu.ps1,Write-CustomLog,&quot;0009_Initialize-OpenTofu.ps1&quot;)" time="0.003" asserts="0" success="True" result="Success" executed="True" />
                  <test-case description="parses without errors" name="Runner scripts parameter and command checks.parses without errors(C:\Users\alexa\OneDrive\Documents\0. wizzense\opentofu-lab-automation\pwsh\runner_scripts\0010_Prepare-HyperVProvider.ps1,Write-CustomLog,&quot;0010_Prepare-HyperVProvider.ps1&quot;)" time="0.0238" asserts="0" success="True" result="Success" executed="True" />
                  <test-case description="parses without errors" name="Runner scripts parameter and command checks.parses without errors(C:\Users\alexa\OneDrive\Documents\0. wizzense\opentofu-lab-automation\pwsh\runner_scripts\0100_Enable-WinRM.ps1,Write-CustomLog,&quot;0100_Enable-WinRM.ps1&quot;)" time="0.0031" asserts="0" success="True" result="Success" executed="True" />
                  <test-case description="parses without errors" name="Runner scripts parameter and command checks.parses without errors(C:\Users\alexa\OneDrive\Documents\0. wizzense\opentofu-lab-automation\pwsh\runner_scripts\0101_Enable-RemoteDesktop.ps1,Write-CustomLog,&quot;0101_Enable-RemoteDesktop.ps1&quot;)" time="0.0036" asserts="0" success="True" result="Success" executed="True" />
                  <test-case description="parses without errors" name="Runner scripts parameter and command checks.parses without errors(C:\Users\alexa\OneDrive\Documents\0. wizzense\opentofu-lab-automation\pwsh\runner_scripts\0102_Configure-Firewall.ps1,Write-CustomLog,&quot;0102_Configure-Firewall.ps1&quot;)" time="0.0035" asserts="0" success="True" result="Success" executed="True" />
                  <test-case description="parses without errors" name="Runner scripts parameter and command checks.parses without errors(C:\Users\alexa\OneDrive\Documents\0. wizzense\opentofu-lab-automation\pwsh\runner_scripts\0103_Change-ComputerName.ps1,Write-CustomLog,&quot;0103_Change-ComputerName.ps1&quot;)" time="0.0136" asserts="0" success="True" result="Success" executed="True" />
                  <test-case description="parses without errors" name="Runner scripts parameter and command checks.parses without errors(C:\Users\alexa\OneDrive\Documents\0. wizzense\opentofu-lab-automation\pwsh\runner_scripts\0104_Install-CA.ps1,Write-CustomLog,&quot;0104_Install-CA.ps1&quot;)" time="0.0139" asserts="0" success="True" result="Success" executed="True" />
                  <test-case description="parses without errors" name="Runner scripts parameter and command checks.parses without errors(C:\Users\alexa\OneDrive\Documents\0. wizzense\opentofu-lab-automation\pwsh\runner_scripts\0105_Install-HyperV.ps1,Write-CustomLog,&quot;0105_Install-HyperV.ps1&quot;)" time="0.0036" asserts="0" success="True" result="Success" executed="True" />
                  <test-case description="parses without errors" name="Runner scripts parameter and command checks.parses without errors(C:\Users\alexa\OneDrive\Documents\0. wizzense\opentofu-lab-automation\pwsh\runner_scripts\0106_Install-WAC.ps1,Write-CustomLog,&quot;0106_Install-WAC.ps1&quot;)" time="0.0032" asserts="0" success="True" result="Success" executed="True" />
                  <test-case description="parses without errors" name="Runner scripts parameter and command checks.parses without errors(C:\Users\alexa\OneDrive\Documents\0. wizzense\opentofu-lab-automation\pwsh\runner_scripts\0111_Disable-TCPIP6.ps1,Write-CustomLog,&quot;0111_Disable-TCPIP6.ps1&quot;)" time="0.0128" asserts="0" success="True" result="Success" executed="True" />
                  <test-case description="parses without errors" name="Runner scripts parameter and command checks.parses without errors(C:\Users\alexa\OneDrive\Documents\0. wizzense\opentofu-lab-automation\pwsh\runner_scripts\0112_Enable-PXE.ps1,Write-CustomLog,&quot;0112_Enable-PXE.ps1&quot;)" time="0.0138" asserts="0" success="True" result="Success" executed="True" />
                  <test-case description="parses without errors" name="Runner scripts parameter and command checks.parses without errors(C:\Users\alexa\OneDrive\Documents\0. wizzense\opentofu-lab-automation\pwsh\runner_scripts\0113_Config-DNS.ps1,Write-CustomLog,&quot;0113_Config-DNS.ps1&quot;)" time="0.0111" asserts="0" success="True" result="Success" executed="True" />
                  <test-case description="parses without errors" name="Runner scripts parameter and command checks.parses without errors(C:\Users\alexa\OneDrive\Documents\0. wizzense\opentofu-lab-automation\pwsh\runner_scripts\0114_Config-TrustedHosts.ps1,Write-CustomLog,&quot;0114_Config-TrustedHosts.ps1&quot;)" time="0.0027" asserts="0" success="True" result="Success" executed="True" />
                  <test-case description="parses without errors" name="Runner scripts parameter and command checks.parses without errors(C:\Users\alexa\OneDrive\Documents\0. wizzense\opentofu-lab-automation\pwsh\runner_scripts\0200_Get-SystemInfo.ps1,Write-CustomLog,&quot;0200_Get-SystemInfo.ps1&quot;)" time="0.0222" asserts="0" success="True" result="Success" executed="True" />
                  <test-case description="parses without errors" name="Runner scripts parameter and command checks.parses without errors(C:\Users\alexa\OneDrive\Documents\0. wizzense\opentofu-lab-automation\pwsh\runner_scripts\0201_Install-NodeCore.ps1,Write-CustomLog,&quot;0201_Install-NodeCore.ps1&quot;)" time="0.0041" asserts="0" success="True" result="Success" executed="True" />
                  <test-case description="parses without errors" name="Runner scripts parameter and command checks.parses without errors(C:\Users\alexa\OneDrive\Documents\0. wizzense\opentofu-lab-automation\pwsh\runner_scripts\0202_Install-NodeGlobalPackages.ps1,Write-CustomLog,&quot;0202_Install-NodeGlobalPackages.ps1&quot;)" time="0.0194" asserts="0" success="True" result="Success" executed="True" />
                  <test-case description="parses without errors" name="Runner scripts parameter and command checks.parses without errors(C:\Users\alexa\OneDrive\Documents\0. wizzense\opentofu-lab-automation\pwsh\runner_scripts\0203_Install-npm.ps1,Write-CustomLog,&quot;0203_Install-npm.ps1&quot;)" time="0.0031" asserts="0" success="True" result="Success" executed="True" />
                  <test-case description="parses without errors" name="Runner scripts parameter and command checks.parses without errors(C:\Users\alexa\OneDrive\Documents\0. wizzense\opentofu-lab-automation\pwsh\runner_scripts\0204_Install-Poetry.ps1,Write-CustomLog,&quot;0204_Install-Poetry.ps1&quot;)" time="0.012" asserts="0" success="True" result="Success" executed="True" />
                  <test-case description="parses without errors" name="Runner scripts parameter and command checks.parses without errors(C:\Users\alexa\OneDrive\Documents\0. wizzense\opentofu-lab-automation\pwsh\runner_scripts\0205_Install-Sysinternals.ps1,Write-CustomLog,&quot;0205_Install-Sysinternals.ps1&quot;)" time="0.0114" asserts="0" success="True" result="Success" executed="True" />
                  <test-case description="parses without errors" name="Runner scripts parameter and command checks.parses without errors(C:\Users\alexa\OneDrive\Documents\0. wizzense\opentofu-lab-automation\pwsh\runner_scripts\0206_Install-Python.ps1,Write-CustomLog,&quot;0206_Install-Python.ps1&quot;)" time="0.0031" asserts="0" success="True" result="Success" executed="True" />
                  <test-case description="parses without errors" name="Runner scripts parameter and command checks.parses without errors(C:\Users\alexa\OneDrive\Documents\0. wizzense\opentofu-lab-automation\pwsh\runner_scripts\0207_Install-Git.ps1,Write-CustomLog,&quot;0207_Install-Git.ps1&quot;)" time="0.0027" asserts="0" success="True" result="Success" executed="True" />
                  <test-case description="parses without errors" name="Runner scripts parameter and command checks.parses without errors(C:\Users\alexa\OneDrive\Documents\0. wizzense\opentofu-lab-automation\pwsh\runner_scripts\0208_Install-DockerDesktop.ps1,Write-CustomLog,&quot;0208_Install-DockerDesktop.ps1&quot;)" time="0.0244" asserts="0" success="True" result="Success" executed="True" />
                  <test-case description="parses without errors" name="Runner scripts parameter and command checks.parses without errors(C:\Users\alexa\OneDrive\Documents\0. wizzense\opentofu-lab-automation\pwsh\runner_scripts\0209_Install-7Zip.ps1,Write-CustomLog,&quot;0209_Install-7Zip.ps1&quot;)" time="0.0105" asserts="0" success="True" result="Success" executed="True" />
                  <test-case description="parses without errors" name="Runner scripts parameter and command checks.parses without errors(C:\Users\alexa\OneDrive\Documents\0. wizzense\opentofu-lab-automation\pwsh\runner_scripts\0210_Install-VSCode.ps1,Write-CustomLog,&quot;0210_Install-VSCode.ps1&quot;)" time="0.0112" asserts="0" success="True" result="Success" executed="True" />
                  <test-case description="parses without errors" name="Runner scripts parameter and command checks.parses without errors(C:\Users\alexa\OneDrive\Documents\0. wizzense\opentofu-lab-automation\pwsh\runner_scripts\0211_Install-VSBuildTools.ps1,Write-CustomLog,&quot;0211_Install-VSBuildTools.ps1&quot;)" time="0.0023" asserts="0" success="True" result="Success" executed="True" />
                  <test-case description="parses without errors" name="Runner scripts parameter and command checks.parses without errors(C:\Users\alexa\OneDrive\Documents\0. wizzense\opentofu-lab-automation\pwsh\runner_scripts\0212_Install-AzureCLI.ps1,Write-CustomLog,&quot;0212_Install-AzureCLI.ps1&quot;)" time="0.0126" asserts="0" success="True" result="Success" executed="True" />
                  <test-case description="parses without errors" name="Runner scripts parameter and command checks.parses without errors(C:\Users\alexa\OneDrive\Documents\0. wizzense\opentofu-lab-automation\pwsh\runner_scripts\0213_Install-AWSCLI.ps1,Write-CustomLog,&quot;0213_Install-AWSCLI.ps1&quot;)" time="0.0029" asserts="0" success="True" result="Success" executed="True" />
                  <test-case description="parses without errors" name="Runner scripts parameter and command checks.parses without errors(C:\Users\alexa\OneDrive\Documents\0. wizzense\opentofu-lab-automation\pwsh\runner_scripts\0214_Install-Packer.ps1,Write-CustomLog,&quot;0214_Install-Packer.ps1&quot;)" time="0.0112" asserts="0" success="True" result="Success" executed="True" />
                  <test-case description="parses without errors" name="Runner scripts parameter and command checks.parses without errors(C:\Users\alexa\OneDrive\Documents\0. wizzense\opentofu-lab-automation\pwsh\runner_scripts\0215_Install-Chocolatey.ps1,Write-CustomLog,&quot;0215_Install-Chocolatey.ps1&quot;)" time="0.0199" asserts="0" success="True" result="Success" executed="True" />
                  <test-case description="parses without errors" name="Runner scripts parameter and command checks.parses without errors(C:\Users\alexa\OneDrive\Documents\0. wizzense\opentofu-lab-automation\pwsh\runner_scripts\0216_Set-LabProfile.ps1,Write-CustomLog,&quot;0216_Set-LabProfile.ps1&quot;)" time="0.0031" asserts="0" success="True" result="Success" executed="True" />
                  <test-case description="parses without errors" name="Runner scripts parameter and command checks.parses without errors(C:\Users\alexa\OneDrive\Documents\0. wizzense\opentofu-lab-automation\pwsh\runner_scripts\9999_Reset-Machine.ps1,Write-CustomLog,&quot;9999_Reset-Machine.ps1&quot;)" time="0.0027" asserts="0" success="True" result="Success" executed="True" />
                </results>
              </test-suite>
              <test-suite type="ParameterizedTest" name="Runner scripts parameter and command checks.declares a Config parameter when required" executed="True" result="Success" success="True" time="0.2209" asserts="0" description="declares a Config parameter when required">
                <results>
                  <test-case description="declares a Config parameter when required" name="Runner scripts parameter and command checks.declares a Config parameter when required(C:\Users\alexa\OneDrive\Documents\0. wizzense\opentofu-lab-automation\pwsh\runner_scripts\0000_Cleanup-Files.ps1,Write-CustomLog,&quot;0000_Cleanup-Files.ps1&quot;)" time="0.0472" asserts="0" success="True" result="Success" executed="True" />
                  <test-case description="declares a Config parameter when required" name="Runner scripts parameter and command checks.declares a Config parameter when required(C:\Users\alexa\OneDrive\Documents\0. wizzense\opentofu-lab-automation\pwsh\runner_scripts\0001_Reset-Git.ps1,Write-CustomLog,&quot;0001_Reset-Git.ps1&quot;)" time="0.017" asserts="0" success="True" result="Success" executed="True" />
                  <test-case description="declares a Config parameter when required" name="Runner scripts parameter and command checks.declares a Config parameter when required(C:\Users\alexa\OneDrive\Documents\0. wizzense\opentofu-lab-automation\pwsh\runner_scripts\0002_Setup-Directories.ps1,Write-CustomLog,&quot;0002_Setup-Directories.ps1&quot;)" time="0.0046" asserts="0" success="True" result="Success" executed="True" />
                  <test-case description="declares a Config parameter when required" name="Runner scripts parameter and command checks.declares a Config parameter when required(C:\Users\alexa\OneDrive\Documents\0. wizzense\opentofu-lab-automation\pwsh\runner_scripts\0006_Install-ValidationTools.ps1,Write-CustomLog,&quot;0006_Install-ValidationTools.ps1&quot;)" time="0.0117" asserts="0" success="True" result="Success" executed="True" />
                  <test-case description="declares a Config parameter when required" name="Runner scripts parameter and command checks.declares a Config parameter when required(C:\Users\alexa\OneDrive\Documents\0. wizzense\opentofu-lab-automation\pwsh\runner_scripts\0007_Install-Go.ps1,Write-CustomLog,&quot;0007_Install-Go.ps1&quot;)" time="0.0033" asserts="0" success="True" result="Success" executed="True" />
                  <test-case description="declares a Config parameter when required" name="Runner scripts parameter and command checks.declares a Config parameter when required(C:\Users\alexa\OneDrive\Documents\0. wizzense\opentofu-lab-automation\pwsh\runner_scripts\0008_Install-OpenTofu.ps1,Write-CustomLog,&quot;0008_Install-OpenTofu.ps1&quot;)" time="0.0037" asserts="0" success="True" result="Success" executed="True" />
                  <test-case description="declares a Config parameter when required" name="Runner scripts parameter and command checks.declares a Config parameter when required(C:\Users\alexa\OneDrive\Documents\0. wizzense\opentofu-lab-automation\pwsh\runner_scripts\0009_Initialize-OpenTofu.ps1,Write-CustomLog,&quot;0009_Initialize-OpenTofu.ps1&quot;)" time="0.0034" asserts="0" success="True" result="Success" executed="True" />
                  <test-case description="declares a Config parameter when required" name="Runner scripts parameter and command checks.declares a Config parameter when required(C:\Users\alexa\OneDrive\Documents\0. wizzense\opentofu-lab-automation\pwsh\runner_scripts\0010_Prepare-HyperVProvider.ps1,Write-CustomLog,&quot;0010_Prepare-HyperVProvider.ps1&quot;)" time="0.012" asserts="0" success="True" result="Success" executed="True" />
                  <test-case description="declares a Config parameter when required" name="Runner scripts parameter and command checks.declares a Config parameter when required(C:\Users\alexa\OneDrive\Documents\0. wizzense\opentofu-lab-automation\pwsh\runner_scripts\0100_Enable-WinRM.ps1,Write-CustomLog,&quot;0100_Enable-WinRM.ps1&quot;)" time="0.0034" asserts="0" success="True" result="Success" executed="True" />
                  <test-case description="declares a Config parameter when required" name="Runner scripts parameter and command checks.declares a Config parameter when required(C:\Users\alexa\OneDrive\Documents\0. wizzense\opentofu-lab-automation\pwsh\runner_scripts\0101_Enable-RemoteDesktop.ps1,Write-CustomLog,&quot;0101_Enable-RemoteDesktop.ps1&quot;)" time="0.0036" asserts="0" success="True" result="Success" executed="True" />
                  <test-case description="declares a Config parameter when required" name="Runner scripts parameter and command checks.declares a Config parameter when required(C:\Users\alexa\OneDrive\Documents\0. wizzense\opentofu-lab-automation\pwsh\runner_scripts\0102_Configure-Firewall.ps1,Write-CustomLog,&quot;0102_Configure-Firewall.ps1&quot;)" time="0.0032" asserts="0" success="True" result="Success" executed="True" />
                  <test-case description="declares a Config parameter when required" name="Runner scripts parameter and command checks.declares a Config parameter when required(C:\Users\alexa\OneDrive\Documents\0. wizzense\opentofu-lab-automation\pwsh\runner_scripts\0103_Change-ComputerName.ps1,Write-CustomLog,&quot;0103_Change-ComputerName.ps1&quot;)" time="0.0037" asserts="0" success="True" result="Success" executed="True" />
                  <test-case description="declares a Config parameter when required" name="Runner scripts parameter and command checks.declares a Config parameter when required(C:\Users\alexa\OneDrive\Documents\0. wizzense\opentofu-lab-automation\pwsh\runner_scripts\0104_Install-CA.ps1,Write-CustomLog,&quot;0104_Install-CA.ps1&quot;)" time="0.0035" asserts="0" success="True" result="Success" executed="True" />
                  <test-case description="declares a Config parameter when required" name="Runner scripts parameter and command checks.declares a Config parameter when required(C:\Users\alexa\OneDrive\Documents\0. wizzense\opentofu-lab-automation\pwsh\runner_scripts\0105_Install-HyperV.ps1,Write-CustomLog,&quot;0105_Install-HyperV.ps1&quot;)" time="0.0046" asserts="0" success="True" result="Success" executed="True" />
                  <test-case description="declares a Config parameter when required" name="Runner scripts parameter and command checks.declares a Config parameter when required(C:\Users\alexa\OneDrive\Documents\0. wizzense\opentofu-lab-automation\pwsh\runner_scripts\0106_Install-WAC.ps1,Write-CustomLog,&quot;0106_Install-WAC.ps1&quot;)" time="0.0084" asserts="0" success="True" result="Success" executed="True" />
                  <test-case description="declares a Config parameter when required" name="Runner scripts parameter and command checks.declares a Config parameter when required(C:\Users\alexa\OneDrive\Documents\0. wizzense\opentofu-lab-automation\pwsh\runner_scripts\0111_Disable-TCPIP6.ps1,Write-CustomLog,&quot;0111_Disable-TCPIP6.ps1&quot;)" time="0.0047" asserts="0" success="True" result="Success" executed="True" />
                  <test-case description="declares a Config parameter when required" name="Runner scripts parameter and command checks.declares a Config parameter when required(C:\Users\alexa\OneDrive\Documents\0. wizzense\opentofu-lab-automation\pwsh\runner_scripts\0112_Enable-PXE.ps1,Write-CustomLog,&quot;0112_Enable-PXE.ps1&quot;)" time="0.0038" asserts="0" success="True" result="Success" executed="True" />
                  <test-case description="declares a Config parameter when required" name="Runner scripts parameter and command checks.declares a Config parameter when required(C:\Users\alexa\OneDrive\Documents\0. wizzense\opentofu-lab-automation\pwsh\runner_scripts\0113_Config-DNS.ps1,Write-CustomLog,&quot;0113_Config-DNS.ps1&quot;)" time="0.0041" asserts="0" success="True" result="Success" executed="True" />
                  <test-case description="declares a Config parameter when required" name="Runner scripts parameter and command checks.declares a Config parameter when required(C:\Users\alexa\OneDrive\Documents\0. wizzense\opentofu-lab-automation\pwsh\runner_scripts\0114_Config-TrustedHosts.ps1,Write-CustomLog,&quot;0114_Config-TrustedHosts.ps1&quot;)" time="0.0039" asserts="0" success="True" result="Success" executed="True" />
                  <test-case description="declares a Config parameter when required" name="Runner scripts parameter and command checks.declares a Config parameter when required(C:\Users\alexa\OneDrive\Documents\0. wizzense\opentofu-lab-automation\pwsh\runner_scripts\0200_Get-SystemInfo.ps1,Write-CustomLog,&quot;0200_Get-SystemInfo.ps1&quot;)" time="0.0043" asserts="0" success="True" result="Success" executed="True" />
                  <test-case description="declares a Config parameter when required" name="Runner scripts parameter and command checks.declares a Config parameter when required(C:\Users\alexa\OneDrive\Documents\0. wizzense\opentofu-lab-automation\pwsh\runner_scripts\0201_Install-NodeCore.ps1,Write-CustomLog,&quot;0201_Install-NodeCore.ps1&quot;)" time="0.0039" asserts="0" success="True" result="Success" executed="True" />
                  <test-case description="declares a Config parameter when required" name="Runner scripts parameter and command checks.declares a Config parameter when required(C:\Users\alexa\OneDrive\Documents\0. wizzense\opentofu-lab-automation\pwsh\runner_scripts\0202_Install-NodeGlobalPackages.ps1,Write-CustomLog,&quot;0202_Install-NodeGlobalPackages.ps1&quot;)" time="0.0038" asserts="0" success="True" result="Success" executed="True" />
                  <test-case description="declares a Config parameter when required" name="Runner scripts parameter and command checks.declares a Config parameter when required(C:\Users\alexa\OneDrive\Documents\0. wizzense\opentofu-lab-automation\pwsh\runner_scripts\0203_Install-npm.ps1,Write-CustomLog,&quot;0203_Install-npm.ps1&quot;)" time="0.0044" asserts="0" success="True" result="Success" executed="True" />
                  <test-case description="declares a Config parameter when required" name="Runner scripts parameter and command checks.declares a Config parameter when required(C:\Users\alexa\OneDrive\Documents\0. wizzense\opentofu-lab-automation\pwsh\runner_scripts\0204_Install-Poetry.ps1,Write-CustomLog,&quot;0204_Install-Poetry.ps1&quot;)" time="0.0039" asserts="0" success="True" result="Success" executed="True" />
                  <test-case description="declares a Config parameter when required" name="Runner scripts parameter and command checks.declares a Config parameter when required(C:\Users\alexa\OneDrive\Documents\0. wizzense\opentofu-lab-automation\pwsh\runner_scripts\0205_Install-Sysinternals.ps1,Write-CustomLog,&quot;0205_Install-Sysinternals.ps1&quot;)" time="0.0035" asserts="0" success="True" result="Success" executed="True" />
                  <test-case description="declares a Config parameter when required" name="Runner scripts parameter and command checks.declares a Config parameter when required(C:\Users\alexa\OneDrive\Documents\0. wizzense\opentofu-lab-automation\pwsh\runner_scripts\0206_Install-Python.ps1,Write-CustomLog,&quot;0206_Install-Python.ps1&quot;)" time="0.0038" asserts="0" success="True" result="Success" executed="True" />
                  <test-case description="declares a Config parameter when required" name="Runner scripts parameter and command checks.declares a Config parameter when required(C:\Users\alexa\OneDrive\Documents\0. wizzense\opentofu-lab-automation\pwsh\runner_scripts\0207_Install-Git.ps1,Write-CustomLog,&quot;0207_Install-Git.ps1&quot;)" time="0.0032" asserts="0" success="True" result="Success" executed="True" />
                  <test-case description="declares a Config parameter when required" name="Runner scripts parameter and command checks.declares a Config parameter when required(C:\Users\alexa\OneDrive\Documents\0. wizzense\opentofu-lab-automation\pwsh\runner_scripts\0208_Install-DockerDesktop.ps1,Write-CustomLog,&quot;0208_Install-DockerDesktop.ps1&quot;)" time="0.0036" asserts="0" success="True" result="Success" executed="True" />
                  <test-case description="declares a Config parameter when required" name="Runner scripts parameter and command checks.declares a Config parameter when required(C:\Users\alexa\OneDrive\Documents\0. wizzense\opentofu-lab-automation\pwsh\runner_scripts\0209_Install-7Zip.ps1,Write-CustomLog,&quot;0209_Install-7Zip.ps1&quot;)" time="0.0074" asserts="0" success="True" result="Success" executed="True" />
                  <test-case description="declares a Config parameter when required" name="Runner scripts parameter and command checks.declares a Config parameter when required(C:\Users\alexa\OneDrive\Documents\0. wizzense\opentofu-lab-automation\pwsh\runner_scripts\0210_Install-VSCode.ps1,Write-CustomLog,&quot;0210_Install-VSCode.ps1&quot;)" time="0.0046" asserts="0" success="True" result="Success" executed="True" />
                  <test-case description="declares a Config parameter when required" name="Runner scripts parameter and command checks.declares a Config parameter when required(C:\Users\alexa\OneDrive\Documents\0. wizzense\opentofu-lab-automation\pwsh\runner_scripts\0211_Install-VSBuildTools.ps1,Write-CustomLog,&quot;0211_Install-VSBuildTools.ps1&quot;)" time="0.0035" asserts="0" success="True" result="Success" executed="True" />
                  <test-case description="declares a Config parameter when required" name="Runner scripts parameter and command checks.declares a Config parameter when required(C:\Users\alexa\OneDrive\Documents\0. wizzense\opentofu-lab-automation\pwsh\runner_scripts\0212_Install-AzureCLI.ps1,Write-CustomLog,&quot;0212_Install-AzureCLI.ps1&quot;)" time="0.0032" asserts="0" success="True" result="Success" executed="True" />
                  <test-case description="declares a Config parameter when required" name="Runner scripts parameter and command checks.declares a Config parameter when required(C:\Users\alexa\OneDrive\Documents\0. wizzense\opentofu-lab-automation\pwsh\runner_scripts\0213_Install-AWSCLI.ps1,Write-CustomLog,&quot;0213_Install-AWSCLI.ps1&quot;)" time="0.0038" asserts="0" success="True" result="Success" executed="True" />
                  <test-case description="declares a Config parameter when required" name="Runner scripts parameter and command checks.declares a Config parameter when required(C:\Users\alexa\OneDrive\Documents\0. wizzense\opentofu-lab-automation\pwsh\runner_scripts\0214_Install-Packer.ps1,Write-CustomLog,&quot;0214_Install-Packer.ps1&quot;)" time="0.0039" asserts="0" success="True" result="Success" executed="True" />
                  <test-case description="declares a Config parameter when required" name="Runner scripts parameter and command checks.declares a Config parameter when required(C:\Users\alexa\OneDrive\Documents\0. wizzense\opentofu-lab-automation\pwsh\runner_scripts\0215_Install-Chocolatey.ps1,Write-CustomLog,&quot;0215_Install-Chocolatey.ps1&quot;)" time="0.0039" asserts="0" success="True" result="Success" executed="True" />
                  <test-case description="declares a Config parameter when required" name="Runner scripts parameter and command checks.declares a Config parameter when required(C:\Users\alexa\OneDrive\Documents\0. wizzense\opentofu-lab-automation\pwsh\runner_scripts\0216_Set-LabProfile.ps1,Write-CustomLog,&quot;0216_Set-LabProfile.ps1&quot;)" time="0.0034" asserts="0" success="True" result="Success" executed="True" />
                  <test-case description="declares a Config parameter when required" name="Runner scripts parameter and command checks.declares a Config parameter when required(C:\Users\alexa\OneDrive\Documents\0. wizzense\opentofu-lab-automation\pwsh\runner_scripts\9999_Reset-Machine.ps1,Write-CustomLog,&quot;9999_Reset-Machine.ps1&quot;)" time="0.0032" asserts="0" success="True" result="Success" executed="True" />
                </results>
              </test-suite>
              <test-suite type="ParameterizedTest" name="Runner scripts parameter and command checks.contains mandatory command invocations" executed="True" result="Success" success="True" time="0.3104" asserts="0" description="contains mandatory command invocations">
                <results>
                  <test-case description="contains mandatory command invocations" name="Runner scripts parameter and command checks.contains mandatory command invocations(C:\Users\alexa\OneDrive\Documents\0. wizzense\opentofu-lab-automation\pwsh\runner_scripts\0000_Cleanup-Files.ps1,Write-CustomLog,&quot;0000_Cleanup-Files.ps1&quot;)" time="0.0392" asserts="0" success="True" result="Success" executed="True" />
                  <test-case description="contains mandatory command invocations" name="Runner scripts parameter and command checks.contains mandatory command invocations(C:\Users\alexa\OneDrive\Documents\0. wizzense\opentofu-lab-automation\pwsh\runner_scripts\0001_Reset-Git.ps1,Write-CustomLog,&quot;0001_Reset-Git.ps1&quot;)" time="0.0051" asserts="0" success="True" result="Success" executed="True" />
                  <test-case description="contains mandatory command invocations" name="Runner scripts parameter and command checks.contains mandatory command invocations(C:\Users\alexa\OneDrive\Documents\0. wizzense\opentofu-lab-automation\pwsh\runner_scripts\0002_Setup-Directories.ps1,Write-CustomLog,&quot;0002_Setup-Directories.ps1&quot;)" time="0.0051" asserts="0" success="True" result="Success" executed="True" />
                  <test-case description="contains mandatory command invocations" name="Runner scripts parameter and command checks.contains mandatory command invocations(C:\Users\alexa\OneDrive\Documents\0. wizzense\opentofu-lab-automation\pwsh\runner_scripts\0006_Install-ValidationTools.ps1,Write-CustomLog,&quot;0006_Install-ValidationTools.ps1&quot;)" time="0.0118" asserts="0" success="True" result="Success" executed="True" />
                  <test-case description="contains mandatory command invocations" name="Runner scripts parameter and command checks.contains mandatory command invocations(C:\Users\alexa\OneDrive\Documents\0. wizzense\opentofu-lab-automation\pwsh\runner_scripts\0007_Install-Go.ps1,Write-CustomLog,&quot;0007_Install-Go.ps1&quot;)" time="0.0049" asserts="0" success="True" result="Success" executed="True" />
                  <test-case description="contains mandatory command invocations" name="Runner scripts parameter and command checks.contains mandatory command invocations(C:\Users\alexa\OneDrive\Documents\0. wizzense\opentofu-lab-automation\pwsh\runner_scripts\0008_Install-OpenTofu.ps1,Write-CustomLog,&quot;0008_Install-OpenTofu.ps1&quot;)" time="0.0041" asserts="0" success="True" result="Success" executed="True" />
                  <test-case description="contains mandatory command invocations" name="Runner scripts parameter and command checks.contains mandatory command invocations(C:\Users\alexa\OneDrive\Documents\0. wizzense\opentofu-lab-automation\pwsh\runner_scripts\0009_Initialize-OpenTofu.ps1,Write-CustomLog,&quot;0009_Initialize-OpenTofu.ps1&quot;)" time="0.0071" asserts="0" success="True" result="Success" executed="True" />
                  <test-case description="contains mandatory command invocations" name="Runner scripts parameter and command checks.contains mandatory command invocations(C:\Users\alexa\OneDrive\Documents\0. wizzense\opentofu-lab-automation\pwsh\runner_scripts\0010_Prepare-HyperVProvider.ps1,Write-CustomLog,&quot;0010_Prepare-HyperVProvider.ps1&quot;)" time="0.0226" asserts="0" success="True" result="Success" executed="True" />
                  <test-case description="contains mandatory command invocations" name="Runner scripts parameter and command checks.contains mandatory command invocations(C:\Users\alexa\OneDrive\Documents\0. wizzense\opentofu-lab-automation\pwsh\runner_scripts\0100_Enable-WinRM.ps1,Write-CustomLog,&quot;0100_Enable-WinRM.ps1&quot;)" time="0.0189" asserts="0" success="True" result="Success" executed="True" />
                  <test-case description="contains mandatory command invocations" name="Runner scripts parameter and command checks.contains mandatory command invocations(C:\Users\alexa\OneDrive\Documents\0. wizzense\opentofu-lab-automation\pwsh\runner_scripts\0101_Enable-RemoteDesktop.ps1,Write-CustomLog,&quot;0101_Enable-RemoteDesktop.ps1&quot;)" time="0.0056" asserts="0" success="True" result="Success" executed="True" />
                  <test-case description="contains mandatory command invocations" name="Runner scripts parameter and command checks.contains mandatory command invocations(C:\Users\alexa\OneDrive\Documents\0. wizzense\opentofu-lab-automation\pwsh\runner_scripts\0102_Configure-Firewall.ps1,Write-CustomLog,&quot;0102_Configure-Firewall.ps1&quot;)" time="0.0056" asserts="0" success="True" result="Success" executed="True" />
                  <test-case description="contains mandatory command invocations" name="Runner scripts parameter and command checks.contains mandatory command invocations(C:\Users\alexa\OneDrive\Documents\0. wizzense\opentofu-lab-automation\pwsh\runner_scripts\0103_Change-ComputerName.ps1,Write-CustomLog,&quot;0103_Change-ComputerName.ps1&quot;)" time="0.0093" asserts="0" success="True" result="Success" executed="True" />
                  <test-case description="contains mandatory command invocations" name="Runner scripts parameter and command checks.contains mandatory command invocations(C:\Users\alexa\OneDrive\Documents\0. wizzense\opentofu-lab-automation\pwsh\runner_scripts\0104_Install-CA.ps1,Write-CustomLog,&quot;0104_Install-CA.ps1&quot;)" time="0.0061" asserts="0" success="True" result="Success" executed="True" />
                  <test-case description="contains mandatory command invocations" name="Runner scripts parameter and command checks.contains mandatory command invocations(C:\Users\alexa\OneDrive\Documents\0. wizzense\opentofu-lab-automation\pwsh\runner_scripts\0105_Install-HyperV.ps1,Write-CustomLog,&quot;0105_Install-HyperV.ps1&quot;)" time="0.0065" asserts="0" success="True" result="Success" executed="True" />
                  <test-case description="contains mandatory command invocations" name="Runner scripts parameter and command checks.contains mandatory command invocations(C:\Users\alexa\OneDrive\Documents\0. wizzense\opentofu-lab-automation\pwsh\runner_scripts\0106_Install-WAC.ps1,Write-CustomLog,&quot;0106_Install-WAC.ps1&quot;)" time="0.0116" asserts="0" success="True" result="Success" executed="True" />
                  <test-case description="contains mandatory command invocations" name="Runner scripts parameter and command checks.contains mandatory command invocations(C:\Users\alexa\OneDrive\Documents\0. wizzense\opentofu-lab-automation\pwsh\runner_scripts\0111_Disable-TCPIP6.ps1,Write-CustomLog,&quot;0111_Disable-TCPIP6.ps1&quot;)" time="0.0044" asserts="0" success="True" result="Success" executed="True" />
                  <test-case description="contains mandatory command invocations" name="Runner scripts parameter and command checks.contains mandatory command invocations(C:\Users\alexa\OneDrive\Documents\0. wizzense\opentofu-lab-automation\pwsh\runner_scripts\0112_Enable-PXE.ps1,Write-CustomLog,&quot;0112_Enable-PXE.ps1&quot;)" time="0.0052" asserts="0" success="True" result="Success" executed="True" />
                  <test-case description="contains mandatory command invocations" name="Runner scripts parameter and command checks.contains mandatory command invocations(C:\Users\alexa\OneDrive\Documents\0. wizzense\opentofu-lab-automation\pwsh\runner_scripts\0113_Config-DNS.ps1,Write-CustomLog,&quot;0113_Config-DNS.ps1&quot;)" time="0.0049" asserts="0" success="True" result="Success" executed="True" />
                  <test-case description="contains mandatory command invocations" name="Runner scripts parameter and command checks.contains mandatory command invocations(C:\Users\alexa\OneDrive\Documents\0. wizzense\opentofu-lab-automation\pwsh\runner_scripts\0114_Config-TrustedHosts.ps1,Write-CustomLog,&quot;0114_Config-TrustedHosts.ps1&quot;)" time="0.0051" asserts="0" success="True" result="Success" executed="True" />
                  <test-case description="contains mandatory command invocations" name="Runner scripts parameter and command checks.contains mandatory command invocations(C:\Users\alexa\OneDrive\Documents\0. wizzense\opentofu-lab-automation\pwsh\runner_scripts\0200_Get-SystemInfo.ps1,Write-CustomLog,&quot;0200_Get-SystemInfo.ps1&quot;)" time="0.0151" asserts="0" success="True" result="Success" executed="True" />
                  <test-case description="contains mandatory command invocations" name="Runner scripts parameter and command checks.contains mandatory command invocations(C:\Users\alexa\OneDrive\Documents\0. wizzense\opentofu-lab-automation\pwsh\runner_scripts\0201_Install-NodeCore.ps1,Write-CustomLog,&quot;0201_Install-NodeCore.ps1&quot;)" time="0.0055" asserts="0" success="True" result="Success" executed="True" />
                  <test-case description="contains mandatory command invocations" name="Runner scripts parameter and command checks.contains mandatory command invocations(C:\Users\alexa\OneDrive\Documents\0. wizzense\opentofu-lab-automation\pwsh\runner_scripts\0202_Install-NodeGlobalPackages.ps1,Write-CustomLog,&quot;0202_Install-NodeGlobalPackages.ps1&quot;)" time="0.006" asserts="0" success="True" result="Success" executed="True" />
                  <test-case description="contains mandatory command invocations" name="Runner scripts parameter and command checks.contains mandatory command invocations(C:\Users\alexa\OneDrive\Documents\0. wizzense\opentofu-lab-automation\pwsh\runner_scripts\0203_Install-npm.ps1,Write-CustomLog,&quot;0203_Install-npm.ps1&quot;)" time="0.0062" asserts="0" success="True" result="Success" executed="True" />
                  <test-case description="contains mandatory command invocations" name="Runner scripts parameter and command checks.contains mandatory command invocations(C:\Users\alexa\OneDrive\Documents\0. wizzense\opentofu-lab-automation\pwsh\runner_scripts\0204_Install-Poetry.ps1,Write-CustomLog,&quot;0204_Install-Poetry.ps1&quot;)" time="0.0053" asserts="0" success="True" result="Success" executed="True" />
                  <test-case description="contains mandatory command invocations" name="Runner scripts parameter and command checks.contains mandatory command invocations(C:\Users\alexa\OneDrive\Documents\0. wizzense\opentofu-lab-automation\pwsh\runner_scripts\0205_Install-Sysinternals.ps1,Write-CustomLog,&quot;0205_Install-Sysinternals.ps1&quot;)" time="0.0076" asserts="0" success="True" result="Success" executed="True" />
                  <test-case description="contains mandatory command invocations" name="Runner scripts parameter and command checks.contains mandatory command invocations(C:\Users\alexa\OneDrive\Documents\0. wizzense\opentofu-lab-automation\pwsh\runner_scripts\0206_Install-Python.ps1,Write-CustomLog,&quot;0206_Install-Python.ps1&quot;)" time="0.0046" asserts="0" success="True" result="Success" executed="True" />
                  <test-case description="contains mandatory command invocations" name="Runner scripts parameter and command checks.contains mandatory command invocations(C:\Users\alexa\OneDrive\Documents\0. wizzense\opentofu-lab-automation\pwsh\runner_scripts\0207_Install-Git.ps1,Write-CustomLog,&quot;0207_Install-Git.ps1&quot;)" time="0.0044" asserts="0" success="True" result="Success" executed="True" />
                  <test-case description="contains mandatory command invocations" name="Runner scripts parameter and command checks.contains mandatory command invocations(C:\Users\alexa\OneDrive\Documents\0. wizzense\opentofu-lab-automation\pwsh\runner_scripts\0208_Install-DockerDesktop.ps1,Write-CustomLog,&quot;0208_Install-DockerDesktop.ps1&quot;)" time="0.0044" asserts="0" success="True" result="Success" executed="True" />
                  <test-case description="contains mandatory command invocations" name="Runner scripts parameter and command checks.contains mandatory command invocations(C:\Users\alexa\OneDrive\Documents\0. wizzense\opentofu-lab-automation\pwsh\runner_scripts\0209_Install-7Zip.ps1,Write-CustomLog,&quot;0209_Install-7Zip.ps1&quot;)" time="0.0044" asserts="0" success="True" result="Success" executed="True" />
                  <test-case description="contains mandatory command invocations" name="Runner scripts parameter and command checks.contains mandatory command invocations(C:\Users\alexa\OneDrive\Documents\0. wizzense\opentofu-lab-automation\pwsh\runner_scripts\0210_Install-VSCode.ps1,Write-CustomLog,&quot;0210_Install-VSCode.ps1&quot;)" time="0.0041" asserts="0" success="True" result="Success" executed="True" />
                  <test-case description="contains mandatory command invocations" name="Runner scripts parameter and command checks.contains mandatory command invocations(C:\Users\alexa\OneDrive\Documents\0. wizzense\opentofu-lab-automation\pwsh\runner_scripts\0211_Install-VSBuildTools.ps1,Write-CustomLog,&quot;0211_Install-VSBuildTools.ps1&quot;)" time="0.0046" asserts="0" success="True" result="Success" executed="True" />
                  <test-case description="contains mandatory command invocations" name="Runner scripts parameter and command checks.contains mandatory command invocations(C:\Users\alexa\OneDrive\Documents\0. wizzense\opentofu-lab-automation\pwsh\runner_scripts\0212_Install-AzureCLI.ps1,Write-CustomLog,&quot;0212_Install-AzureCLI.ps1&quot;)" time="0.007" asserts="0" success="True" result="Success" executed="True" />
                  <test-case description="contains mandatory command invocations" name="Runner scripts parameter and command checks.contains mandatory command invocations(C:\Users\alexa\OneDrive\Documents\0. wizzense\opentofu-lab-automation\pwsh\runner_scripts\0213_Install-AWSCLI.ps1,Write-CustomLog,&quot;0213_Install-AWSCLI.ps1&quot;)" time="0.0047" asserts="0" success="True" result="Success" executed="True" />
                  <test-case description="contains mandatory command invocations" name="Runner scripts parameter and command checks.contains mandatory command invocations(C:\Users\alexa\OneDrive\Documents\0. wizzense\opentofu-lab-automation\pwsh\runner_scripts\0214_Install-Packer.ps1,Write-CustomLog,&quot;0214_Install-Packer.ps1&quot;)" time="0.0043" asserts="0" success="True" result="Success" executed="True" />
                  <test-case description="contains mandatory command invocations" name="Runner scripts parameter and command checks.contains mandatory command invocations(C:\Users\alexa\OneDrive\Documents\0. wizzense\opentofu-lab-automation\pwsh\runner_scripts\0215_Install-Chocolatey.ps1,Write-CustomLog,&quot;0215_Install-Chocolatey.ps1&quot;)" time="0.0046" asserts="0" success="True" result="Success" executed="True" />
                  <test-case description="contains mandatory command invocations" name="Runner scripts parameter and command checks.contains mandatory command invocations(C:\Users\alexa\OneDrive\Documents\0. wizzense\opentofu-lab-automation\pwsh\runner_scripts\0216_Set-LabProfile.ps1,Write-CustomLog,&quot;0216_Set-LabProfile.ps1&quot;)" time="0.0046" asserts="0" success="True" result="Success" executed="True" />
                  <test-case description="contains mandatory command invocations" name="Runner scripts parameter and command checks.contains mandatory command invocations(C:\Users\alexa\OneDrive\Documents\0. wizzense\opentofu-lab-automation\pwsh\runner_scripts\9999_Reset-Machine.ps1,Write-CustomLog,&quot;9999_Reset-Machine.ps1&quot;)" time="0.0296" asserts="0" success="True" result="Success" executed="True" />
                </results>
              </test-suite>
              <test-suite type="ParameterizedTest" name="Runner scripts parameter and command checks.contains Invoke-LabStep call" executed="True" result="Failure" success="False" time="0.3049" asserts="0" description="contains Invoke-LabStep call">
                <results>
                  <test-case description="contains Invoke-LabStep call" name="Runner scripts parameter and command checks.contains Invoke-LabStep call(C:\Users\alexa\OneDrive\Documents\0. wizzense\opentofu-lab-automation\pwsh\runner_scripts\0000_Cleanup-Files.ps1,Write-CustomLog,&quot;0000_Cleanup-Files.ps1&quot;)" time="0.0648" asserts="0" success="True" result="Success" executed="True" />
                  <test-case description="contains Invoke-LabStep call" name="Runner scripts parameter and command checks.contains Invoke-LabStep call(C:\Users\alexa\OneDrive\Documents\0. wizzense\opentofu-lab-automation\pwsh\runner_scripts\0001_Reset-Git.ps1,Write-CustomLog,&quot;0001_Reset-Git.ps1&quot;)" time="0.0051" asserts="0" success="True" result="Success" executed="True" />
                  <test-case description="contains Invoke-LabStep call" name="Runner scripts parameter and command checks.contains Invoke-LabStep call(C:\Users\alexa\OneDrive\Documents\0. wizzense\opentofu-lab-automation\pwsh\runner_scripts\0002_Setup-Directories.ps1,Write-CustomLog,&quot;0002_Setup-Directories.ps1&quot;)" time="0.0046" asserts="0" success="True" result="Success" executed="True" />
                  <test-case description="contains Invoke-LabStep call" name="Runner scripts parameter and command checks.contains Invoke-LabStep call(C:\Users\alexa\OneDrive\Documents\0. wizzense\opentofu-lab-automation\pwsh\runner_scripts\0006_Install-ValidationTools.ps1,Write-CustomLog,&quot;0006_Install-ValidationTools.ps1&quot;)" time="0.0109" asserts="0" success="True" result="Success" executed="True" />
                  <test-case description="contains Invoke-LabStep call" name="Runner scripts parameter and command checks.contains Invoke-LabStep call(C:\Users\alexa\OneDrive\Documents\0. wizzense\opentofu-lab-automation\pwsh\runner_scripts\0007_Install-Go.ps1,Write-CustomLog,&quot;0007_Install-Go.ps1&quot;)" time="0.0159" asserts="0" success="True" result="Success" executed="True" />
                  <test-case description="contains Invoke-LabStep call" name="Runner scripts parameter and command checks.contains Invoke-LabStep call(C:\Users\alexa\OneDrive\Documents\0. wizzense\opentofu-lab-automation\pwsh\runner_scripts\0008_Install-OpenTofu.ps1,Write-CustomLog,&quot;0008_Install-OpenTofu.ps1&quot;)" time="0.0046" asserts="0" success="True" result="Success" executed="True" />
                  <test-case description="contains Invoke-LabStep call" name="Runner scripts parameter and command checks.contains Invoke-LabStep call(C:\Users\alexa\OneDrive\Documents\0. wizzense\opentofu-lab-automation\pwsh\runner_scripts\0009_Initialize-OpenTofu.ps1,Write-CustomLog,&quot;0009_Initialize-OpenTofu.ps1&quot;)" time="0.0074" asserts="0" success="True" result="Success" executed="True" />
                  <test-case description="contains Invoke-LabStep call" name="Runner scripts parameter and command checks.contains Invoke-LabStep call(C:\Users\alexa\OneDrive\Documents\0. wizzense\opentofu-lab-automation\pwsh\runner_scripts\0010_Prepare-HyperVProvider.ps1,Write-CustomLog,&quot;0010_Prepare-HyperVProvider.ps1&quot;)" time="0.0198" asserts="0" success="True" result="Success" executed="True" />
                  <test-case description="contains Invoke-LabStep call" name="Runner scripts parameter and command checks.contains Invoke-LabStep call(C:\Users\alexa\OneDrive\Documents\0. wizzense\opentofu-lab-automation\pwsh\runner_scripts\0100_Enable-WinRM.ps1,Write-CustomLog,&quot;0100_Enable-WinRM.ps1&quot;)" time="0.0047" asserts="0" success="True" result="Success" executed="True" />
                  <test-case description="contains Invoke-LabStep call" name="Runner scripts parameter and command checks.contains Invoke-LabStep call(C:\Users\alexa\OneDrive\Documents\0. wizzense\opentofu-lab-automation\pwsh\runner_scripts\0101_Enable-RemoteDesktop.ps1,Write-CustomLog,&quot;0101_Enable-RemoteDesktop.ps1&quot;)" time="0.0046" asserts="0" success="True" result="Success" executed="True" />
                  <test-case description="contains Invoke-LabStep call" name="Runner scripts parameter and command checks.contains Invoke-LabStep call(C:\Users\alexa\OneDrive\Documents\0. wizzense\opentofu-lab-automation\pwsh\runner_scripts\0102_Configure-Firewall.ps1,Write-CustomLog,&quot;0102_Configure-Firewall.ps1&quot;)" time="0.0041" asserts="0" success="True" result="Success" executed="True" />
                  <test-case description="contains Invoke-LabStep call" name="Runner scripts parameter and command checks.contains Invoke-LabStep call(C:\Users\alexa\OneDrive\Documents\0. wizzense\opentofu-lab-automation\pwsh\runner_scripts\0103_Change-ComputerName.ps1,Write-CustomLog,&quot;0103_Change-ComputerName.ps1&quot;)" time="0.0066" asserts="0" success="True" result="Success" executed="True" />
                  <test-case description="contains Invoke-LabStep call" name="Runner scripts parameter and command checks.contains Invoke-LabStep call(C:\Users\alexa\OneDrive\Documents\0. wizzense\opentofu-lab-automation\pwsh\runner_scripts\0104_Install-CA.ps1,Write-CustomLog,&quot;0104_Install-CA.ps1&quot;)" time="0.016" asserts="0" success="True" result="Success" executed="True" />
                  <test-case description="contains Invoke-LabStep call" name="Runner scripts parameter and command checks.contains Invoke-LabStep call(C:\Users\alexa\OneDrive\Documents\0. wizzense\opentofu-lab-automation\pwsh\runner_scripts\0105_Install-HyperV.ps1,Write-CustomLog,&quot;0105_Install-HyperV.ps1&quot;)" time="0.0048" asserts="0" success="True" result="Success" executed="True" />
                  <test-case description="contains Invoke-LabStep call" name="Runner scripts parameter and command checks.contains Invoke-LabStep call(C:\Users\alexa\OneDrive\Documents\0. wizzense\opentofu-lab-automation\pwsh\runner_scripts\0106_Install-WAC.ps1,Write-CustomLog,&quot;0106_Install-WAC.ps1&quot;)" time="0.0069" asserts="0" success="True" result="Success" executed="True" />
                  <test-case description="contains Invoke-LabStep call" name="Runner scripts parameter and command checks.contains Invoke-LabStep call(C:\Users\alexa\OneDrive\Documents\0. wizzense\opentofu-lab-automation\pwsh\runner_scripts\0111_Disable-TCPIP6.ps1,Write-CustomLog,&quot;0111_Disable-TCPIP6.ps1&quot;)" time="0.0044" asserts="0" success="True" result="Success" executed="True" />
                  <test-case description="contains Invoke-LabStep call" name="Runner scripts parameter and command checks.contains Invoke-LabStep call(C:\Users\alexa\OneDrive\Documents\0. wizzense\opentofu-lab-automation\pwsh\runner_scripts\0112_Enable-PXE.ps1,Write-CustomLog,&quot;0112_Enable-PXE.ps1&quot;)" time="0.0042" asserts="0" success="True" result="Success" executed="True" />
                  <test-case description="contains Invoke-LabStep call" name="Runner scripts parameter and command checks.contains Invoke-LabStep call(C:\Users\alexa\OneDrive\Documents\0. wizzense\opentofu-lab-automation\pwsh\runner_scripts\0113_Config-DNS.ps1,Write-CustomLog,&quot;0113_Config-DNS.ps1&quot;)" time="0.0047" asserts="0" success="True" result="Success" executed="True" />
                  <test-case description="contains Invoke-LabStep call" name="Runner scripts parameter and command checks.contains Invoke-LabStep call(C:\Users\alexa\OneDrive\Documents\0. wizzense\opentofu-lab-automation\pwsh\runner_scripts\0114_Config-TrustedHosts.ps1,Write-CustomLog,&quot;0114_Config-TrustedHosts.ps1&quot;)" time="0.0053" asserts="0" success="True" result="Success" executed="True" />
                  <test-case description="contains Invoke-LabStep call" name="Runner scripts parameter and command checks.contains Invoke-LabStep call(C:\Users\alexa\OneDrive\Documents\0. wizzense\opentofu-lab-automation\pwsh\runner_scripts\0200_Get-SystemInfo.ps1,Write-CustomLog,&quot;0200_Get-SystemInfo.ps1&quot;)" time="0.0119" asserts="0" success="True" result="Success" executed="True" />
                  <test-case description="contains Invoke-LabStep call" name="Runner scripts parameter and command checks.contains Invoke-LabStep call(C:\Users\alexa\OneDrive\Documents\0. wizzense\opentofu-lab-automation\pwsh\runner_scripts\0201_Install-NodeCore.ps1,Write-CustomLog,&quot;0201_Install-NodeCore.ps1&quot;)" time="0.01" asserts="0" success="False" result="Failure" executed="True">
                    <failure>
                      <message>Expected the actual value to be greater than 0, but got 0.</message>
                      <stack-trace>at ($found | Measure-Object).Count | Should -BeGreaterThan 0, C:\Users\alexa\OneDrive\Documents\0. wizzense\opentofu-lab-automation\tests\RunnerScripts.Tests.ps1:107
at &lt;ScriptBlock&gt;, C:\Users\alexa\OneDrive\Documents\0. wizzense\opentofu-lab-automation\tests\RunnerScripts.Tests.ps1:107</stack-trace>
                    </failure>
                  </test-case>
                  <test-case description="contains Invoke-LabStep call" name="Runner scripts parameter and command checks.contains Invoke-LabStep call(C:\Users\alexa\OneDrive\Documents\0. wizzense\opentofu-lab-automation\pwsh\runner_scripts\0202_Install-NodeGlobalPackages.ps1,Write-CustomLog,&quot;0202_Install-NodeGlobalPackages.ps1&quot;)" time="0.006" asserts="0" success="True" result="Success" executed="True" />
                  <test-case description="contains Invoke-LabStep call" name="Runner scripts parameter and command checks.contains Invoke-LabStep call(C:\Users\alexa\OneDrive\Documents\0. wizzense\opentofu-lab-automation\pwsh\runner_scripts\0203_Install-npm.ps1,Write-CustomLog,&quot;0203_Install-npm.ps1&quot;)" time="0.0064" asserts="0" success="True" result="Success" executed="True" />
                  <test-case description="contains Invoke-LabStep call" name="Runner scripts parameter and command checks.contains Invoke-LabStep call(C:\Users\alexa\OneDrive\Documents\0. wizzense\opentofu-lab-automation\pwsh\runner_scripts\0204_Install-Poetry.ps1,Write-CustomLog,&quot;0204_Install-Poetry.ps1&quot;)" time="0.0086" asserts="0" success="True" result="Success" executed="True" />
                  <test-case description="contains Invoke-LabStep call" name="Runner scripts parameter and command checks.contains Invoke-LabStep call(C:\Users\alexa\OneDrive\Documents\0. wizzense\opentofu-lab-automation\pwsh\runner_scripts\0205_Install-Sysinternals.ps1,Write-CustomLog,&quot;0205_Install-Sysinternals.ps1&quot;)" time="0.0047" asserts="0" success="True" result="Success" executed="True" />
                  <test-case description="contains Invoke-LabStep call" name="Runner scripts parameter and command checks.contains Invoke-LabStep call(C:\Users\alexa\OneDrive\Documents\0. wizzense\opentofu-lab-automation\pwsh\runner_scripts\0206_Install-Python.ps1,Write-CustomLog,&quot;0206_Install-Python.ps1&quot;)" time="0.0043" asserts="0" success="True" result="Success" executed="True" />
                  <test-case description="contains Invoke-LabStep call" name="Runner scripts parameter and command checks.contains Invoke-LabStep call(C:\Users\alexa\OneDrive\Documents\0. wizzense\opentofu-lab-automation\pwsh\runner_scripts\0207_Install-Git.ps1,Write-CustomLog,&quot;0207_Install-Git.ps1&quot;)" time="0.0043" asserts="0" success="True" result="Success" executed="True" />
                  <test-case description="contains Invoke-LabStep call" name="Runner scripts parameter and command checks.contains Invoke-LabStep call(C:\Users\alexa\OneDrive\Documents\0. wizzense\opentofu-lab-automation\pwsh\runner_scripts\0208_Install-DockerDesktop.ps1,Write-CustomLog,&quot;0208_Install-DockerDesktop.ps1&quot;)" time="0.0043" asserts="0" success="True" result="Success" executed="True" />
                  <test-case description="contains Invoke-LabStep call" name="Runner scripts parameter and command checks.contains Invoke-LabStep call(C:\Users\alexa\OneDrive\Documents\0. wizzense\opentofu-lab-automation\pwsh\runner_scripts\0209_Install-7Zip.ps1,Write-CustomLog,&quot;0209_Install-7Zip.ps1&quot;)" time="0.004" asserts="0" success="True" result="Success" executed="True" />
                  <test-case description="contains Invoke-LabStep call" name="Runner scripts parameter and command checks.contains Invoke-LabStep call(C:\Users\alexa\OneDrive\Documents\0. wizzense\opentofu-lab-automation\pwsh\runner_scripts\0210_Install-VSCode.ps1,Write-CustomLog,&quot;0210_Install-VSCode.ps1&quot;)" time="0.0042" asserts="0" success="True" result="Success" executed="True" />
                  <test-case description="contains Invoke-LabStep call" name="Runner scripts parameter and command checks.contains Invoke-LabStep call(C:\Users\alexa\OneDrive\Documents\0. wizzense\opentofu-lab-automation\pwsh\runner_scripts\0211_Install-VSBuildTools.ps1,Write-CustomLog,&quot;0211_Install-VSBuildTools.ps1&quot;)" time="0.0041" asserts="0" success="True" result="Success" executed="True" />
                  <test-case description="contains Invoke-LabStep call" name="Runner scripts parameter and command checks.contains Invoke-LabStep call(C:\Users\alexa\OneDrive\Documents\0. wizzense\opentofu-lab-automation\pwsh\runner_scripts\0212_Install-AzureCLI.ps1,Write-CustomLog,&quot;0212_Install-AzureCLI.ps1&quot;)" time="0.0083" asserts="0" success="True" result="Success" executed="True" />
                  <test-case description="contains Invoke-LabStep call" name="Runner scripts parameter and command checks.contains Invoke-LabStep call(C:\Users\alexa\OneDrive\Documents\0. wizzense\opentofu-lab-automation\pwsh\runner_scripts\0213_Install-AWSCLI.ps1,Write-CustomLog,&quot;0213_Install-AWSCLI.ps1&quot;)" time="0.0043" asserts="0" success="True" result="Success" executed="True" />
                  <test-case description="contains Invoke-LabStep call" name="Runner scripts parameter and command checks.contains Invoke-LabStep call(C:\Users\alexa\OneDrive\Documents\0. wizzense\opentofu-lab-automation\pwsh\runner_scripts\0214_Install-Packer.ps1,Write-CustomLog,&quot;0214_Install-Packer.ps1&quot;)" time="0.0049" asserts="0" success="True" result="Success" executed="True" />
                  <test-case description="contains Invoke-LabStep call" name="Runner scripts parameter and command checks.contains Invoke-LabStep call(C:\Users\alexa\OneDrive\Documents\0. wizzense\opentofu-lab-automation\pwsh\runner_scripts\0215_Install-Chocolatey.ps1,Write-CustomLog,&quot;0215_Install-Chocolatey.ps1&quot;)" time="0.0052" asserts="0" success="True" result="Success" executed="True" />
                  <test-case description="contains Invoke-LabStep call" name="Runner scripts parameter and command checks.contains Invoke-LabStep call(C:\Users\alexa\OneDrive\Documents\0. wizzense\opentofu-lab-automation\pwsh\runner_scripts\0216_Set-LabProfile.ps1,Write-CustomLog,&quot;0216_Set-LabProfile.ps1&quot;)" time="0.0046" asserts="0" success="True" result="Success" executed="True" />
                  <test-case description="contains Invoke-LabStep call" name="Runner scripts parameter and command checks.contains Invoke-LabStep call(C:\Users\alexa\OneDrive\Documents\0. wizzense\opentofu-lab-automation\pwsh\runner_scripts\9999_Reset-Machine.ps1,Write-CustomLog,&quot;9999_Reset-Machine.ps1&quot;)" time="0.0055" asserts="0" success="True" result="Success" executed="True" />
                </results>
              </test-suite>
            </results>
          </test-suite>
        </results>
      </test-suite>
    </results>
  </test-suite>
</test-results>